MPRINT(EM_DIAGRAM):    data _null_;
MPRINT(EM_DIAGRAM):   call symput('NLDATE', strip(put(date(), NLDATE.)));
MPRINT(EM_DIAGRAM):   call symput('NLTIME', strip(put(datetime(), NLTIME.)));
MPRINT(EM_DIAGRAM):   run;
MPRINT(EM_DIAGRAM):   data _null_;
MPRINT(EM_DIAGRAM):   nldate= sasmsg("sashelp.dmine", "log_date_note", 'N', "December 09, 2024" 
);
MPRINT(EM_DIAGRAM):   nltime= sasmsg("sashelp.dmine", "log_time_note", 'N', "01:26:44" );
MPRINT(EM_DIAGRAM):   put "*------------------------------------------------------------*";
MPRINT(EM_DIAGRAM):   put "* Score Log";
MPRINT(EM_DIAGRAM):   put nldate;
MPRINT(EM_DIAGRAM):   put nltime;
MPRINT(EM_DIAGRAM):   put "*------------------------------------------------------------*";
MPRINT(EM_DIAGRAM):   run;
*------------------------------------------------------------*
* Score Log
Date:                December 09, 2024
Time:                01:26:44
*------------------------------------------------------------*
MPRINT(EM_DIAGRAM):    filename O1KBBQ8G "C:\Users\skunt\Downloads\HU.Exploratory 
Analysis\HU.ClusterAnalysis\Workspaces\EMWS1\Clus2\EMSCORE.out" encoding="UTF-8" NOBOM;
MPRINT(EM_DIAGRAM):   proc printto print=O1KBBQ8G new;
The SAS System

MPRINT(EM_DIAGRAM):   run;
MPRINT(EM_DIAGRAM):    proc transpose data=EMWS1.Clus2_OUTVAR 
out=WORK.Clus2_OUTVAR(rename=(COl2=NAME) where=(COL1='IMPUTED'));
MPRINT(EM_DIAGRAM):   var households--ocean_proximityNEAR_OCE;
MPRINT(EM_DIAGRAM):   where _TYPE_ in('TYPE' 'VARIABLE');
MPRINT(EM_DIAGRAM):   run;
MPRINT(EM_DIAGRAM):   proc sort data=WORK.Clus2_OUTVAR;
MPRINT(EM_DIAGRAM):   by NAME;
MPRINT(EM_DIAGRAM):   run;
MPRINT(EM_DIAGRAM):   proc sort data=EMWS1.Clus2_VariableSet(KEEP=NAME ROLE LEVEL) 
out=WORK.Clus2_SORTEDVARS;
MPRINT(EM_DIAGRAM):   by NAME;
MPRINT(EM_DIAGRAM):   run;
MPRINT(EM_DIAGRAM):   data WORK.Clus2_OUTVAR;
MPRINT(EM_DIAGRAM):   merge WORK.Clus2_OUTVAR(in=INVAR) WORK.Clus2_SORTEDVARS;
MPRINT(EM_DIAGRAM):   by NAME;
MPRINT(EM_DIAGRAM):   if INVAR then output;
MPRINT(EM_DIAGRAM):   run;
WARNING: Multiple lengths were specified for the BY variable NAME by input data sets. This 
         might cause unexpected results.
MPRINT(EM_DIAGRAM):    filename emflow "C:\Users\skunt\Downloads\HU.Exploratory 
Analysis\HU.ClusterAnalysis\Workspaces\EMWS1\Clus2\EMFLOWSCORE.sas";
MPRINT(EM_DIAGRAM):   *------------------------------------------------------------*;
MPRINT(EM_DIAGRAM):   * Clus2: Scoring DATA data;
MPRINT(EM_DIAGRAM):   *------------------------------------------------------------*;
MPRINT(EM_DIAGRAM):   data EMWS1.Clus2_TRAIN / view=EMWS1.Clus2_TRAIN ;
MPRINT(EM_DIAGRAM):   set EMWS1.Smpl_DATA ;
MPRINT(EM_DIAGRAM):   *****************************************;
MPRINT(EM_DIAGRAM):   *** Begin Scoring Code from PROC DMVQ ***;
MPRINT(EM_DIAGRAM):   *****************************************;
MPRINT(EM_DIAGRAM):   *** Begin Class Look-up, Standardization, Replacement ;
MPRINT(EM_DIAGRAM):   drop _dm_bad;
MPRINT(EM_DIAGRAM):   _dm_bad = 0;
MPRINT(EM_DIAGRAM):   *** Standardize households ;
MPRINT(EM_DIAGRAM):   drop T_households ;
MPRINT(EM_DIAGRAM):   if missing( households ) then T_households = .;
MPRINT(EM_DIAGRAM):   else T_households = (households - 460.311835218639) * 0.00373139928103;
MPRINT(EM_DIAGRAM):   *** Standardize housing_median_age ;
MPRINT(EM_DIAGRAM):   drop T_housing_median_age ;
MPRINT(EM_DIAGRAM):   if missing( housing_median_age ) then T_housing_median_age = .;
MPRINT(EM_DIAGRAM):   else T_housing_median_age = (housing_median_age - 29.047554730148) * 
0.08055032108804;
MPRINT(EM_DIAGRAM):   *** Standardize latitude ;
MPRINT(EM_DIAGRAM):   drop T_latitude ;
MPRINT(EM_DIAGRAM):   if missing( latitude ) then T_latitude = .;
MPRINT(EM_DIAGRAM):   else T_latitude = (latitude - 35.6533051944396) * 0.46628991581626;
MPRINT(EM_DIAGRAM):   *** Standardize longitude ;
MPRINT(EM_DIAGRAM):   drop T_longitude ;
MPRINT(EM_DIAGRAM):   if missing( longitude ) then T_longitude = .;
MPRINT(EM_DIAGRAM):   else T_longitude = (longitude - -119.588626259213) * 0.49878312433611;
MPRINT(EM_DIAGRAM):   *** Standardize median_house_value ;
MPRINT(EM_DIAGRAM):   drop T_median_house_value ;
MPRINT(EM_DIAGRAM):   if missing( median_house_value ) then T_median_house_value = .;
The SAS System

MPRINT(EM_DIAGRAM):   else T_median_house_value = (median_house_value - 201603.887556981) * 
9.0595395076474E-6;
MPRINT(EM_DIAGRAM):   *** Standardize median_income ;
MPRINT(EM_DIAGRAM):   drop T_median_income ;
MPRINT(EM_DIAGRAM):   if missing( median_income ) then T_median_income = .;
MPRINT(EM_DIAGRAM):   else T_median_income = (median_income - 3.72346686363894) * 
0.62580604791285;
MPRINT(EM_DIAGRAM):   *** Standardize population ;
MPRINT(EM_DIAGRAM):   drop T_population ;
MPRINT(EM_DIAGRAM):   if missing( population ) then T_population = .;
MPRINT(EM_DIAGRAM):   else T_population = (population - 1311.04884911925) * 0.00129044268979;
MPRINT(EM_DIAGRAM):   *** Standardize total_bedrooms ;
MPRINT(EM_DIAGRAM):   drop T_total_bedrooms ;
MPRINT(EM_DIAGRAM):   if missing( total_bedrooms ) then T_total_bedrooms = .;
MPRINT(EM_DIAGRAM):   else T_total_bedrooms = (total_bedrooms - 493.40729794248) * 
0.00343578800584;
MPRINT(EM_DIAGRAM):   *** Standardize total_rooms ;
MPRINT(EM_DIAGRAM):   drop T_total_rooms ;
MPRINT(EM_DIAGRAM):   if missing( total_rooms ) then T_total_rooms = .;
MPRINT(EM_DIAGRAM):   else T_total_rooms = (total_rooms - 2390.54353086836) * 0.00069505461008;
MPRINT(EM_DIAGRAM):   *** Generate dummy variables for ocean_proximity ;
MPRINT(EM_DIAGRAM):   drop ocean_proximity_1H_OCEA ocean_proximityINLAND 
ocean_proximityNEAR_BAY ocean_proximityNEAR_OCE ;
MPRINT(EM_DIAGRAM):   if missing( ocean_proximity ) then do;
MPRINT(EM_DIAGRAM):   ocean_proximity_1H_OCEA = .;
MPRINT(EM_DIAGRAM):   ocean_proximityINLAND = .;
MPRINT(EM_DIAGRAM):   ocean_proximityNEAR_BAY = .;
MPRINT(EM_DIAGRAM):   ocean_proximityNEAR_OCE = .;
MPRINT(EM_DIAGRAM):   end;
MPRINT(EM_DIAGRAM):   else do;
MPRINT(EM_DIAGRAM):   length _dm8 $ 8;
MPRINT(EM_DIAGRAM):   drop _dm8 ;
MPRINT(EM_DIAGRAM):   _dm8 = put( ocean_proximity , $8. );
MPRINT(DMNORMIP):   call dmnorm(_dm8,
MPRINT(DMNORLEN):  32
MPRINT(DMNORMIP):  );
MPRINT(EM_DIAGRAM):   if _dm8 = '<1H OCEA' then do;
MPRINT(EM_DIAGRAM):   ocean_proximity_1H_OCEA = 0.56595539231303;
MPRINT(EM_DIAGRAM):   ocean_proximityINLAND = -0.34267353703912;
MPRINT(EM_DIAGRAM):   ocean_proximityNEAR_BAY = -0.17720790501365;
MPRINT(EM_DIAGRAM):   ocean_proximityNEAR_OCE = -0.19365833916502;
MPRINT(EM_DIAGRAM):   end;
MPRINT(EM_DIAGRAM):   else if _dm8 = 'INLAND' then do;
MPRINT(EM_DIAGRAM):   ocean_proximity_1H_OCEA = -0.44170606720704;
MPRINT(EM_DIAGRAM):   ocean_proximityINLAND = 0.7295162991377;
MPRINT(EM_DIAGRAM):   ocean_proximityNEAR_BAY = -0.17720790501365;
MPRINT(EM_DIAGRAM):   ocean_proximityNEAR_OCE = -0.19365833916502;
MPRINT(EM_DIAGRAM):   end;
MPRINT(EM_DIAGRAM):   else if _dm8 = 'NEAR OCE' then do;
MPRINT(EM_DIAGRAM):   ocean_proximity_1H_OCEA = -0.44170606720704;
MPRINT(EM_DIAGRAM):   ocean_proximityINLAND = -0.34267353703912;
MPRINT(EM_DIAGRAM):   ocean_proximityNEAR_BAY = -0.17720790501365;
MPRINT(EM_DIAGRAM):   ocean_proximityNEAR_OCE = 1.2908606550642;
The SAS System

MPRINT(EM_DIAGRAM):   end;
MPRINT(EM_DIAGRAM):   else if _dm8 = 'NEAR BAY' then do;
MPRINT(EM_DIAGRAM):   ocean_proximity_1H_OCEA = -0.44170606720704;
MPRINT(EM_DIAGRAM):   ocean_proximityINLAND = -0.34267353703912;
MPRINT(EM_DIAGRAM):   ocean_proximityNEAR_BAY = 1.41069288378497;
MPRINT(EM_DIAGRAM):   ocean_proximityNEAR_OCE = -0.19365833916502;
MPRINT(EM_DIAGRAM):   end;
MPRINT(EM_DIAGRAM):   else do;
MPRINT(EM_DIAGRAM):   ocean_proximity_1H_OCEA = .;
MPRINT(EM_DIAGRAM):   ocean_proximityINLAND = .;
MPRINT(EM_DIAGRAM):   ocean_proximityNEAR_BAY = .;
MPRINT(EM_DIAGRAM):   ocean_proximityNEAR_OCE = .;
MPRINT(EM_DIAGRAM):   _DM_BAD = 1;
MPRINT(EM_DIAGRAM):   end;
MPRINT(EM_DIAGRAM):   end;
MPRINT(EM_DIAGRAM):   *** End Class Look-up, Standardization, Replacement ;
MPRINT(EM_DIAGRAM):   *** Omitted Cases;
MPRINT(EM_DIAGRAM):   if _dm_bad then do;
MPRINT(EM_DIAGRAM):   _SEGMENT_ = .;
MPRINT(EM_DIAGRAM):   Distance = .;
MPRINT(EM_DIAGRAM):   goto CLUS2vlex ;
MPRINT(EM_DIAGRAM):   end;
MPRINT(EM_DIAGRAM):   *** omitted;
MPRINT(EM_DIAGRAM):   *** Compute Distances and Cluster Membership;
MPRINT(EM_DIAGRAM):   label _SEGMENT_ = 'Segment Id' ;
MPRINT(EM_DIAGRAM):   label Distance = 'Distance' ;
MPRINT(EM_DIAGRAM):   array CLUS2vads [10] _temporary_;
MPRINT(EM_DIAGRAM):   drop _vqclus _vqmvar _vqnvar;
MPRINT(EM_DIAGRAM):   _vqmvar = 0;
MPRINT(EM_DIAGRAM):   do _vqclus = 1 to 10;
MPRINT(EM_DIAGRAM):   CLUS2vads [_vqclus] = 0;
MPRINT(EM_DIAGRAM):   end;
MPRINT(EM_DIAGRAM):   if not missing( T_households ) then do;
MPRINT(EM_DIAGRAM):   CLUS2vads [1] + ( T_households - 0.3532854421875 )**2;
MPRINT(EM_DIAGRAM):   CLUS2vads [2] + ( T_households - -0.67304971498021 )**2;
MPRINT(EM_DIAGRAM):   CLUS2vads [3] + ( T_households - 1.23895945187017 )**2;
MPRINT(EM_DIAGRAM):   CLUS2vads [4] + ( T_households - 2.6734880722418 )**2;
MPRINT(EM_DIAGRAM):   CLUS2vads [5] + ( T_households - -0.26379421054998 )**2;
MPRINT(EM_DIAGRAM):   CLUS2vads [6] + ( T_households - -0.83882993120555 )**2;
MPRINT(EM_DIAGRAM):   CLUS2vads [7] + ( T_households - 1.93294351196383 )**2;
MPRINT(EM_DIAGRAM):   CLUS2vads [8] + ( T_households - -0.37805205181771 )**2;
MPRINT(EM_DIAGRAM):   CLUS2vads [9] + ( T_households - -0.30247500001944 )**2;
MPRINT(EM_DIAGRAM):   CLUS2vads [10] + ( T_households - 0.25085443115768 )**2;
MPRINT(EM_DIAGRAM):   end;
MPRINT(EM_DIAGRAM):   else _vqmvar + 1;
MPRINT(EM_DIAGRAM):   if not missing( T_housing_median_age ) then do;
MPRINT(EM_DIAGRAM):   CLUS2vads [1] + ( T_housing_median_age - -0.03570465353374 )**2;
MPRINT(EM_DIAGRAM):   CLUS2vads [2] + ( T_housing_median_age - 0.38806009945651 )**2;
MPRINT(EM_DIAGRAM):   CLUS2vads [3] + ( T_housing_median_age - -0.77481219348249 )**2;
MPRINT(EM_DIAGRAM):   CLUS2vads [4] + ( T_housing_median_age - -0.83864795879323 )**2;
MPRINT(EM_DIAGRAM):   CLUS2vads [5] + ( T_housing_median_age - 1.25794643048901 )**2;
MPRINT(EM_DIAGRAM):   CLUS2vads [6] + ( T_housing_median_age - -0.01260756092232 )**2;
MPRINT(EM_DIAGRAM):   CLUS2vads [7] + ( T_housing_median_age - -0.64455819531652 )**2;
The SAS System

MPRINT(EM_DIAGRAM):   CLUS2vads [8] + ( T_housing_median_age - 0.01707799551199 )**2;
MPRINT(EM_DIAGRAM):   CLUS2vads [9] + ( T_housing_median_age - 0.02216632743739 )**2;
MPRINT(EM_DIAGRAM):   CLUS2vads [10] + ( T_housing_median_age - -0.73157396159102 )**2;
MPRINT(EM_DIAGRAM):   end;
MPRINT(EM_DIAGRAM):   else _vqmvar + 1;
MPRINT(EM_DIAGRAM):   if not missing( T_latitude ) then do;
MPRINT(EM_DIAGRAM):   CLUS2vads [1] + ( T_latitude - -0.84424897390691 )**2;
MPRINT(EM_DIAGRAM):   CLUS2vads [2] + ( T_latitude - -0.82175687520606 )**2;
MPRINT(EM_DIAGRAM):   CLUS2vads [3] + ( T_latitude - -0.79894817553294 )**2;
MPRINT(EM_DIAGRAM):   CLUS2vads [4] + ( T_latitude - -0.73713565505218 )**2;
MPRINT(EM_DIAGRAM):   CLUS2vads [5] + ( T_latitude - 1.00958747727481 )**2;
MPRINT(EM_DIAGRAM):   CLUS2vads [6] + ( T_latitude - 1.12710167978854 )**2;
MPRINT(EM_DIAGRAM):   CLUS2vads [7] + ( T_latitude - 1.01701193406801 )**2;
MPRINT(EM_DIAGRAM):   CLUS2vads [8] + ( T_latitude - 0.89918383940413 )**2;
MPRINT(EM_DIAGRAM):   CLUS2vads [9] + ( T_latitude - -0.83168540453424 )**2;
MPRINT(EM_DIAGRAM):   CLUS2vads [10] + ( T_latitude - 1.0716248213128 )**2;
MPRINT(EM_DIAGRAM):   end;
MPRINT(EM_DIAGRAM):   else _vqmvar + 1;
MPRINT(EM_DIAGRAM):   if not missing( T_longitude ) then do;
MPRINT(EM_DIAGRAM):   CLUS2vads [1] + ( T_longitude - 0.80673569309676 )**2;
MPRINT(EM_DIAGRAM):   CLUS2vads [2] + ( T_longitude - 0.82215765181577 )**2;
MPRINT(EM_DIAGRAM):   CLUS2vads [3] + ( T_longitude - 0.86714719390205 )**2;
MPRINT(EM_DIAGRAM):   CLUS2vads [4] + ( T_longitude - 0.74116788521002 )**2;
MPRINT(EM_DIAGRAM):   CLUS2vads [5] + ( T_longitude - -1.33714613518863 )**2;
MPRINT(EM_DIAGRAM):   CLUS2vads [6] + ( T_longitude - -0.77536814828349 )**2;
MPRINT(EM_DIAGRAM):   CLUS2vads [7] + ( T_longitude - -1.14960229704581 )**2;
MPRINT(EM_DIAGRAM):   CLUS2vads [8] + ( T_longitude - -1.24282704080379 )**2;
MPRINT(EM_DIAGRAM):   CLUS2vads [9] + ( T_longitude - 0.71602949757197 )**2;
MPRINT(EM_DIAGRAM):   CLUS2vads [10] + ( T_longitude - -0.81570043451941 )**2;
MPRINT(EM_DIAGRAM):   end;
MPRINT(EM_DIAGRAM):   else _vqmvar + 1;
MPRINT(EM_DIAGRAM):   if not missing( T_median_house_value ) then do;
MPRINT(EM_DIAGRAM):   CLUS2vads [1] + ( T_median_house_value - -0.21205462718422 )**2;
MPRINT(EM_DIAGRAM):   CLUS2vads [2] + ( T_median_house_value - -0.35553610712449 )**2;
MPRINT(EM_DIAGRAM):   CLUS2vads [3] + ( T_median_house_value - -0.1371320527733 )**2;
MPRINT(EM_DIAGRAM):   CLUS2vads [4] + ( T_median_house_value - 0.26896039822957 )**2;
MPRINT(EM_DIAGRAM):   CLUS2vads [5] + ( T_median_house_value - 0.15287472219837 )**2;
MPRINT(EM_DIAGRAM):   CLUS2vads [6] + ( T_median_house_value - -0.85326672232251 )**2;
MPRINT(EM_DIAGRAM):   CLUS2vads [7] + ( T_median_house_value - 0.2991029219761 )**2;
MPRINT(EM_DIAGRAM):   CLUS2vads [8] + ( T_median_house_value - 1.29489110057855 )**2;
MPRINT(EM_DIAGRAM):   CLUS2vads [9] + ( T_median_house_value - 1.38794937547688 )**2;
MPRINT(EM_DIAGRAM):   CLUS2vads [10] + ( T_median_house_value - -0.61128853340354 )**2;
MPRINT(EM_DIAGRAM):   end;
MPRINT(EM_DIAGRAM):   else _vqmvar + 1;
MPRINT(EM_DIAGRAM):   if not missing( T_median_income ) then do;
MPRINT(EM_DIAGRAM):   CLUS2vads [1] + ( T_median_income - -0.36790128845072 )**2;
MPRINT(EM_DIAGRAM):   CLUS2vads [2] + ( T_median_income - -0.36893703607785 )**2;
MPRINT(EM_DIAGRAM):   CLUS2vads [3] + ( T_median_income - -0.05643716945439 )**2;
MPRINT(EM_DIAGRAM):   CLUS2vads [4] + ( T_median_income - 0.19916816359205 )**2;
MPRINT(EM_DIAGRAM):   CLUS2vads [5] + ( T_median_income - -0.26849778155547 )**2;
MPRINT(EM_DIAGRAM):   CLUS2vads [6] + ( T_median_income - -0.65013650763934 )**2;
MPRINT(EM_DIAGRAM):   CLUS2vads [7] + ( T_median_income - 0.3155165733473 )**2;
MPRINT(EM_DIAGRAM):   CLUS2vads [8] + ( T_median_income - 1.36780644205517 )**2;
The SAS System

MPRINT(EM_DIAGRAM):   CLUS2vads [9] + ( T_median_income - 1.3160660285344 )**2;
MPRINT(EM_DIAGRAM):   CLUS2vads [10] + ( T_median_income - -0.30455498946086 )**2;
MPRINT(EM_DIAGRAM):   end;
MPRINT(EM_DIAGRAM):   else _vqmvar + 1;
MPRINT(EM_DIAGRAM):   if not missing( T_population ) then do;
MPRINT(EM_DIAGRAM):   CLUS2vads [1] + ( T_population - 0.48777333764072 )**2;
MPRINT(EM_DIAGRAM):   CLUS2vads [2] + ( T_population - -0.54622487342949 )**2;
MPRINT(EM_DIAGRAM):   CLUS2vads [3] + ( T_population - 1.26673926268459 )**2;
MPRINT(EM_DIAGRAM):   CLUS2vads [4] + ( T_population - 2.43944127815404 )**2;
MPRINT(EM_DIAGRAM):   CLUS2vads [5] + ( T_population - -0.38742689135758 )**2;
MPRINT(EM_DIAGRAM):   CLUS2vads [6] + ( T_population - -0.82370395914184 )**2;
MPRINT(EM_DIAGRAM):   CLUS2vads [7] + ( T_population - 1.64590695647625 )**2;
MPRINT(EM_DIAGRAM):   CLUS2vads [8] + ( T_population - -0.43702116021693 )**2;
MPRINT(EM_DIAGRAM):   CLUS2vads [9] + ( T_population - -0.39040913592704 )**2;
MPRINT(EM_DIAGRAM):   CLUS2vads [10] + ( T_population - 0.22610472626443 )**2;
MPRINT(EM_DIAGRAM):   end;
MPRINT(EM_DIAGRAM):   else _vqmvar + 1;
MPRINT(EM_DIAGRAM):   if not missing( T_total_bedrooms ) then do;
MPRINT(EM_DIAGRAM):   CLUS2vads [1] + ( T_total_bedrooms - 0.34342095065362 )**2;
MPRINT(EM_DIAGRAM):   CLUS2vads [2] + ( T_total_bedrooms - -0.67978296859132 )**2;
MPRINT(EM_DIAGRAM):   CLUS2vads [3] + ( T_total_bedrooms - 1.29415600405623 )**2;
MPRINT(EM_DIAGRAM):   CLUS2vads [4] + ( T_total_bedrooms - 2.69453972623976 )**2;
MPRINT(EM_DIAGRAM):   CLUS2vads [5] + ( T_total_bedrooms - -0.27579956565103 )**2;
MPRINT(EM_DIAGRAM):   CLUS2vads [6] + ( T_total_bedrooms - -0.79512441959865 )**2;
MPRINT(EM_DIAGRAM):   CLUS2vads [7] + ( T_total_bedrooms - 1.88310456340838 )**2;
MPRINT(EM_DIAGRAM):   CLUS2vads [8] + ( T_total_bedrooms - -0.414473966823 )**2;
MPRINT(EM_DIAGRAM):   CLUS2vads [9] + ( T_total_bedrooms - -0.33044017862802 )**2;
MPRINT(EM_DIAGRAM):   CLUS2vads [10] + ( T_total_bedrooms - 0.27929250746436 )**2;
MPRINT(EM_DIAGRAM):   end;
MPRINT(EM_DIAGRAM):   else _vqmvar + 1;
MPRINT(EM_DIAGRAM):   if not missing( T_total_rooms ) then do;
MPRINT(EM_DIAGRAM):   CLUS2vads [1] + ( T_total_rooms - 0.11608563573328 )**2;
MPRINT(EM_DIAGRAM):   CLUS2vads [2] + ( T_total_rooms - -0.73895717370958 )**2;
MPRINT(EM_DIAGRAM):   CLUS2vads [3] + ( T_total_rooms - 1.152173609656 )**2;
MPRINT(EM_DIAGRAM):   CLUS2vads [4] + ( T_total_rooms - 2.54609445120913 )**2;
MPRINT(EM_DIAGRAM):   CLUS2vads [5] + ( T_total_rooms - -0.35434771025839 )**2;
MPRINT(EM_DIAGRAM):   CLUS2vads [6] + ( T_total_rooms - -0.78995004840004 )**2;
MPRINT(EM_DIAGRAM):   CLUS2vads [7] + ( T_total_rooms - 1.98627255431805 )**2;
MPRINT(EM_DIAGRAM):   CLUS2vads [8] + ( T_total_rooms - -0.1095077438327 )**2;
MPRINT(EM_DIAGRAM):   CLUS2vads [9] + ( T_total_rooms - -0.04544417204614 )**2;
MPRINT(EM_DIAGRAM):   CLUS2vads [10] + ( T_total_rooms - 0.30877560669987 )**2;
MPRINT(EM_DIAGRAM):   end;
MPRINT(EM_DIAGRAM):   else _vqmvar + 1;
MPRINT(EM_DIAGRAM):   if not missing( ocean_proximity_1H_OCEA ) then do;
MPRINT(EM_DIAGRAM):   CLUS2vads [1] + ( ocean_proximity_1H_OCEA - 0.18095462814281 )**2;
MPRINT(EM_DIAGRAM):   CLUS2vads [2] + ( ocean_proximity_1H_OCEA - 0.20506577820147 )**2;
MPRINT(EM_DIAGRAM):   CLUS2vads [3] + ( ocean_proximity_1H_OCEA - 0.08980766968267 )**2;
MPRINT(EM_DIAGRAM):   CLUS2vads [4] + ( ocean_proximity_1H_OCEA - 0.21518716273326 )**2;
MPRINT(EM_DIAGRAM):   CLUS2vads [5] + ( ocean_proximity_1H_OCEA - -0.34615196328704 )**2;
MPRINT(EM_DIAGRAM):   CLUS2vads [6] + ( ocean_proximity_1H_OCEA - -0.3575867010784 )**2;
MPRINT(EM_DIAGRAM):   CLUS2vads [7] + ( ocean_proximity_1H_OCEA - -0.16214524304918 )**2;
MPRINT(EM_DIAGRAM):   CLUS2vads [8] + ( ocean_proximity_1H_OCEA - -0.0674979447972 )**2;
MPRINT(EM_DIAGRAM):   CLUS2vads [9] + ( ocean_proximity_1H_OCEA - 0.3222954465403 )**2;
The SAS System

MPRINT(EM_DIAGRAM):   CLUS2vads [10] + ( ocean_proximity_1H_OCEA - -0.27914641086255 )**2;
MPRINT(EM_DIAGRAM):   end;
MPRINT(EM_DIAGRAM):   else _vqmvar + 0.25;
MPRINT(EM_DIAGRAM):   if not missing( ocean_proximityINLAND ) then do;
MPRINT(EM_DIAGRAM):   CLUS2vads [1] + ( ocean_proximityINLAND - -0.15268202951336 )**2;
MPRINT(EM_DIAGRAM):   CLUS2vads [2] + ( ocean_proximityINLAND - -0.11091011814632 )**2;
MPRINT(EM_DIAGRAM):   CLUS2vads [3] + ( ocean_proximityINLAND - 0.01570493384415 )**2;
MPRINT(EM_DIAGRAM):   CLUS2vads [4] + ( ocean_proximityINLAND - -0.08650159833232 )**2;
MPRINT(EM_DIAGRAM):   CLUS2vads [5] + ( ocean_proximityINLAND - -0.30499047250505 )**2;
MPRINT(EM_DIAGRAM):   CLUS2vads [6] + ( ocean_proximityINLAND - 0.55945455447168 )**2;
MPRINT(EM_DIAGRAM):   CLUS2vads [7] + ( ocean_proximityINLAND - -0.00951467302363 )**2;
MPRINT(EM_DIAGRAM):   CLUS2vads [8] + ( ocean_proximityINLAND - -0.24005199835451 )**2;
MPRINT(EM_DIAGRAM):   CLUS2vads [9] + ( ocean_proximityINLAND - -0.26122118106342 )**2;
MPRINT(EM_DIAGRAM):   CLUS2vads [10] + ( ocean_proximityINLAND - 0.44455995177736 )**2;
MPRINT(EM_DIAGRAM):   end;
MPRINT(EM_DIAGRAM):   else _vqmvar + 0.25;
MPRINT(EM_DIAGRAM):   if not missing( ocean_proximityNEAR_BAY ) then do;
MPRINT(EM_DIAGRAM):   CLUS2vads [1] + ( ocean_proximityNEAR_BAY - -0.17720790501364 )**2;
MPRINT(EM_DIAGRAM):   CLUS2vads [2] + ( ocean_proximityNEAR_BAY - -0.17720790501365 )**2;
MPRINT(EM_DIAGRAM):   CLUS2vads [3] + ( ocean_proximityNEAR_BAY - -0.17720790501365 )**2;
MPRINT(EM_DIAGRAM):   CLUS2vads [4] + ( ocean_proximityNEAR_BAY - -0.17469540376555 )**2;
MPRINT(EM_DIAGRAM):   CLUS2vads [5] + ( ocean_proximityNEAR_BAY - 1.03161842492059 )**2;
MPRINT(EM_DIAGRAM):   CLUS2vads [6] + ( ocean_proximityNEAR_BAY - -0.11999882562811 )**2;
MPRINT(EM_DIAGRAM):   CLUS2vads [7] + ( ocean_proximityNEAR_BAY - 0.2672476795206 )**2;
MPRINT(EM_DIAGRAM):   CLUS2vads [8] + ( ocean_proximityNEAR_BAY - 0.34196027019081 )**2;
MPRINT(EM_DIAGRAM):   CLUS2vads [9] + ( ocean_proximityNEAR_BAY - -0.17720790501365 )**2;
MPRINT(EM_DIAGRAM):   CLUS2vads [10] + ( ocean_proximityNEAR_BAY - -0.09674550723585 )**2;
MPRINT(EM_DIAGRAM):   end;
MPRINT(EM_DIAGRAM):   else _vqmvar + 0.25;
MPRINT(EM_DIAGRAM):   if not missing( ocean_proximityNEAR_OCE ) then do;
MPRINT(EM_DIAGRAM):   CLUS2vads [1] + ( ocean_proximityNEAR_OCE - 0.11048103346516 )**2;
MPRINT(EM_DIAGRAM):   CLUS2vads [2] + ( ocean_proximityNEAR_OCE - 0.01712369551227 )**2;
MPRINT(EM_DIAGRAM):   CLUS2vads [3] + ( ocean_proximityNEAR_OCE - 0.01161855472564 )**2;
MPRINT(EM_DIAGRAM):   CLUS2vads [4] + ( ocean_proximityNEAR_OCE - -0.03393161193783 )**2;
MPRINT(EM_DIAGRAM):   CLUS2vads [5] + ( ocean_proximityNEAR_OCE - -0.03221197639739 )**2;
MPRINT(EM_DIAGRAM):   CLUS2vads [6] + ( ocean_proximityNEAR_OCE - -0.13560816759807 )**2;
MPRINT(EM_DIAGRAM):   CLUS2vads [7] + ( ocean_proximityNEAR_OCE - 0.00220298313155 )**2;
MPRINT(EM_DIAGRAM):   CLUS2vads [8] + ( ocean_proximityNEAR_OCE - 0.11211165275507 )**2;
MPRINT(EM_DIAGRAM):   CLUS2vads [9] + ( ocean_proximityNEAR_OCE - 0.0525329935423 )**2;
MPRINT(EM_DIAGRAM):   CLUS2vads [10] + ( ocean_proximityNEAR_OCE - -0.11382898270182 )**2;
MPRINT(EM_DIAGRAM):   end;
MPRINT(EM_DIAGRAM):   else _vqmvar + 0.25;
MPRINT(EM_DIAGRAM):   _vqnvar = 10 - _vqmvar;
MPRINT(EM_DIAGRAM):   if _vqnvar <= 1.477928890381E-11 then do;
MPRINT(EM_DIAGRAM):   _SEGMENT_ = .;
MPRINT(EM_DIAGRAM):   Distance = .;
MPRINT(EM_DIAGRAM):   end;
MPRINT(EM_DIAGRAM):   else do;
MPRINT(EM_DIAGRAM):   _SEGMENT_ = 1;
MPRINT(EM_DIAGRAM):   Distance = CLUS2vads [1];
MPRINT(EM_DIAGRAM):   _vqfzdst = Distance * 0.99999999999988;
MPRINT(EM_DIAGRAM):   drop _vqfzdst;
MPRINT(EM_DIAGRAM):   do _vqclus = 2 to 10;
The SAS System

MPRINT(EM_DIAGRAM):   if CLUS2vads [_vqclus] < _vqfzdst then do;
MPRINT(EM_DIAGRAM):   _SEGMENT_ = _vqclus;
MPRINT(EM_DIAGRAM):   Distance = CLUS2vads [_vqclus];
MPRINT(EM_DIAGRAM):   _vqfzdst = Distance * 0.99999999999988;
MPRINT(EM_DIAGRAM):   end;
MPRINT(EM_DIAGRAM):   end;
MPRINT(EM_DIAGRAM):   Distance = sqrt(Distance * (10 / _vqnvar));
MPRINT(EM_DIAGRAM):   end;
MPRINT(EM_DIAGRAM):   CLUS2vlex :;
MPRINT(EM_DIAGRAM):   ***************************************;
MPRINT(EM_DIAGRAM):   *** End Scoring Code from PROC DMVQ ***;
MPRINT(EM_DIAGRAM):   ***************************************;
MPRINT(EM_DIAGRAM):   *------------------------------------------------------------*;
MPRINT(EM_DIAGRAM):   * Clus2: Creating Segment Label;
MPRINT(EM_DIAGRAM):   *------------------------------------------------------------*;
MPRINT(EM_DIAGRAM):   length _SEGMENT_LABEL_ $80;
MPRINT(EM_DIAGRAM):   label _SEGMENT_LABEL_= 'Segment Description';
MPRINT(EM_DIAGRAM):   if _SEGMENT_ = 1 then _SEGMENT_LABEL_="Cluster1";
MPRINT(EM_DIAGRAM):   else if _SEGMENT_ = 2 then _SEGMENT_LABEL_="Cluster2";
MPRINT(EM_DIAGRAM):   else if _SEGMENT_ = 3 then _SEGMENT_LABEL_="Cluster3";
MPRINT(EM_DIAGRAM):   else if _SEGMENT_ = 4 then _SEGMENT_LABEL_="Cluster4";
MPRINT(EM_DIAGRAM):   else if _SEGMENT_ = 5 then _SEGMENT_LABEL_="Cluster5";
MPRINT(EM_DIAGRAM):   else if _SEGMENT_ = 6 then _SEGMENT_LABEL_="Cluster6";
MPRINT(EM_DIAGRAM):   else if _SEGMENT_ = 7 then _SEGMENT_LABEL_="Cluster7";
MPRINT(EM_DIAGRAM):   else if _SEGMENT_ = 8 then _SEGMENT_LABEL_="Cluster8";
MPRINT(EM_DIAGRAM):   else if _SEGMENT_ = 9 then _SEGMENT_LABEL_="Cluster9";
MPRINT(EM_DIAGRAM):   else if _SEGMENT_ = 10 then _SEGMENT_LABEL_="Cluster10";
MPRINT(EM_DIAGRAM):   run;
MPRINT(EM_DIAGRAM):   quit;
MPRINT(EM_DIAGRAM):   filename emflow;
MPRINT(EM_DIAGRAM):    *------------------------------------------------------------*;
MPRINT(EM_DIAGRAM):   * Clus2: Computing metadata for TRAIN data;
MPRINT(EM_DIAGRAM):   *------------------------------------------------------------*;
MPRINT(EM_DIAGRAM):    *------------------------------------------------------------*;
MPRINT(EM_DIAGRAM):   * &nodeid: Computing Metadata for TRAIN data;
MPRINT(EM_DIAGRAM):   *------------------------------------------------------------*;
MPRINT(EM_DIAGRAM):   filename _delta "C:\Users\skunt\Downloads\HU.Exploratory 
Analysis\HU.ClusterAnalysis\Workspaces\EMWS1\Clus2\CDELTA_TRAIN.sas";
MPRINT(EMADVISECOLUMNS):   proc display c=sashelp.emmeta.advisecolumns.scl;
MPRINT(EMADVISECOLUMNS):   run;
MPRINT(EMADVISECOLUMNS):    options validvarname=any;
MPRINT(EMADVISECOLUMNS):   proc contents data=EMWS1.Clus2_TRAIN out=_tempAdvisor noprint;
MPRINT(EMADVISECOLUMNS):   run;
MPRINT(EMADVISECOLUMNS):   options validvarname=V7;
MPRINT(EMADVISECOLUMNS):    data _null_;
MPRINT(EMADVISECOLUMNS):   dsid = open('EMWS1.Clus2_TRAIN');
MPRINT(EMADVISECOLUMNS):   call symput('_dsidTable', strip(put(dsid, best.)));
MPRINT(EMADVISECOLUMNS):   if dsid then do;
MPRINT(EMADVISECOLUMNS):   call symput('_engineTable', attrc(dsid, 'ENGINE'));
MPRINT(EMADVISECOLUMNS):   dsid = close(dsid);
MPRINT(EMADVISECOLUMNS):   end;
MPRINT(EMADVISECOLUMNS):   run;
MPRINT(EMADVISECOLUMNS):    proc contents data=EMWS1.Clus2_TRAIN out=WORK.M1EQ3ND9 noprint;
The SAS System

MPRINT(EMADVISECOLUMNS):   run;
MPRINT(EMADVISECOLUMNS):    data WORK.M1EQ3ND9;
MPRINT(EMADVISECOLUMNS):   length NAME $ 64 TYPE $ 1 LABEL $ 200 FORMAT $ 36 INFORMAT $36 INDEX 
$ 1 INDEXTYPE $ 9;
MPRINT(EMADVISECOLUMNS):   label NAME =;
MPRINT(EMADVISECOLUMNS):   set WORK.M1EQ3ND9(keep=name type length label format formatl formatd 
informat informl informd idxusage rename=(type=itype));
MPRINT(EMADVISECOLUMNS):   if itype = 1 then type = 'N';
MPRINT(EMADVISECOLUMNS):   else type = 'C';
MPRINT(EMADVISECOLUMNS):   if formatl > 0 then do;
MPRINT(EMADVISECOLUMNS):   if format ne '' then do;
MPRINT(EMADVISECOLUMNS):   if type='N' then format = strip(format)!!strip(put(formatl, 
best12.))!!'.'!!strip(put(formatd, best12.));
MPRINT(EMADVISECOLUMNS):   else format = strip(format)!!strip(put(formatl, best12.))!!'.';
MPRINT(EMADVISECOLUMNS):   end;
MPRINT(EMADVISECOLUMNS):   else format = strip(put(formatl, best12.))!!'.'!!strip(put(formatd, 
best12.));
MPRINT(EMADVISECOLUMNS):   end;
MPRINT(EMADVISECOLUMNS):   else if format ne '' then format = strip(format)!!'.';
MPRINT(EMADVISECOLUMNS):   if informl > 0 then do;
MPRINT(EMADVISECOLUMNS):   if informat ne ' ' then do;
MPRINT(EMADVISECOLUMNS):   if type='N' then informat = strip(informat)!!strip(put(informl, 
best12.))!!'.'!!strip(put(informd, best12.));
MPRINT(EMADVISECOLUMNS):   else informat = strip(informat)!!strip(put(informl, best12.))!!'.';
MPRINT(EMADVISECOLUMNS):   end;
MPRINT(EMADVISECOLUMNS):   else informat = strip(put(informl, 
best12.))!!'.'!!strip(put(informd, best12.));
MPRINT(EMADVISECOLUMNS):   end;
MPRINT(EMADVISECOLUMNS):   else if informat ne '' then informat = strip(informat)!!'.';
MPRINT(EMADVISECOLUMNS):   if idxusage = 'NONE' then index ="N";
MPRINT(EMADVISECOLUMNS):   else index = "Y";
MPRINT(EMADVISECOLUMNS):   indextype = idxusage;
MPRINT(EMADVISECOLUMNS):   drop idxusage itype formatl formatd informl informd;
MPRINT(EMADVISECOLUMNS):   run;
MPRINT(EMADVISECOLUMNS):    data WORK.M1EQ3ND9;
MPRINT(EMADVISECOLUMNS):   length UNAME $64;
MPRINT(EMADVISECOLUMNS):   set WORK.M1EQ3ND9;
MPRINT(EMADVISECOLUMNS):   UNAME = upcase(NAME);
MPRINT(EMADVISECOLUMNS):   run;
MPRINT(EMADVISECOLUMNS):    proc sort data=WORK.M323B6RH NOTHREADS;
MPRINT(EMADVISECOLUMNS):   by UNAME;
MPRINT(EMADVISECOLUMNS):   run;
MPRINT(EMADVISECOLUMNS):    data WORK.M323B6RH;
MPRINT(EMADVISECOLUMNS):   drop UNAME;
MPRINT(EMADVISECOLUMNS):   set WORK.M323B6RH;
MPRINT(EMADVISECOLUMNS):   run;
MPRINT(EMADVISECOLUMNS):    data WORK.M3QBAR3K(keep=NAME ATTR);
MPRINT(EMADVISECOLUMNS):   length ATTR $ 20;
MPRINT(EMADVISECOLUMNS):   set WORK.M323B6RH;
MPRINT(EMADVISECOLUMNS):   if level ne "INTERVAL" then do;
MPRINT(EMADVISECOLUMNS):   if order = ' ' then do;
MPRINT(EMADVISECOLUMNS):   attr = 'ORDER';
MPRINT(EMADVISECOLUMNS):   output;
The SAS System

MPRINT(EMADVISECOLUMNS):   end;
MPRINT(EMADVISECOLUMNS):   end;
MPRINT(EMADVISECOLUMNS):   if format ne ' ' and formattype = ' ' then do;
MPRINT(EMADVISECOLUMNS):   attr = 'FORMATTYPE';
MPRINT(EMADVISECOLUMNS):   output;
MPRINT(EMADVISECOLUMNS):   end;
MPRINT(EMADVISECOLUMNS):   if role = ' ' then do;
MPRINT(EMADVISECOLUMNS):   attr = 'ROLE';
MPRINT(EMADVISECOLUMNS):   output;
MPRINT(EMADVISECOLUMNS):   end;
MPRINT(EMADVISECOLUMNS):   if level = ' ' then do;
MPRINT(EMADVISECOLUMNS):   attr = 'LEVEL';
MPRINT(EMADVISECOLUMNS):   output;
MPRINT(EMADVISECOLUMNS):   end;
MPRINT(EMADVISECOLUMNS):   if type = ' ' then do;
MPRINT(EMADVISECOLUMNS):   attr = 'TYPE';
MPRINT(EMADVISECOLUMNS):   output;
MPRINT(EMADVISECOLUMNS):   end;
MPRINT(EMADVISECOLUMNS):   if index = ' ' then do;
MPRINT(EMADVISECOLUMNS):   attr = 'INDEX';
MPRINT(EMADVISECOLUMNS):   output;
MPRINT(EMADVISECOLUMNS):   end;
MPRINT(EMADVISECOLUMNS):   if report = ' ' then do;
MPRINT(EMADVISECOLUMNS):   attr = 'REPORT';
MPRINT(EMADVISECOLUMNS):   output;
MPRINT(EMADVISECOLUMNS):   end;
MPRINT(EMADVISECOLUMNS):   run;
MPRINT(EMADVISECOLUMNS):   proc sort NOTHREADS;
MPRINT(EMADVISECOLUMNS):   by attr;
MPRINT(EMADVISECOLUMNS):   run;
MPRINT(EMADVISECOLUMNS):    data WORK.M323B6RH;
MPRINT(EMADVISECOLUMNS):   length NAME $64 ROLE $ 32 LEVEL $ 10 ORDER $ 8 CREATOR $32 
FORMATTYPE $ 10 FAMILY $ 10 LOWERLIMIT 8 UPPERLIMIT 8 REPORT $1 DISTRIBUTION $ 20 COMMENT $64;
MPRINT(EMADVISECOLUMNS):   length levelAssigned 8 roleAssigned 8 PRICE 8;
MPRINT(EMADVISECOLUMNS):   set WORK.M323B6RH;
MPRINT(EMADVISECOLUMNS):   if formattype = ' ' then do;
MPRINT(EMADVISECOLUMNS):   if format ne ' ' then do;
MPRINT(EMADVISECOLUMNS):   if type = 'N' then do;
MPRINT(EMADVISECOLUMNS):   pos = indexc(format,'.1234567890');
MPRINT(EMADVISECOLUMNS):   if pos > 1 then tempfmt = substr(format,1, pos-1);
MPRINT(EMADVISECOLUMNS):   else tempfmt = ' ';
MPRINT(EMADVISECOLUMNS):   flen = length(tempfmt);
MPRINT(EMADVISECOLUMNS):   select;
MPRINT(EMADVISECOLUMNS):   when(tempfmt in ("DATE" "DAY" "DDMMYY" "DOWNAME" "JULDAY" "JULIAN" 
"MMDDYY" "MMDDYYD" "MMDDYYC" "MMDDYYN" "MMDDYYP" "MMDDYYS" "MONNAME" "MONTH" "MONYY" "NENGO" 
"QTR" "QTRR" "WEEKDATE" "WEEKDATX" "WEEKDAY" "WORDDATE" "WORDDATX" "YEAR" "YYMMDD" "YYMON" 
"YYMMDDC" "YYMMDDD" "YYMMDDN" "YYMMDDP" "YYMMDDS" "EURDFDE" "NJDATE" "NLDATE" "EURDFDD" 
"EURDFDWN" "EURDFMN" "EURDFMY" "EURDFWK" "EURDFWKX" "EURDFWDX" "EURDFDN" "EURDFDE" )) 
formattype = 'DATE';
MPRINT(EMADVISECOLUMNS):   when(tempfmt in ("DATETIME" "EURDFDT" "TOD" )) formattype = 
"DATETIME";
MPRINT(EMADVISECOLUMNS):   when(tempfmt in ("HHMM" "HOUR" "MMSS" "TIME" "TIMEAMPM" )) 
formattype = "TIME";
The SAS System

MPRINT(EMADVISECOLUMNS):   when(tempfmt in ("COMMA" "COMMAX" "DOLLAR" "DOLLARX" "E" "FRACT" 
"NEGPAREN" "PERCENT")) formattype="QUANTITY";
MPRINT(EMADVISECOLUMNS):   when(tempfmt in ("BINARY" "HEX" "IB" "OCTAL" "PD" "PIB" "PK" "RB" 
"SSN" "Z" "ZD")) formattype = "CODING";
MPRINT(EMADVISECOLUMNS):   otherwise do;
MPRINT(EMADVISECOLUMNS):   formattype = "USER";
MPRINT(EMADVISECOLUMNS):   if compress(tempfmt, '0123456789.', '') = '' then formattype='NUM';
MPRINT(EMADVISECOLUMNS):   else if substr(tempfmt, 1, 6)='NLDATE' then formattype = "DATE";
MPRINT(EMADVISECOLUMNS):   else if substr(tempfmt, 1, 6)='NLDATM' then formattype = "DATETIME";
MPRINT(EMADVISECOLUMNS):   else if substr(tempfmt, 1, 4)='NLTIM' then formattype = "TIME";
MPRINT(EMADVISECOLUMNS):   else if flen >= 4 then do;
MPRINT(EMADVISECOLUMNS):   str = substr(tempfmt,1,4);
MPRINT(EMADVISECOLUMNS):   if str in ("MMYY" "YYMM" "YYQR") then formattype ="DATE";
MPRINT(EMADVISECOLUMNS):   else if str = "S370" then formattype = "CODING";
MPRINT(EMADVISECOLUMNS):   else if str = "BEST" then formattype = "NUM";
MPRINT(EMADVISECOLUMNS):   drop str;
MPRINT(EMADVISECOLUMNS):   end;
MPRINT(EMADVISECOLUMNS):   else if flen >=3 and substr(tempfmt,1,3) = "YYQ" then formatType = 
"DATE";
MPRINT(EMADVISECOLUMNS):   end;
MPRINT(EMADVISECOLUMNS):   end;
MPRINT(EMADVISECOLUMNS):   drop flen tempfmt pos;
MPRINT(EMADVISECOLUMNS):   end;
MPRINT(EMADVISECOLUMNS):   else do;
MPRINT(EMADVISECOLUMNS):   formatType = "CATEGORY";
MPRINT(EMADVISECOLUMNS):   end;
MPRINT(EMADVISECOLUMNS):   end;
MPRINT(EMADVISECOLUMNS):   if formatType = "NUM" then do;
MPRINT(EMADVISECOLUMNS):   if index = "Y" then formatType = "DISCRETE";
MPRINT(EMADVISECOLUMNS):   else formatType = "QUANTITY";
MPRINT(EMADVISECOLUMNS):   end;
MPRINT(EMADVISECOLUMNS):   end;
MPRINT(EMADVISECOLUMNS):   if level = ' ' then do;
MPRINT(EMADVISECOLUMNS):   if formatType in ("CATEGORY", "CODING", "ID") or type = "C" then 
level = "NOMINAL";
MPRINT(EMADVISECOLUMNS):   else level = "INTERVAL";
MPRINT(EMADVISECOLUMNS):   levelAssigned = 1;
MPRINT(EMADVISECOLUMNS):   end;
MPRINT(EMADVISECOLUMNS):   else level = upcase(level);
MPRINT(EMADVISECOLUMNS):   if role = ' ' then do;
MPRINT(EMADVISECOLUMNS):   length name_prefix $8 _uname $64;
MPRINT(EMADVISECOLUMNS):   drop name_prefix _uname _freqflag;
MPRINT(EMADVISECOLUMNS):   retain _freqflag;
MPRINT(EMADVISECOLUMNS):   if LENGTH> 80 then ROLE = 'TEXT';
MPRINT(EMADVISECOLUMNS):   _uname = upcase(NAME);
MPRINT(EMADVISECOLUMNS):   select(_uname);
MPRINT(EMADVISECOLUMNS):   when('_PARTIND_') do;
MPRINT(EMADVISECOLUMNS):   ROLE = 'ID';
MPRINT(EMADVISECOLUMNS):   LEVEL = 'NOMINAL';
MPRINT(EMADVISECOLUMNS):   end;
MPRINT(EMADVISECOLUMNS):   when('_WARN_') ROLE = 'ASSESS';
MPRINT(EMADVISECOLUMNS):   when('EM_SEGMENT') do;
MPRINT(EMADVISECOLUMNS):   ROLE = 'SEGMENT';
The SAS System

MPRINT(EMADVISECOLUMNS):   LEVEL = 'NOMINAL';
MPRINT(EMADVISECOLUMNS):   end;
MPRINT(EMADVISECOLUMNS):   when('_NODE_') do;
MPRINT(EMADVISECOLUMNS):   ROLE = 'SEGMENT';
MPRINT(EMADVISECOLUMNS):   LEVEL = 'NOMINAL';
MPRINT(EMADVISECOLUMNS):   end;
MPRINT(EMADVISECOLUMNS):   when('EM_CLASSTARGET') ROLE = 'ASSESS';
MPRINT(EMADVISECOLUMNS):   when('EM_VALUETARGET') ROLE = 'ASSESS';
MPRINT(EMADVISECOLUMNS):   when('EM_PREDICTION') ROLE = 'PREDICT';
MPRINT(EMADVISECOLUMNS):   when('EM_PROBABILITY') ROLE = 'PREDICT';
MPRINT(EMADVISECOLUMNS):   when('EM_EVENTPROBABILITY') ROLE = 'PREDICT';
MPRINT(EMADVISECOLUMNS):   when('EM_CLASSIFICATION') ROLE = 'CLASSIFICATION';
MPRINT(EMADVISECOLUMNS):   when('EM_DECISION') ROLE = 'DECISION';
MPRINT(EMADVISECOLUMNS):   when('EM_PROFIT') ROLE = 'ASSESS';
MPRINT(EMADVISECOLUMNS):   when('EM_LOSS') ROLE = 'ASSESS';
MPRINT(EMADVISECOLUMNS):   when('EM_ROI') ROLE = 'ASSESS';
MPRINT(EMADVISECOLUMNS):   when('URI') ROLE = 'URL';
MPRINT(EMADVISECOLUMNS):   when('FILTERED') ROLE = 'TEXTLOC';
MPRINT(EMADVISECOLUMNS):   otherwise do;
MPRINT(EMADVISECOLUMNS):   if upcase(NAME) =: 'ZIP' then do;
MPRINT(EMADVISECOLUMNS):   ROLE = 'REJECTED';
MPRINT(EMADVISECOLUMNS):   LEVEL = 'NOMINAL';
MPRINT(EMADVISECOLUMNS):   COMMENT = 'Rejected by: Exceed the maximum class level of %s';
MPRINT(EMADVISECOLUMNS):   end;
MPRINT(EMADVISECOLUMNS):   else if upcase(NAME) in('FREQ', 'FREQUENCY') then do;
MPRINT(EMADVISECOLUMNS):   ROLE = 'FREQ';
MPRINT(EMADVISECOLUMNS):   if TYPE = 'C' then ROLE = 'INPUT';
MPRINT(EMADVISECOLUMNS):   else if _freqflag =1 then ROLE='REJECTED';
MPRINT(EMADVISECOLUMNS):   end;
MPRINT(EMADVISECOLUMNS):   else do;
MPRINT(EMADVISECOLUMNS):   name_prefix = scan(_uname, 1, '_');
MPRINT(EMADVISECOLUMNS):   if scan(_uname, 2, '_') = '' then name_prefix='';
MPRINT(EMADVISECOLUMNS):   if name_prefix in('F', 'I', 'U') then do;
MPRINT(EMADVISECOLUMNS):   ROLE = 'CLASSIFICATION';
MPRINT(EMADVISECOLUMNS):   LEVEL = 'NOMINAL';
MPRINT(EMADVISECOLUMNS):   end;
MPRINT(EMADVISECOLUMNS):   else if name_prefix in('Q') then ROLE = 'ASSESS';
MPRINT(EMADVISECOLUMNS):   else if name_prefix in('P', 'V') then ROLE = 'PREDICT';
MPRINT(EMADVISECOLUMNS):   else if name_prefix in('R', 'RS', 'RT', 'RD', 'RDS', 'RDT', 'RA', 
'RAS', 'RAT') then ROLE = 'RESIDUAL';
MPRINT(EMADVISECOLUMNS):   else if name_prefix ='D' then do;
MPRINT(EMADVISECOLUMNS):   ROLE = 'DECISION';
MPRINT(EMADVISECOLUMNS):   LEVEL = 'NOMINAL';
MPRINT(EMADVISECOLUMNS):   end;
MPRINT(EMADVISECOLUMNS):   else if name_prefix ='B' then do;
MPRINT(EMADVISECOLUMNS):   ROLE = 'SEGMENT';
MPRINT(EMADVISECOLUMNS):   LEVEL = 'NOMINAL';
MPRINT(EMADVISECOLUMNS):   end;
MPRINT(EMADVISECOLUMNS):   else if name_prefix in('EP', 'BP', 'CP', 'EL', 'CL', 'BL', 'ROI', 
'IC') then ROLE = 'ASSESS';
MPRINT(EMADVISECOLUMNS):   else do;
MPRINT(EMADVISECOLUMNS):   array _ROLE_ (19) $32 _TEMPORARY_ 
('ASSESS','CLASSIFICATION','CENSOR', 'COST', 'CROSSID', 'DECISION', 'ID','INPUT', 'LABEL', 
The SAS System

'MISSING','PREDICT','REFERRER','REJECTED', 'RESIDUAL','SEGMENT', 'SEQUENCE','TARGET', 'TEXT', 
'TIMEID');
MPRINT(EMADVISECOLUMNS):   drop _found_ i;
MPRINT(EMADVISECOLUMNS):   _found_=0;
MPRINT(EMADVISECOLUMNS):   do i=1 to 19 until(_found_=1);
MPRINT(EMADVISECOLUMNS):   if index(_uname, trim(_ROLE_{i}))=1 then do;
MPRINT(EMADVISECOLUMNS):   ROLE=_ROLE_{i};
MPRINT(EMADVISECOLUMNS):   if ROLE = 'ID' then LEVEL = 'NOMINAL';
MPRINT(EMADVISECOLUMNS):   else if ROLE = 'SEGMENT' then LEVEL = 'NOMINAL';
MPRINT(EMADVISECOLUMNS):   else if ROLE = 'TIMEID' and TYPE='N' then LEVEL = 'INTERVAL';
MPRINT(EMADVISECOLUMNS):   _found_=1;
MPRINT(EMADVISECOLUMNS):   end;
MPRINT(EMADVISECOLUMNS):   end;
MPRINT(EMADVISECOLUMNS):   if length(_uname)>2 then do;
MPRINT(EMADVISECOLUMNS):   if substr(reverse(trim(_uname)), 1, 3) = 'DI_' then do;
MPRINT(EMADVISECOLUMNS):   ROLE = 'ID';
MPRINT(EMADVISECOLUMNS):   LEVEL = 'NOMINAL';
MPRINT(EMADVISECOLUMNS):   end;
MPRINT(EMADVISECOLUMNS):   end;
MPRINT(EMADVISECOLUMNS):   end;
MPRINT(EMADVISECOLUMNS):   end;
MPRINT(EMADVISECOLUMNS):   end;
MPRINT(EMADVISECOLUMNS):   end;
MPRINT(EMADVISECOLUMNS):   if ROLE='FREQ' then _freqflag=1;
MPRINT(EMADVISECOLUMNS):   else if ROLE = 'CLASSIFICATION' then LEVEL = 'NOMINAL';
MPRINT(EMADVISECOLUMNS):   if symexist('RATEMKG_ROLE') then do;
MPRINT(EMADVISECOLUMNS):   if upcase(symget('RATEMKG_ROLE')) in('Y', 'YES') then do;
MPRINT(EMADVISECOLUMNS):   if _uname =: 'POLICY' then ROLE = 'POLICYID';
MPRINT(EMADVISECOLUMNS):   else if _uname in ('PARTITION', '_PARTIND_') then ROLE = 'PARTITION';
MPRINT(EMADVISECOLUMNS):   else if type = 'N' then do;
MPRINT(EMADVISECOLUMNS):   if _uname = 'EXPOSURE' then ROLE = 'EXPOSURE';
MPRINT(EMADVISECOLUMNS):   else if _uname = 'YEAR' then ROLE = 'YEAR';
MPRINT(EMADVISECOLUMNS):   else if _uname = 'WEIGHT' then ROLE = 'WEIGHT';
MPRINT(EMADVISECOLUMNS):   else if _uname = 'OFFSET' then ROLE = 'OFFSET';
MPRINT(EMADVISECOLUMNS):   end;
MPRINT(EMADVISECOLUMNS):   end;
MPRINT(EMADVISECOLUMNS):   end;
MPRINT(EMADVISECOLUMNS):   end;
MPRINT(EMADVISECOLUMNS):   if role = ' ' then do;
MPRINT(EMADVISECOLUMNS):   if formattype in('DATE', 'DATETIME', 'TIME') then role = 'TIMEID';
MPRINT(EMADVISECOLUMNS):   else role = 'INPUT';
MPRINT(EMADVISECOLUMNS):   roleAssigned = 1;
MPRINT(EMADVISECOLUMNS):   end;
MPRINT(EMADVISECOLUMNS):   else role = upcase(role);
MPRINT(EMADVISECOLUMNS):   if REPORT = '' then REPORT = 'N';
MPRINT(EMADVISECOLUMNS):   if symexist('dmwb_product') then do;
MPRINT(EMADVISECOLUMNS):   if upcase(symget('dmwb_product')) = 'FACTORYMINER_DATASOURCE' then 
do;
MPRINT(EMADVISECOLUMNS):   if ROLE ^in('INPUT', 'TARGET', 'REJECTED', 'SEGMENT', 'FREQ', 'ID', 
'KEY') then ROLE='REJECTED';
MPRINT(EMADVISECOLUMNS):   end;
MPRINT(EMADVISECOLUMNS):   end;
MPRINT(EMADVISECOLUMNS):   run;
The SAS System

MPRINT(EMADVISECOLUMNS):    data WORK.M323B6RH;
MPRINT(EMADVISECOLUMNS):   set WORK.M323B6RH;
MPRINT(EMADVISECOLUMNS):   label NAME = "Variable Name" TYPE = "Type" ROLE = "Role" LEVEL= 
"Measurement Level" ORDER= "Order" CREATOR= "Creator" FORMATTYPE= "Format Type" FAMILY= 
"Family" DISTRIBUTION= "Distribution" PRICE= "Price" LOWERLIMIT= "Lower limit" UPPERLIMIT= 
"Upper Limit" REPORT= "Report" COMMENT= "Comment" INDEX= "Index" INDEXTYPE= "IndexType" LABEL= 
"Label" LENGTH= "Length";
MPRINT(EMADVISECOLUMNS):   drop levelAssigned roleAssigned;
MPRINT(EMADVISECOLUMNS):   run;
MPRINT(EMADVISECOLUMNS):   
MPRINT(EM_DIAGRAM):  ;
MPRINT(EM_DIAGRAM):   proc sort data=WORK.COLUMNMETA;
MPRINT(EM_DIAGRAM):   by NAME;
MPRINT(EM_DIAGRAM):   run;
MPRINT(EM_DIAGRAM):   *------------------------------------------------------------*;
MPRINT(EM_DIAGRAM):   * &nodeid: Merge incoming metadata;
MPRINT(EM_DIAGRAM):   *------------------------------------------------------------*;
MPRINT(EM_DIAGRAM):   proc contents data=EMWS1.Smpl_DATA noprint out=_temp2(keep=NAME);
MPRINT(EM_DIAGRAM):   run;
MPRINT(EM_DIAGRAM):   proc sort data=_temp2;
MPRINT(EM_DIAGRAM):   by NAME;
MPRINT(EM_DIAGRAM):   run;
MPRINT(EM_DIAGRAM):   proc sort data=EMWS1.Smpl_CMeta_DATA out=_temp;
MPRINT(EM_DIAGRAM):   by NAME;
MPRINT(EM_DIAGRAM):   run;
MPRINT(EM_DIAGRAM):   data EMWS1.Clus2_CMeta_TRAIN;
MPRINT(EM_DIAGRAM):   merge WORK.COLUMNMETA(in=_a) _temp2(in=_b) _temp(drop=FORMAT INFORMAT 
LENGTH INDEX INDEXTYPE in=_c) end=_eof_;
MPRINT(EM_DIAGRAM):   by NAME;
MPRINT(EM_DIAGRAM):   if (^_a and _b) or (^_c and _a and _b) then delete;
MPRINT(EM_DIAGRAM):   if ^_b then CREATOR = "Clus2";
MPRINT(EM_DIAGRAM):   *------------------------------------------------------------*;
MPRINT(EM_DIAGRAM):   * Clus2: Apply Delta Code;
MPRINT(EM_DIAGRAM):   *------------------------------------------------------------*;
MPRINT(EM_DIAGRAM):   retain _segFlag_ 0;
MPRINT(EM_DIAGRAM):   drop _segFlag_;
MPRINT(EM_DIAGRAM):   if upcase(name) = '_SEGMENT_' then do;
MPRINT(EM_DIAGRAM):   _segFlag_ = 1;
MPRINT(EM_DIAGRAM):   role = 'SEGMENT';
MPRINT(EM_DIAGRAM):   level = 'NOMINAL';
MPRINT(EM_DIAGRAM):   label = 'Segment Variable';
MPRINT(EM_DIAGRAM):   end;
MPRINT(EM_DIAGRAM):   else if upcase(name) = '_SEGMENT_LABEL_' then do;
MPRINT(EM_DIAGRAM):   role = 'REJECTED';
MPRINT(EM_DIAGRAM):   level = 'NOMINAL';
MPRINT(EM_DIAGRAM):   label = 'Segment Description';
MPRINT(EM_DIAGRAM):   end;
MPRINT(EM_DIAGRAM):   else if upcase(NAME) = 'DISTANCE' then do;
MPRINT(EM_DIAGRAM):   role = 'REJECTED';
MPRINT(EM_DIAGRAM):   level = 'INTERVAL';
MPRINT(EM_DIAGRAM):   end;
MPRINT(EM_DIAGRAM):   else if upcase(NAME) = '_IMPUTE_' then do;
MPRINT(EM_DIAGRAM):   role = 'REJECTED';
The SAS System

MPRINT(EM_DIAGRAM):   level = 'INTERVAL';
MPRINT(EM_DIAGRAM):   end;
MPRINT(EM_DIAGRAM):   output;
MPRINT(EM_DIAGRAM):   if ^_segFlag_ and _eof_ then do;
MPRINT(EM_DIAGRAM):   type = 'N';
MPRINT(EM_DIAGRAM):   index = 'N';
MPRINT(EM_DIAGRAM):   indexType = 'NONE';
MPRINT(EM_DIAGRAM):   format = '';
MPRINT(EM_DIAGRAM):   informat = '';
MPRINT(EM_DIAGRAM):   name = '_SEGMENT_';
MPRINT(EM_DIAGRAM):   role = 'SEGMENT';
MPRINT(EM_DIAGRAM):   level = 'NOMINAL';
MPRINT(EM_DIAGRAM):   label = 'Segment Variable';
MPRINT(EM_DIAGRAM):   output;
MPRINT(EM_DIAGRAM):   name = '_SEGMENT_LABEL_';
MPRINT(EM_DIAGRAM):   role = 'REJECTED';
MPRINT(EM_DIAGRAM):   level = 'NOMINAL';
MPRINT(EM_DIAGRAM):   label = 'Segment Description';
MPRINT(EM_DIAGRAM):   output;
MPRINT(EM_DIAGRAM):   name = 'Distance';
MPRINT(EM_DIAGRAM):   role = 'REJECTED';
MPRINT(EM_DIAGRAM):   level = 'INTERVAL';
MPRINT(EM_DIAGRAM):   label = 'Distance to Cluster Seed';
MPRINT(EM_DIAGRAM):   output;
MPRINT(EM_DIAGRAM):   name = '_Impute_';
MPRINT(EM_DIAGRAM):   role = 'REJECTED';
MPRINT(EM_DIAGRAM):   level = 'INTERVAL';
MPRINT(EM_DIAGRAM):   label = '';
MPRINT(EM_DIAGRAM):   output;
MPRINT(EM_DIAGRAM):   end;
MPRINT(EM_DIAGRAM):   run;
MPRINT(EM_DIAGRAM):   filename _delta;
MPRINT(EM_DIAGRAM):    proc printto;
MPRINT(EM_DIAGRAM):   run;
