MPRINT(EM_DIAGRAM):    data _null_;
MPRINT(EM_DIAGRAM):   call symput('NLDATE', strip(put(date(), NLDATE.)));
MPRINT(EM_DIAGRAM):   call symput('NLTIME', strip(put(datetime(), NLTIME.)));
MPRINT(EM_DIAGRAM):   run;
MPRINT(EM_DIAGRAM):   data _null_;
MPRINT(EM_DIAGRAM):   nldate= sasmsg("sashelp.dmine", "log_date_note", 'N', "December 09, 2024" 
);
MPRINT(EM_DIAGRAM):   nltime= sasmsg("sashelp.dmine", "log_time_note", 'N', "01:26:42" );
MPRINT(EM_DIAGRAM):   put "*------------------------------------------------------------*";
MPRINT(EM_DIAGRAM):   put "* Training Log";
MPRINT(EM_DIAGRAM):   put nldate;
MPRINT(EM_DIAGRAM):   put nltime;
MPRINT(EM_DIAGRAM):   put "*------------------------------------------------------------*";
MPRINT(EM_DIAGRAM):   run;
*------------------------------------------------------------*
* Training Log
Date:                December 09, 2024
Time:                01:26:42
*------------------------------------------------------------*
MPRINT(EM_DIAGRAM):    filename O078WZ3E "C:\Users\skunt\Downloads\HU.Exploratory 
Analysis\HU.ClusterAnalysis\Workspaces\EMWS1\Clus2\EMTRAIN.out" encoding="UTF-8" NOBOM;
MPRINT(EM_DIAGRAM):   proc printto print=O078WZ3E new;
MPRINT(EM_DIAGRAM):   run;
MPRINT(EM_DIAGRAM):    filename _LOG "C:\Users\skunt\Downloads\HU.Exploratory 
Analysis\HU.ClusterAnalysis\Workspaces\EMWS1\Clus2\EMLOG.log" encoding="UTF-8" NOBOM;
MPRINT(EM_DIAGRAM):    data _null_;
MPRINT(EM_DIAGRAM):   call symput('NLDATE', strip(put(date(), NLDATE.)));
MPRINT(EM_DIAGRAM):   call symput('NLTIME', strip(put(datetime(), NLTIME.)));
MPRINT(EM_DIAGRAM):   run;
MPRINT(EM_DIAGRAM):   data _null_;
MPRINT(EM_DIAGRAM):   nldate= sasmsg("sashelp.dmine", "log_date_note", 'N', "December 09, 2024" 
);
MPRINT(EM_DIAGRAM):   nltime= sasmsg("sashelp.dmine", "log_time_note", 'N', "01:26:42" );
MPRINT(EM_DIAGRAM):   file _LOG;
MPRINT(EM_DIAGRAM):   put "*------------------------------------------------------------*";
MPRINT(EM_DIAGRAM):   put "User:                skunt";
MPRINT(EM_DIAGRAM):   put nldate;
MPRINT(EM_DIAGRAM):   put nltime;
MPRINT(EM_DIAGRAM):   put "Site:                70080107";
MPRINT(EM_DIAGRAM):   put "Platform:            X64_10PRO";
MPRINT(EM_DIAGRAM):   put "Maintenance Release: 9.04.01M7P080520";
MPRINT(EM_DIAGRAM):   put "EM Version:          15.2";
MPRINT(EM_DIAGRAM):   put "* ";
MPRINT(EM_DIAGRAM):   run;
MPRINT(EM_DIAGRAM):    filename _LOGIN "C:\Users\skunt\Downloads\HU.Exploratory 
The SAS System

Analysis\HU.ClusterAnalysis\Workspaces\EMWS1\Clus2\EMTRAIN.log" encoding="UTF-8" NOBOM;
MPRINT(EM_COPYFILE):   data _null_;
MPRINT(EM_COPYFILE):   length line $20000;
MPRINT(EM_COPYFILE):   file _LOG MOD lrecl=20000;
MPRINT(EM_COPYFILE):   fid=fopen("_LOGIN",'i',20000,'v');
MPRINT(EM_COPYFILE):   if fid > 0 then do;
MPRINT(EM_COPYFILE):   do while(^fread(fid));
MPRINT(EM_COPYFILE):   rlen = frlen(fid);
MPRINT(EM_COPYFILE):   rc= fget(fid,line,20000);
MPRINT(EM_COPYFILE):   start = length(line)-length(left(line))+1;
MPRINT(EM_COPYFILE):   line=strip(line);
MPRINT(EM_COPYFILE):   put @start line;
MPRINT(EM_COPYFILE):   end;
MPRINT(EM_COPYFILE):   if fid > 0 then rc=fclose(fid);
MPRINT(EM_COPYFILE):   end;
MPRINT(EM_COPYFILE):   run;
MPRINT(EM_DIAGRAM):  ;
MPRINT(EM_DIAGRAM):   filename _LOGIN;
MPRINT(EM_DIAGRAM):    data _null_;
MPRINT(EM_DIAGRAM):   file _LOG mod;
MPRINT(EM_DIAGRAM):   put _page_;
MPRINT(EM_DIAGRAM):   run;
MPRINT(EM_DIAGRAM):   filename _LOGIN "C:\Users\skunt\Downloads\HU.Exploratory 
Analysis\HU.ClusterAnalysis\Workspaces\EMWS1\Clus2\EMSCORE.log" encoding="UTF-8" NOBOM;
MPRINT(EM_DIAGRAM):  ;
MPRINT(EM_DIAGRAM):   data _null_;
MPRINT(EM_DIAGRAM):   file _LOG mod;
MPRINT(EM_DIAGRAM):   put _page_;
MPRINT(EM_DIAGRAM):   run;
MPRINT(EM_DIAGRAM):    filename _LOGIN "C:\Users\skunt\Downloads\HU.Exploratory 
Analysis\HU.ClusterAnalysis\Workspaces\EMWS1\Clus2\EMREPORT.log" encoding="UTF-8" NOBOM;
MPRINT(EM_DIAGRAM):  ;
MPRINT(EM_DIAGRAM):   filename _LOGIN;
MPRINT(EM_DIAGRAM):    filename _LOG;
MPRINT(EM_DIAGRAM):    filename _OUT "C:\Users\skunt\Downloads\HU.Exploratory 
Analysis\HU.ClusterAnalysis\Workspaces\EMWS1\Clus2\EMOUTPUT.out" encoding="UTF-8" NOBOM;
MPRINT(EM_DIAGRAM):    data _null_;
MPRINT(EM_DIAGRAM):   call symput('NLDATE', strip(put(date(), NLDATE.)));
MPRINT(EM_DIAGRAM):   call symput('NLTIME', strip(put(datetime(), NLTIME.)));
MPRINT(EM_DIAGRAM):   run;
MPRINT(EM_DIAGRAM):   data _null_;
MPRINT(EM_DIAGRAM):   nldate= sasmsg("sashelp.dmine", "log_date_note", 'N', "December 09, 2024" 
);
MPRINT(EM_DIAGRAM):   nltime= sasmsg("sashelp.dmine", "log_time_note", 'N', "01:26:42" );
MPRINT(EM_DIAGRAM):   file _OUT;
MPRINT(EM_DIAGRAM):   put "*------------------------------------------------------------*";
MPRINT(EM_DIAGRAM):   put "User:                skunt";
MPRINT(EM_DIAGRAM):   put nldate;
MPRINT(EM_DIAGRAM):   put nltime;
MPRINT(EM_DIAGRAM):   put "*------------------------------------------------------------*";
MPRINT(EM_DIAGRAM):   put "* Training Output";
MPRINT(EM_DIAGRAM):   put "*------------------------------------------------------------*";
MPRINT(EM_DIAGRAM):   run;
The SAS System

MPRINT(EM_DIAGRAM):    filename _OUTIN "C:\Users\skunt\Downloads\HU.Exploratory 
Analysis\HU.ClusterAnalysis\Workspaces\EMWS1\Clus2\EMTRAIN.out" encoding="UTF-8" NOBOM;
MPRINT(EM_DIAGRAM):   ;
MPRINT(EM_COPYFILE):   data _null_;
MPRINT(EM_COPYFILE):   length line $20000;
MPRINT(EM_COPYFILE):   file _OUT MOD lrecl=20000;
MPRINT(EM_COPYFILE):   fid=fopen("_OUTIN",'i',20000,'v');
MPRINT(EM_COPYFILE):   if fid > 0 then do;
MPRINT(EM_COPYFILE):   do while(^fread(fid));
MPRINT(EM_COPYFILE):   rlen = frlen(fid);
MPRINT(EM_COPYFILE):   rc= fget(fid,line,20000);
MPRINT(EM_COPYFILE):   start = length(line)-length(left(line))+1;
MPRINT(EM_COPYFILE):   line=strip(line);
MPRINT(EM_COPYFILE):   put @start line;
MPRINT(EM_COPYFILE):   end;
MPRINT(EM_COPYFILE):   if fid > 0 then rc=fclose(fid);
MPRINT(EM_COPYFILE):   end;
MPRINT(EM_COPYFILE):   run;
MPRINT(EM_DIAGRAM):  ;
MPRINT(EM_DIAGRAM):   filename _OUTIN;
MPRINT(EM_DIAGRAM):    data _null_;
MPRINT(EM_DIAGRAM):   file _OUT mod;
MPRINT(EM_DIAGRAM):   put _page_;
MPRINT(EM_DIAGRAM):   put // "*------------------------------------------------------------*";
MPRINT(EM_DIAGRAM):   put "* Score Output";
MPRINT(EM_DIAGRAM):   put "*------------------------------------------------------------*";
MPRINT(EM_DIAGRAM):   run;
MPRINT(EM_DIAGRAM):    filename _OUTIN "C:\Users\skunt\Downloads\HU.Exploratory 
Analysis\HU.ClusterAnalysis\Workspaces\EMWS1\Clus2\EMSCORE.out" encoding="UTF-8" NOBOM;
MPRINT(EM_DIAGRAM):  ;
MPRINT(EM_DIAGRAM):   filename _OUTIN;
MPRINT(EM_DIAGRAM):    data _null_;
MPRINT(EM_DIAGRAM):   file _OUT mod;
MPRINT(EM_DIAGRAM):   put _page_;
MPRINT(EM_DIAGRAM):   put // "*------------------------------------------------------------*";
MPRINT(EM_DIAGRAM):   put "* Report Output";
MPRINT(EM_DIAGRAM):   put "*------------------------------------------------------------*";
MPRINT(EM_DIAGRAM):   run;
MPRINT(EM_DIAGRAM):    filename _OUTIN "C:\Users\skunt\Downloads\HU.Exploratory 
Analysis\HU.ClusterAnalysis\Workspaces\EMWS1\Clus2\EMREPORT.out" encoding="UTF-8" NOBOM;
MPRINT(EM_DIAGRAM):  ;
MPRINT(EM_DIAGRAM):   filename _OUTIN;
MPRINT(EM_DIAGRAM):    filename _OUT;
MPRINT(EM_DIAGRAM):    filename _emtool_ 'C:\Users\skunt\Downloads\HU.Exploratory 
Analysis\HU.ClusterAnalysis\Workspaces\EMWS1\Clus2\EMRUNSTATUS.xml' encoding="UTF-8" NOBOM;
MPRINT(EM_DIAGRAM):    proc freq data=EMWS1.Clus2_VariableSet noprint;
MPRINT(EM_DIAGRAM):   table ROLE*LEVEL/out=WORK.Clus2META;
MPRINT(EM_DIAGRAM):   run;
MPRINT(EM_DIAGRAM):   proc print data=WORK.Clus2META label noobs;
MPRINT(EM_DIAGRAM):   var ROLE LEVEL COUNT;
MPRINT(EM_DIAGRAM):   label ROLE = "Role" LEVEL = "Measurement Level" COUNT = "Frequency Count";
MPRINT(EM_DIAGRAM):   title9 ' ';
MPRINT(EM_DIAGRAM):   title10 "Variable Summary";
The SAS System

MPRINT(EM_DIAGRAM):   run;
MPRINT(EM_DIAGRAM):   title10;
MPRINT(EM_DIAGRAM):    data WORK.M2QHDEXP;
MPRINT(EM_DIAGRAM):   set WORK.M2QHDEXP;
MPRINT(EM_DIAGRAM):   if role eq 'REJECTED' then role = 'INPUT';
MPRINT(EM_DIAGRAM):   run;
MPRINT(EM_DIAGRAM):    *------------------------------------------------------------*;
MPRINT(EM_DIAGRAM):   * Clus2: Preparing metadata for training;
MPRINT(EM_DIAGRAM):   ;
MPRINT(EM_DIAGRAM):   *------------------------------------------------------------*;
MPRINT(EM_DIAGRAM):   data WORK.M2QHDEXP;
MPRINT(EM_DIAGRAM):   set WORK.M2QHDEXP;
MPRINT(EM_DIAGRAM):   if role eq 'REJECTED' then role = 'INPUT';
MPRINT(EM_DIAGRAM):   run;
MPRINT(EM_DIAGRAM):    *------------------------------------------------------------*;
MPRINT(EM_DIAGRAM):   * Clus2: Preliminary Clustering;
MPRINT(EM_DIAGRAM):   *------------------------------------------------------------*;
MPRINT(EM_DIAGRAM):   *------------------------------------------------------------* ;
MPRINT(EM_DIAGRAM):   * Clus2: DMDBClass Macro ;
MPRINT(EM_DIAGRAM):   *------------------------------------------------------------* ;
MPRINT(EM_DIAGRAM):   *------------------------------------------------------------* ;
MPRINT(EM_DIAGRAM):   * Clus2: DMDBVar Macro ;
MPRINT(EM_DIAGRAM):   *------------------------------------------------------------* ;
MPRINT(EM_DIAGRAM):   *------------------------------------------------------------*;
MPRINT(EM_DIAGRAM):   * Clus2: Create DMDB;
MPRINT(EM_DIAGRAM):   *------------------------------------------------------------*;
MPRINT(EM_DIAGRAM):   proc dmdb batch data=EMWS1.Smpl_DATA dmdbcat=WORK.Clus2_DMDB maxlevel = 
513 out=WORK.Clus2_DMDB ;
MPRINT(EM_DIAGRAM):   class
MPRINT(DMDBCLASS):   ocean_proximity(ASC)
MPRINT(EM_DIAGRAM):  ;
MPRINT(EM_DIAGRAM):   var
MPRINT(DMDBVAR):   households housing_median_age latitude longitude median_house_value 
median_income population total_bedrooms total_rooms
MPRINT(EM_DIAGRAM):  ;
MPRINT(EM_DIAGRAM):   run;
MPRINT(EM_DIAGRAM):   quit;
MPRINT(EM_DIAGRAM):   *--- end code ---*;
MPRINT(EM_DIAGRAM):    *------------------------------------------------------------* ;
MPRINT(EM_DIAGRAM):   * Clus2: Interval Inputs Macro ;
MPRINT(EM_DIAGRAM):   *------------------------------------------------------------* ;
MPRINT(EM_DIAGRAM):   *------------------------------------------------------------* ;
MPRINT(EM_DIAGRAM):   * Clus2: Nominal Inputs Macro ;
MPRINT(EM_DIAGRAM):   *------------------------------------------------------------* ;
MPRINT(EM_DIAGRAM):   *------------------------------------------------------------*;
MPRINT(EM_DIAGRAM):   * Clus2: Run DMVQ procedure;
MPRINT(EM_DIAGRAM):   *------------------------------------------------------------*;
MPRINT(EM_DIAGRAM):   title;
MPRINT(EM_DIAGRAM):   options nodate;
MPRINT(EM_DIAGRAM):   proc dmvq data=WORK.Clus2_DMDB dmdbcat=WORK.Clus2_DMDB std=STD 
nominal=GLM ordinal=RANK ;
MPRINT(EM_DIAGRAM):   input
MPRINT(DMVQINTERVAL):   households housing_median_age latitude longitude median_house_value 
The SAS System

median_income population total_bedrooms total_rooms
MPRINT(EM_DIAGRAM):   / level=interval;
MPRINT(EM_DIAGRAM):   input
MPRINT(DMVQNOMINAL):   ocean_proximity
MPRINT(EM_DIAGRAM):   / level=nominal;
MPRINT(EM_DIAGRAM):   VQ maxc = 50 clusname=_SEGMENT_ CLUSLABEL="Segment Id" 
DISTLABEL="Distance";
MPRINT(EM_DIAGRAM):   MAKE outvar=EMWS1.Clus2_OUTVAR;

MPRINT(EM_DIAGRAM):   INITIAL radius=0 ;
MPRINT(EM_DIAGRAM):   TRAIN tech=FORGY ;
WARNING: The limit of 10 iterations was reached without convergence.
MPRINT(EM_DIAGRAM):   SAVE outstat=WORK.Clus2_OUTSTAT outmean=EMWS1.Clus2_OUTMEAN;
MPRINT(EM_DIAGRAM):   code file="C:\Users\skunt\Downloads\HU.Exploratory 
Analysis\HU.ClusterAnalysis\Workspaces\EMWS1\Clus2\DMVQSCORECODE.sas" group=Clus2 ;
MPRINT(EM_DIAGRAM):   run;
MPRINT(EM_DIAGRAM):   quit;
MPRINT(EM_DIAGRAM):    proc transpose data=EMWS1.Clus2_OUTVAR out=WORK.Clus2_OUTVAR(where=(COL1 
^in('IMPUTED','OMITTED')));
MPRINT(EM_DIAGRAM):   var households--ocean_proximityNEAR_OCE;
MPRINT(EM_DIAGRAM):   where _TYPE_ in('TYPE' 'VARIABLE');
MPRINT(EM_DIAGRAM):   run;
MPRINT(EM_DIAGRAM):    *------------------------------------------------------------* ;
MPRINT(EM_DIAGRAM):   * Clus2: DMVQ Variables;
MPRINT(EM_DIAGRAM):   *------------------------------------------------------------* ;
MPRINT(EM_DIAGRAM):    *------------------------------------------------------------*;
MPRINT(EM_DIAGRAM):   * Clus2: Determining the number of clusters;
MPRINT(EM_DIAGRAM):   *------------------------------------------------------------*;
MPRINT(EM_DIAGRAM):   proc cluster data=EMWS1.Clus2_OUTMEAN method=WARD pseudo 
outtree=EMWS1.Clus2_CLUSSEED ;
MPRINT(EM_DIAGRAM):   var
MPRINT(DMVQVARS):   households housing_median_age latitude longitude median_house_value 
median_income population total_bedrooms total_rooms ocean_proximity_1H_OCEA 
ocean_proximityINLAND ocean_proximityNEAR_BAY ocean_proximityNEAR_OCE
MPRINT(EM_DIAGRAM):  ;
MPRINT(EM_DIAGRAM):   copy _SEGMENT_;
MPRINT(EM_DIAGRAM):   run;
MPRINT(EM_DIAGRAM):   quit;
MPRINT(EM_DIAGRAM):   proc sort data =EMWS1.Clus2_CLUSSEED out=WORK._SEED_;
MPRINT(EM_DIAGRAM):   by _ncl_;
MPRINT(EM_DIAGRAM):   where (_ccc_ > -99999.0);
MPRINT(EM_DIAGRAM):   run;
MPRINT(EM_DIAGRAM):   data WORK._SEED2_;
MPRINT(EM_DIAGRAM):   retain oJump occc oncl;
MPRINT(EM_DIAGRAM):   set WORK._SEED_;
MPRINT(EM_DIAGRAM):   _lccc_=lag(_ccc_);
MPRINT(EM_DIAGRAM):   if _lccc_ > . then jump = _ccc_ - _lccc_;
MPRINT(EM_DIAGRAM):   if jump<0 and ojump>0 then do;
MPRINT(EM_DIAGRAM):   * Have a local Max;
MPRINT(EM_DIAGRAM):   numclus = oncl;
MPRINT(EM_DIAGRAM):   cccvalue = occc;
MPRINT(EM_DIAGRAM):   output;
MPRINT(EM_DIAGRAM):   end;
The SAS System

MPRINT(EM_DIAGRAM):   ojump = jump;
MPRINT(EM_DIAGRAM):   occc = _ccc_;
MPRINT(EM_DIAGRAM):   oncl = _ncl_;
MPRINT(EM_DIAGRAM):   run;
MPRINT(EM_DIAGRAM):   proc print data=WORK._SEED2_ label;
MPRINT(EM_DIAGRAM):   var numclus cccvalue;
MPRINT(EM_DIAGRAM):   label numclus= "Number of Clusters";
MPRINT(EM_DIAGRAM):   label cccvalue= "Clustering Cubic Criterion";
MPRINT(EM_DIAGRAM):   title10 "Candidates for Optimum Number of Clusters";
MPRINT(EM_DIAGRAM):   run;
MPRINT(EM_DIAGRAM):   title10;
MPRINT(EM_DIAGRAM):    data WORK._SEED2_;
MPRINT(EM_DIAGRAM):   length msg $200;
MPRINT(EM_DIAGRAM):   set WORK._SEED2_ end=eof;
MPRINT(EM_DIAGRAM):   retain select cccSelect 0 numSel;
MPRINT(EM_DIAGRAM):   if _N_=1 then numSel = numClus;
MPRINT(EM_DIAGRAM):   if cccvalue>=3 then do;
MPRINT(EM_DIAGRAM):   if 20>= numclus >= 2 and cccSelect<1 then do;
MPRINT(EM_DIAGRAM):   cccSelect = 1;
MPRINT(EM_DIAGRAM):   select =1;
MPRINT(EM_DIAGRAM):   numSel = numClus;
MPRINT(EM_DIAGRAM):   end;
MPRINT(EM_DIAGRAM):   end;
MPRINT(EM_DIAGRAM):   else if 20>= numclus >= 2 and select<1 then do;
MPRINT(EM_DIAGRAM):   select = 1;
MPRINT(EM_DIAGRAM):   numSel = numClus;
MPRINT(EM_DIAGRAM):   end;
MPRINT(EM_DIAGRAM):   if eof then do;
MPRINT(EM_DIAGRAM):   if ^(select=1 and cccselect=1) then do;
MPRINT(EM_DIAGRAM):   put "*------------------------------------------------------------*";
MPRINT(EM_DIAGRAM):   put '*;';
MPRINT(EM_DIAGRAM):   put "WARNING: The number of clusters selected based on the CCC values may 
not be valid.  Please refer to the documentation on the Cubic Clustering Criterion.";
MPRINT(EM_DIAGRAM):   put '*;';
MPRINT(EM_DIAGRAM):   put "*------------------------------------------------------------*";
MPRINT(EM_DIAGRAM):   end;
MPRINT(EM_DIAGRAM):   if select<1 then do;
MPRINT(EM_DIAGRAM):   msg = sasmsg('sashelp.dmine', 'rpt_noCCCclusternum_note', 'NOQUOTE');
MPRINT(EM_DIAGRAM):   put msg;
MPRINT(EM_DIAGRAM):   end;
MPRINT(EM_DIAGRAM):   if cccselect<1 then do;
MPRINT(EM_DIAGRAM):   msg = sasmsg('sashelp.dmine', 'rpt_noValidclusterNum_note', 'NOQUOTE');
MPRINT(EM_DIAGRAM):   put msg;
MPRINT(EM_DIAGRAM):   end;
MPRINT(EM_DIAGRAM):   call symput('em_maxC', strip(put(numSel,best.)));
MPRINT(EM_DIAGRAM):   end;
MPRINT(EM_DIAGRAM):   run;
MPRINT(EM_DIAGRAM):    *------------------------------------------------------------*;
MPRINT(EM_DIAGRAM):   * Clus2: Training;
MPRINT(EM_DIAGRAM):   *------------------------------------------------------------*;
MPRINT(EM_DIAGRAM):   *------------------------------------------------------------*;
MPRINT(EM_DIAGRAM):   * Clus2: Run DMVQ procedure;
MPRINT(EM_DIAGRAM):   *------------------------------------------------------------*;
The SAS System

MPRINT(EM_DIAGRAM):   title;
MPRINT(EM_DIAGRAM):   options nodate;
MPRINT(EM_DIAGRAM):   proc dmvq data=WORK.Clus2_DMDB dmdbcat=WORK.Clus2_DMDB std=STD 
nominal=GLM ordinal=RANK ;
MPRINT(EM_DIAGRAM):   input
MPRINT(DMVQINTERVAL):   households housing_median_age latitude longitude median_house_value 
median_income population total_bedrooms total_rooms
MPRINT(EM_DIAGRAM):   / level=interval;
MPRINT(EM_DIAGRAM):   input
MPRINT(DMVQNOMINAL):   ocean_proximity
MPRINT(EM_DIAGRAM):   / level=nominal;
MPRINT(EM_DIAGRAM):   VQ maxc = 10 clusname=_SEGMENT_ CLUSLABEL="Segment Id" 
DISTLABEL="Distance";
MPRINT(EM_DIAGRAM):   MAKE outvar=EMWS1.Clus2_OUTVAR;

MPRINT(EM_DIAGRAM):   INITIAL radius=0 ;
MPRINT(EM_DIAGRAM):   TRAIN tech=FORGY ;
WARNING: The limit of 10 iterations was reached without convergence.
MPRINT(EM_DIAGRAM):   SAVE outstat=EMWS1.Clus2_OUTSTAT outmean=EMWS1.Clus2_OUTMEAN;
MPRINT(EM_DIAGRAM):   code file="C:\Users\skunt\Downloads\HU.Exploratory 
Analysis\HU.ClusterAnalysis\Workspaces\EMWS1\Clus2\DMVQSCORECODE.sas" group=Clus2 ;
MPRINT(EM_DIAGRAM):   run;
MPRINT(EM_DIAGRAM):   quit;
MPRINT(EM_DIAGRAM):    libname _spdslib;
WARNING: Libref _SPDSLIB is not assigned.
MPRINT(EM_DIAGRAM):    *------------------------------------------------------------*;
MPRINT(EM_DIAGRAM):   * Clus2: Cluster Label;
MPRINT(EM_DIAGRAM):   *------------------------------------------------------------*;
MPRINT(EM_DIAGRAM):   data EMWS1.Clus2_LABEL;
MPRINT(EM_DIAGRAM):   length _SEGMENT_ 8 Label $80;
MPRINT(EM_DIAGRAM):   format _SEGMENT_ 4.;
MPRINT(EM_DIAGRAM):   label _SEGMENT_ = "Segment Name";
MPRINT(EM_DIAGRAM):   label Label = "Segment Label";
MPRINT(EM_DIAGRAM):   _SEGMENT_= 1;
MPRINT(EM_DIAGRAM):   Label='Cluster1';
MPRINT(EM_DIAGRAM):   output;
MPRINT(EM_DIAGRAM):   _SEGMENT_= 2;
MPRINT(EM_DIAGRAM):   Label='Cluster2';
MPRINT(EM_DIAGRAM):   output;
MPRINT(EM_DIAGRAM):   _SEGMENT_= 3;
MPRINT(EM_DIAGRAM):   Label='Cluster3';
MPRINT(EM_DIAGRAM):   output;
MPRINT(EM_DIAGRAM):   _SEGMENT_= 4;
MPRINT(EM_DIAGRAM):   Label='Cluster4';
MPRINT(EM_DIAGRAM):   output;
MPRINT(EM_DIAGRAM):   _SEGMENT_= 5;
MPRINT(EM_DIAGRAM):   Label='Cluster5';
MPRINT(EM_DIAGRAM):   output;
MPRINT(EM_DIAGRAM):   _SEGMENT_= 6;
MPRINT(EM_DIAGRAM):   Label='Cluster6';
MPRINT(EM_DIAGRAM):   output;
MPRINT(EM_DIAGRAM):   _SEGMENT_= 7;
MPRINT(EM_DIAGRAM):   Label='Cluster7';
The SAS System

MPRINT(EM_DIAGRAM):   output;
MPRINT(EM_DIAGRAM):   _SEGMENT_= 8;
MPRINT(EM_DIAGRAM):   Label='Cluster8';
MPRINT(EM_DIAGRAM):   output;
MPRINT(EM_DIAGRAM):   _SEGMENT_= 9;
MPRINT(EM_DIAGRAM):   Label='Cluster9';
MPRINT(EM_DIAGRAM):   output;
MPRINT(EM_DIAGRAM):   _SEGMENT_= 10;
MPRINT(EM_DIAGRAM):   Label='Cluster10';
MPRINT(EM_DIAGRAM):   output;
MPRINT(EM_DIAGRAM):   run;
MPRINT(EM_DIAGRAM):    proc printto;
MPRINT(EM_DIAGRAM):   run;
