MPRINT(EM_DIAGRAM):    data _null_;
MPRINT(EM_DIAGRAM):   call symput('NLDATE', strip(put(date(), NLDATE.)));
MPRINT(EM_DIAGRAM):   call symput('NLTIME', strip(put(datetime(), NLTIME.)));
MPRINT(EM_DIAGRAM):   run;
MPRINT(EM_DIAGRAM):   data _null_;
MPRINT(EM_DIAGRAM):   nldate= sasmsg("sashelp.dmine", "log_date_note", 'N', "December 11, 2024" );
MPRINT(EM_DIAGRAM):   nltime= sasmsg("sashelp.dmine", "log_time_note", 'N', "00:22:33" );
MPRINT(EM_DIAGRAM):   put "*------------------------------------------------------------*";
MPRINT(EM_DIAGRAM):   put "* Report Log";
MPRINT(EM_DIAGRAM):   put nldate;
MPRINT(EM_DIAGRAM):   put nltime;
MPRINT(EM_DIAGRAM):   put "*------------------------------------------------------------*";
MPRINT(EM_DIAGRAM):   run;
*------------------------------------------------------------*
* Report Log
Date:                December 11, 2024
Time:                00:22:33
*------------------------------------------------------------*
MPRINT(EM_DIAGRAM):    filename O0VGGC_N "\\uisnutvdiprof1a\redirected$\smupp\Documents\HU.PREDICTIVEANALYSIS\Workspaces\EMWS2\EMSave\EMREPORT.out" encoding="UTF-8" NOBOM;
MPRINT(EM_DIAGRAM):   proc printto print=O0VGGC_N new;
MPRINT(EM_DIAGRAM):   run;
26475      %let EMEXCEPTIONSTRING=;
26476      *------------------------------------------------------------*;
MPRINT(EM_DIAGRAM):    *------------------------------------------------------------*;
26477      * REPORT: EMSave;
MPRINT(EM_DIAGRAM):   * REPORT: EMSave;
26478      *------------------------------------------------------------*;
MPRINT(EM_DIAGRAM):   *------------------------------------------------------------*;
26479      %let EM_ACTION = REPORT;
26480      %let syscc = 0;
26481      *** MAIN MACRO FOR EMSAVE EXTENSION NODE;
MPRINT(EM_DIAGRAM):     *** MAIN MACRO FOR EMSAVE EXTENSION NODE;
26482      
26483      %macro EM_SAVEXT_MAIN;
26484      
26485         %if %upcase("&EM_ACTION") = "CREATE" %then %do;
26486             filename _create catalog 'sashelp.emutil.savext_create.source';
26487             %include _create;
26488             filename _create;
26489             %EM_SAVEXT_CREATE;
26490         %end;
26491         %else
26492         %if %upcase("&EM_ACTION") = "TRAIN" %then %do;
26493             filename _train catalog 'sashelp.emutil.savext_train.source';
26494             %include _train;
26495             filename _train;
26496             %EM_SAVEXT_TRAIN;
26497         %end;
26498      
26499      %mend EM_SAVEXT_MAIN;
26500      
26501      %EM_SAVEXT_MAIN;
MPRINT(EM_DIAGRAM):  ;
26502      
26503      *------------------------------------------------------------*;
MPRINT(EM_DIAGRAM):   *------------------------------------------------------------*;
26504      * End REPORT: EMSave;
MPRINT(EM_DIAGRAM):   * End REPORT: EMSave;
26505      *------------------------------------------------------------*;
MPRINT(EM_DIAGRAM):   *------------------------------------------------------------*;

26506      /* Reset EM Options */
26507      options formchar="|----|+|---+=|-/\<>*";
MPRINT(EM_DIAGRAM):    options formchar="|----|+|---+=|-/\<>*";
26508      options nocenter ls=256 ps=10000;
MPRINT(EM_DIAGRAM):   options nocenter ls=256 ps=10000;
26509      goptions reset=all device=GIF NODISPLAY;
MPRINT(EM_DIAGRAM):   goptions reset=all device=GIF NODISPLAY;
MPRINT(EM_DIAGRAM):    proc printto;
MPRINT(EM_DIAGRAM):   run;
