MPRINT(EM_DIAGRAM):    data _null_;
MPRINT(EM_DIAGRAM):   call symput('NLDATE', strip(put(date(), NLDATE.)));
MPRINT(EM_DIAGRAM):   call symput('NLTIME', strip(put(datetime(), NLTIME.)));
MPRINT(EM_DIAGRAM):   run;
MPRINT(EM_DIAGRAM):   data _null_;
MPRINT(EM_DIAGRAM):   nldate= sasmsg("sashelp.dmine", "log_date_note", 'N', "December 11, 2024" );
MPRINT(EM_DIAGRAM):   nltime= sasmsg("sashelp.dmine", "log_time_note", 'N', "00:18:52" );
MPRINT(EM_DIAGRAM):   put "*------------------------------------------------------------*";
MPRINT(EM_DIAGRAM):   put "* Score Log";
MPRINT(EM_DIAGRAM):   put nldate;
MPRINT(EM_DIAGRAM):   put nltime;
MPRINT(EM_DIAGRAM):   put "*------------------------------------------------------------*";
MPRINT(EM_DIAGRAM):   run;
*------------------------------------------------------------*
* Score Log
Date:                December 11, 2024
Time:                00:18:52
*------------------------------------------------------------*
MPRINT(EM_DIAGRAM):    filename O2GCQW8Q "\\uisnutvdiprof1a\redirected$\smupp\Documents\HU.PREDICTIVEANALYSIS\Workspaces\EMWS2\Reg4\EMSCORE.out" encoding="UTF-8" NOBOM;
MPRINT(EM_DIAGRAM):   proc printto print=O2GCQW8Q new;
MPRINT(EM_DIAGRAM):   run;
34415      proc transpose data=EMWS2.Reg4_EMESTIMATE out=WORK.TEMPREG;
MPRINT(EM_DIAGRAM):    proc transpose data=EMWS2.Reg4_EMESTIMATE out=WORK.TEMPREG;
34416      where _CHOSEN_ ne '' and _TYPE_='PARMS';
MPRINT(EM_DIAGRAM):   where _CHOSEN_ ne '' and _TYPE_='PARMS';
34417      run;
MPRINT(EM_DIAGRAM):   run;

NOTE: There were 1 observations read from the data set EMWS2.REG4_EMESTIMATE.
      WHERE (_CHOSEN_ not = ' ') and (_TYPE_='PARMS');
NOTE: The data set WORK.TEMPREG has 44 observations and 3 variables.
NOTE: PROCEDURE TRANSPOSE used (Total process time):
      real time           0.02 seconds
      cpu time            0.00 seconds
      

34418      proc transpose data=EMWS2.Reg4_MAPDS out=WORK.TEMPREG2(rename=(TARGET=_TARGET_));
MPRINT(EM_DIAGRAM):   proc transpose data=EMWS2.Reg4_MAPDS out=WORK.TEMPREG2(rename=(TARGET=_TARGET_));
34419      var "households"n--"total_rooms"n;
MPRINT(EM_DIAGRAM):   var "households"n--"total_rooms"n;
34420      run;
MPRINT(EM_DIAGRAM):   run;

WARNING: The variable TARGET in the DROP, KEEP, or RENAME list has never been referenced.
NOTE: There were 2 observations read from the data set EMWS2.REG4_MAPDS.
NOTE: The data set WORK.TEMPREG2 has 12 observations and 4 variables.
NOTE: PROCEDURE TRANSPOSE used (Total process time):
      real time           0.02 seconds
      cpu time            0.01 seconds
      

34421      proc sort data=WORK.TEMPREG NOTHREADS;
MPRINT(EM_DIAGRAM):   proc sort data=WORK.TEMPREG NOTHREADS;
34422      by _NAME_;
MPRINT(EM_DIAGRAM):   by _NAME_;
34423      run;
MPRINT(EM_DIAGRAM):   run;

NOTE: There were 44 observations read from the data set WORK.TEMPREG.
NOTE: The data set WORK.TEMPREG has 44 observations and 3 variables.
NOTE: PROCEDURE SORT used (Total process time):
      real time           0.00 seconds
      cpu time            0.00 seconds
      

34424      proc sort data=WORK.TEMPREG2 NOTHREADS;
MPRINT(EM_DIAGRAM):   proc sort data=WORK.TEMPREG2 NOTHREADS;
34425      by _NAME_;
MPRINT(EM_DIAGRAM):   by _NAME_;
34426      run;
MPRINT(EM_DIAGRAM):   run;

NOTE: There were 12 observations read from the data set WORK.TEMPREG2.
NOTE: The data set WORK.TEMPREG2 has 12 observations and 4 variables.
NOTE: PROCEDURE SORT used (Total process time):
      real time           0.01 seconds
      cpu time            0.00 seconds
      

34427      data WORK.TEMPREG3;
MPRINT(EM_DIAGRAM):   data WORK.TEMPREG3;
34428      merge WORK.TEMPREG(in=ina) WORK.TEMPREG2(in=inb);
MPRINT(EM_DIAGRAM):   merge WORK.TEMPREG(in=ina) WORK.TEMPREG2(in=inb);
34429      by _NAME_;
MPRINT(EM_DIAGRAM):   by _NAME_;
34430      if (ina and inb) and median_house_value ne . then output;
MPRINT(EM_DIAGRAM):   if (ina and inb) and median_house_value ne . then output;
34431      run;
MPRINT(EM_DIAGRAM):   run;

NOTE: There were 44 observations read from the data set WORK.TEMPREG.
NOTE: There were 12 observations read from the data set WORK.TEMPREG2.
NOTE: The data set WORK.TEMPREG3 has 12 observations and 5 variables.
NOTE: DATA statement used (Total process time):
      real time           0.01 seconds
      cpu time            0.00 seconds
      

34432      data WORK.TEMPREG3(KEEP=TERM);
MPRINT(EM_DIAGRAM):   data WORK.TEMPREG3(KEEP=TERM);
34433      length term $32;
MPRINT(EM_DIAGRAM):   length term $32;
34434      set WORK.TEMPREG3;
MPRINT(EM_DIAGRAM):   set WORK.TEMPREG3;
34435      i=1;
MPRINT(EM_DIAGRAM):   i=1;
34436      do while( scan(input , i, '*') ne '' );
MPRINT(EM_DIAGRAM):   do while( scan(input , i, '*') ne '' );
34437      term= scan(input , i, '*');
MPRINT(EM_DIAGRAM):   term= scan(input , i, '*');
34438      i=i+1;
MPRINT(EM_DIAGRAM):   i=i+1;
34439      output;
MPRINT(EM_DIAGRAM):   output;
34440      end;
MPRINT(EM_DIAGRAM):   end;
34441      run;
MPRINT(EM_DIAGRAM):   run;

NOTE: There were 12 observations read from the data set WORK.TEMPREG3.
NOTE: The data set WORK.TEMPREG3 has 12 observations and 1 variables.
NOTE: DATA statement used (Total process time):
      real time           0.01 seconds
      cpu time            0.01 seconds
      

34442      proc sort data=WORK.TEMPREG3 nodupkey NOTHREADS;
MPRINT(EM_DIAGRAM):   proc sort data=WORK.TEMPREG3 nodupkey NOTHREADS;
34443      by TERM;
MPRINT(EM_DIAGRAM):   by TERM;
34444      run;
MPRINT(EM_DIAGRAM):   run;

NOTE: There were 12 observations read from the data set WORK.TEMPREG3.
NOTE: 3 observations with duplicate key values were deleted.
NOTE: The data set WORK.TEMPREG3 has 9 observations and 1 variables.
NOTE: PROCEDURE SORT used (Total process time):
      real time           0.00 seconds
      cpu time            0.01 seconds
      

34445      filename emflow "\\uisnutvdiprof1a\redirected$\smupp\Documents\HU.PREDICTIVEANALYSIS\Workspaces\EMWS2\Reg4\EMFLOWSCORE.sas";
MPRINT(EM_DIAGRAM):    filename emflow "\\uisnutvdiprof1a\redirected$\smupp\Documents\HU.PREDICTIVEANALYSIS\Workspaces\EMWS2\Reg4\EMFLOWSCORE.sas";
MPRINT(EM_DIAGRAM):   *------------------------------------------------------------*;
MPRINT(EM_DIAGRAM):   * Reg4: Scoring DATA data;
MPRINT(EM_DIAGRAM):   *------------------------------------------------------------*;
34446      *------------------------------------------------------------*;
34447      * Reg4: Scoring DATA data;
34448      *------------------------------------------------------------*;
34449      data EMWS2.Reg4_TRAIN
34450      / view=EMWS2.Reg4_TRAIN
34451      ;
MPRINT(EM_DIAGRAM):   data EMWS2.Reg4_TRAIN / view=EMWS2.Reg4_TRAIN ;
34452      set EMWS2.Part_TRAIN
34453      ;
MPRINT(EM_DIAGRAM):   set EMWS2.Part_TRAIN ;
34454      %inc emflow;
MPRINT(EM_DIAGRAM):   *************************************;
MPRINT(EM_DIAGRAM):   *** begin scoring code for regression;
MPRINT(EM_DIAGRAM):   *************************************;
MPRINT(EM_DIAGRAM):   length _WARN_ $4;
MPRINT(EM_DIAGRAM):   label _WARN_ = 'Warnings' ;
MPRINT(EM_DIAGRAM):   drop _Y;
MPRINT(EM_DIAGRAM):   _Y = median_house_value ;
MPRINT(EM_DIAGRAM):   drop _DM_BAD;
MPRINT(EM_DIAGRAM):   _DM_BAD=0;
MPRINT(EM_DIAGRAM):   *** Check households for missing values ;
MPRINT(EM_DIAGRAM):   if missing( households ) then do;
MPRINT(EM_DIAGRAM):   substr(_warn_,1,1) = 'M';
MPRINT(EM_DIAGRAM):   _DM_BAD = 1;
MPRINT(EM_DIAGRAM):   end;
MPRINT(EM_DIAGRAM):   *** Check housing_median_age for missing values ;
MPRINT(EM_DIAGRAM):   if missing( housing_median_age ) then do;
MPRINT(EM_DIAGRAM):   substr(_warn_,1,1) = 'M';
MPRINT(EM_DIAGRAM):   _DM_BAD = 1;
MPRINT(EM_DIAGRAM):   end;
MPRINT(EM_DIAGRAM):   *** Check latitude for missing values ;
MPRINT(EM_DIAGRAM):   if missing( latitude ) then do;
MPRINT(EM_DIAGRAM):   substr(_warn_,1,1) = 'M';
MPRINT(EM_DIAGRAM):   _DM_BAD = 1;
MPRINT(EM_DIAGRAM):   end;
MPRINT(EM_DIAGRAM):   *** Check longitude for missing values ;
MPRINT(EM_DIAGRAM):   if missing( longitude ) then do;
MPRINT(EM_DIAGRAM):   substr(_warn_,1,1) = 'M';
MPRINT(EM_DIAGRAM):   _DM_BAD = 1;
MPRINT(EM_DIAGRAM):   end;
MPRINT(EM_DIAGRAM):   *** Check median_income for missing values ;
MPRINT(EM_DIAGRAM):   if missing( median_income ) then do;
MPRINT(EM_DIAGRAM):   substr(_warn_,1,1) = 'M';
MPRINT(EM_DIAGRAM):   _DM_BAD = 1;
MPRINT(EM_DIAGRAM):   end;
MPRINT(EM_DIAGRAM):   *** Check population for missing values ;
MPRINT(EM_DIAGRAM):   if missing( population ) then do;
MPRINT(EM_DIAGRAM):   substr(_warn_,1,1) = 'M';
MPRINT(EM_DIAGRAM):   _DM_BAD = 1;
MPRINT(EM_DIAGRAM):   end;
MPRINT(EM_DIAGRAM):   *** Check total_bedrooms for missing values ;
MPRINT(EM_DIAGRAM):   if missing( total_bedrooms ) then do;
MPRINT(EM_DIAGRAM):   substr(_warn_,1,1) = 'M';
MPRINT(EM_DIAGRAM):   _DM_BAD = 1;
MPRINT(EM_DIAGRAM):   end;
MPRINT(EM_DIAGRAM):   *** Check total_rooms for missing values ;
MPRINT(EM_DIAGRAM):   if missing( total_rooms ) then do;
MPRINT(EM_DIAGRAM):   substr(_warn_,1,1) = 'M';
MPRINT(EM_DIAGRAM):   _DM_BAD = 1;
MPRINT(EM_DIAGRAM):   end;
MPRINT(EM_DIAGRAM):   *** Generate dummy variables for ocean_proximity ;
MPRINT(EM_DIAGRAM):   drop _0_0 _0_1 _0_2 _0_3 ;
MPRINT(EM_DIAGRAM):   *** encoding is sparse, initialize to zero;
MPRINT(EM_DIAGRAM):   _0_0 = 0;
MPRINT(EM_DIAGRAM):   _0_1 = 0;
MPRINT(EM_DIAGRAM):   _0_2 = 0;
MPRINT(EM_DIAGRAM):   _0_3 = 0;
MPRINT(EM_DIAGRAM):   if missing( ocean_proximity ) then do;
MPRINT(EM_DIAGRAM):   _0_0 = .;
MPRINT(EM_DIAGRAM):   _0_1 = .;
MPRINT(EM_DIAGRAM):   _0_2 = .;
MPRINT(EM_DIAGRAM):   _0_3 = .;
MPRINT(EM_DIAGRAM):   substr(_warn_,1,1) = 'M';
MPRINT(EM_DIAGRAM):   _DM_BAD = 1;
MPRINT(EM_DIAGRAM):   end;
MPRINT(EM_DIAGRAM):   else do;
MPRINT(EM_DIAGRAM):   length _dm8 $ 8;
MPRINT(EM_DIAGRAM):   drop _dm8 ;
MPRINT(EM_DIAGRAM):   _dm8 = put( ocean_proximity , $8. );
MPRINT(DMNORMIP):   call dmnorm(_dm8,
MPRINT(DMNORLEN):  32
MPRINT(DMNORMIP):  );
MPRINT(EM_DIAGRAM):   if _dm8 = '<1H OCEA' then do;
MPRINT(EM_DIAGRAM):   _0_0 = 1;
MPRINT(EM_DIAGRAM):   end;
MPRINT(EM_DIAGRAM):   else if _dm8 = 'INLAND' then do;
MPRINT(EM_DIAGRAM):   _0_1 = 1;
MPRINT(EM_DIAGRAM):   end;
MPRINT(EM_DIAGRAM):   else if _dm8 = 'NEAR OCE' then do;
MPRINT(EM_DIAGRAM):   _0_0 = -1;
MPRINT(EM_DIAGRAM):   _0_1 = -1;
MPRINT(EM_DIAGRAM):   _0_2 = -1;
MPRINT(EM_DIAGRAM):   _0_3 = -1;
MPRINT(EM_DIAGRAM):   end;
MPRINT(EM_DIAGRAM):   else if _dm8 = 'NEAR BAY' then do;
MPRINT(EM_DIAGRAM):   _0_3 = 1;
MPRINT(EM_DIAGRAM):   end;
MPRINT(EM_DIAGRAM):   else if _dm8 = 'ISLAND' then do;
MPRINT(EM_DIAGRAM):   _0_2 = 1;
MPRINT(EM_DIAGRAM):   end;
MPRINT(EM_DIAGRAM):   else do;
MPRINT(EM_DIAGRAM):   _0_0 = .;
MPRINT(EM_DIAGRAM):   _0_1 = .;
MPRINT(EM_DIAGRAM):   _0_2 = .;
MPRINT(EM_DIAGRAM):   _0_3 = .;
MPRINT(EM_DIAGRAM):   substr(_warn_,2,1) = 'U';
MPRINT(EM_DIAGRAM):   _DM_BAD = 1;
MPRINT(EM_DIAGRAM):   end;
MPRINT(EM_DIAGRAM):   end;
MPRINT(EM_DIAGRAM):   *** If missing inputs, use averages;
MPRINT(EM_DIAGRAM):   if _DM_BAD > 0 then do;
MPRINT(EM_DIAGRAM):   _LP0 = 207170.124330117;
MPRINT(EM_DIAGRAM):   goto REG4DR1;
MPRINT(EM_DIAGRAM):   end;
MPRINT(EM_DIAGRAM):   *** Compute Linear Predictor;
MPRINT(EM_DIAGRAM):   drop _TEMP;
MPRINT(EM_DIAGRAM):   drop _LP0;
MPRINT(EM_DIAGRAM):   _LP0 = 0;
MPRINT(EM_DIAGRAM):   *** Effect: households ;
MPRINT(EM_DIAGRAM):   _TEMP = households ;
MPRINT(EM_DIAGRAM):   _LP0 = _LP0 + ( 52.3587919926824 * _TEMP);
MPRINT(EM_DIAGRAM):   *** Effect: housing_median_age ;
MPRINT(EM_DIAGRAM):   _TEMP = housing_median_age ;
MPRINT(EM_DIAGRAM):   _LP0 = _LP0 + ( 1135.56421652764 * _TEMP);
MPRINT(EM_DIAGRAM):   *** Effect: latitude ;
MPRINT(EM_DIAGRAM):   _TEMP = latitude ;
MPRINT(EM_DIAGRAM):   _LP0 = _LP0 + ( -27406.0064571322 * _TEMP);
MPRINT(EM_DIAGRAM):   *** Effect: longitude ;
MPRINT(EM_DIAGRAM):   _TEMP = longitude ;
MPRINT(EM_DIAGRAM):   _LP0 = _LP0 + ( -28788.1310687704 * _TEMP);
MPRINT(EM_DIAGRAM):   *** Effect: median_income ;
MPRINT(EM_DIAGRAM):   _TEMP = median_income ;
MPRINT(EM_DIAGRAM):   _LP0 = _LP0 + ( 38746.8512670739 * _TEMP);
MPRINT(EM_DIAGRAM):   *** Effect: ocean_proximity ;
MPRINT(EM_DIAGRAM):   _TEMP = 1;
MPRINT(EM_DIAGRAM):   _LP0 = _LP0 + ( -17930.285451706) * _TEMP * _0_0;
MPRINT(EM_DIAGRAM):   _LP0 = _LP0 + ( -54326.4807901228) * _TEMP * _0_1;
MPRINT(EM_DIAGRAM):   _LP0 = _LP0 + ( 102841.588734163) * _TEMP * _0_2;
MPRINT(EM_DIAGRAM):   _LP0 = _LP0 + ( -18337.2894353893) * _TEMP * _0_3;
MPRINT(EM_DIAGRAM):   *** Effect: population ;
MPRINT(EM_DIAGRAM):   _TEMP = population ;
MPRINT(EM_DIAGRAM):   _LP0 = _LP0 + ( -43.959116750558 * _TEMP);
MPRINT(EM_DIAGRAM):   *** Effect: total_bedrooms ;
MPRINT(EM_DIAGRAM):   _TEMP = total_bedrooms ;
MPRINT(EM_DIAGRAM):   _LP0 = _LP0 + ( 105.287172801035 * _TEMP);
MPRINT(EM_DIAGRAM):   *** Effect: total_rooms ;
MPRINT(EM_DIAGRAM):   _TEMP = total_rooms ;
MPRINT(EM_DIAGRAM):   _LP0 = _LP0 + ( -4.8077694481132 * _TEMP);
MPRINT(EM_DIAGRAM):   *--- Intercept ---*;
MPRINT(EM_DIAGRAM):   _LP0 = _LP0 + ( -2419684.95238524);
MPRINT(EM_DIAGRAM):   REG4DR1: *** Predicted Value, Error, and Residual;
MPRINT(EM_DIAGRAM):   label P_median_house_value = 'Predicted: median_house_value' ;
MPRINT(EM_DIAGRAM):   P_median_house_value = _LP0;
MPRINT(EM_DIAGRAM):   drop _R;
MPRINT(EM_DIAGRAM):   if _Y = . then do;
MPRINT(EM_DIAGRAM):   R_median_house_value = .;
MPRINT(EM_DIAGRAM):   end;
MPRINT(EM_DIAGRAM):   else do;
MPRINT(EM_DIAGRAM):   _R = _Y - _LP0;
MPRINT(EM_DIAGRAM):   label R_median_house_value = 'Residual: median_house_value' ;
MPRINT(EM_DIAGRAM):   R_median_house_value = _R;
MPRINT(EM_DIAGRAM):   end;
MPRINT(EM_DIAGRAM):   *************************************;
MPRINT(EM_DIAGRAM):   ***** end scoring code for regression;
MPRINT(EM_DIAGRAM):   *************************************;
MPRINT(EM_DIAGRAM):   run;
34634      run;

NOTE: DATA STEP view saved on file EMWS2.REG4_TRAIN.
NOTE: A stored DATA STEP view cannot run under a different operating system.
NOTE: DATA statement used (Total process time):
      real time           0.04 seconds
      cpu time            0.01 seconds
      

MPRINT(EM_DIAGRAM):   quit;
34635      quit;
34636      filename emflow;
MPRINT(EM_DIAGRAM):   filename emflow;
NOTE: Fileref EMFLOW has been deassigned.
34637      filename emflow "\\uisnutvdiprof1a\redirected$\smupp\Documents\HU.PREDICTIVEANALYSIS\Workspaces\EMWS2\Reg4\EMFLOWSCORE.sas";
MPRINT(EM_DIAGRAM):    filename emflow "\\uisnutvdiprof1a\redirected$\smupp\Documents\HU.PREDICTIVEANALYSIS\Workspaces\EMWS2\Reg4\EMFLOWSCORE.sas";
MPRINT(EM_DIAGRAM):   *------------------------------------------------------------*;
MPRINT(EM_DIAGRAM):   * Reg4: Scoring VALIDATE data;
MPRINT(EM_DIAGRAM):   *------------------------------------------------------------*;
34638      *------------------------------------------------------------*;
34639      * Reg4: Scoring VALIDATE data;
34640      *------------------------------------------------------------*;
34641      data EMWS2.Reg4_VALIDATE
34642      / view=EMWS2.Reg4_VALIDATE
34643      ;
MPRINT(EM_DIAGRAM):   data EMWS2.Reg4_VALIDATE / view=EMWS2.Reg4_VALIDATE ;
34644      set EMWS2.Part_VALIDATE
34645      ;
MPRINT(EM_DIAGRAM):   set EMWS2.Part_VALIDATE ;
34646      %inc emflow;
MPRINT(EM_DIAGRAM):   *************************************;
MPRINT(EM_DIAGRAM):   *** begin scoring code for regression;
MPRINT(EM_DIAGRAM):   *************************************;
MPRINT(EM_DIAGRAM):   length _WARN_ $4;
MPRINT(EM_DIAGRAM):   label _WARN_ = 'Warnings' ;
MPRINT(EM_DIAGRAM):   drop _Y;
MPRINT(EM_DIAGRAM):   _Y = median_house_value ;
MPRINT(EM_DIAGRAM):   drop _DM_BAD;
MPRINT(EM_DIAGRAM):   _DM_BAD=0;
MPRINT(EM_DIAGRAM):   *** Check households for missing values ;
MPRINT(EM_DIAGRAM):   if missing( households ) then do;
MPRINT(EM_DIAGRAM):   substr(_warn_,1,1) = 'M';
MPRINT(EM_DIAGRAM):   _DM_BAD = 1;
MPRINT(EM_DIAGRAM):   end;
MPRINT(EM_DIAGRAM):   *** Check housing_median_age for missing values ;
MPRINT(EM_DIAGRAM):   if missing( housing_median_age ) then do;
MPRINT(EM_DIAGRAM):   substr(_warn_,1,1) = 'M';
MPRINT(EM_DIAGRAM):   _DM_BAD = 1;
MPRINT(EM_DIAGRAM):   end;
MPRINT(EM_DIAGRAM):   *** Check latitude for missing values ;
MPRINT(EM_DIAGRAM):   if missing( latitude ) then do;
MPRINT(EM_DIAGRAM):   substr(_warn_,1,1) = 'M';
MPRINT(EM_DIAGRAM):   _DM_BAD = 1;
MPRINT(EM_DIAGRAM):   end;
MPRINT(EM_DIAGRAM):   *** Check longitude for missing values ;
MPRINT(EM_DIAGRAM):   if missing( longitude ) then do;
MPRINT(EM_DIAGRAM):   substr(_warn_,1,1) = 'M';
MPRINT(EM_DIAGRAM):   _DM_BAD = 1;
MPRINT(EM_DIAGRAM):   end;
MPRINT(EM_DIAGRAM):   *** Check median_income for missing values ;
MPRINT(EM_DIAGRAM):   if missing( median_income ) then do;
MPRINT(EM_DIAGRAM):   substr(_warn_,1,1) = 'M';
MPRINT(EM_DIAGRAM):   _DM_BAD = 1;
MPRINT(EM_DIAGRAM):   end;
MPRINT(EM_DIAGRAM):   *** Check population for missing values ;
MPRINT(EM_DIAGRAM):   if missing( population ) then do;
MPRINT(EM_DIAGRAM):   substr(_warn_,1,1) = 'M';
MPRINT(EM_DIAGRAM):   _DM_BAD = 1;
MPRINT(EM_DIAGRAM):   end;
MPRINT(EM_DIAGRAM):   *** Check total_bedrooms for missing values ;
MPRINT(EM_DIAGRAM):   if missing( total_bedrooms ) then do;
MPRINT(EM_DIAGRAM):   substr(_warn_,1,1) = 'M';
MPRINT(EM_DIAGRAM):   _DM_BAD = 1;
MPRINT(EM_DIAGRAM):   end;
MPRINT(EM_DIAGRAM):   *** Check total_rooms for missing values ;
MPRINT(EM_DIAGRAM):   if missing( total_rooms ) then do;
MPRINT(EM_DIAGRAM):   substr(_warn_,1,1) = 'M';
MPRINT(EM_DIAGRAM):   _DM_BAD = 1;
MPRINT(EM_DIAGRAM):   end;
MPRINT(EM_DIAGRAM):   *** Generate dummy variables for ocean_proximity ;
MPRINT(EM_DIAGRAM):   drop _0_0 _0_1 _0_2 _0_3 ;
MPRINT(EM_DIAGRAM):   *** encoding is sparse, initialize to zero;
MPRINT(EM_DIAGRAM):   _0_0 = 0;
MPRINT(EM_DIAGRAM):   _0_1 = 0;
MPRINT(EM_DIAGRAM):   _0_2 = 0;
MPRINT(EM_DIAGRAM):   _0_3 = 0;
MPRINT(EM_DIAGRAM):   if missing( ocean_proximity ) then do;
MPRINT(EM_DIAGRAM):   _0_0 = .;
MPRINT(EM_DIAGRAM):   _0_1 = .;
MPRINT(EM_DIAGRAM):   _0_2 = .;
MPRINT(EM_DIAGRAM):   _0_3 = .;
MPRINT(EM_DIAGRAM):   substr(_warn_,1,1) = 'M';
MPRINT(EM_DIAGRAM):   _DM_BAD = 1;
MPRINT(EM_DIAGRAM):   end;
MPRINT(EM_DIAGRAM):   else do;
MPRINT(EM_DIAGRAM):   length _dm8 $ 8;
MPRINT(EM_DIAGRAM):   drop _dm8 ;
MPRINT(EM_DIAGRAM):   _dm8 = put( ocean_proximity , $8. );
MPRINT(DMNORMIP):   call dmnorm(_dm8,
MPRINT(DMNORLEN):  32
MPRINT(DMNORMIP):  );
MPRINT(EM_DIAGRAM):   if _dm8 = '<1H OCEA' then do;
MPRINT(EM_DIAGRAM):   _0_0 = 1;
MPRINT(EM_DIAGRAM):   end;
MPRINT(EM_DIAGRAM):   else if _dm8 = 'INLAND' then do;
MPRINT(EM_DIAGRAM):   _0_1 = 1;
MPRINT(EM_DIAGRAM):   end;
MPRINT(EM_DIAGRAM):   else if _dm8 = 'NEAR OCE' then do;
MPRINT(EM_DIAGRAM):   _0_0 = -1;
MPRINT(EM_DIAGRAM):   _0_1 = -1;
MPRINT(EM_DIAGRAM):   _0_2 = -1;
MPRINT(EM_DIAGRAM):   _0_3 = -1;
MPRINT(EM_DIAGRAM):   end;
MPRINT(EM_DIAGRAM):   else if _dm8 = 'NEAR BAY' then do;
MPRINT(EM_DIAGRAM):   _0_3 = 1;
MPRINT(EM_DIAGRAM):   end;
MPRINT(EM_DIAGRAM):   else if _dm8 = 'ISLAND' then do;
MPRINT(EM_DIAGRAM):   _0_2 = 1;
MPRINT(EM_DIAGRAM):   end;
MPRINT(EM_DIAGRAM):   else do;
MPRINT(EM_DIAGRAM):   _0_0 = .;
MPRINT(EM_DIAGRAM):   _0_1 = .;
MPRINT(EM_DIAGRAM):   _0_2 = .;
MPRINT(EM_DIAGRAM):   _0_3 = .;
MPRINT(EM_DIAGRAM):   substr(_warn_,2,1) = 'U';
MPRINT(EM_DIAGRAM):   _DM_BAD = 1;
MPRINT(EM_DIAGRAM):   end;
MPRINT(EM_DIAGRAM):   end;
MPRINT(EM_DIAGRAM):   *** If missing inputs, use averages;
MPRINT(EM_DIAGRAM):   if _DM_BAD > 0 then do;
MPRINT(EM_DIAGRAM):   _LP0 = 207170.124330117;
MPRINT(EM_DIAGRAM):   goto REG4DR1;
MPRINT(EM_DIAGRAM):   end;
MPRINT(EM_DIAGRAM):   *** Compute Linear Predictor;
MPRINT(EM_DIAGRAM):   drop _TEMP;
MPRINT(EM_DIAGRAM):   drop _LP0;
MPRINT(EM_DIAGRAM):   _LP0 = 0;
MPRINT(EM_DIAGRAM):   *** Effect: households ;
MPRINT(EM_DIAGRAM):   _TEMP = households ;
MPRINT(EM_DIAGRAM):   _LP0 = _LP0 + ( 52.3587919926824 * _TEMP);
MPRINT(EM_DIAGRAM):   *** Effect: housing_median_age ;
MPRINT(EM_DIAGRAM):   _TEMP = housing_median_age ;
MPRINT(EM_DIAGRAM):   _LP0 = _LP0 + ( 1135.56421652764 * _TEMP);
MPRINT(EM_DIAGRAM):   *** Effect: latitude ;
MPRINT(EM_DIAGRAM):   _TEMP = latitude ;
MPRINT(EM_DIAGRAM):   _LP0 = _LP0 + ( -27406.0064571322 * _TEMP);
MPRINT(EM_DIAGRAM):   *** Effect: longitude ;
MPRINT(EM_DIAGRAM):   _TEMP = longitude ;
MPRINT(EM_DIAGRAM):   _LP0 = _LP0 + ( -28788.1310687704 * _TEMP);
MPRINT(EM_DIAGRAM):   *** Effect: median_income ;
MPRINT(EM_DIAGRAM):   _TEMP = median_income ;
MPRINT(EM_DIAGRAM):   _LP0 = _LP0 + ( 38746.8512670739 * _TEMP);
MPRINT(EM_DIAGRAM):   *** Effect: ocean_proximity ;
MPRINT(EM_DIAGRAM):   _TEMP = 1;
MPRINT(EM_DIAGRAM):   _LP0 = _LP0 + ( -17930.285451706) * _TEMP * _0_0;
MPRINT(EM_DIAGRAM):   _LP0 = _LP0 + ( -54326.4807901228) * _TEMP * _0_1;
MPRINT(EM_DIAGRAM):   _LP0 = _LP0 + ( 102841.588734163) * _TEMP * _0_2;
MPRINT(EM_DIAGRAM):   _LP0 = _LP0 + ( -18337.2894353893) * _TEMP * _0_3;
MPRINT(EM_DIAGRAM):   *** Effect: population ;
MPRINT(EM_DIAGRAM):   _TEMP = population ;
MPRINT(EM_DIAGRAM):   _LP0 = _LP0 + ( -43.959116750558 * _TEMP);
MPRINT(EM_DIAGRAM):   *** Effect: total_bedrooms ;
MPRINT(EM_DIAGRAM):   _TEMP = total_bedrooms ;
MPRINT(EM_DIAGRAM):   _LP0 = _LP0 + ( 105.287172801035 * _TEMP);
MPRINT(EM_DIAGRAM):   *** Effect: total_rooms ;
MPRINT(EM_DIAGRAM):   _TEMP = total_rooms ;
MPRINT(EM_DIAGRAM):   _LP0 = _LP0 + ( -4.8077694481132 * _TEMP);
MPRINT(EM_DIAGRAM):   *--- Intercept ---*;
MPRINT(EM_DIAGRAM):   _LP0 = _LP0 + ( -2419684.95238524);
MPRINT(EM_DIAGRAM):   REG4DR1: *** Predicted Value, Error, and Residual;
MPRINT(EM_DIAGRAM):   label P_median_house_value = 'Predicted: median_house_value' ;
MPRINT(EM_DIAGRAM):   P_median_house_value = _LP0;
MPRINT(EM_DIAGRAM):   drop _R;
MPRINT(EM_DIAGRAM):   if _Y = . then do;
MPRINT(EM_DIAGRAM):   R_median_house_value = .;
MPRINT(EM_DIAGRAM):   end;
MPRINT(EM_DIAGRAM):   else do;
MPRINT(EM_DIAGRAM):   _R = _Y - _LP0;
MPRINT(EM_DIAGRAM):   label R_median_house_value = 'Residual: median_house_value' ;
MPRINT(EM_DIAGRAM):   R_median_house_value = _R;
MPRINT(EM_DIAGRAM):   end;
MPRINT(EM_DIAGRAM):   *************************************;
MPRINT(EM_DIAGRAM):   ***** end scoring code for regression;
MPRINT(EM_DIAGRAM):   *************************************;
34826      run;
MPRINT(EM_DIAGRAM):   run;

NOTE: DATA STEP view saved on file EMWS2.REG4_VALIDATE.
NOTE: A stored DATA STEP view cannot run under a different operating system.
NOTE: DATA statement used (Total process time):
      real time           0.02 seconds
      cpu time            0.00 seconds
      

MPRINT(EM_DIAGRAM):   quit;
34827      quit;
34828      filename emflow;
MPRINT(EM_DIAGRAM):   filename emflow;
NOTE: Fileref EMFLOW has been deassigned.
34829      filename emflow "\\uisnutvdiprof1a\redirected$\smupp\Documents\HU.PREDICTIVEANALYSIS\Workspaces\EMWS2\Reg4\EMFLOWSCORE.sas";
MPRINT(EM_DIAGRAM):    filename emflow "\\uisnutvdiprof1a\redirected$\smupp\Documents\HU.PREDICTIVEANALYSIS\Workspaces\EMWS2\Reg4\EMFLOWSCORE.sas";
MPRINT(EM_DIAGRAM):   *------------------------------------------------------------*;
MPRINT(EM_DIAGRAM):   * Reg4: Scoring TEST data;
MPRINT(EM_DIAGRAM):   *------------------------------------------------------------*;
34830      *------------------------------------------------------------*;
34831      * Reg4: Scoring TEST data;
34832      *------------------------------------------------------------*;
34833      data EMWS2.Reg4_TEST
34834      / view=EMWS2.Reg4_TEST
34835      ;
MPRINT(EM_DIAGRAM):   data EMWS2.Reg4_TEST / view=EMWS2.Reg4_TEST ;
34836      set EMWS2.Part_TEST
34837      ;
MPRINT(EM_DIAGRAM):   set EMWS2.Part_TEST ;
34838      %inc emflow;
MPRINT(EM_DIAGRAM):   *************************************;
MPRINT(EM_DIAGRAM):   *** begin scoring code for regression;
MPRINT(EM_DIAGRAM):   *************************************;
MPRINT(EM_DIAGRAM):   length _WARN_ $4;
MPRINT(EM_DIAGRAM):   label _WARN_ = 'Warnings' ;
MPRINT(EM_DIAGRAM):   drop _Y;
MPRINT(EM_DIAGRAM):   _Y = median_house_value ;
MPRINT(EM_DIAGRAM):   drop _DM_BAD;
MPRINT(EM_DIAGRAM):   _DM_BAD=0;
MPRINT(EM_DIAGRAM):   *** Check households for missing values ;
MPRINT(EM_DIAGRAM):   if missing( households ) then do;
MPRINT(EM_DIAGRAM):   substr(_warn_,1,1) = 'M';
MPRINT(EM_DIAGRAM):   _DM_BAD = 1;
MPRINT(EM_DIAGRAM):   end;
MPRINT(EM_DIAGRAM):   *** Check housing_median_age for missing values ;
MPRINT(EM_DIAGRAM):   if missing( housing_median_age ) then do;
MPRINT(EM_DIAGRAM):   substr(_warn_,1,1) = 'M';
MPRINT(EM_DIAGRAM):   _DM_BAD = 1;
MPRINT(EM_DIAGRAM):   end;
MPRINT(EM_DIAGRAM):   *** Check latitude for missing values ;
MPRINT(EM_DIAGRAM):   if missing( latitude ) then do;
MPRINT(EM_DIAGRAM):   substr(_warn_,1,1) = 'M';
MPRINT(EM_DIAGRAM):   _DM_BAD = 1;
MPRINT(EM_DIAGRAM):   end;
MPRINT(EM_DIAGRAM):   *** Check longitude for missing values ;
MPRINT(EM_DIAGRAM):   if missing( longitude ) then do;
MPRINT(EM_DIAGRAM):   substr(_warn_,1,1) = 'M';
MPRINT(EM_DIAGRAM):   _DM_BAD = 1;
MPRINT(EM_DIAGRAM):   end;
MPRINT(EM_DIAGRAM):   *** Check median_income for missing values ;
MPRINT(EM_DIAGRAM):   if missing( median_income ) then do;
MPRINT(EM_DIAGRAM):   substr(_warn_,1,1) = 'M';
MPRINT(EM_DIAGRAM):   _DM_BAD = 1;
MPRINT(EM_DIAGRAM):   end;
MPRINT(EM_DIAGRAM):   *** Check population for missing values ;
MPRINT(EM_DIAGRAM):   if missing( population ) then do;
MPRINT(EM_DIAGRAM):   substr(_warn_,1,1) = 'M';
MPRINT(EM_DIAGRAM):   _DM_BAD = 1;
MPRINT(EM_DIAGRAM):   end;
MPRINT(EM_DIAGRAM):   *** Check total_bedrooms for missing values ;
MPRINT(EM_DIAGRAM):   if missing( total_bedrooms ) then do;
MPRINT(EM_DIAGRAM):   substr(_warn_,1,1) = 'M';
MPRINT(EM_DIAGRAM):   _DM_BAD = 1;
MPRINT(EM_DIAGRAM):   end;
MPRINT(EM_DIAGRAM):   *** Check total_rooms for missing values ;
MPRINT(EM_DIAGRAM):   if missing( total_rooms ) then do;
MPRINT(EM_DIAGRAM):   substr(_warn_,1,1) = 'M';
MPRINT(EM_DIAGRAM):   _DM_BAD = 1;
MPRINT(EM_DIAGRAM):   end;
MPRINT(EM_DIAGRAM):   *** Generate dummy variables for ocean_proximity ;
MPRINT(EM_DIAGRAM):   drop _0_0 _0_1 _0_2 _0_3 ;
MPRINT(EM_DIAGRAM):   *** encoding is sparse, initialize to zero;
MPRINT(EM_DIAGRAM):   _0_0 = 0;
MPRINT(EM_DIAGRAM):   _0_1 = 0;
MPRINT(EM_DIAGRAM):   _0_2 = 0;
MPRINT(EM_DIAGRAM):   _0_3 = 0;
MPRINT(EM_DIAGRAM):   if missing( ocean_proximity ) then do;
MPRINT(EM_DIAGRAM):   _0_0 = .;
MPRINT(EM_DIAGRAM):   _0_1 = .;
MPRINT(EM_DIAGRAM):   _0_2 = .;
MPRINT(EM_DIAGRAM):   _0_3 = .;
MPRINT(EM_DIAGRAM):   substr(_warn_,1,1) = 'M';
MPRINT(EM_DIAGRAM):   _DM_BAD = 1;
MPRINT(EM_DIAGRAM):   end;
MPRINT(EM_DIAGRAM):   else do;
MPRINT(EM_DIAGRAM):   length _dm8 $ 8;
MPRINT(EM_DIAGRAM):   drop _dm8 ;
MPRINT(EM_DIAGRAM):   _dm8 = put( ocean_proximity , $8. );
MPRINT(DMNORMIP):   call dmnorm(_dm8,
MPRINT(DMNORLEN):  32
MPRINT(DMNORMIP):  );
MPRINT(EM_DIAGRAM):   if _dm8 = '<1H OCEA' then do;
MPRINT(EM_DIAGRAM):   _0_0 = 1;
MPRINT(EM_DIAGRAM):   end;
MPRINT(EM_DIAGRAM):   else if _dm8 = 'INLAND' then do;
MPRINT(EM_DIAGRAM):   _0_1 = 1;
MPRINT(EM_DIAGRAM):   end;
MPRINT(EM_DIAGRAM):   else if _dm8 = 'NEAR OCE' then do;
MPRINT(EM_DIAGRAM):   _0_0 = -1;
MPRINT(EM_DIAGRAM):   _0_1 = -1;
MPRINT(EM_DIAGRAM):   _0_2 = -1;
MPRINT(EM_DIAGRAM):   _0_3 = -1;
MPRINT(EM_DIAGRAM):   end;
MPRINT(EM_DIAGRAM):   else if _dm8 = 'NEAR BAY' then do;
MPRINT(EM_DIAGRAM):   _0_3 = 1;
MPRINT(EM_DIAGRAM):   end;
MPRINT(EM_DIAGRAM):   else if _dm8 = 'ISLAND' then do;
MPRINT(EM_DIAGRAM):   _0_2 = 1;
MPRINT(EM_DIAGRAM):   end;
MPRINT(EM_DIAGRAM):   else do;
MPRINT(EM_DIAGRAM):   _0_0 = .;
MPRINT(EM_DIAGRAM):   _0_1 = .;
MPRINT(EM_DIAGRAM):   _0_2 = .;
MPRINT(EM_DIAGRAM):   _0_3 = .;
MPRINT(EM_DIAGRAM):   substr(_warn_,2,1) = 'U';
MPRINT(EM_DIAGRAM):   _DM_BAD = 1;
MPRINT(EM_DIAGRAM):   end;
MPRINT(EM_DIAGRAM):   end;
MPRINT(EM_DIAGRAM):   *** If missing inputs, use averages;
MPRINT(EM_DIAGRAM):   if _DM_BAD > 0 then do;
MPRINT(EM_DIAGRAM):   _LP0 = 207170.124330117;
MPRINT(EM_DIAGRAM):   goto REG4DR1;
MPRINT(EM_DIAGRAM):   end;
MPRINT(EM_DIAGRAM):   *** Compute Linear Predictor;
MPRINT(EM_DIAGRAM):   drop _TEMP;
MPRINT(EM_DIAGRAM):   drop _LP0;
MPRINT(EM_DIAGRAM):   _LP0 = 0;
MPRINT(EM_DIAGRAM):   *** Effect: households ;
MPRINT(EM_DIAGRAM):   _TEMP = households ;
MPRINT(EM_DIAGRAM):   _LP0 = _LP0 + ( 52.3587919926824 * _TEMP);
MPRINT(EM_DIAGRAM):   *** Effect: housing_median_age ;
MPRINT(EM_DIAGRAM):   _TEMP = housing_median_age ;
MPRINT(EM_DIAGRAM):   _LP0 = _LP0 + ( 1135.56421652764 * _TEMP);
MPRINT(EM_DIAGRAM):   *** Effect: latitude ;
MPRINT(EM_DIAGRAM):   _TEMP = latitude ;
MPRINT(EM_DIAGRAM):   _LP0 = _LP0 + ( -27406.0064571322 * _TEMP);
MPRINT(EM_DIAGRAM):   *** Effect: longitude ;
MPRINT(EM_DIAGRAM):   _TEMP = longitude ;
MPRINT(EM_DIAGRAM):   _LP0 = _LP0 + ( -28788.1310687704 * _TEMP);
MPRINT(EM_DIAGRAM):   *** Effect: median_income ;
MPRINT(EM_DIAGRAM):   _TEMP = median_income ;
MPRINT(EM_DIAGRAM):   _LP0 = _LP0 + ( 38746.8512670739 * _TEMP);
MPRINT(EM_DIAGRAM):   *** Effect: ocean_proximity ;
MPRINT(EM_DIAGRAM):   _TEMP = 1;
MPRINT(EM_DIAGRAM):   _LP0 = _LP0 + ( -17930.285451706) * _TEMP * _0_0;
MPRINT(EM_DIAGRAM):   _LP0 = _LP0 + ( -54326.4807901228) * _TEMP * _0_1;
MPRINT(EM_DIAGRAM):   _LP0 = _LP0 + ( 102841.588734163) * _TEMP * _0_2;
MPRINT(EM_DIAGRAM):   _LP0 = _LP0 + ( -18337.2894353893) * _TEMP * _0_3;
MPRINT(EM_DIAGRAM):   *** Effect: population ;
MPRINT(EM_DIAGRAM):   _TEMP = population ;
MPRINT(EM_DIAGRAM):   _LP0 = _LP0 + ( -43.959116750558 * _TEMP);
MPRINT(EM_DIAGRAM):   *** Effect: total_bedrooms ;
MPRINT(EM_DIAGRAM):   _TEMP = total_bedrooms ;
MPRINT(EM_DIAGRAM):   _LP0 = _LP0 + ( 105.287172801035 * _TEMP);
MPRINT(EM_DIAGRAM):   *** Effect: total_rooms ;
MPRINT(EM_DIAGRAM):   _TEMP = total_rooms ;
MPRINT(EM_DIAGRAM):   _LP0 = _LP0 + ( -4.8077694481132 * _TEMP);
MPRINT(EM_DIAGRAM):   *--- Intercept ---*;
MPRINT(EM_DIAGRAM):   _LP0 = _LP0 + ( -2419684.95238524);
MPRINT(EM_DIAGRAM):   REG4DR1: *** Predicted Value, Error, and Residual;
MPRINT(EM_DIAGRAM):   label P_median_house_value = 'Predicted: median_house_value' ;
MPRINT(EM_DIAGRAM):   P_median_house_value = _LP0;
MPRINT(EM_DIAGRAM):   drop _R;
MPRINT(EM_DIAGRAM):   if _Y = . then do;
MPRINT(EM_DIAGRAM):   R_median_house_value = .;
MPRINT(EM_DIAGRAM):   end;
MPRINT(EM_DIAGRAM):   else do;
MPRINT(EM_DIAGRAM):   _R = _Y - _LP0;
MPRINT(EM_DIAGRAM):   label R_median_house_value = 'Residual: median_house_value' ;
MPRINT(EM_DIAGRAM):   R_median_house_value = _R;
MPRINT(EM_DIAGRAM):   end;
MPRINT(EM_DIAGRAM):   *************************************;
MPRINT(EM_DIAGRAM):   ***** end scoring code for regression;
MPRINT(EM_DIAGRAM):   *************************************;
35018      run;
MPRINT(EM_DIAGRAM):   run;

NOTE: DATA STEP view saved on file EMWS2.REG4_TEST.
NOTE: A stored DATA STEP view cannot run under a different operating system.
NOTE: DATA statement used (Total process time):
      real time           0.03 seconds
      cpu time            0.01 seconds
      

MPRINT(EM_DIAGRAM):   quit;
35019      quit;
35020      filename emflow;
MPRINT(EM_DIAGRAM):   filename emflow;
NOTE: Fileref EMFLOW has been deassigned.
35021      *------------------------------------------------------------*;
MPRINT(EM_DIAGRAM):    *------------------------------------------------------------*;
35022      * Reg4: Computing metadata for TRAIN data;
MPRINT(EM_DIAGRAM):   * Reg4: Computing metadata for TRAIN data;
35023      *------------------------------------------------------------*;
MPRINT(EM_DIAGRAM):   *------------------------------------------------------------*;

NOTE: View EMWS2.REG4_TRAIN.VIEW used (Total process time):
      real time           0.02 seconds
      cpu time            0.04 seconds
      
MPRINT(EM_DIAGRAM):    *------------------------------------------------------------*;
MPRINT(EM_DIAGRAM):   * &nodeid: Computing Metadata for TRAIN data;
MPRINT(EM_DIAGRAM):   *------------------------------------------------------------*;
MPRINT(EM_DIAGRAM):   filename _delta "\\uisnutvdiprof1a\redirected$\smupp\Documents\HU.PREDICTIVEANALYSIS\Workspaces\EMWS2\Reg4\CDELTA_TRAIN.sas";
MPRINT(EMADVISECOLUMNS):   proc display c=sashelp.emmeta.advisecolumns.scl;
MPRINT(EMADVISECOLUMNS):   run;
MPRINT(EMADVISECOLUMNS):    options validvarname=any;
MPRINT(EMADVISECOLUMNS):   proc contents data=EMWS2.Reg4_TRAIN out=_tempAdvisor noprint;
MPRINT(EMADVISECOLUMNS):   run;
MPRINT(EMADVISECOLUMNS):   options validvarname=V7;
MPRINT(EMADVISECOLUMNS):    data _null_;
MPRINT(EMADVISECOLUMNS):   dsid = open('EMWS2.Reg4_TRAIN');
MPRINT(EMADVISECOLUMNS):   call symput('_dsidTable', strip(put(dsid, best.)));
MPRINT(EMADVISECOLUMNS):   if dsid then do;
MPRINT(EMADVISECOLUMNS):   call symput('_engineTable', attrc(dsid, 'ENGINE'));
MPRINT(EMADVISECOLUMNS):   dsid = close(dsid);
MPRINT(EMADVISECOLUMNS):   end;
MPRINT(EMADVISECOLUMNS):   run;
MPRINT(EMADVISECOLUMNS):    proc contents data=EMWS2.Reg4_TRAIN out=WORK.M04RSHZE noprint;
MPRINT(EMADVISECOLUMNS):   run;
MPRINT(EMADVISECOLUMNS):    data WORK.M04RSHZE;
MPRINT(EMADVISECOLUMNS):   length NAME $ 64 TYPE $ 1 LABEL $ 200 FORMAT $ 36 INFORMAT $36 INDEX $ 1 INDEXTYPE $ 9;
MPRINT(EMADVISECOLUMNS):   label NAME =;
MPRINT(EMADVISECOLUMNS):   set WORK.M04RSHZE(keep=name type length label format formatl formatd informat informl informd idxusage rename=(type=itype));
MPRINT(EMADVISECOLUMNS):   if itype = 1 then type = 'N';
MPRINT(EMADVISECOLUMNS):   else type = 'C';
MPRINT(EMADVISECOLUMNS):   if formatl > 0 then do;
MPRINT(EMADVISECOLUMNS):   if format ne '' then do;
MPRINT(EMADVISECOLUMNS):   if type='N' then format = strip(format)!!strip(put(formatl, best12.))!!'.'!!strip(put(formatd, best12.));
MPRINT(EMADVISECOLUMNS):   else format = strip(format)!!strip(put(formatl, best12.))!!'.';
MPRINT(EMADVISECOLUMNS):   end;
MPRINT(EMADVISECOLUMNS):   else format = strip(put(formatl, best12.))!!'.'!!strip(put(formatd, best12.));
MPRINT(EMADVISECOLUMNS):   end;
MPRINT(EMADVISECOLUMNS):   else if format ne '' then format = strip(format)!!'.';
MPRINT(EMADVISECOLUMNS):   if informl > 0 then do;
MPRINT(EMADVISECOLUMNS):   if informat ne ' ' then do;
MPRINT(EMADVISECOLUMNS):   if type='N' then informat = strip(informat)!!strip(put(informl, best12.))!!'.'!!strip(put(informd, best12.));
MPRINT(EMADVISECOLUMNS):   else informat = strip(informat)!!strip(put(informl, best12.))!!'.';
MPRINT(EMADVISECOLUMNS):   end;
MPRINT(EMADVISECOLUMNS):   else informat = strip(put(informl, best12.))!!'.'!!strip(put(informd, best12.));
MPRINT(EMADVISECOLUMNS):   end;
MPRINT(EMADVISECOLUMNS):   else if informat ne '' then informat = strip(informat)!!'.';
MPRINT(EMADVISECOLUMNS):   if idxusage = 'NONE' then index ="N";
MPRINT(EMADVISECOLUMNS):   else index = "Y";
MPRINT(EMADVISECOLUMNS):   indextype = idxusage;
MPRINT(EMADVISECOLUMNS):   drop idxusage itype formatl formatd informl informd;
MPRINT(EMADVISECOLUMNS):   run;
MPRINT(EMADVISECOLUMNS):    data WORK.M04RSHZE;
MPRINT(EMADVISECOLUMNS):   length UNAME $64;
MPRINT(EMADVISECOLUMNS):   set WORK.M04RSHZE;
MPRINT(EMADVISECOLUMNS):   UNAME = upcase(NAME);
MPRINT(EMADVISECOLUMNS):   run;
MPRINT(EMADVISECOLUMNS):    proc sort data=WORK.M3WTMXKF NOTHREADS;
MPRINT(EMADVISECOLUMNS):   by UNAME;
MPRINT(EMADVISECOLUMNS):   run;
MPRINT(EMADVISECOLUMNS):    data WORK.M3WTMXKF;
MPRINT(EMADVISECOLUMNS):   drop UNAME;
MPRINT(EMADVISECOLUMNS):   set WORK.M3WTMXKF;
MPRINT(EMADVISECOLUMNS):   run;
MPRINT(EMADVISECOLUMNS):    data WORK.M2IE_BJR(keep=NAME ATTR);
MPRINT(EMADVISECOLUMNS):   length ATTR $ 20;
MPRINT(EMADVISECOLUMNS):   set WORK.M3WTMXKF;
MPRINT(EMADVISECOLUMNS):   if level ne "INTERVAL" then do;
MPRINT(EMADVISECOLUMNS):   if order = ' ' then do;
MPRINT(EMADVISECOLUMNS):   attr = 'ORDER';
MPRINT(EMADVISECOLUMNS):   output;
MPRINT(EMADVISECOLUMNS):   end;
MPRINT(EMADVISECOLUMNS):   end;
MPRINT(EMADVISECOLUMNS):   if format ne ' ' and formattype = ' ' then do;
MPRINT(EMADVISECOLUMNS):   attr = 'FORMATTYPE';
MPRINT(EMADVISECOLUMNS):   output;
MPRINT(EMADVISECOLUMNS):   end;
MPRINT(EMADVISECOLUMNS):   if role = ' ' then do;
MPRINT(EMADVISECOLUMNS):   attr = 'ROLE';
MPRINT(EMADVISECOLUMNS):   output;
MPRINT(EMADVISECOLUMNS):   end;
MPRINT(EMADVISECOLUMNS):   if level = ' ' then do;
MPRINT(EMADVISECOLUMNS):   attr = 'LEVEL';
MPRINT(EMADVISECOLUMNS):   output;
MPRINT(EMADVISECOLUMNS):   end;
MPRINT(EMADVISECOLUMNS):   if type = ' ' then do;
MPRINT(EMADVISECOLUMNS):   attr = 'TYPE';
MPRINT(EMADVISECOLUMNS):   output;
MPRINT(EMADVISECOLUMNS):   end;
MPRINT(EMADVISECOLUMNS):   if index = ' ' then do;
MPRINT(EMADVISECOLUMNS):   attr = 'INDEX';
MPRINT(EMADVISECOLUMNS):   output;
MPRINT(EMADVISECOLUMNS):   end;
MPRINT(EMADVISECOLUMNS):   if report = ' ' then do;
MPRINT(EMADVISECOLUMNS):   attr = 'REPORT';
MPRINT(EMADVISECOLUMNS):   output;
MPRINT(EMADVISECOLUMNS):   end;
MPRINT(EMADVISECOLUMNS):   run;
MPRINT(EMADVISECOLUMNS):   proc sort NOTHREADS;
MPRINT(EMADVISECOLUMNS):   by attr;
MPRINT(EMADVISECOLUMNS):   run;
MPRINT(EMADVISECOLUMNS):    data WORK.M3WTMXKF;
MPRINT(EMADVISECOLUMNS):   length NAME $64 ROLE $ 32 LEVEL $ 10 ORDER $ 8 CREATOR $32 FORMATTYPE $ 10 FAMILY $ 10 LOWERLIMIT 8 UPPERLIMIT 8 REPORT $1 DISTRIBUTION $ 20 COMMENT $64;
MPRINT(EMADVISECOLUMNS):   length levelAssigned 8 roleAssigned 8 PRICE 8;
MPRINT(EMADVISECOLUMNS):   set WORK.M3WTMXKF;
MPRINT(EMADVISECOLUMNS):   if formattype = ' ' then do;
MPRINT(EMADVISECOLUMNS):   if format ne ' ' then do;
MPRINT(EMADVISECOLUMNS):   if type = 'N' then do;
MPRINT(EMADVISECOLUMNS):   pos = indexc(format,'.1234567890');
MPRINT(EMADVISECOLUMNS):   if pos > 1 then tempfmt = substr(format,1, pos-1);
MPRINT(EMADVISECOLUMNS):   else tempfmt = ' ';
MPRINT(EMADVISECOLUMNS):   flen = length(tempfmt);
MPRINT(EMADVISECOLUMNS):   select;
MPRINT(EMADVISECOLUMNS):   when(tempfmt in ("DATE" "DAY" "DDMMYY" "DOWNAME" "JULDAY" "JULIAN" "MMDDYY" "MMDDYYD" "MMDDYYC" "MMDDYYN" "MMDDYYP" "MMDDYYS" "MONNAME" "MONTH" "MONYY" "NENGO" "QTR" "QTRR" "WEEKDATE" "WEEKDATX" "WEEKDAY" "WORDDATE" "WORDDATX" 
"YEAR" "YYMMDD" "YYMON" "YYMMDDC" "YYMMDDD" "YYMMDDN" "YYMMDDP" "YYMMDDS" "EURDFDE" "NJDATE" "NLDATE" "EURDFDD" "EURDFDWN" "EURDFMN" "EURDFMY" "EURDFWK" "EURDFWKX" "EURDFWDX" "EURDFDN" "EURDFDE" )) formattype = 'DATE';
MPRINT(EMADVISECOLUMNS):   when(tempfmt in ("DATETIME" "EURDFDT" "TOD" )) formattype = "DATETIME";
MPRINT(EMADVISECOLUMNS):   when(tempfmt in ("HHMM" "HOUR" "MMSS" "TIME" "TIMEAMPM" )) formattype = "TIME";
MPRINT(EMADVISECOLUMNS):   when(tempfmt in ("COMMA" "COMMAX" "DOLLAR" "DOLLARX" "E" "FRACT" "NEGPAREN" "PERCENT")) formattype="QUANTITY";
MPRINT(EMADVISECOLUMNS):   when(tempfmt in ("BINARY" "HEX" "IB" "OCTAL" "PD" "PIB" "PK" "RB" "SSN" "Z" "ZD")) formattype = "CODING";
MPRINT(EMADVISECOLUMNS):   otherwise do;
MPRINT(EMADVISECOLUMNS):   formattype = "USER";
MPRINT(EMADVISECOLUMNS):   if compress(tempfmt, '0123456789.', '') = '' then formattype='NUM';
MPRINT(EMADVISECOLUMNS):   else if substr(tempfmt, 1, 6)='NLDATE' then formattype = "DATE";
MPRINT(EMADVISECOLUMNS):   else if substr(tempfmt, 1, 6)='NLDATM' then formattype = "DATETIME";
MPRINT(EMADVISECOLUMNS):   else if substr(tempfmt, 1, 4)='NLTIM' then formattype = "TIME";
MPRINT(EMADVISECOLUMNS):   else if flen >= 4 then do;
MPRINT(EMADVISECOLUMNS):   str = substr(tempfmt,1,4);
MPRINT(EMADVISECOLUMNS):   if str in ("MMYY" "YYMM" "YYQR") then formattype ="DATE";
MPRINT(EMADVISECOLUMNS):   else if str = "S370" then formattype = "CODING";
MPRINT(EMADVISECOLUMNS):   else if str = "BEST" then formattype = "NUM";
MPRINT(EMADVISECOLUMNS):   drop str;
MPRINT(EMADVISECOLUMNS):   end;
MPRINT(EMADVISECOLUMNS):   else if flen >=3 and substr(tempfmt,1,3) = "YYQ" then formatType = "DATE";
MPRINT(EMADVISECOLUMNS):   end;
MPRINT(EMADVISECOLUMNS):   end;
MPRINT(EMADVISECOLUMNS):   drop flen tempfmt pos;
MPRINT(EMADVISECOLUMNS):   end;
MPRINT(EMADVISECOLUMNS):   else do;
MPRINT(EMADVISECOLUMNS):   formatType = "CATEGORY";
MPRINT(EMADVISECOLUMNS):   end;
MPRINT(EMADVISECOLUMNS):   end;
MPRINT(EMADVISECOLUMNS):   if formatType = "NUM" then do;
MPRINT(EMADVISECOLUMNS):   if index = "Y" then formatType = "DISCRETE";
MPRINT(EMADVISECOLUMNS):   else formatType = "QUANTITY";
MPRINT(EMADVISECOLUMNS):   end;
MPRINT(EMADVISECOLUMNS):   end;
MPRINT(EMADVISECOLUMNS):   if level = ' ' then do;
MPRINT(EMADVISECOLUMNS):   if formatType in ("CATEGORY", "CODING", "ID") or type = "C" then level = "NOMINAL";
MPRINT(EMADVISECOLUMNS):   else level = "INTERVAL";
MPRINT(EMADVISECOLUMNS):   levelAssigned = 1;
MPRINT(EMADVISECOLUMNS):   end;
MPRINT(EMADVISECOLUMNS):   else level = upcase(level);
MPRINT(EMADVISECOLUMNS):   if role = ' ' then do;
MPRINT(EMADVISECOLUMNS):   length name_prefix $8 _uname $64;
MPRINT(EMADVISECOLUMNS):   drop name_prefix _uname _freqflag;
MPRINT(EMADVISECOLUMNS):   retain _freqflag;
MPRINT(EMADVISECOLUMNS):   if LENGTH> 80 then ROLE = 'TEXT';
MPRINT(EMADVISECOLUMNS):   _uname = upcase(NAME);
MPRINT(EMADVISECOLUMNS):   select(_uname);
MPRINT(EMADVISECOLUMNS):   when('_PARTIND_') do;
MPRINT(EMADVISECOLUMNS):   ROLE = 'ID';
MPRINT(EMADVISECOLUMNS):   LEVEL = 'NOMINAL';
MPRINT(EMADVISECOLUMNS):   end;
MPRINT(EMADVISECOLUMNS):   when('_WARN_') ROLE = 'ASSESS';
MPRINT(EMADVISECOLUMNS):   when('EM_SEGMENT') do;
MPRINT(EMADVISECOLUMNS):   ROLE = 'SEGMENT';
MPRINT(EMADVISECOLUMNS):   LEVEL = 'NOMINAL';
MPRINT(EMADVISECOLUMNS):   end;
MPRINT(EMADVISECOLUMNS):   when('_NODE_') do;
MPRINT(EMADVISECOLUMNS):   ROLE = 'SEGMENT';
MPRINT(EMADVISECOLUMNS):   LEVEL = 'NOMINAL';
MPRINT(EMADVISECOLUMNS):   end;
MPRINT(EMADVISECOLUMNS):   when('EM_CLASSTARGET') ROLE = 'ASSESS';
MPRINT(EMADVISECOLUMNS):   when('EM_VALUETARGET') ROLE = 'ASSESS';
MPRINT(EMADVISECOLUMNS):   when('EM_PREDICTION') ROLE = 'PREDICT';
MPRINT(EMADVISECOLUMNS):   when('EM_PROBABILITY') ROLE = 'PREDICT';
MPRINT(EMADVISECOLUMNS):   when('EM_EVENTPROBABILITY') ROLE = 'PREDICT';
MPRINT(EMADVISECOLUMNS):   when('EM_CLASSIFICATION') ROLE = 'CLASSIFICATION';
MPRINT(EMADVISECOLUMNS):   when('EM_DECISION') ROLE = 'DECISION';
MPRINT(EMADVISECOLUMNS):   when('EM_PROFIT') ROLE = 'ASSESS';
MPRINT(EMADVISECOLUMNS):   when('EM_LOSS') ROLE = 'ASSESS';
MPRINT(EMADVISECOLUMNS):   when('EM_ROI') ROLE = 'ASSESS';
MPRINT(EMADVISECOLUMNS):   when('URI') ROLE = 'URL';
MPRINT(EMADVISECOLUMNS):   when('FILTERED') ROLE = 'TEXTLOC';
MPRINT(EMADVISECOLUMNS):   otherwise do;
MPRINT(EMADVISECOLUMNS):   if upcase(NAME) =: 'ZIP' then do;
MPRINT(EMADVISECOLUMNS):   ROLE = 'REJECTED';
MPRINT(EMADVISECOLUMNS):   LEVEL = 'NOMINAL';
MPRINT(EMADVISECOLUMNS):   COMMENT = 'Rejected by: Exceed the maximum class level of %s';
MPRINT(EMADVISECOLUMNS):   end;
MPRINT(EMADVISECOLUMNS):   else if upcase(NAME) in('FREQ', 'FREQUENCY') then do;
MPRINT(EMADVISECOLUMNS):   ROLE = 'FREQ';
MPRINT(EMADVISECOLUMNS):   if TYPE = 'C' then ROLE = 'INPUT';
MPRINT(EMADVISECOLUMNS):   else if _freqflag =1 then ROLE='REJECTED';
MPRINT(EMADVISECOLUMNS):   end;
MPRINT(EMADVISECOLUMNS):   else do;
MPRINT(EMADVISECOLUMNS):   name_prefix = scan(_uname, 1, '_');
MPRINT(EMADVISECOLUMNS):   if scan(_uname, 2, '_') = '' then name_prefix='';
MPRINT(EMADVISECOLUMNS):   if name_prefix in('F', 'I', 'U') then do;
MPRINT(EMADVISECOLUMNS):   ROLE = 'CLASSIFICATION';
MPRINT(EMADVISECOLUMNS):   LEVEL = 'NOMINAL';
MPRINT(EMADVISECOLUMNS):   end;
MPRINT(EMADVISECOLUMNS):   else if name_prefix in('Q') then ROLE = 'ASSESS';
MPRINT(EMADVISECOLUMNS):   else if name_prefix in('P', 'V') then ROLE = 'PREDICT';
MPRINT(EMADVISECOLUMNS):   else if name_prefix in('R', 'RS', 'RT', 'RD', 'RDS', 'RDT', 'RA', 'RAS', 'RAT') then ROLE = 'RESIDUAL';
MPRINT(EMADVISECOLUMNS):   else if name_prefix ='D' then do;
MPRINT(EMADVISECOLUMNS):   ROLE = 'DECISION';
MPRINT(EMADVISECOLUMNS):   LEVEL = 'NOMINAL';
MPRINT(EMADVISECOLUMNS):   end;
MPRINT(EMADVISECOLUMNS):   else if name_prefix ='B' then do;
MPRINT(EMADVISECOLUMNS):   ROLE = 'SEGMENT';
MPRINT(EMADVISECOLUMNS):   LEVEL = 'NOMINAL';
MPRINT(EMADVISECOLUMNS):   end;
MPRINT(EMADVISECOLUMNS):   else if name_prefix in('EP', 'BP', 'CP', 'EL', 'CL', 'BL', 'ROI', 'IC') then ROLE = 'ASSESS';
MPRINT(EMADVISECOLUMNS):   else do;
MPRINT(EMADVISECOLUMNS):   array _ROLE_ (19) $32 _TEMPORARY_ ('ASSESS','CLASSIFICATION','CENSOR', 'COST', 'CROSSID', 'DECISION', 'ID','INPUT', 'LABEL', 'MISSING','PREDICT','REFERRER','REJECTED', 'RESIDUAL','SEGMENT', 'SEQUENCE','TARGET', 'TEXT', 'TIMEID');
MPRINT(EMADVISECOLUMNS):   drop _found_ i;
MPRINT(EMADVISECOLUMNS):   _found_=0;
MPRINT(EMADVISECOLUMNS):   do i=1 to 19 until(_found_=1);
MPRINT(EMADVISECOLUMNS):   if index(_uname, trim(_ROLE_{i}))=1 then do;
MPRINT(EMADVISECOLUMNS):   ROLE=_ROLE_{i};
MPRINT(EMADVISECOLUMNS):   if ROLE = 'ID' then LEVEL = 'NOMINAL';
MPRINT(EMADVISECOLUMNS):   else if ROLE = 'SEGMENT' then LEVEL = 'NOMINAL';
MPRINT(EMADVISECOLUMNS):   else if ROLE = 'TIMEID' and TYPE='N' then LEVEL = 'INTERVAL';
MPRINT(EMADVISECOLUMNS):   _found_=1;
MPRINT(EMADVISECOLUMNS):   end;
MPRINT(EMADVISECOLUMNS):   end;
MPRINT(EMADVISECOLUMNS):   if length(_uname)>2 then do;
MPRINT(EMADVISECOLUMNS):   if substr(reverse(trim(_uname)), 1, 3) = 'DI_' then do;
MPRINT(EMADVISECOLUMNS):   ROLE = 'ID';
MPRINT(EMADVISECOLUMNS):   LEVEL = 'NOMINAL';
MPRINT(EMADVISECOLUMNS):   end;
MPRINT(EMADVISECOLUMNS):   end;
MPRINT(EMADVISECOLUMNS):   end;
MPRINT(EMADVISECOLUMNS):   end;
MPRINT(EMADVISECOLUMNS):   end;
MPRINT(EMADVISECOLUMNS):   end;
MPRINT(EMADVISECOLUMNS):   if ROLE='FREQ' then _freqflag=1;
MPRINT(EMADVISECOLUMNS):   else if ROLE = 'CLASSIFICATION' then LEVEL = 'NOMINAL';
MPRINT(EMADVISECOLUMNS):   if symexist('RATEMKG_ROLE') then do;
MPRINT(EMADVISECOLUMNS):   if upcase(symget('RATEMKG_ROLE')) in('Y', 'YES') then do;
MPRINT(EMADVISECOLUMNS):   if _uname =: 'POLICY' then ROLE = 'POLICYID';
MPRINT(EMADVISECOLUMNS):   else if _uname in ('PARTITION', '_PARTIND_') then ROLE = 'PARTITION';
MPRINT(EMADVISECOLUMNS):   else if type = 'N' then do;
MPRINT(EMADVISECOLUMNS):   if _uname = 'EXPOSURE' then ROLE = 'EXPOSURE';
MPRINT(EMADVISECOLUMNS):   else if _uname = 'YEAR' then ROLE = 'YEAR';
MPRINT(EMADVISECOLUMNS):   else if _uname = 'WEIGHT' then ROLE = 'WEIGHT';
MPRINT(EMADVISECOLUMNS):   else if _uname = 'OFFSET' then ROLE = 'OFFSET';
MPRINT(EMADVISECOLUMNS):   end;
MPRINT(EMADVISECOLUMNS):   end;
MPRINT(EMADVISECOLUMNS):   end;
MPRINT(EMADVISECOLUMNS):   end;
MPRINT(EMADVISECOLUMNS):   if role = ' ' then do;
MPRINT(EMADVISECOLUMNS):   if formattype in('DATE', 'DATETIME', 'TIME') then role = 'TIMEID';
MPRINT(EMADVISECOLUMNS):   else role = 'INPUT';
MPRINT(EMADVISECOLUMNS):   roleAssigned = 1;
MPRINT(EMADVISECOLUMNS):   end;
MPRINT(EMADVISECOLUMNS):   else role = upcase(role);
MPRINT(EMADVISECOLUMNS):   if REPORT = '' then REPORT = 'N';
MPRINT(EMADVISECOLUMNS):   if symexist('dmwb_product') then do;
MPRINT(EMADVISECOLUMNS):   if upcase(symget('dmwb_product')) = 'FACTORYMINER_DATASOURCE' then do;
MPRINT(EMADVISECOLUMNS):   if ROLE ^in('INPUT', 'TARGET', 'REJECTED', 'SEGMENT', 'FREQ', 'ID', 'KEY') then ROLE='REJECTED';
MPRINT(EMADVISECOLUMNS):   end;
MPRINT(EMADVISECOLUMNS):   end;
MPRINT(EMADVISECOLUMNS):   run;
MPRINT(EMADVISECOLUMNS):    data WORK.M3WTMXKF;
MPRINT(EMADVISECOLUMNS):   set WORK.M3WTMXKF;
MPRINT(EMADVISECOLUMNS):   label NAME = "Variable Name" TYPE = "Type" ROLE = "Role" LEVEL= "Measurement Level" ORDER= "Order" CREATOR= "Creator" FORMATTYPE= "Format Type" FAMILY= "Family" DISTRIBUTION= "Distribution" PRICE= "Price" LOWERLIMIT= "Lower 
limit" UPPERLIMIT= "Upper Limit" REPORT= "Report" COMMENT= "Comment" INDEX= "Index" INDEXTYPE= "IndexType" LABEL= "Label" LENGTH= "Length";
MPRINT(EMADVISECOLUMNS):   drop levelAssigned roleAssigned;
MPRINT(EMADVISECOLUMNS):   run;
MPRINT(EMADVISECOLUMNS):   
MPRINT(EM_DIAGRAM):  ;
MPRINT(EM_DIAGRAM):   proc sort data=WORK.COLUMNMETA;
MPRINT(EM_DIAGRAM):   by NAME;
MPRINT(EM_DIAGRAM):   run;
MPRINT(EM_DIAGRAM):   *------------------------------------------------------------*;
MPRINT(EM_DIAGRAM):   * &nodeid: Merge incoming metadata;
MPRINT(EM_DIAGRAM):   *------------------------------------------------------------*;
MPRINT(EM_DIAGRAM):   proc contents data=EMWS2.Part_TRAIN noprint out=_temp2(keep=NAME);
MPRINT(EM_DIAGRAM):   run;
MPRINT(EM_DIAGRAM):   proc sort data=_temp2;
MPRINT(EM_DIAGRAM):   by NAME;
MPRINT(EM_DIAGRAM):   run;
MPRINT(EM_DIAGRAM):   proc sort data=EMWS2.Part_CMeta_TRAIN out=_temp;
MPRINT(EM_DIAGRAM):   by NAME;
MPRINT(EM_DIAGRAM):   run;
MPRINT(EM_DIAGRAM):   data EMWS2.Reg4_CMeta_TRAIN;
MPRINT(EM_DIAGRAM):   merge WORK.COLUMNMETA(in=_a) _temp2(in=_b) _temp(drop=FORMAT INFORMAT LENGTH INDEX INDEXTYPE in=_c) end=_eof_;
MPRINT(EM_DIAGRAM):   by NAME;
MPRINT(EM_DIAGRAM):   if (^_a and _b) or (^_c and _a and _b) then delete;
MPRINT(EM_DIAGRAM):   if ^_b then CREATOR = "Reg4";
MPRINT(EM_DIAGRAM):   length model $200;
MPRINT(EM_DIAGRAM):   label MODEL = "Model Node";
MPRINT(EM_DIAGRAM):   select(upcase(name));
MPRINT(EM_DIAGRAM):   when("P_MEDIAN_HOUSE_VALUE") creator = "Reg4";
MPRINT(EM_DIAGRAM):   when("R_MEDIAN_HOUSE_VALUE") creator = "Reg4";
MPRINT(EM_DIAGRAM):   when("_WARN_") creator = "Reg4";
MPRINT(EM_DIAGRAM):   when("MEDIAN_HOUSE_VALUE") model = "Reg4";
MPRINT(EM_DIAGRAM):   when('');
MPRINT(EM_DIAGRAM):   otherwise;
MPRINT(EM_DIAGRAM):   end;
MPRINT(EM_DIAGRAM):   *------------------------------------------------------------*;
MPRINT(EM_DIAGRAM):   * Reg4: Apply Delta Code;
MPRINT(EM_DIAGRAM):   *------------------------------------------------------------*;
MPRINT(EM_DIAGRAM):   if ROLE in('INPUT', 'REJECTED') then do;
MPRINT(EM_DIAGRAM):   if upcase(NAME) in( 'HOUSEHOLDS' 'HOUSING_MEDIAN_AGE' 'LATITUDE' 'LONGITUDE' 'MEDIAN_INCOME' 'OCEAN_PROXIMITY' 'POPULATION' 'TOTAL_BEDROOMS' 'TOTAL_ROOMS' ) then ROLE='INPUT';
MPRINT(EM_DIAGRAM):   else do;
MPRINT(EM_DIAGRAM):   ROLE='REJECTED';
MPRINT(EM_DIAGRAM):   COMMENT = "Reg4: Rejected using stepwise selection";
MPRINT(EM_DIAGRAM):   end;
MPRINT(EM_DIAGRAM):   end;
MPRINT(EM_DIAGRAM):   run;
MPRINT(EM_DIAGRAM):   filename _delta;
35388      data WORK.MODELTEMP_INFO;
MPRINT(EM_DIAGRAM):    data WORK.MODELTEMP_INFO;
35389      set EMWS2.Reg4_EMINFO;
MPRINT(EM_DIAGRAM):   set EMWS2.Reg4_EMINFO;
35390      where DATA='Reg4' and KEY ^in('DECDATA', 'DECMETA', 'IMPORTANCE', 'MODEL');
MPRINT(EM_DIAGRAM):   where DATA='Reg4' and KEY ^in('DECDATA', 'DECMETA', 'IMPORTANCE', 'MODEL');
35391      run;
MPRINT(EM_DIAGRAM):   run;

NOTE: There were 0 observations read from the data set EMWS2.REG4_EMINFO.
      WHERE (DATA='Reg4') and KEY not in ('DECDATA', 'DECMETA', 'IMPORTANCE', 'MODEL');
NOTE: The data set WORK.MODELTEMP_INFO has 0 observations and 3 variables.
NOTE: DATA statement used (Total process time):
      real time           0.00 seconds
      cpu time            0.00 seconds
      

35392      data EMWS2.Reg4_EMINFO;
MPRINT(EM_DIAGRAM):    data EMWS2.Reg4_EMINFO;
35393      length TARGET KEY $32 DATA $43;
MPRINT(EM_DIAGRAM):   length TARGET KEY $32 DATA $43;
35394      input TARGET KEY DATA $;
MPRINT(EM_DIAGRAM):   input TARGET KEY DATA $;
35395      cards;
MPRINT(EM_DIAGRAM):   cards;

NOTE: The data set EMWS2.REG4_EMINFO has 3 observations and 3 variables.
NOTE: DATA statement used (Total process time):
      real time           0.01 seconds
      cpu time            0.01 seconds
      

MPRINT(EM_DIAGRAM):   run;
35399      run;
35400      data EMWS2.Reg4_EMINFO;
MPRINT(EM_DIAGRAM):   data EMWS2.Reg4_EMINFO;
35401      set EMWS2.Reg4_EMINFO WORK.MODELTEMP_INFO;
MPRINT(EM_DIAGRAM):   set EMWS2.Reg4_EMINFO WORK.MODELTEMP_INFO;
35402      run;
MPRINT(EM_DIAGRAM):   run;

NOTE: There were 3 observations read from the data set EMWS2.REG4_EMINFO.
NOTE: There were 0 observations read from the data set WORK.MODELTEMP_INFO.
NOTE: The data set EMWS2.REG4_EMINFO has 3 observations and 3 variables.
NOTE: DATA statement used (Total process time):
      real time           0.02 seconds
      cpu time            0.00 seconds
      

35403      proc sort data = EMWS2.Reg4_EMINFO NOTHREADS;
MPRINT(EM_DIAGRAM):    proc sort data = EMWS2.Reg4_EMINFO NOTHREADS;
35404      by TARGET KEY;
MPRINT(EM_DIAGRAM):   by TARGET KEY;
35405      run;
MPRINT(EM_DIAGRAM):   run;

NOTE: There were 3 observations read from the data set EMWS2.REG4_EMINFO.
NOTE: The data set EMWS2.REG4_EMINFO has 3 observations and 3 variables.
NOTE: PROCEDURE SORT used (Total process time):
      real time           0.03 seconds
      cpu time            0.00 seconds
      

35406      proc sort data = EMWS2.Ids2_EMINFO OUT=WORK.SORTEDEMINFO NOTHREADS;
MPRINT(EM_DIAGRAM):    proc sort data = EMWS2.Ids2_EMINFO OUT=WORK.SORTEDEMINFO NOTHREADS;
35407      by TARGET KEY;
MPRINT(EM_DIAGRAM):   by TARGET KEY;
35408      run;
MPRINT(EM_DIAGRAM):   run;

NOTE: There were 3 observations read from the data set EMWS2.IDS2_EMINFO.
NOTE: The data set WORK.SORTEDEMINFO has 3 observations and 3 variables.
NOTE: PROCEDURE SORT used (Total process time):
      real time           0.01 seconds
      cpu time            0.01 seconds
      

35409      proc sort data = EMWS2.Reg4_EMINFO OUT=WORK.TEMP_INFO NOTHREADS;
MPRINT(EM_DIAGRAM):   proc sort data = EMWS2.Reg4_EMINFO OUT=WORK.TEMP_INFO NOTHREADS;
35410      by TARGET KEY;
MPRINT(EM_DIAGRAM):   by TARGET KEY;
35411      run;
MPRINT(EM_DIAGRAM):   run;

NOTE: Input data set is already sorted; it has been copied to the output data set.
NOTE: There were 3 observations read from the data set EMWS2.REG4_EMINFO.
NOTE: The data set WORK.TEMP_INFO has 3 observations and 3 variables.
NOTE: PROCEDURE SORT used (Total process time):
      real time           0.01 seconds
      cpu time            0.01 seconds
      

35412      data EMWS2.Reg4_EMINFO;
MPRINT(EM_DIAGRAM):   data EMWS2.Reg4_EMINFO;
35413      merge WORK.SORTEDEMINFO WORK.TEMP_INFO;
MPRINT(EM_DIAGRAM):   merge WORK.SORTEDEMINFO WORK.TEMP_INFO;
35414      by TARGET KEY;
MPRINT(EM_DIAGRAM):   by TARGET KEY;
35415      run;
MPRINT(EM_DIAGRAM):   run;

NOTE: There were 3 observations read from the data set WORK.SORTEDEMINFO.
NOTE: There were 3 observations read from the data set WORK.TEMP_INFO.
NOTE: The data set EMWS2.REG4_EMINFO has 4 observations and 3 variables.
NOTE: DATA statement used (Total process time):
      real time           0.03 seconds
      cpu time            0.00 seconds
      

35416      proc datasets lib=work nolist;
MPRINT(EM_DIAGRAM):   proc datasets lib=work nolist;
35417      delete TEMP_INFO SORTEDEMINFO;
MPRINT(EM_DIAGRAM):   delete TEMP_INFO SORTEDEMINFO;
35418      run;
MPRINT(EM_DIAGRAM):   run;

NOTE: Deleting WORK.TEMP_INFO (memtype=DATA).
NOTE: Deleting WORK.SORTEDEMINFO (memtype=DATA).
35419      quit;
MPRINT(EM_DIAGRAM):   quit;

NOTE: PROCEDURE DATASETS used (Total process time):
      real time           0.01 seconds
      cpu time            0.01 seconds
      

NOTE: View EMWS2.REG4_TRAIN.VIEW used (Total process time):
      real time           0.02 seconds
      cpu time            0.04 seconds
      
NOTE: View EMWS2.REG4_VALIDATE.VIEW used (Total process time):
      real time           0.07 seconds
      cpu time            0.04 seconds
      
NOTE: View EMWS2.REG4_TEST.VIEW used (Total process time):
      real time           0.02 seconds
      cpu time            0.01 seconds
      
MPRINT(EM_DIAGRAM):    proc printto;
MPRINT(EM_DIAGRAM):   run;
