 
                                                                                                                                                                                                                                                                
 
Filter Limits for Interval Variables
(maximum 500 observations printed)

                                                                      Keep
                                                           Filter    Missing
Variable              Role        Minimum       Maximum    Method    Values     Label

households            INPUT       -647.45       1646.53    STDDEV       Y            
housing_median_age    INPUT         -9.12         66.40    STDDEV       Y            
latitude              INPUT         29.22         42.04    STDDEV       Y            
longitude             INPUT       -125.58       -113.56    STDDEV       Y            
median_house_value    INPUT    -139331.03     553042.66    STDDEV       Y            
median_income         INPUT         -1.83          9.57    STDDEV       Y            
population            INPUT      -1971.91       4822.86    STDDEV       Y            
total_bedrooms        INPUT       -726.28       1802.03    STDDEV       Y            
total_rooms           INPUT      -3909.08       9180.61    STDDEV       Y            
 
                                                                                                                                                                                                                                                                
 
Excluded Class Values
(maximum 500 observations printed)

                                           Train      Train              Filter
   Variable        Role     Level          Count     Percent    Label    Method

ocean_proximity    INPUT    ISLAND             5    0.024225             MINPCT
 
                                                                                                                                                                                                                                                                
 
 
Number Of Observations

Data
Role     Filtered    Excluded     DATA

TRAIN      19743        897      20640
 
                                                                                                                                                                                                                                                                
 
Statistics for Original and FILTERED Data
(maximum 500 observations printed)

Data Role=TRAIN Variable=households

Statistics            Original    Filtered

Non Missing           20640.00    19743.00
Missing                   0.00        0.00
Minimum                   1.00        2.00
Maximum                6082.00     1644.00
Mean                    499.54      460.67
Standard Deviation      382.33      267.85
Skewness                  3.41        1.23
Kurtosis                 22.06        1.87


Data Role=TRAIN Variable=housing_median_age

Statistics             Original     Filtered

Non Missing            20640.00     19743.00
Missing                    0.00         0.00
Minimum                    1.00         1.00
Maximum                   52.00        52.00
Mean                      28.64        29.02
Standard Deviation        12.59        12.42
Skewness                   0.06         0.05
Kurtosis                  -0.80        -0.79


Data Role=TRAIN Variable=latitude

Statistics             Original     Filtered

Non Missing            20640.00     19743.00
Missing                    0.00         0.00
Minimum                   32.54        32.54
Maximum                   41.95        41.95
Mean                      35.63        35.65
Standard Deviation         2.14         2.14
Skewness                   0.47         0.45
Kurtosis                  -1.12        -1.13


Data Role=TRAIN Variable=longitude

Statistics             Original     Filtered

Non Missing            20640.00     19743.00
Missing                    0.00         0.00
Minimum                 -124.35      -124.35
Maximum                 -114.31      -114.31
Mean                    -119.57      -119.59
Standard Deviation         2.00         2.00
Skewness                  -0.30        -0.29
Kurtosis                  -1.33        -1.33


Data Role=TRAIN Variable=median_house_value

Statistics             Original     Filtered

Non Missing            20640.00     19743.00
Missing                    0.00         0.00
Minimum                14999.00     14999.00
Maximum               500001.00    500001.00
Mean                  206855.82    201774.90
Standard Deviation    115395.62    110614.34
Skewness                   0.98         0.98
Kurtosis                   0.33         0.45


Data Role=TRAIN Variable=median_income

Statistics            Original    Filtered

Non Missing           20640.00    19743.00
Missing                   0.00        0.00
Minimum                   0.50        0.50
Maximum                  15.00        9.56
Mean                      3.87        3.73
Standard Deviation        1.90        1.60
Skewness                  1.65        0.79
Kurtosis                  4.95        0.45


Data Role=TRAIN Variable=population

Statistics            Original    Filtered

Non Missing           20640.00    19743.00
Missing                   0.00        0.00
Minimum                   3.00        3.00
Maximum               35682.00     4818.00
Mean                   1425.48     1312.22
Standard Deviation     1132.46      773.23
Skewness                  4.94        1.24
Kurtosis                 73.55        1.94


Data Role=TRAIN Variable=total_bedrooms

Statistics            Original    Filtered

Non Missing           20433.00    19544.00
Missing                 207.00      199.00
Minimum                   1.00        2.00
Maximum                6445.00     1797.00
Mean                    537.87      493.88
Standard Deviation      421.39      291.04
Skewness                  3.46        1.27
Kurtosis                 21.99        1.96


Data Role=TRAIN Variable=total_rooms

Statistics            Original    Filtered

Non Missing           20640.00    19743.00
Missing                   0.00        0.00
Minimum                   2.00        2.00
Maximum               39320.00     9179.00
Mean                   2635.76     2391.76
Standard Deviation     2181.62     1435.30
Skewness                  4.15        1.35
Kurtosis                 32.63        2.45
