MPRINT(EM_DIAGRAM):    data _null_;
MPRINT(EM_DIAGRAM):   call symput('NLDATE', strip(put(date(), NLDATE.)));
MPRINT(EM_DIAGRAM):   call symput('NLTIME', strip(put(datetime(), NLTIME.)));
MPRINT(EM_DIAGRAM):   run;
MPRINT(EM_DIAGRAM):   data _null_;
MPRINT(EM_DIAGRAM):   nldate= sasmsg("sashelp.dmine", "log_date_note", 'N', "December 11, 2024" );
MPRINT(EM_DIAGRAM):   nltime= sasmsg("sashelp.dmine", "log_time_note", 'N', "00:18:44" );
MPRINT(EM_DIAGRAM):   put "*------------------------------------------------------------*";
MPRINT(EM_DIAGRAM):   put "* Training Log";
MPRINT(EM_DIAGRAM):   put nldate;
MPRINT(EM_DIAGRAM):   put nltime;
MPRINT(EM_DIAGRAM):   put "*------------------------------------------------------------*";
MPRINT(EM_DIAGRAM):   run;
*------------------------------------------------------------*
* Training Log
Date:                December 11, 2024
Time:                00:18:44
*------------------------------------------------------------*
MPRINT(EM_DIAGRAM):    filename O1LW8QQ_ "\\uisnutvdiprof1a\redirected$\smupp\Documents\HU.PREDICTIVEANALYSIS\Workspaces\EMWS2\Part\EMTRAIN.out" encoding="UTF-8" NOBOM;
MPRINT(EM_DIAGRAM):   proc printto print=O1LW8QQ_ new;
MPRINT(EM_DIAGRAM):   run;
MPRINT(EM_DIAGRAM):    filename _LOG "\\uisnutvdiprof1a\redirected$\smupp\Documents\HU.PREDICTIVEANALYSIS\Workspaces\EMWS2\Part\EMLOG.log" encoding="UTF-8" NOBOM;
MPRINT(EM_DIAGRAM):    data _null_;
MPRINT(EM_DIAGRAM):   call symput('NLDATE', strip(put(date(), NLDATE.)));
MPRINT(EM_DIAGRAM):   call symput('NLTIME', strip(put(datetime(), NLTIME.)));
MPRINT(EM_DIAGRAM):   run;
MPRINT(EM_DIAGRAM):   data _null_;
MPRINT(EM_DIAGRAM):   nldate= sasmsg("sashelp.dmine", "log_date_note", 'N', "December 11, 2024" );
MPRINT(EM_DIAGRAM):   nltime= sasmsg("sashelp.dmine", "log_time_note", 'N', "00:18:44" );
MPRINT(EM_DIAGRAM):   file _LOG;
MPRINT(EM_DIAGRAM):   put "*------------------------------------------------------------*";
MPRINT(EM_DIAGRAM):   put "User:                smupp";
MPRINT(EM_DIAGRAM):   put nldate;
MPRINT(EM_DIAGRAM):   put nltime;
MPRINT(EM_DIAGRAM):   put "Site:                70080107";
MPRINT(EM_DIAGRAM):   put "Platform:            X64_10PRO";
MPRINT(EM_DIAGRAM):   put "Maintenance Release: 9.04.01M7P080520";
MPRINT(EM_DIAGRAM):   put "EM Version:          15.2";
MPRINT(EM_DIAGRAM):   put "* ";
MPRINT(EM_DIAGRAM):   run;
MPRINT(EM_DIAGRAM):    filename _LOGIN "\\uisnutvdiprof1a\redirected$\smupp\Documents\HU.PREDICTIVEANALYSIS\Workspaces\EMWS2\Part\EMTRAIN.log" encoding="UTF-8" NOBOM;
MPRINT(EM_COPYFILE):   data _null_;
MPRINT(EM_COPYFILE):   length line $20000;
MPRINT(EM_COPYFILE):   file _LOG MOD lrecl=20000;
MPRINT(EM_COPYFILE):   fid=fopen("_LOGIN",'i',20000,'v');
MPRINT(EM_COPYFILE):   if fid > 0 then do;
MPRINT(EM_COPYFILE):   do while(^fread(fid));
MPRINT(EM_COPYFILE):   rlen = frlen(fid);
MPRINT(EM_COPYFILE):   rc= fget(fid,line,20000);
MPRINT(EM_COPYFILE):   start = length(line)-length(left(line))+1;
MPRINT(EM_COPYFILE):   line=strip(line);
MPRINT(EM_COPYFILE):   put @start line;
MPRINT(EM_COPYFILE):   end;
MPRINT(EM_COPYFILE):   if fid > 0 then rc=fclose(fid);
MPRINT(EM_COPYFILE):   end;
MPRINT(EM_COPYFILE):   run;
MPRINT(EM_DIAGRAM):  ;
MPRINT(EM_DIAGRAM):   filename _LOGIN;
MPRINT(EM_DIAGRAM):    data _null_;
MPRINT(EM_DIAGRAM):   file _LOG mod;
MPRINT(EM_DIAGRAM):   put _page_;
MPRINT(EM_DIAGRAM):   run;
MPRINT(EM_DIAGRAM):   filename _LOGIN "\\uisnutvdiprof1a\redirected$\smupp\Documents\HU.PREDICTIVEANALYSIS\Workspaces\EMWS2\Part\EMSCORE.log" encoding="UTF-8" NOBOM;
MPRINT(EM_DIAGRAM):  ;
MPRINT(EM_DIAGRAM):   data _null_;
MPRINT(EM_DIAGRAM):   file _LOG mod;
MPRINT(EM_DIAGRAM):   put _page_;
MPRINT(EM_DIAGRAM):   run;
MPRINT(EM_DIAGRAM):    filename _LOGIN "\\uisnutvdiprof1a\redirected$\smupp\Documents\HU.PREDICTIVEANALYSIS\Workspaces\EMWS2\Part\EMREPORT.log" encoding="UTF-8" NOBOM;
MPRINT(EM_DIAGRAM):  ;
MPRINT(EM_DIAGRAM):   filename _LOGIN;
MPRINT(EM_DIAGRAM):    filename _LOG;
MPRINT(EM_DIAGRAM):    filename _OUT "\\uisnutvdiprof1a\redirected$\smupp\Documents\HU.PREDICTIVEANALYSIS\Workspaces\EMWS2\Part\EMOUTPUT.out" encoding="UTF-8" NOBOM;
MPRINT(EM_DIAGRAM):    data _null_;
MPRINT(EM_DIAGRAM):   call symput('NLDATE', strip(put(date(), NLDATE.)));
MPRINT(EM_DIAGRAM):   call symput('NLTIME', strip(put(datetime(), NLTIME.)));
MPRINT(EM_DIAGRAM):   run;
MPRINT(EM_DIAGRAM):   data _null_;
MPRINT(EM_DIAGRAM):   nldate= sasmsg("sashelp.dmine", "log_date_note", 'N', "December 11, 2024" );
MPRINT(EM_DIAGRAM):   nltime= sasmsg("sashelp.dmine", "log_time_note", 'N', "00:18:44" );
MPRINT(EM_DIAGRAM):   file _OUT;
MPRINT(EM_DIAGRAM):   put "*------------------------------------------------------------*";
MPRINT(EM_DIAGRAM):   put "User:                smupp";
MPRINT(EM_DIAGRAM):   put nldate;
MPRINT(EM_DIAGRAM):   put nltime;
MPRINT(EM_DIAGRAM):   put "*------------------------------------------------------------*";
MPRINT(EM_DIAGRAM):   put "* Training Output";
MPRINT(EM_DIAGRAM):   put "*------------------------------------------------------------*";
MPRINT(EM_DIAGRAM):   run;
MPRINT(EM_DIAGRAM):    filename _OUTIN "\\uisnutvdiprof1a\redirected$\smupp\Documents\HU.PREDICTIVEANALYSIS\Workspaces\EMWS2\Part\EMTRAIN.out" encoding="UTF-8" NOBOM;
MPRINT(EM_DIAGRAM):   ;
MPRINT(EM_COPYFILE):   data _null_;
MPRINT(EM_COPYFILE):   length line $20000;
MPRINT(EM_COPYFILE):   file _OUT MOD lrecl=20000;
MPRINT(EM_COPYFILE):   fid=fopen("_OUTIN",'i',20000,'v');
MPRINT(EM_COPYFILE):   if fid > 0 then do;
MPRINT(EM_COPYFILE):   do while(^fread(fid));
MPRINT(EM_COPYFILE):   rlen = frlen(fid);
MPRINT(EM_COPYFILE):   rc= fget(fid,line,20000);
MPRINT(EM_COPYFILE):   start = length(line)-length(left(line))+1;
MPRINT(EM_COPYFILE):   line=strip(line);
MPRINT(EM_COPYFILE):   put @start line;
MPRINT(EM_COPYFILE):   end;
MPRINT(EM_COPYFILE):   if fid > 0 then rc=fclose(fid);
MPRINT(EM_COPYFILE):   end;
MPRINT(EM_COPYFILE):   run;
MPRINT(EM_DIAGRAM):  ;
MPRINT(EM_DIAGRAM):   filename _OUTIN;
MPRINT(EM_DIAGRAM):    data _null_;
MPRINT(EM_DIAGRAM):   file _OUT mod;
MPRINT(EM_DIAGRAM):   put _page_;
MPRINT(EM_DIAGRAM):   put // "*------------------------------------------------------------*";
MPRINT(EM_DIAGRAM):   put "* Score Output";
MPRINT(EM_DIAGRAM):   put "*------------------------------------------------------------*";
MPRINT(EM_DIAGRAM):   run;
MPRINT(EM_DIAGRAM):    filename _OUTIN "\\uisnutvdiprof1a\redirected$\smupp\Documents\HU.PREDICTIVEANALYSIS\Workspaces\EMWS2\Part\EMSCORE.out" encoding="UTF-8" NOBOM;
MPRINT(EM_DIAGRAM):  ;
MPRINT(EM_DIAGRAM):   filename _OUTIN;
MPRINT(EM_DIAGRAM):    data _null_;
MPRINT(EM_DIAGRAM):   file _OUT mod;
MPRINT(EM_DIAGRAM):   put _page_;
MPRINT(EM_DIAGRAM):   put // "*------------------------------------------------------------*";
MPRINT(EM_DIAGRAM):   put "* Report Output";
MPRINT(EM_DIAGRAM):   put "*------------------------------------------------------------*";
MPRINT(EM_DIAGRAM):   run;
MPRINT(EM_DIAGRAM):    filename _OUTIN "\\uisnutvdiprof1a\redirected$\smupp\Documents\HU.PREDICTIVEANALYSIS\Workspaces\EMWS2\Part\EMREPORT.out" encoding="UTF-8" NOBOM;
MPRINT(EM_DIAGRAM):  ;
MPRINT(EM_DIAGRAM):   filename _OUTIN;
MPRINT(EM_DIAGRAM):    filename _OUT;
MPRINT(EM_DIAGRAM):    filename _emtool_ '\\uisnutvdiprof1a\redirected$\smupp\Documents\HU.PREDICTIVEANALYSIS\Workspaces\EMWS2\Part\EMRUNSTATUS.xml' encoding="UTF-8" NOBOM;
28045      proc freq data=EMWS2.Part_VariableSet noprint;
MPRINT(EM_DIAGRAM):    proc freq data=EMWS2.Part_VariableSet noprint;
28046      table ROLE*LEVEL/out=WORK.PartMETA;
MPRINT(EM_DIAGRAM):   table ROLE*LEVEL/out=WORK.PartMETA;
28047      run;
MPRINT(EM_DIAGRAM):   run;

NOTE: There were 11 observations read from the data set EMWS2.PART_VARIABLESET.
NOTE: The data set WORK.PARTMETA has 3 observations and 4 variables.
NOTE: PROCEDURE FREQ used (Total process time):
      real time           0.04 seconds
      cpu time            0.04 seconds
      

28048      proc print data=WORK.PartMETA label noobs;
MPRINT(EM_DIAGRAM):   proc print data=WORK.PartMETA label noobs;
28049      var ROLE LEVEL COUNT;
MPRINT(EM_DIAGRAM):   var ROLE LEVEL COUNT;
28050      label ROLE = "%sysfunc(sasmsg(sashelp.dmine, meta_role_vlabel, NOQUOTE))" LEVEL = "%sysfunc(sasmsg(sashelp.dmine, meta_level_vlabel, NOQUOTE))" COUNT = "%sysfunc(sasmsg(sashelp.dmine, rpt_count_vlabel, NOQUOTE))";
MPRINT(EM_DIAGRAM):   label ROLE = "Role" LEVEL = "Measurement Level" COUNT = "Frequency Count";
28051      title9 ' ';
MPRINT(EM_DIAGRAM):   title9 ' ';
28052      title10 "%sysfunc(sasmsg(sashelp.dmine, rpt_varSummary_title  , NOQUOTE))";
MPRINT(EM_DIAGRAM):   title10 "Variable Summary";
MPRINT(EM_DIAGRAM):   run;
28053      run;

NOTE: There were 3 observations read from the data set WORK.PARTMETA.
NOTE: The PROCEDURE PRINT printed page 4.
NOTE: PROCEDURE PRINT used (Total process time):
      real time           0.01 seconds
      cpu time            0.01 seconds
      

28054      title10;
MPRINT(EM_DIAGRAM):   title10;
MPRINT(EM_DIAGRAM):    *------------------------------------------------------------*;
MPRINT(EM_DIAGRAM):   * Part: Preparing metadata for Training;
MPRINT(EM_DIAGRAM):   *------------------------------------------------------------*;
MPRINT(EM_DIAGRAM):   data WORK.M1BYH_5C;
MPRINT(EM_DIAGRAM):   set WORK.M1BYH_5C;
MPRINT(EM_DIAGRAM):   where(PARTITIONROLE ne '' or ROLE='TARGET');
MPRINT(EM_DIAGRAM):   run;
trainPct=40 validatePct=30 testPct=30 
28062      *------------------------------------------------------------*;
MPRINT(EM_DIAGRAM):    *------------------------------------------------------------*;
28063      * Part: Create random partition;
MPRINT(EM_DIAGRAM):   * Part: Create random partition;
28064      *------------------------------------------------------------*;
MPRINT(EM_DIAGRAM):   *------------------------------------------------------------*;
28065      data
28066      EMWS2.Part_TRAIN(label="")
28067      EMWS2.Part_VALIDATE(label="")
28068      EMWS2.Part_TEST(label="")
28069      ;
MPRINT(EM_DIAGRAM):   data EMWS2.Part_TRAIN(label="") EMWS2.PART_VALIDATE(label="") EMWS2.PART_TEST(label="") ;
28070      retain _seed_ 12345;
MPRINT(EM_DIAGRAM):   retain _seed_ 12345;
28071      drop _seed_ _genvalue_;
MPRINT(EM_DIAGRAM):   drop _seed_ _genvalue_;
28072      call ranuni(_seed_, _genvalue_);
MPRINT(EM_DIAGRAM):   call ranuni(_seed_, _genvalue_);
28073      label _dataobs_ = "%sysfunc(sasmsg(sashelp.dmine, sample_dataobs_vlabel, NOQUOTE))";
MPRINT(EM_DIAGRAM):   label _dataobs_ = "Observation Number";
28074      _dataobs_ = _N_;
MPRINT(EM_DIAGRAM):   _dataobs_ = _N_;
28075      drop _c00:;
MPRINT(EM_DIAGRAM):   drop _c00:;
28076      set EMWS2.Ids2_DATA;
MPRINT(EM_DIAGRAM):   set EMWS2.Ids2_DATA;
28077      if (16512+1-_n_)*_genvalue_ <= (6605 - _C000001) then do;
MPRINT(EM_DIAGRAM):   if (16512+1-_n_)*_genvalue_ <= (6605 - _C000001) then do;
28078      _C000001 + 1;
MPRINT(EM_DIAGRAM):   _C000001 + 1;
28079      output EMWS2.Part_TRAIN;
MPRINT(EM_DIAGRAM):   output EMWS2.Part_TRAIN;
28080      end;
MPRINT(EM_DIAGRAM):   end;
28081      else if (16512+1-_n_)*_genvalue_ <= (6605 - _C000001 + 4954 - _C000002) then do;
MPRINT(EM_DIAGRAM):   else if (16512+1-_n_)*_genvalue_ <= (6605 - _C000001 + 4954 - _C000002) then do;
28082      _C000002 + 1;
MPRINT(EM_DIAGRAM):   _C000002 + 1;
28083      output EMWS2.Part_VALIDATE;
MPRINT(EM_DIAGRAM):   output EMWS2.Part_VALIDATE;
28084      end;
MPRINT(EM_DIAGRAM):   end;
28085      else do;
MPRINT(EM_DIAGRAM):   else do;
28086      _C000003 + 1;
MPRINT(EM_DIAGRAM):   _C000003 + 1;
28087      output EMWS2.Part_TEST;
MPRINT(EM_DIAGRAM):   output EMWS2.Part_TEST;
28088      end;
MPRINT(EM_DIAGRAM):   end;
28089      run;
MPRINT(EM_DIAGRAM):   run;

NOTE: View EMWS2.IDS2_DATA.VIEW used (Total process time):
      real time           0.05 seconds
      cpu time            0.06 seconds
      
NOTE: There were 16512 observations read from the data set HUDATA.HOUSING_80_TRAIN.
NOTE: There were 16512 observations read from the data set EMWS2.IDS2_DATA.
NOTE: The data set EMWS2.PART_TRAIN has 6605 observations and 11 variables.
NOTE: The data set EMWS2.PART_VALIDATE has 4954 observations and 11 variables.
NOTE: The data set EMWS2.PART_TEST has 4953 observations and 11 variables.
NOTE: DATA statement used (Total process time):
      real time           0.13 seconds
      cpu time            0.09 seconds
      

MPRINT(EM_DIAGRAM):   run;
28090      run;

28091      data _tempNobs;
MPRINT(EM_DIAGRAM):    data _tempNobs;
28092      length Type $8 Table $32 Nobs 8;
MPRINT(EM_DIAGRAM):   length Type $8 Table $32 Nobs 8;
28093      label type= "%sysfunc(sasmsg(sashelp.dmine, meta_type_vlabel,    NOQUOTE))" table = "%sysfunc(sasmsg(sashelp.dmine, meta_dataset_vlabel, NOQUOTE))" nobs = "%sysfunc(sasmsg(sashelp.dmine,  rpt_numObs_vlabel,   NOQUOTE))";
MPRINT(EM_DIAGRAM):   label type= "Type" table = "Data Set" nobs = "Number of Observations";
28094      type='DATA';
MPRINT(EM_DIAGRAM):   type='DATA';
28095      table="EMWS2.Ids2_DATA";
MPRINT(EM_DIAGRAM):   table="EMWS2.Ids2_DATA";
28096      Nobs=16512;
MPRINT(EM_DIAGRAM):   Nobs=16512;
28097      output;
MPRINT(EM_DIAGRAM):   output;
28098      type='TRAIN';
MPRINT(EM_DIAGRAM):   type='TRAIN';
28099      table="EMWS2.Part_TRAIN";
MPRINT(EM_DIAGRAM):   table="EMWS2.Part_TRAIN";
28100      Nobs=6605;
MPRINT(EM_DIAGRAM):   Nobs=6605;
28101      output;
MPRINT(EM_DIAGRAM):   output;
28102      type='VALIDATE';
MPRINT(EM_DIAGRAM):   type='VALIDATE';
28103      table="EMWS2.Part_VALIDATE";
MPRINT(EM_DIAGRAM):   table="EMWS2.Part_VALIDATE";
28104      Nobs=4954;
MPRINT(EM_DIAGRAM):   Nobs=4954;
28105      output;
MPRINT(EM_DIAGRAM):   output;
28106      type='TEST';
MPRINT(EM_DIAGRAM):   type='TEST';
28107      table="EMWS2.Part_TEST";
MPRINT(EM_DIAGRAM):   table="EMWS2.Part_TEST";
28108      Nobs=4953;
MPRINT(EM_DIAGRAM):   Nobs=4953;
28109      output;
MPRINT(EM_DIAGRAM):   output;
28110      run;
MPRINT(EM_DIAGRAM):   run;

NOTE: The data set WORK._TEMPNOBS has 4 observations and 3 variables.
NOTE: DATA statement used (Total process time):
      real time           0.01 seconds
      cpu time            0.01 seconds
      

28111      %let _cn = %sysfunc(getoption(CENTER));
28112      %let _nb = %sysfunc(getoption(NUMBER));
28113      options nonumber nocenter;
MPRINT(EM_DIAGRAM):   options nonumber nocenter;
28114      proc print data=_tempNobs noobs label;
MPRINT(EM_DIAGRAM):   proc print data=_tempNobs noobs label;
28115      title9 ' ';
MPRINT(EM_DIAGRAM):   title9 ' ';
28116      title10 "%sysfunc(sasmsg(sashelp.dmine, rpt_partitionSummary_title, NOQUOTE))";
MPRINT(EM_DIAGRAM):   title10 "Partition Summary";
MPRINT(EM_DIAGRAM):   run;
28117      run;

NOTE: There were 4 observations read from the data set WORK._TEMPNOBS.
NOTE: The PROCEDURE PRINT printed page 5.
NOTE: PROCEDURE PRINT used (Total process time):
      real time           0.01 seconds
      cpu time            0.00 seconds
      

28118      title10;
MPRINT(EM_DIAGRAM):   title10;
28119      options &_cn &_nb;
MPRINT(EM_DIAGRAM):   options NOCENTER NONUMBER;
MPRINT(EM_DIAGRAM):   run;
28120      run;

MPRINT(EM_DIAGRAM):    proc printto;
MPRINT(EM_DIAGRAM):   run;
