NOTE: PROCEDURE PRINTTO used (Total process time):
      real time           0.01 seconds
      cpu time            0.00 seconds
      

1 
Traverser: Traverser invoked.  MPCONNECT command is sas. 
Traverser: Beginning flow traversal 
*------------------------------------------------------------* 
* 
* FIMPORT : Beginning Update 
* datetime : 11DEC2024:00:14:15 
* 
*------------------------------------------------------------* 
24364      %let emexceptionString =;
24365      %let EMEXCEPTIONSTRING=;
24366      *------------------------------------------------------------*;
24367      * UPDATE: FIMPORT;
24368      *------------------------------------------------------------*;
24369      %let EM_ACTION = UPDATE;
24370      %let syscc = 0;
24371      /* Fimport.source */
24372      %macro main;
24373            %if %upcase(&EM_ACTION) = CREATE %then %do;
24374               filename temp catalog 'sashelp.emsamp.Fimport_create.source';
24375               %include temp;
24376               filename temp;
24377               %create;
24378            %end;
24379            %else
24380            %if %upcase(&EM_ACTION) = TRAIN %then %do;
24381               filename temp catalog 'sashelp.emsamp.Fimport_train.source';
24382               %include temp;
24383               filename temp;
24384               %train;
24385            %end;
24386            %else
24387            %if %upcase(&EM_ACTION) = UPDATE %then %do;
24388               filename temp catalog 'sashelp.emsamp.Fimport_update.source';
24389               %include temp;
24390               filename temp;
24391               %update;
24392            %end;
24393            %else
24394            %if %upcase(&EM_ACTION) = PROPERTY %then %do;
24395               filename temp catalog 'sashelp.emsamp.Fimport_actions.source';
24396               %include temp;
24397               filename temp;
24398               %property;
24399            %end;
24400             %else
24401            %if %upcase(&EM_ACTION) = SCORE %then %do;
24402               filename temp catalog 'sashelp.emsamp.Fimport_score.source';
24403               %include temp;
24404               filename temp;
24405               %score;
24406            %end;
24407            %else
24408            %if %upcase(&EM_ACTION) = REPORT %then %do;
24409               filename temp catalog 'sashelp.emsamp.Fimport_report.source';
24410               %include temp;
24411               filename temp;
24412               %report;
24413            %end;
24414            %else
24415            %if %upcase(&EM_ACTION) = OPENVARIABLESET %then %do;
24416               filename temp catalog 'sashelp.emsamp.Fimport_actions.source';
24417               %include temp;
24418               filename temp;
24419               %openvariableset;
24420            %end;
24421            %else
24422            %if %upcase(&EM_ACTION) = CLOSEVARIABLESET %then %do;
24423               filename temp catalog 'sashelp.emsamp.Fimport_actions.source';
24424               %include temp;
24425               filename temp;
24426               %closevariableset;
24427            %end;
24428      %mend main;
24429      %main;
NOTE: %INCLUDE (level 1) file TEMP is file SASHELP.EMSAMP.FIMPORT_UPDATE.SOURCE.
24430     +%macro update;
24431     +    %let oldrole = %str();
24432     +    data _null_;
24433     +       set &em_data_exportset;
24434     +       where NODEPORT='TRAIN';
24435     +       call symput('oldrole', ROLE);
24436     +    run;
24437     +    %if &oldrole ne &em_property_role %then %do;
24438     +        data &em_data_exportset;
24439     +           set &em_data_exportset;
24440     +           if NODEPORT='TRAIN' then do;
24441     +              ROLE="&em_property_role";
24442     +              NEEDUPDATE='Y';
24443     +              EXPORT='Y';
24444     +           end;
24445     +        run;
24446     +        filename x "&EM_NODEDIR.&EM_DSEP._updatePath.st";
24447     +        data _null_;
24448     +           file x;
24449     +           put ' ';
24450     +        run;
24451     +        filename x;
24452     +    %end;
24453     +    %else %do;
24454     +        data &em_data_exportset;
24455     +           set &em_data_exportset;
24456     +           if NODEPORT='TRAIN' then do;
24457     +              ROLE="&em_property_role";
24458     +              NEEDUPDATE='Y';
24459     +              EXPORT='Y';
24460     +           end;
24461     +        run;
24462     +    %end;
24463     +
24464     +    %em_getname(key=EMCMETADEFAULT, type=DATA);
24465     +    %if %sysfunc(exist(&em_user_emcmetadefault)) and ^%sysfunc(exist(&em_lib..&em_nodeid._CMETA_TRAIN)) %then %do;
24466     +        data &em_lib..&em_nodeid._CMETA_TRAIN;
24467     +           set &em_user_emcmetadefault;
24468     +           drop DROP;
24469     +           where DROP='N';
24470     +        run;
24471     +    %end;
24472     +
24473     +%mend update;
24474     +
24475     +
24476     +
24477     +
NOTE: %INCLUDE (level 1) ending.
NOTE: Fileref TEMP has been deassigned.

NOTE: There were 1 observations read from the data set EMWS3.FIMPORT_EXPORTSET.
      WHERE NODEPORT='TRAIN';
NOTE: DATA statement used (Total process time):
      real time           0.01 seconds
      cpu time            0.00 seconds
      


NOTE: There were 6 observations read from the data set EMWS3.FIMPORT_EXPORTSET.
NOTE: The data set EMWS3.FIMPORT_EXPORTSET has 6 observations and 18 variables.
NOTE: DATA statement used (Total process time):
      real time           0.04 seconds
      cpu time            0.01 seconds
      

24478      *------------------------------------------------------------*;
24479      * End UPDATE: FIMPORT;
24480      *------------------------------------------------------------*;

24481      %em_delMacro;

24483      %let _HPDMGRIDHOST=;
24484      %let _HPDMGRIDINSTALLLOC=;
24485      %let _HPDMGRIDDATASERVER=;
24486      %hpdm_gridSetOPtions;

NOTE: DATA statement used (Total process time):
      real time           0.00 seconds
      cpu time            0.00 seconds
      


*------------------------------------------------------------* 
* 
* FIMPORT : End Update 
* datetime : 11DEC2024:00:14:16 
* 
*------------------------------------------------------------* 
Traverser: Run Completed 
24487      proc printto;
24488      run;

