MPRINT(EM_DIAGRAM):    data _null_;
MPRINT(EM_DIAGRAM):   call symput('NLDATE', strip(put(date(), NLDATE.)));
MPRINT(EM_DIAGRAM):   call symput('NLTIME', strip(put(datetime(), NLTIME.)));
MPRINT(EM_DIAGRAM):   run;
MPRINT(EM_DIAGRAM):   data _null_;
MPRINT(EM_DIAGRAM):   nldate= sasmsg("sashelp.dmine", "log_date_note", 'N', "December 11, 2024" );
MPRINT(EM_DIAGRAM):   nltime= sasmsg("sashelp.dmine", "log_time_note", 'N', "00:20:53" );
MPRINT(EM_DIAGRAM):   put "*------------------------------------------------------------*";
MPRINT(EM_DIAGRAM):   put "* Score Log";
MPRINT(EM_DIAGRAM):   put nldate;
MPRINT(EM_DIAGRAM):   put nltime;
MPRINT(EM_DIAGRAM):   put "*------------------------------------------------------------*";
MPRINT(EM_DIAGRAM):   run;
*------------------------------------------------------------*
* Score Log
Date:                December 11, 2024
Time:                00:20:53
*------------------------------------------------------------*
MPRINT(EM_DIAGRAM):    filename O3676PB4 "\\uisnutvdiprof1a\redirected$\smupp\Documents\HU.PREDICTIVEANALYSIS\Workspaces\EMWS2\MdlComp3\EMSCORE.out" encoding="UTF-8" NOBOM;
MPRINT(EM_DIAGRAM):   proc printto print=O3676PB4 new;
MPRINT(EM_DIAGRAM):   run;
NOTE: View EMWS2.MDLCOMP_TRAIN.VIEW used (Total process time):
      real time           0.07 seconds
      cpu time            0.04 seconds
      
NOTE: View EMWS2.MDLCOMP_TRAIN.VIEW used (Total process time):
      real time           0.15 seconds
      cpu time            0.14 seconds
      
192377     /* Generate assessment metadata, which will be used to generate assessment data step */
192378     /* code, such as retrieving names of temporary variables and summary variables,      */
192379     /* labels, etc.  It is used in almost all the assessment computations such as lift,  */
192380     /* roc, index, scoreDist and could be thought as a global variable in assessment     */
192381     /* computation.                                                                      */
192382     data work.ASSESS_3HES7VB_assessMeta_rAsExN;
MPRINT(EM_DIAGRAM):    data work.ASSESS_3HES7VB_assessMeta_rAsExN;
192383     length VARIABLE $32 FORMAT $44 TYPE $32 PARENT $32 LEVEL $32 PROPERTY $32 MEASUREMENT $10 LAST_LEVEL $32 GEN_VAR_IN_TEMP_DATA $32 RESULT_MEAN $32 RESULT_MEAN_LABEL $100 RESULT_MIN $32 RESULT_MIN_LABEL $100 MIN_ADJUSTED $32 RESULT_MAX $32
192383   ! RESULT_MAX_LABEL
192384        $100 MAX_ADJUSTED $32 RESULT_COUNT $32 RESULT_COUNT_LABEL $100 TEMPORARY_VARIABLE $32;
MPRINT(EM_DIAGRAM):   length VARIABLE $32 FORMAT $44 TYPE $32 PARENT $32 LEVEL $32 PROPERTY $32 MEASUREMENT $10 LAST_LEVEL $32 GEN_VAR_IN_TEMP_DATA $32 RESULT_MEAN $32 RESULT_MEAN_LABEL $100 RESULT_MIN $32 RESULT_MIN_LABEL $100 MIN_ADJUSTED $32 RESULT_MAX 
$32 RESULT_MAX_LABEL $100 MAX_ADJUSTED $32 RESULT_COUNT $32 RESULT_COUNT_LABEL $100 TEMPORARY_VARIABLE $32;
192385     VARIABLE = "median_house_value";
MPRINT(EM_DIAGRAM):   VARIABLE = "median_house_value";
192386     PARENT = "";
MPRINT(EM_DIAGRAM):   PARENT = "";
192387     FORMAT = "";
MPRINT(EM_DIAGRAM):   FORMAT = "";
192388     TYPE = "";
MPRINT(EM_DIAGRAM):   TYPE = "";
192389     LEVEL = '';
MPRINT(EM_DIAGRAM):   LEVEL = '';
192390     PROPERTY = "TARGET";
MPRINT(EM_DIAGRAM):   PROPERTY = "TARGET";
192391     MEASUREMENT = "INTERVAL";
MPRINT(EM_DIAGRAM):   MEASUREMENT = "INTERVAL";
192392     LAST_LEVEL = '';
MPRINT(EM_DIAGRAM):   LAST_LEVEL = '';
192393     GEN_VAR_IN_TEMP_DATA = "median_house_value";
MPRINT(EM_DIAGRAM):   GEN_VAR_IN_TEMP_DATA = "median_house_value";
192394     RESULT_MEAN = "_targetMean_";
MPRINT(EM_DIAGRAM):   RESULT_MEAN = "_targetMean_";
192395     RESULT_MEAN_LABEL = "%sysfunc(sasmsg(sashelp.dmine, assmt_trgtMean_vlabel, NOQUOTE))";
MPRINT(EM_DIAGRAM):   RESULT_MEAN_LABEL = "Mean Target";
192396     RESULT_MIN = "_targetMin_";
MPRINT(EM_DIAGRAM):   RESULT_MIN = "_targetMin_";
192397     RESULT_MIN_LABEL = "%sysfunc(sasmsg(sashelp.dmine, assmt_trgtMin_vlabel, NOQUOTE))";
MPRINT(EM_DIAGRAM):   RESULT_MIN_LABEL = "Min Target";
192398     MIN_ADJUSTED = "median_h_minAdjusted_g2lBoTbC2";
MPRINT(EM_DIAGRAM):   MIN_ADJUSTED = "median_h_minAdjusted_g2lBoTbC2";
192399     RESULT_MAX = "_targetMax_";
MPRINT(EM_DIAGRAM):   RESULT_MAX = "_targetMax_";
192400     RESULT_MAX_LABEL = "%sysfunc(sasmsg(sashelp.dmine, assmt_trgtMax_vlabel, NOQUOTE))";
MPRINT(EM_DIAGRAM):   RESULT_MAX_LABEL = "Max Target";
192401     MAX_ADJUSTED = "median_h_maxAdjusted_MRSdd4Rhz";
MPRINT(EM_DIAGRAM):   MAX_ADJUSTED = "median_h_maxAdjusted_MRSdd4Rhz";
192402     RESULT_COUNT = "";
MPRINT(EM_DIAGRAM):   RESULT_COUNT = "";
192403     RESULT_COUNT_LABEL = "";
MPRINT(EM_DIAGRAM):   RESULT_COUNT_LABEL = "";
192404     TEMPORARY_VARIABLE = "median_house_val_UvV1qAhhXPaCnJq";
MPRINT(EM_DIAGRAM):   TEMPORARY_VARIABLE = "median_house_val_UvV1qAhhXPaCnJq";
192405     output;
MPRINT(EM_DIAGRAM):   output;
192406     VARIABLE = "P_median_house_value";
MPRINT(EM_DIAGRAM):   VARIABLE = "P_median_house_value";
192407     FORMAT = "";
MPRINT(EM_DIAGRAM):   FORMAT = "";
192408     TYPE = "";
MPRINT(EM_DIAGRAM):   TYPE = "";
192409     PARENT = "";
MPRINT(EM_DIAGRAM):   PARENT = "";
192410     LEVEL = "";
MPRINT(EM_DIAGRAM):   LEVEL = "";
192411     PROPERTY = "PREDICTED";
MPRINT(EM_DIAGRAM):   PROPERTY = "PREDICTED";
192412     MEASUREMENT = "INTERVAL";
MPRINT(EM_DIAGRAM):   MEASUREMENT = "INTERVAL";
192413     LAST_LEVEL = "";
MPRINT(EM_DIAGRAM):   LAST_LEVEL = "";
192414     GEN_VAR_IN_TEMP_DATA = "P_median_house_value";
MPRINT(EM_DIAGRAM):   GEN_VAR_IN_TEMP_DATA = "P_median_house_value";
192415     RESULT_MEAN = "_meanP_";
MPRINT(EM_DIAGRAM):   RESULT_MEAN = "_meanP_";
192416     RESULT_MEAN_LABEL = "%sysfunc(sasmsg(sashelp.dmine, assmt_predMean_vlabel, NOQUOTE))";
MPRINT(EM_DIAGRAM):   RESULT_MEAN_LABEL = "Mean Predicted";
192417     RESULT_MIN = "_minP_";
MPRINT(EM_DIAGRAM):   RESULT_MIN = "_minP_";
192418     RESULT_MIN_LABEL = "%sysfunc(sasmsg(sashelp.dmine, assmt_predMin_vlabel, NOQUOTE))";
MPRINT(EM_DIAGRAM):   RESULT_MIN_LABEL = "Min Predicted";
192419     MIN_ADJUSTED = "P_median_minAdjusted_jT65MoqhN";
MPRINT(EM_DIAGRAM):   MIN_ADJUSTED = "P_median_minAdjusted_jT65MoqhN";
192420     RESULT_MIN_LABEL = "%sysfunc(sasmsg(sashelp.dmine, assmt_predMin_vlabel, NOQUOTE))";
MPRINT(EM_DIAGRAM):   RESULT_MIN_LABEL = "Min Predicted";
192421     RESULT_MAX = "_maxP_";
MPRINT(EM_DIAGRAM):   RESULT_MAX = "_maxP_";
192422     RESULT_MAX_LABEL = "%sysfunc(sasmsg(sashelp.dmine, assmt_predMax_vlabel, NOQUOTE))";
MPRINT(EM_DIAGRAM):   RESULT_MAX_LABEL = "Max Predicted";
192423     MAX_ADJUSTED = "max_adjusted";
MPRINT(EM_DIAGRAM):   MAX_ADJUSTED = "max_adjusted";
192424     RESULT_COUNT = "";
MPRINT(EM_DIAGRAM):   RESULT_COUNT = "";
192425     RESULT_COUNT_LABEL = "";
MPRINT(EM_DIAGRAM):   RESULT_COUNT_LABEL = "";
192426     TEMPORARY_VARIABLE = "P_median_house_v_c19T5H_5Xxgj3qQ";
MPRINT(EM_DIAGRAM):   TEMPORARY_VARIABLE = "P_median_house_v_c19T5H_5Xxgj3qQ";
192427     output;
MPRINT(EM_DIAGRAM):   output;
192428     run;
MPRINT(EM_DIAGRAM):   run;

NOTE: The data set WORK.ASSESS_3HES7VB_ASSESSMETA_RASEXN has 2 observations and 20 variables.
NOTE: DATA statement used (Total process time):
      real time           0.01 seconds
      cpu time            0.01 seconds
      

192429     /* Generate temporary dataset and obtain summary statistics such as total number of   */
192430     /* obserations, frequency of target.  However, summary statistics for class reporting */
192431     /* variabels are not computed here since if there exist class reporting variables,    */
192432     /* then PROC DMDB will be called. And there is no need to compute interval reporting  */
192433     /* summary statisitcs, if any.                                                        */
192434     data work.ASSESS_3HES7VB_normSD_tMwZeg(drop=
192435     _numberOfObservation_
192436     _intervalTargetMin_ _intervalTargetMax_
192437     )
192438     work.ASSESS_3HES7VB_meansAndTi__pLaF4 (keep=
192439     _numberOfObservation_
192440     _intervalTargetMin_ _intervalTargetMax_
192441     );
MPRINT(EM_DIAGRAM):    data work.ASSESS_3HES7VB_normSD_tMwZeg(drop= _numberOfObservation_ _intervalTargetMin_ _intervalTargetMax_ ) work.ASSESS_3HES7VB_meansAndTi__pLaF4 (keep= _numberOfObservation_ _intervalTargetMin_ _intervalTargetMax_ );
192442     set EMWS2.MdlComp_TRAIN(
192443     where=(
192444     (median_house_value ^= .)
192445     and (P_median_house_value ^= .)
192446     )
192447     ) end=_lastObservation_;
MPRINT(EM_DIAGRAM):   set EMWS2.MdlComp_TRAIN( where=( (median_house_value ^= .) and (P_median_house_value ^= .) ) ) end=_lastObservation_;
192448     keep frequency_ZJqvaC;
MPRINT(EM_DIAGRAM):   keep frequency_ZJqvaC;
192449     frequency_ZJqvaC = 1;
MPRINT(EM_DIAGRAM):   frequency_ZJqvaC = 1;
192450     keep median_house_value;
MPRINT(EM_DIAGRAM):   keep median_house_value;
192451     keep P_median_house_value;
MPRINT(EM_DIAGRAM):   keep P_median_house_value;
192452     output work.ASSESS_3HES7VB_normSD_tMwZeg;
MPRINT(EM_DIAGRAM):   output work.ASSESS_3HES7VB_normSD_tMwZeg;
192453     keep _numberOfObservation_;
MPRINT(EM_DIAGRAM):   keep _numberOfObservation_;
192454     retain _numberOfObservation_ 0;
MPRINT(EM_DIAGRAM):   retain _numberOfObservation_ 0;
192455     _numberOfObservation_ + frequency_ZJqvaC;
MPRINT(EM_DIAGRAM):   _numberOfObservation_ + frequency_ZJqvaC;
192456     keep _intervalTargetMin_ _intervalTargetMax_;
MPRINT(EM_DIAGRAM):   keep _intervalTargetMin_ _intervalTargetMax_;
192457     retain _intervalTargetMin_ .;
MPRINT(EM_DIAGRAM):   retain _intervalTargetMin_ .;
192458     retain _intervalTargetMax_ .;
MPRINT(EM_DIAGRAM):   retain _intervalTargetMax_ .;
192459     if (_n_ = 1) then do;
MPRINT(EM_DIAGRAM):   if (_n_ = 1) then do;
192460     _intervalTargetMin_ = P_median_house_value;
MPRINT(EM_DIAGRAM):   _intervalTargetMin_ = P_median_house_value;
192461     _intervalTargetMax_ = P_median_house_value;
MPRINT(EM_DIAGRAM):   _intervalTargetMax_ = P_median_house_value;
192462     end;
MPRINT(EM_DIAGRAM):   end;
192463     else do;
MPRINT(EM_DIAGRAM):   else do;
192464     if (_intervalTargetMin_ > P_median_house_value) then do;
MPRINT(EM_DIAGRAM):   if (_intervalTargetMin_ > P_median_house_value) then do;
192465     _intervalTargetMin_ = P_median_house_value;
MPRINT(EM_DIAGRAM):   _intervalTargetMin_ = P_median_house_value;
192466     end;
MPRINT(EM_DIAGRAM):   end;
192467     if (_intervalTargetMax_ < P_median_house_value) then do;
MPRINT(EM_DIAGRAM):   if (_intervalTargetMax_ < P_median_house_value) then do;
192468     _intervalTargetMax_ = P_median_house_value;
MPRINT(EM_DIAGRAM):   _intervalTargetMax_ = P_median_house_value;
192469     end;
MPRINT(EM_DIAGRAM):   end;
192470     end;
MPRINT(EM_DIAGRAM):   end;
192471     if _lastObservation_ then do;
MPRINT(EM_DIAGRAM):   if _lastObservation_ then do;
192472     output work.ASSESS_3HES7VB_meansAndTi__pLaF4;
MPRINT(EM_DIAGRAM):   output work.ASSESS_3HES7VB_meansAndTi__pLaF4;
192473     end;
MPRINT(EM_DIAGRAM):   end;
192474     run;
MPRINT(EM_DIAGRAM):   run;

NOTE: Variable _WARN_ is uninitialized.
NOTE: There were 6605 observations read from the data set EMWS2.PART_TRAIN.
NOTE: View EMWS2.MDLCOMP_TRAIN.VIEW used (Total process time):
      real time           0.07 seconds
      cpu time            0.06 seconds
      
NOTE: There were 6605 observations read from the data set EMWS2.TREE4_TRAIN.
NOTE: There were 6605 observations read from the data set EMWS2.MDLCOMP_TRAIN.
      WHERE (median_house_value not = .) and (P_median_house_value not = .);
NOTE: The data set WORK.ASSESS_3HES7VB_NORMSD_TMWZEG has 6605 observations and 3 variables.
NOTE: The data set WORK.ASSESS_3HES7VB_MEANSANDTI__PLAF4 has 1 observations and 3 variables.
NOTE: DATA statement used (Total process time):
      real time           0.10 seconds
      cpu time            0.09 seconds
      

192475     data WORK._EMRANK;
MPRINT(EM_DIAGRAM):    data WORK._EMRANK;
192476     set EMWS2.MdlComp3_EMRANK;
MPRINT(EM_DIAGRAM):   set EMWS2.MdlComp3_EMRANK;
192477     where MODEL = "Tree4" and TARGET = "median_house_value" and dataRole="TRAIN";
MPRINT(EM_DIAGRAM):   where MODEL = "Tree4" and TARGET = "median_house_value" and dataRole="TRAIN";
192478     run;
MPRINT(EM_DIAGRAM):   run;

NOTE: There were 20 observations read from the data set EMWS2.MDLCOMP3_EMRANK.
      WHERE (MODEL='Tree4') and (TARGET='median_house_value') and (dataRole='TRAIN');
NOTE: The data set WORK._EMRANK has 20 observations and 15 variables.
NOTE: DATA statement used (Total process time):
      real time           0.04 seconds
      cpu time            0.01 seconds
      

192479     data work._augment;
MPRINT(EM_DIAGRAM):    data work._augment;
192480     do BIN= 1 to 20;
MPRINT(EM_DIAGRAM):   do BIN= 1 to 20;
192481     DECILE = BIN*5;
MPRINT(EM_DIAGRAM):   DECILE = BIN*5;
192482     output;
MPRINT(EM_DIAGRAM):   output;
192483     end;
MPRINT(EM_DIAGRAM):   end;
192484     run;
MPRINT(EM_DIAGRAM):   run;

NOTE: The data set WORK._AUGMENT has 20 observations and 2 variables.
NOTE: DATA statement used (Total process time):
      real time           0.01 seconds
      cpu time            0.01 seconds
      

192485     data WORK._EMRANK;
MPRINT(EM_DIAGRAM):   data WORK._EMRANK;
192486     merge WORK._AUGMENT WORK._EMRANK;
MPRINT(EM_DIAGRAM):   merge WORK._AUGMENT WORK._EMRANK;
192487     by BIN;
MPRINT(EM_DIAGRAM):   by BIN;
192488     run;
MPRINT(EM_DIAGRAM):   run;

NOTE: There were 20 observations read from the data set WORK._AUGMENT.
NOTE: There were 20 observations read from the data set WORK._EMRANK.
NOTE: The data set WORK._EMRANK has 20 observations and 15 variables.
NOTE: DATA statement used (Total process time):
      real time           0.00 seconds
      cpu time            0.00 seconds
      

192489     data WORK._EMRANK;
MPRINT(EM_DIAGRAM):    data WORK._EMRANK;
192490     set WORK._EMRANK end=_lastObservation_;
MPRINT(EM_DIAGRAM):   set WORK._EMRANK end=_lastObservation_;
192491     retain _previousMinP_ _previousMaxP_;
MPRINT(EM_DIAGRAM):   retain _previousMinP_ _previousMaxP_;
192492     retain _group_ 1;
MPRINT(EM_DIAGRAM):   retain _group_ 1;
192493     keep bin _cutoff_ _group_;
MPRINT(EM_DIAGRAM):   keep bin _cutoff_ _group_;
192494     if (bin > 1) then do;
MPRINT(EM_DIAGRAM):   if (bin > 1) then do;
192495     bin = bin - 1;
MPRINT(EM_DIAGRAM):   bin = bin - 1;
192496     _cutoff_ = (_maxP_ + _previousMinP_) / 2;
MPRINT(EM_DIAGRAM):   _cutoff_ = (_maxP_ + _previousMinP_) / 2;
192497     if (abs(_previousMaxP_ - _previousMinP_) < 1E-6) then do;
MPRINT(EM_DIAGRAM):   if (abs(_previousMaxP_ - _previousMinP_) < 1E-6) then do;
192498     /* tied */
192499     _cutoff_ = max((_minP_ + _maxP_)/2, min(_cutoff_, _previousMinP_/*-1E-6*/
192500     ));
MPRINT(EM_DIAGRAM):   _cutoff_ = max((_minP_ + _maxP_)/2, min(_cutoff_, _previousMinP_ ));
192501     end;
MPRINT(EM_DIAGRAM):   end;
192502     else if (abs(_maxP_ - _minP_) < 1E-6) then do;
MPRINT(EM_DIAGRAM):   else if (abs(_maxP_ - _minP_) < 1E-6) then do;
192503     /* next tied */
192504     _cutoff_ = min((_previousMinP_ + _previousMaxP_)/2, max(_cutoff_, _maxP_/*+ 1E-6*/
192505     ));
MPRINT(EM_DIAGRAM):   _cutoff_ = min((_previousMinP_ + _previousMaxP_)/2, max(_cutoff_, _maxP_ ));
192506     end;
MPRINT(EM_DIAGRAM):   end;
192507     output;
MPRINT(EM_DIAGRAM):   output;
192508     *if ( abs((_maxP_ +_minP_)/2 - (_previousMaxP_ + _previousMinP_)/2) > 1E-6) then do;
MPRINT(EM_DIAGRAM):   *if ( abs((_maxP_ +_minP_)/2 - (_previousMaxP_ + _previousMinP_)/2) > 1E-6) then do;
192509     * _group_ + 1;
MPRINT(EM_DIAGRAM):   * _group_ + 1;
192510     *end;
MPRINT(EM_DIAGRAM):   *end;
192511     if (_maxP_ le _previousMinP_ - 1E-6) then do;
MPRINT(EM_DIAGRAM):   if (_maxP_ le _previousMinP_ - 1E-6) then do;
192512     _group_ + 1;
MPRINT(EM_DIAGRAM):   _group_ + 1;
192513     end;
MPRINT(EM_DIAGRAM):   end;
192514     else if (abs(_maxP_ - _previousMinP_) < 1E-6) then do;
MPRINT(EM_DIAGRAM):   else if (abs(_maxP_ - _previousMinP_) < 1E-6) then do;
192515     if (abs(_maxP_ - _minP_) > 1E-6) then do;
MPRINT(EM_DIAGRAM):   if (abs(_maxP_ - _minP_) > 1E-6) then do;
192516     _group_ + 1;
MPRINT(EM_DIAGRAM):   _group_ + 1;
192517     end;
MPRINT(EM_DIAGRAM):   end;
192518     end;
MPRINT(EM_DIAGRAM):   end;
192519     bin + 1;
MPRINT(EM_DIAGRAM):   bin + 1;
192520     /* correct the previous change */
192521     end;
MPRINT(EM_DIAGRAM):   end;
192522     if (_lastObservation_) then do;
MPRINT(EM_DIAGRAM):   if (_lastObservation_) then do;
192523     _cutoff_ = .;
MPRINT(EM_DIAGRAM):   _cutoff_ = .;
192524     output;
MPRINT(EM_DIAGRAM):   output;
192525     end;
MPRINT(EM_DIAGRAM):   end;
192526     _previousMinP_ = _minP_;
MPRINT(EM_DIAGRAM):   _previousMinP_ = _minP_;
192527     _previousMaxP_ = _maxP_;
MPRINT(EM_DIAGRAM):   _previousMaxP_ = _maxP_;
192528     run;
MPRINT(EM_DIAGRAM):   run;

NOTE: There were 20 observations read from the data set WORK._EMRANK.
NOTE: The data set WORK._EMRANK has 20 observations and 3 variables.
NOTE: DATA statement used (Total process time):
      real time           0.00 seconds
      cpu time            0.00 seconds
      

192529     data WORK._EMRANK;
MPRINT(EM_DIAGRAM):    data WORK._EMRANK;
192530     set WORK._EMRANK;
MPRINT(EM_DIAGRAM):   set WORK._EMRANK;
192531     by _group_;
MPRINT(EM_DIAGRAM):   by _group_;
192532     retain _start_;
MPRINT(EM_DIAGRAM):   retain _start_;
192533     if (first._group_) then do;
MPRINT(EM_DIAGRAM):   if (first._group_) then do;
192534     _start_ = _n_;
MPRINT(EM_DIAGRAM):   _start_ = _n_;
192535     end;
MPRINT(EM_DIAGRAM):   end;
192536     if (last._group_) then do;
MPRINT(EM_DIAGRAM):   if (last._group_) then do;
192537     _end_ = _n_;
MPRINT(EM_DIAGRAM):   _end_ = _n_;
192538     output;
MPRINT(EM_DIAGRAM):   output;
192539     end;
MPRINT(EM_DIAGRAM):   end;
192540     run;
MPRINT(EM_DIAGRAM):   run;

NOTE: There were 20 observations read from the data set WORK._EMRANK.
NOTE: The data set WORK._EMRANK has 20 observations and 5 variables.
NOTE: DATA statement used (Total process time):
      real time           0.00 seconds
      cpu time            0.00 seconds
      

192541     filename emflow "\\uisnutvdiprof1a\redirected$\smupp\Documents\HU.PREDICTIVEANALYSIS\Workspaces\EMWS2\MdlComp3\EMFLOWSCORE.sas";
MPRINT(EM_DIAGRAM):    filename emflow "\\uisnutvdiprof1a\redirected$\smupp\Documents\HU.PREDICTIVEANALYSIS\Workspaces\EMWS2\MdlComp3\EMFLOWSCORE.sas";
MPRINT(EM_DIAGRAM):   *------------------------------------------------------------*;
MPRINT(EM_DIAGRAM):   * MdlComp3: Scoring MDLCOMP_TRAIN data;
MPRINT(EM_DIAGRAM):   *------------------------------------------------------------*;
192542     *------------------------------------------------------------*;
192543     * MdlComp3: Scoring MDLCOMP_TRAIN data;
192544     *------------------------------------------------------------*;
192545     data EMWS2.MdlComp3_TRAIN
192546     / view=EMWS2.MdlComp3_TRAIN
192547     ;
MPRINT(EM_DIAGRAM):   data EMWS2.MdlComp3_TRAIN / view=EMWS2.MdlComp3_TRAIN ;
192548     set EMWS2.MdlComp_TRAIN
192549     ;
MPRINT(EM_DIAGRAM):   set EMWS2.MdlComp_TRAIN ;
192550     %inc emflow;
NOTE: %INCLUDE (level 1) file EMFLOW is file \\uisnutvdiprof1a\redirected$\smupp\Documents\HU.PREDICTIVEANALYSIS\Workspaces\EMWS2\MdlComp3\EMFLOWSCORE.sas.
192551    +if (P_median_house_value ge 395091.198641086) then do;
MPRINT(EM_DIAGRAM):   if (P_median_house_value ge 395091.198641086) then do;
192552    +b_median_house_val = 1;
MPRINT(EM_DIAGRAM):   b_median_house_val = 1;
192553    +end;
MPRINT(EM_DIAGRAM):   end;
192554    +else
192555    +if (P_median_house_value ge 357740.513157894) then do;
MPRINT(EM_DIAGRAM):   else if (P_median_house_value ge 357740.513157894) then do;
192556    +b_median_house_val = 2;
MPRINT(EM_DIAGRAM):   b_median_house_val = 2;
192557    +end;
MPRINT(EM_DIAGRAM):   end;
192558    +else
192559    +if (P_median_house_value ge 326642.556959706) then do;
MPRINT(EM_DIAGRAM):   else if (P_median_house_value ge 326642.556959706) then do;
192560    +b_median_house_val = 3;
MPRINT(EM_DIAGRAM):   b_median_house_val = 3;
192561    +end;
MPRINT(EM_DIAGRAM):   end;
192562    +else
192563    +if (P_median_house_value ge 275646.79032258) then do;
MPRINT(EM_DIAGRAM):   else if (P_median_house_value ge 275646.79032258) then do;
192564    +b_median_house_val = 4;
MPRINT(EM_DIAGRAM):   b_median_house_val = 4;
192565    +end;
MPRINT(EM_DIAGRAM):   end;
192566    +else
192567    +if (P_median_house_value ge 264273.903474903) then do;
MPRINT(EM_DIAGRAM):   else if (P_median_house_value ge 264273.903474903) then do;
192568    +b_median_house_val = 5;
MPRINT(EM_DIAGRAM):   b_median_house_val = 5;
192569    +end;
MPRINT(EM_DIAGRAM):   end;
192570    +else
192571    +if (P_median_house_value ge 244583.589552238) then do;
MPRINT(EM_DIAGRAM):   else if (P_median_house_value ge 244583.589552238) then do;
192572    +b_median_house_val = 6;
MPRINT(EM_DIAGRAM):   b_median_house_val = 6;
192573    +end;
MPRINT(EM_DIAGRAM):   end;
192574    +else
192575    +if (P_median_house_value ge 216912.448770491) then do;
MPRINT(EM_DIAGRAM):   else if (P_median_house_value ge 216912.448770491) then do;
192576    +b_median_house_val = 7;
MPRINT(EM_DIAGRAM):   b_median_house_val = 7;
192577    +end;
MPRINT(EM_DIAGRAM):   end;
192578    +else
192579    +if (P_median_house_value ge 211919.223376623) then do;
MPRINT(EM_DIAGRAM):   else if (P_median_house_value ge 211919.223376623) then do;
192580    +b_median_house_val = 8;
MPRINT(EM_DIAGRAM):   b_median_house_val = 8;
192581    +end;
MPRINT(EM_DIAGRAM):   end;
192582    +else
192583    +if (P_median_house_value ge 207535.02616279) then do;
MPRINT(EM_DIAGRAM):   else if (P_median_house_value ge 207535.02616279) then do;
192584    +b_median_house_val = 9;
MPRINT(EM_DIAGRAM):   b_median_house_val = 9;
192585    +end;
MPRINT(EM_DIAGRAM):   end;
192586    +else
192587    +if (P_median_house_value ge 190109.523809523) then do;
MPRINT(EM_DIAGRAM):   else if (P_median_house_value ge 190109.523809523) then do;
192588    +b_median_house_val = 10;
MPRINT(EM_DIAGRAM):   b_median_house_val = 10;
192589    +end;
MPRINT(EM_DIAGRAM):   end;
192590    +else
192591    +if (P_median_house_value ge 182580.594720496) then do;
MPRINT(EM_DIAGRAM):   else if (P_median_house_value ge 182580.594720496) then do;
192592    +b_median_house_val = 11;
MPRINT(EM_DIAGRAM):   b_median_house_val = 11;
192593    +end;
MPRINT(EM_DIAGRAM):   end;
192594    +else
192595    +if (P_median_house_value ge 169298.550724637) then do;
MPRINT(EM_DIAGRAM):   else if (P_median_house_value ge 169298.550724637) then do;
192596    +b_median_house_val = 12;
MPRINT(EM_DIAGRAM):   b_median_house_val = 12;
192597    +end;
MPRINT(EM_DIAGRAM):   end;
192598    +else
192599    +if (P_median_house_value ge 149679.298076923) then do;
MPRINT(EM_DIAGRAM):   else if (P_median_house_value ge 149679.298076923) then do;
192600    +b_median_house_val = 13;
MPRINT(EM_DIAGRAM):   b_median_house_val = 13;
192601    +end;
MPRINT(EM_DIAGRAM):   end;
192602    +else
192603    +if (P_median_house_value ge 140012.229275578) then do;
MPRINT(EM_DIAGRAM):   else if (P_median_house_value ge 140012.229275578) then do;
192604    +b_median_house_val = 14;
MPRINT(EM_DIAGRAM):   b_median_house_val = 14;
192605    +end;
MPRINT(EM_DIAGRAM):   end;
192606    +else
192607    +if (P_median_house_value ge 126782.336599986) then do;
MPRINT(EM_DIAGRAM):   else if (P_median_house_value ge 126782.336599986) then do;
192608    +b_median_house_val = 15;
MPRINT(EM_DIAGRAM):   b_median_house_val = 15;
192609    +end;
MPRINT(EM_DIAGRAM):   end;
192610    +else
192611    +if (P_median_house_value ge 125178.448844884) then do;
MPRINT(EM_DIAGRAM):   else if (P_median_house_value ge 125178.448844884) then do;
192612    +b_median_house_val = 16;
MPRINT(EM_DIAGRAM):   b_median_house_val = 16;
192613    +end;
MPRINT(EM_DIAGRAM):   end;
192614    +else
192615    +if (P_median_house_value ge 100689.291497975) then do;
MPRINT(EM_DIAGRAM):   else if (P_median_house_value ge 100689.291497975) then do;
192616    +b_median_house_val = 17;
MPRINT(EM_DIAGRAM):   b_median_house_val = 17;
192617    +end;
MPRINT(EM_DIAGRAM):   end;
192618    +else
192619    +if (P_median_house_value ge 86015.7894736842) then do;
MPRINT(EM_DIAGRAM):   else if (P_median_house_value ge 86015.7894736842) then do;
192620    +b_median_house_val = 18;
MPRINT(EM_DIAGRAM):   b_median_house_val = 18;
192621    +end;
MPRINT(EM_DIAGRAM):   end;
192622    +else
192623    +if (P_median_house_value ge 81488.7626262626) then do;
MPRINT(EM_DIAGRAM):   else if (P_median_house_value ge 81488.7626262626) then do;
192624    +b_median_house_val = 19;
MPRINT(EM_DIAGRAM):   b_median_house_val = 19;
192625    +end;
MPRINT(EM_DIAGRAM):   end;
192626    +else
192627    +do;
MPRINT(EM_DIAGRAM):   else do;
192628    +b_median_house_val = 20;
MPRINT(EM_DIAGRAM):   b_median_house_val = 20;
192629    +end;
MPRINT(EM_DIAGRAM):   end;
NOTE: %INCLUDE (level 1) ending.
MPRINT(EM_DIAGRAM):   run;
192630     run;

NOTE: DATA STEP view saved on file EMWS2.MDLCOMP3_TRAIN.
NOTE: A stored DATA STEP view cannot run under a different operating system.
NOTE: View EMWS2.MDLCOMP_TRAIN.VIEW used (Total process time):
      real time           0.15 seconds
      cpu time            0.06 seconds
      
NOTE: DATA statement used (Total process time):
      real time           0.15 seconds
      cpu time            0.06 seconds
      

MPRINT(EM_DIAGRAM):   quit;
192631     quit;
192632     filename emflow;
MPRINT(EM_DIAGRAM):   filename emflow;
NOTE: Fileref EMFLOW has been deassigned.
192633     filename emflow "\\uisnutvdiprof1a\redirected$\smupp\Documents\HU.PREDICTIVEANALYSIS\Workspaces\EMWS2\MdlComp3\EMFLOWSCORE.sas";
MPRINT(EM_DIAGRAM):    filename emflow "\\uisnutvdiprof1a\redirected$\smupp\Documents\HU.PREDICTIVEANALYSIS\Workspaces\EMWS2\MdlComp3\EMFLOWSCORE.sas";
MPRINT(EM_DIAGRAM):   *------------------------------------------------------------*;
MPRINT(EM_DIAGRAM):   * MdlComp3: Scoring MDLCOMP_VALIDATE data;
MPRINT(EM_DIAGRAM):   *------------------------------------------------------------*;
192634     *------------------------------------------------------------*;
192635     * MdlComp3: Scoring MDLCOMP_VALIDATE data;
192636     *------------------------------------------------------------*;
192637     data EMWS2.MdlComp3_VALIDATE
192638     / view=EMWS2.MdlComp3_VALIDATE
192639     ;
MPRINT(EM_DIAGRAM):   data EMWS2.MdlComp3_VALIDATE / view=EMWS2.MdlComp3_VALIDATE ;
192640     set EMWS2.MdlComp_VALIDATE
192641     ;
MPRINT(EM_DIAGRAM):   set EMWS2.MdlComp_VALIDATE ;
192642     %inc emflow;
NOTE: %INCLUDE (level 1) file EMFLOW is file \\uisnutvdiprof1a\redirected$\smupp\Documents\HU.PREDICTIVEANALYSIS\Workspaces\EMWS2\MdlComp3\EMFLOWSCORE.sas.
192643    +if (P_median_house_value ge 395091.198641086) then do;
MPRINT(EM_DIAGRAM):   if (P_median_house_value ge 395091.198641086) then do;
192644    +b_median_house_val = 1;
MPRINT(EM_DIAGRAM):   b_median_house_val = 1;
192645    +end;
MPRINT(EM_DIAGRAM):   end;
192646    +else
192647    +if (P_median_house_value ge 357740.513157894) then do;
MPRINT(EM_DIAGRAM):   else if (P_median_house_value ge 357740.513157894) then do;
192648    +b_median_house_val = 2;
MPRINT(EM_DIAGRAM):   b_median_house_val = 2;
192649    +end;
MPRINT(EM_DIAGRAM):   end;
192650    +else
192651    +if (P_median_house_value ge 326642.556959706) then do;
MPRINT(EM_DIAGRAM):   else if (P_median_house_value ge 326642.556959706) then do;
192652    +b_median_house_val = 3;
MPRINT(EM_DIAGRAM):   b_median_house_val = 3;
192653    +end;
MPRINT(EM_DIAGRAM):   end;
192654    +else
192655    +if (P_median_house_value ge 275646.79032258) then do;
MPRINT(EM_DIAGRAM):   else if (P_median_house_value ge 275646.79032258) then do;
192656    +b_median_house_val = 4;
MPRINT(EM_DIAGRAM):   b_median_house_val = 4;
192657    +end;
MPRINT(EM_DIAGRAM):   end;
192658    +else
192659    +if (P_median_house_value ge 264273.903474903) then do;
MPRINT(EM_DIAGRAM):   else if (P_median_house_value ge 264273.903474903) then do;
192660    +b_median_house_val = 5;
MPRINT(EM_DIAGRAM):   b_median_house_val = 5;
192661    +end;
MPRINT(EM_DIAGRAM):   end;
192662    +else
192663    +if (P_median_house_value ge 244583.589552238) then do;
MPRINT(EM_DIAGRAM):   else if (P_median_house_value ge 244583.589552238) then do;
192664    +b_median_house_val = 6;
MPRINT(EM_DIAGRAM):   b_median_house_val = 6;
192665    +end;
MPRINT(EM_DIAGRAM):   end;
192666    +else
192667    +if (P_median_house_value ge 216912.448770491) then do;
MPRINT(EM_DIAGRAM):   else if (P_median_house_value ge 216912.448770491) then do;
192668    +b_median_house_val = 7;
MPRINT(EM_DIAGRAM):   b_median_house_val = 7;
192669    +end;
MPRINT(EM_DIAGRAM):   end;
192670    +else
192671    +if (P_median_house_value ge 211919.223376623) then do;
MPRINT(EM_DIAGRAM):   else if (P_median_house_value ge 211919.223376623) then do;
192672    +b_median_house_val = 8;
MPRINT(EM_DIAGRAM):   b_median_house_val = 8;
192673    +end;
MPRINT(EM_DIAGRAM):   end;
192674    +else
192675    +if (P_median_house_value ge 207535.02616279) then do;
MPRINT(EM_DIAGRAM):   else if (P_median_house_value ge 207535.02616279) then do;
192676    +b_median_house_val = 9;
MPRINT(EM_DIAGRAM):   b_median_house_val = 9;
192677    +end;
MPRINT(EM_DIAGRAM):   end;
192678    +else
192679    +if (P_median_house_value ge 190109.523809523) then do;
MPRINT(EM_DIAGRAM):   else if (P_median_house_value ge 190109.523809523) then do;
192680    +b_median_house_val = 10;
MPRINT(EM_DIAGRAM):   b_median_house_val = 10;
192681    +end;
MPRINT(EM_DIAGRAM):   end;
192682    +else
192683    +if (P_median_house_value ge 182580.594720496) then do;
MPRINT(EM_DIAGRAM):   else if (P_median_house_value ge 182580.594720496) then do;
192684    +b_median_house_val = 11;
MPRINT(EM_DIAGRAM):   b_median_house_val = 11;
192685    +end;
MPRINT(EM_DIAGRAM):   end;
192686    +else
192687    +if (P_median_house_value ge 169298.550724637) then do;
MPRINT(EM_DIAGRAM):   else if (P_median_house_value ge 169298.550724637) then do;
192688    +b_median_house_val = 12;
MPRINT(EM_DIAGRAM):   b_median_house_val = 12;
192689    +end;
MPRINT(EM_DIAGRAM):   end;
192690    +else
192691    +if (P_median_house_value ge 149679.298076923) then do;
MPRINT(EM_DIAGRAM):   else if (P_median_house_value ge 149679.298076923) then do;
192692    +b_median_house_val = 13;
MPRINT(EM_DIAGRAM):   b_median_house_val = 13;
192693    +end;
MPRINT(EM_DIAGRAM):   end;
192694    +else
192695    +if (P_median_house_value ge 140012.229275578) then do;
MPRINT(EM_DIAGRAM):   else if (P_median_house_value ge 140012.229275578) then do;
192696    +b_median_house_val = 14;
MPRINT(EM_DIAGRAM):   b_median_house_val = 14;
192697    +end;
MPRINT(EM_DIAGRAM):   end;
192698    +else
192699    +if (P_median_house_value ge 126782.336599986) then do;
MPRINT(EM_DIAGRAM):   else if (P_median_house_value ge 126782.336599986) then do;
192700    +b_median_house_val = 15;
MPRINT(EM_DIAGRAM):   b_median_house_val = 15;
192701    +end;
MPRINT(EM_DIAGRAM):   end;
192702    +else
192703    +if (P_median_house_value ge 125178.448844884) then do;
MPRINT(EM_DIAGRAM):   else if (P_median_house_value ge 125178.448844884) then do;
192704    +b_median_house_val = 16;
MPRINT(EM_DIAGRAM):   b_median_house_val = 16;
192705    +end;
MPRINT(EM_DIAGRAM):   end;
192706    +else
192707    +if (P_median_house_value ge 100689.291497975) then do;
MPRINT(EM_DIAGRAM):   else if (P_median_house_value ge 100689.291497975) then do;
192708    +b_median_house_val = 17;
MPRINT(EM_DIAGRAM):   b_median_house_val = 17;
192709    +end;
MPRINT(EM_DIAGRAM):   end;
192710    +else
192711    +if (P_median_house_value ge 86015.7894736842) then do;
MPRINT(EM_DIAGRAM):   else if (P_median_house_value ge 86015.7894736842) then do;
192712    +b_median_house_val = 18;
MPRINT(EM_DIAGRAM):   b_median_house_val = 18;
192713    +end;
MPRINT(EM_DIAGRAM):   end;
192714    +else
192715    +if (P_median_house_value ge 81488.7626262626) then do;
MPRINT(EM_DIAGRAM):   else if (P_median_house_value ge 81488.7626262626) then do;
192716    +b_median_house_val = 19;
MPRINT(EM_DIAGRAM):   b_median_house_val = 19;
192717    +end;
MPRINT(EM_DIAGRAM):   end;
192718    +else
192719    +do;
MPRINT(EM_DIAGRAM):   else do;
192720    +b_median_house_val = 20;
MPRINT(EM_DIAGRAM):   b_median_house_val = 20;
192721    +end;
MPRINT(EM_DIAGRAM):   end;
NOTE: %INCLUDE (level 1) ending.
MPRINT(EM_DIAGRAM):   run;
192722     run;

NOTE: DATA STEP view saved on file EMWS2.MDLCOMP3_VALIDATE.
NOTE: A stored DATA STEP view cannot run under a different operating system.
NOTE: View EMWS2.MDLCOMP_VALIDATE.VIEW used (Total process time):
      real time           0.10 seconds
      cpu time            0.06 seconds
      
NOTE: DATA statement used (Total process time):
      real time           0.10 seconds
      cpu time            0.06 seconds
      

MPRINT(EM_DIAGRAM):   quit;
192723     quit;
192724     filename emflow;
MPRINT(EM_DIAGRAM):   filename emflow;
NOTE: Fileref EMFLOW has been deassigned.
192725     filename emflow "\\uisnutvdiprof1a\redirected$\smupp\Documents\HU.PREDICTIVEANALYSIS\Workspaces\EMWS2\MdlComp3\EMFLOWSCORE.sas";
MPRINT(EM_DIAGRAM):    filename emflow "\\uisnutvdiprof1a\redirected$\smupp\Documents\HU.PREDICTIVEANALYSIS\Workspaces\EMWS2\MdlComp3\EMFLOWSCORE.sas";
MPRINT(EM_DIAGRAM):   *------------------------------------------------------------*;
MPRINT(EM_DIAGRAM):   * MdlComp3: Scoring MDLCOMP_TEST data;
MPRINT(EM_DIAGRAM):   *------------------------------------------------------------*;
192726     *------------------------------------------------------------*;
192727     * MdlComp3: Scoring MDLCOMP_TEST data;
192728     *------------------------------------------------------------*;
192729     data EMWS2.MdlComp3_TEST
192730     / view=EMWS2.MdlComp3_TEST
192731     ;
MPRINT(EM_DIAGRAM):   data EMWS2.MdlComp3_TEST / view=EMWS2.MdlComp3_TEST ;
192732     set EMWS2.MdlComp_TEST
192733     ;
MPRINT(EM_DIAGRAM):   set EMWS2.MdlComp_TEST ;
192734     %inc emflow;
NOTE: %INCLUDE (level 1) file EMFLOW is file \\uisnutvdiprof1a\redirected$\smupp\Documents\HU.PREDICTIVEANALYSIS\Workspaces\EMWS2\MdlComp3\EMFLOWSCORE.sas.
192735    +if (P_median_house_value ge 395091.198641086) then do;
MPRINT(EM_DIAGRAM):   if (P_median_house_value ge 395091.198641086) then do;
192736    +b_median_house_val = 1;
MPRINT(EM_DIAGRAM):   b_median_house_val = 1;
192737    +end;
MPRINT(EM_DIAGRAM):   end;
192738    +else
192739    +if (P_median_house_value ge 357740.513157894) then do;
MPRINT(EM_DIAGRAM):   else if (P_median_house_value ge 357740.513157894) then do;
192740    +b_median_house_val = 2;
MPRINT(EM_DIAGRAM):   b_median_house_val = 2;
192741    +end;
MPRINT(EM_DIAGRAM):   end;
192742    +else
192743    +if (P_median_house_value ge 326642.556959706) then do;
MPRINT(EM_DIAGRAM):   else if (P_median_house_value ge 326642.556959706) then do;
192744    +b_median_house_val = 3;
MPRINT(EM_DIAGRAM):   b_median_house_val = 3;
192745    +end;
MPRINT(EM_DIAGRAM):   end;
192746    +else
192747    +if (P_median_house_value ge 275646.79032258) then do;
MPRINT(EM_DIAGRAM):   else if (P_median_house_value ge 275646.79032258) then do;
192748    +b_median_house_val = 4;
MPRINT(EM_DIAGRAM):   b_median_house_val = 4;
192749    +end;
MPRINT(EM_DIAGRAM):   end;
192750    +else
192751    +if (P_median_house_value ge 264273.903474903) then do;
MPRINT(EM_DIAGRAM):   else if (P_median_house_value ge 264273.903474903) then do;
192752    +b_median_house_val = 5;
MPRINT(EM_DIAGRAM):   b_median_house_val = 5;
192753    +end;
MPRINT(EM_DIAGRAM):   end;
192754    +else
192755    +if (P_median_house_value ge 244583.589552238) then do;
MPRINT(EM_DIAGRAM):   else if (P_median_house_value ge 244583.589552238) then do;
192756    +b_median_house_val = 6;
MPRINT(EM_DIAGRAM):   b_median_house_val = 6;
192757    +end;
MPRINT(EM_DIAGRAM):   end;
192758    +else
192759    +if (P_median_house_value ge 216912.448770491) then do;
MPRINT(EM_DIAGRAM):   else if (P_median_house_value ge 216912.448770491) then do;
192760    +b_median_house_val = 7;
MPRINT(EM_DIAGRAM):   b_median_house_val = 7;
192761    +end;
MPRINT(EM_DIAGRAM):   end;
192762    +else
192763    +if (P_median_house_value ge 211919.223376623) then do;
MPRINT(EM_DIAGRAM):   else if (P_median_house_value ge 211919.223376623) then do;
192764    +b_median_house_val = 8;
MPRINT(EM_DIAGRAM):   b_median_house_val = 8;
192765    +end;
MPRINT(EM_DIAGRAM):   end;
192766    +else
192767    +if (P_median_house_value ge 207535.02616279) then do;
MPRINT(EM_DIAGRAM):   else if (P_median_house_value ge 207535.02616279) then do;
192768    +b_median_house_val = 9;
MPRINT(EM_DIAGRAM):   b_median_house_val = 9;
192769    +end;
MPRINT(EM_DIAGRAM):   end;
192770    +else
192771    +if (P_median_house_value ge 190109.523809523) then do;
MPRINT(EM_DIAGRAM):   else if (P_median_house_value ge 190109.523809523) then do;
192772    +b_median_house_val = 10;
MPRINT(EM_DIAGRAM):   b_median_house_val = 10;
192773    +end;
MPRINT(EM_DIAGRAM):   end;
192774    +else
192775    +if (P_median_house_value ge 182580.594720496) then do;
MPRINT(EM_DIAGRAM):   else if (P_median_house_value ge 182580.594720496) then do;
192776    +b_median_house_val = 11;
MPRINT(EM_DIAGRAM):   b_median_house_val = 11;
192777    +end;
MPRINT(EM_DIAGRAM):   end;
192778    +else
192779    +if (P_median_house_value ge 169298.550724637) then do;
MPRINT(EM_DIAGRAM):   else if (P_median_house_value ge 169298.550724637) then do;
192780    +b_median_house_val = 12;
MPRINT(EM_DIAGRAM):   b_median_house_val = 12;
192781    +end;
MPRINT(EM_DIAGRAM):   end;
192782    +else
192783    +if (P_median_house_value ge 149679.298076923) then do;
MPRINT(EM_DIAGRAM):   else if (P_median_house_value ge 149679.298076923) then do;
192784    +b_median_house_val = 13;
MPRINT(EM_DIAGRAM):   b_median_house_val = 13;
192785    +end;
MPRINT(EM_DIAGRAM):   end;
192786    +else
192787    +if (P_median_house_value ge 140012.229275578) then do;
MPRINT(EM_DIAGRAM):   else if (P_median_house_value ge 140012.229275578) then do;
192788    +b_median_house_val = 14;
MPRINT(EM_DIAGRAM):   b_median_house_val = 14;
192789    +end;
MPRINT(EM_DIAGRAM):   end;
192790    +else
192791    +if (P_median_house_value ge 126782.336599986) then do;
MPRINT(EM_DIAGRAM):   else if (P_median_house_value ge 126782.336599986) then do;
192792    +b_median_house_val = 15;
MPRINT(EM_DIAGRAM):   b_median_house_val = 15;
192793    +end;
MPRINT(EM_DIAGRAM):   end;
192794    +else
192795    +if (P_median_house_value ge 125178.448844884) then do;
MPRINT(EM_DIAGRAM):   else if (P_median_house_value ge 125178.448844884) then do;
192796    +b_median_house_val = 16;
MPRINT(EM_DIAGRAM):   b_median_house_val = 16;
192797    +end;
MPRINT(EM_DIAGRAM):   end;
192798    +else
192799    +if (P_median_house_value ge 100689.291497975) then do;
MPRINT(EM_DIAGRAM):   else if (P_median_house_value ge 100689.291497975) then do;
192800    +b_median_house_val = 17;
MPRINT(EM_DIAGRAM):   b_median_house_val = 17;
192801    +end;
MPRINT(EM_DIAGRAM):   end;
192802    +else
192803    +if (P_median_house_value ge 86015.7894736842) then do;
MPRINT(EM_DIAGRAM):   else if (P_median_house_value ge 86015.7894736842) then do;
192804    +b_median_house_val = 18;
MPRINT(EM_DIAGRAM):   b_median_house_val = 18;
192805    +end;
MPRINT(EM_DIAGRAM):   end;
192806    +else
192807    +if (P_median_house_value ge 81488.7626262626) then do;
MPRINT(EM_DIAGRAM):   else if (P_median_house_value ge 81488.7626262626) then do;
192808    +b_median_house_val = 19;
MPRINT(EM_DIAGRAM):   b_median_house_val = 19;
192809    +end;
MPRINT(EM_DIAGRAM):   end;
192810    +else
192811    +do;
MPRINT(EM_DIAGRAM):   else do;
192812    +b_median_house_val = 20;
MPRINT(EM_DIAGRAM):   b_median_house_val = 20;
192813    +end;
MPRINT(EM_DIAGRAM):   end;
NOTE: %INCLUDE (level 1) ending.
MPRINT(EM_DIAGRAM):   run;
192814     run;

NOTE: DATA STEP view saved on file EMWS2.MDLCOMP3_TEST.
NOTE: A stored DATA STEP view cannot run under a different operating system.
NOTE: View EMWS2.MDLCOMP_TEST.VIEW used (Total process time):
      real time           0.15 seconds
      cpu time            0.07 seconds
      
NOTE: DATA statement used (Total process time):
      real time           0.15 seconds
      cpu time            0.09 seconds
      

MPRINT(EM_DIAGRAM):   quit;
192815     quit;
192816     filename emflow;
MPRINT(EM_DIAGRAM):   filename emflow;
NOTE: Fileref EMFLOW has been deassigned.
192817     *------------------------------------------------------------*;
MPRINT(EM_DIAGRAM):    *------------------------------------------------------------*;
192818     * MdlComp3: Computing metadata for TRAIN data;
MPRINT(EM_DIAGRAM):   * MdlComp3: Computing metadata for TRAIN data;
192819     *------------------------------------------------------------*;
MPRINT(EM_DIAGRAM):   *------------------------------------------------------------*;

NOTE: View EMWS2.MDLCOMP3_TRAIN.VIEW used (Total process time):
      real time           0.10 seconds
      cpu time            0.09 seconds
      
MPRINT(EM_DIAGRAM):    *------------------------------------------------------------*;
MPRINT(EM_DIAGRAM):   * &nodeid: Computing Metadata for TRAIN data;
MPRINT(EM_DIAGRAM):   *------------------------------------------------------------*;
MPRINT(EMADVISECOLUMNS):   proc display c=sashelp.emmeta.advisecolumns.scl;
MPRINT(EMADVISECOLUMNS):   run;
MPRINT(EMADVISECOLUMNS):    options validvarname=any;
MPRINT(EMADVISECOLUMNS):   proc contents data=EMWS2.MdlComp3_TRAIN out=_tempAdvisor noprint;
MPRINT(EMADVISECOLUMNS):   run;
MPRINT(EMADVISECOLUMNS):   options validvarname=V7;
MPRINT(EMADVISECOLUMNS):    data _null_;
MPRINT(EMADVISECOLUMNS):   dsid = open('EMWS2.MdlComp3_TRAIN');
MPRINT(EMADVISECOLUMNS):   call symput('_dsidTable', strip(put(dsid, best.)));
MPRINT(EMADVISECOLUMNS):   if dsid then do;
MPRINT(EMADVISECOLUMNS):   call symput('_engineTable', attrc(dsid, 'ENGINE'));
MPRINT(EMADVISECOLUMNS):   dsid = close(dsid);
MPRINT(EMADVISECOLUMNS):   end;
MPRINT(EMADVISECOLUMNS):   run;
MPRINT(EMADVISECOLUMNS):    proc contents data=EMWS2.MdlComp3_TRAIN out=WORK.M3IGV9FA noprint;
MPRINT(EMADVISECOLUMNS):   run;
MPRINT(EMADVISECOLUMNS):    data WORK.M3IGV9FA;
MPRINT(EMADVISECOLUMNS):   length NAME $ 64 TYPE $ 1 LABEL $ 200 FORMAT $ 36 INFORMAT $36 INDEX $ 1 INDEXTYPE $ 9;
MPRINT(EMADVISECOLUMNS):   label NAME =;
MPRINT(EMADVISECOLUMNS):   set WORK.M3IGV9FA(keep=name type length label format formatl formatd informat informl informd idxusage rename=(type=itype));
MPRINT(EMADVISECOLUMNS):   if itype = 1 then type = 'N';
MPRINT(EMADVISECOLUMNS):   else type = 'C';
MPRINT(EMADVISECOLUMNS):   if formatl > 0 then do;
MPRINT(EMADVISECOLUMNS):   if format ne '' then do;
MPRINT(EMADVISECOLUMNS):   if type='N' then format = strip(format)!!strip(put(formatl, best12.))!!'.'!!strip(put(formatd, best12.));
MPRINT(EMADVISECOLUMNS):   else format = strip(format)!!strip(put(formatl, best12.))!!'.';
MPRINT(EMADVISECOLUMNS):   end;
MPRINT(EMADVISECOLUMNS):   else format = strip(put(formatl, best12.))!!'.'!!strip(put(formatd, best12.));
MPRINT(EMADVISECOLUMNS):   end;
MPRINT(EMADVISECOLUMNS):   else if format ne '' then format = strip(format)!!'.';
MPRINT(EMADVISECOLUMNS):   if informl > 0 then do;
MPRINT(EMADVISECOLUMNS):   if informat ne ' ' then do;
MPRINT(EMADVISECOLUMNS):   if type='N' then informat = strip(informat)!!strip(put(informl, best12.))!!'.'!!strip(put(informd, best12.));
MPRINT(EMADVISECOLUMNS):   else informat = strip(informat)!!strip(put(informl, best12.))!!'.';
MPRINT(EMADVISECOLUMNS):   end;
MPRINT(EMADVISECOLUMNS):   else informat = strip(put(informl, best12.))!!'.'!!strip(put(informd, best12.));
MPRINT(EMADVISECOLUMNS):   end;
MPRINT(EMADVISECOLUMNS):   else if informat ne '' then informat = strip(informat)!!'.';
MPRINT(EMADVISECOLUMNS):   if idxusage = 'NONE' then index ="N";
MPRINT(EMADVISECOLUMNS):   else index = "Y";
MPRINT(EMADVISECOLUMNS):   indextype = idxusage;
MPRINT(EMADVISECOLUMNS):   drop idxusage itype formatl formatd informl informd;
MPRINT(EMADVISECOLUMNS):   run;
MPRINT(EMADVISECOLUMNS):    data WORK.M3IGV9FA;
MPRINT(EMADVISECOLUMNS):   length UNAME $64;
MPRINT(EMADVISECOLUMNS):   set WORK.M3IGV9FA;
MPRINT(EMADVISECOLUMNS):   UNAME = upcase(NAME);
MPRINT(EMADVISECOLUMNS):   run;
MPRINT(EMADVISECOLUMNS):    proc sort data=WORK.M36CU10T NOTHREADS;
MPRINT(EMADVISECOLUMNS):   by UNAME;
MPRINT(EMADVISECOLUMNS):   run;
MPRINT(EMADVISECOLUMNS):    data WORK.M36CU10T;
MPRINT(EMADVISECOLUMNS):   drop UNAME;
MPRINT(EMADVISECOLUMNS):   set WORK.M36CU10T;
MPRINT(EMADVISECOLUMNS):   run;
MPRINT(EMADVISECOLUMNS):    data WORK.M0ZI6JNG(keep=NAME ATTR);
MPRINT(EMADVISECOLUMNS):   length ATTR $ 20;
MPRINT(EMADVISECOLUMNS):   set WORK.M36CU10T;
MPRINT(EMADVISECOLUMNS):   if level ne "INTERVAL" then do;
MPRINT(EMADVISECOLUMNS):   if order = ' ' then do;
MPRINT(EMADVISECOLUMNS):   attr = 'ORDER';
MPRINT(EMADVISECOLUMNS):   output;
MPRINT(EMADVISECOLUMNS):   end;
MPRINT(EMADVISECOLUMNS):   end;
MPRINT(EMADVISECOLUMNS):   if format ne ' ' and formattype = ' ' then do;
MPRINT(EMADVISECOLUMNS):   attr = 'FORMATTYPE';
MPRINT(EMADVISECOLUMNS):   output;
MPRINT(EMADVISECOLUMNS):   end;
MPRINT(EMADVISECOLUMNS):   if role = ' ' then do;
MPRINT(EMADVISECOLUMNS):   attr = 'ROLE';
MPRINT(EMADVISECOLUMNS):   output;
MPRINT(EMADVISECOLUMNS):   end;
MPRINT(EMADVISECOLUMNS):   if level = ' ' then do;
MPRINT(EMADVISECOLUMNS):   attr = 'LEVEL';
MPRINT(EMADVISECOLUMNS):   output;
MPRINT(EMADVISECOLUMNS):   end;
MPRINT(EMADVISECOLUMNS):   if type = ' ' then do;
MPRINT(EMADVISECOLUMNS):   attr = 'TYPE';
MPRINT(EMADVISECOLUMNS):   output;
MPRINT(EMADVISECOLUMNS):   end;
MPRINT(EMADVISECOLUMNS):   if index = ' ' then do;
MPRINT(EMADVISECOLUMNS):   attr = 'INDEX';
MPRINT(EMADVISECOLUMNS):   output;
MPRINT(EMADVISECOLUMNS):   end;
MPRINT(EMADVISECOLUMNS):   if report = ' ' then do;
MPRINT(EMADVISECOLUMNS):   attr = 'REPORT';
MPRINT(EMADVISECOLUMNS):   output;
MPRINT(EMADVISECOLUMNS):   end;
MPRINT(EMADVISECOLUMNS):   run;
MPRINT(EMADVISECOLUMNS):   proc sort NOTHREADS;
MPRINT(EMADVISECOLUMNS):   by attr;
MPRINT(EMADVISECOLUMNS):   run;
MPRINT(EMADVISECOLUMNS):    data WORK.M36CU10T;
MPRINT(EMADVISECOLUMNS):   length NAME $64 ROLE $ 32 LEVEL $ 10 ORDER $ 8 CREATOR $32 FORMATTYPE $ 10 FAMILY $ 10 LOWERLIMIT 8 UPPERLIMIT 8 REPORT $1 DISTRIBUTION $ 20 COMMENT $64;
MPRINT(EMADVISECOLUMNS):   length levelAssigned 8 roleAssigned 8 PRICE 8;
MPRINT(EMADVISECOLUMNS):   set WORK.M36CU10T;
MPRINT(EMADVISECOLUMNS):   if formattype = ' ' then do;
MPRINT(EMADVISECOLUMNS):   if format ne ' ' then do;
MPRINT(EMADVISECOLUMNS):   if type = 'N' then do;
MPRINT(EMADVISECOLUMNS):   pos = indexc(format,'.1234567890');
MPRINT(EMADVISECOLUMNS):   if pos > 1 then tempfmt = substr(format,1, pos-1);
MPRINT(EMADVISECOLUMNS):   else tempfmt = ' ';
MPRINT(EMADVISECOLUMNS):   flen = length(tempfmt);
MPRINT(EMADVISECOLUMNS):   select;
MPRINT(EMADVISECOLUMNS):   when(tempfmt in ("DATE" "DAY" "DDMMYY" "DOWNAME" "JULDAY" "JULIAN" "MMDDYY" "MMDDYYD" "MMDDYYC" "MMDDYYN" "MMDDYYP" "MMDDYYS" "MONNAME" "MONTH" "MONYY" "NENGO" "QTR" "QTRR" "WEEKDATE" "WEEKDATX" "WEEKDAY" "WORDDATE" "WORDDATX" 
"YEAR" "YYMMDD" "YYMON" "YYMMDDC" "YYMMDDD" "YYMMDDN" "YYMMDDP" "YYMMDDS" "EURDFDE" "NJDATE" "NLDATE" "EURDFDD" "EURDFDWN" "EURDFMN" "EURDFMY" "EURDFWK" "EURDFWKX" "EURDFWDX" "EURDFDN" "EURDFDE" )) formattype = 'DATE';
MPRINT(EMADVISECOLUMNS):   when(tempfmt in ("DATETIME" "EURDFDT" "TOD" )) formattype = "DATETIME";
MPRINT(EMADVISECOLUMNS):   when(tempfmt in ("HHMM" "HOUR" "MMSS" "TIME" "TIMEAMPM" )) formattype = "TIME";
MPRINT(EMADVISECOLUMNS):   when(tempfmt in ("COMMA" "COMMAX" "DOLLAR" "DOLLARX" "E" "FRACT" "NEGPAREN" "PERCENT")) formattype="QUANTITY";
MPRINT(EMADVISECOLUMNS):   when(tempfmt in ("BINARY" "HEX" "IB" "OCTAL" "PD" "PIB" "PK" "RB" "SSN" "Z" "ZD")) formattype = "CODING";
MPRINT(EMADVISECOLUMNS):   otherwise do;
MPRINT(EMADVISECOLUMNS):   formattype = "USER";
MPRINT(EMADVISECOLUMNS):   if compress(tempfmt, '0123456789.', '') = '' then formattype='NUM';
MPRINT(EMADVISECOLUMNS):   else if substr(tempfmt, 1, 6)='NLDATE' then formattype = "DATE";
MPRINT(EMADVISECOLUMNS):   else if substr(tempfmt, 1, 6)='NLDATM' then formattype = "DATETIME";
MPRINT(EMADVISECOLUMNS):   else if substr(tempfmt, 1, 4)='NLTIM' then formattype = "TIME";
MPRINT(EMADVISECOLUMNS):   else if flen >= 4 then do;
MPRINT(EMADVISECOLUMNS):   str = substr(tempfmt,1,4);
MPRINT(EMADVISECOLUMNS):   if str in ("MMYY" "YYMM" "YYQR") then formattype ="DATE";
MPRINT(EMADVISECOLUMNS):   else if str = "S370" then formattype = "CODING";
MPRINT(EMADVISECOLUMNS):   else if str = "BEST" then formattype = "NUM";
MPRINT(EMADVISECOLUMNS):   drop str;
MPRINT(EMADVISECOLUMNS):   end;
MPRINT(EMADVISECOLUMNS):   else if flen >=3 and substr(tempfmt,1,3) = "YYQ" then formatType = "DATE";
MPRINT(EMADVISECOLUMNS):   end;
MPRINT(EMADVISECOLUMNS):   end;
MPRINT(EMADVISECOLUMNS):   drop flen tempfmt pos;
MPRINT(EMADVISECOLUMNS):   end;
MPRINT(EMADVISECOLUMNS):   else do;
MPRINT(EMADVISECOLUMNS):   formatType = "CATEGORY";
MPRINT(EMADVISECOLUMNS):   end;
MPRINT(EMADVISECOLUMNS):   end;
MPRINT(EMADVISECOLUMNS):   if formatType = "NUM" then do;
MPRINT(EMADVISECOLUMNS):   if index = "Y" then formatType = "DISCRETE";
MPRINT(EMADVISECOLUMNS):   else formatType = "QUANTITY";
MPRINT(EMADVISECOLUMNS):   end;
MPRINT(EMADVISECOLUMNS):   end;
MPRINT(EMADVISECOLUMNS):   if level = ' ' then do;
MPRINT(EMADVISECOLUMNS):   if formatType in ("CATEGORY", "CODING", "ID") or type = "C" then level = "NOMINAL";
MPRINT(EMADVISECOLUMNS):   else level = "INTERVAL";
MPRINT(EMADVISECOLUMNS):   levelAssigned = 1;
MPRINT(EMADVISECOLUMNS):   end;
MPRINT(EMADVISECOLUMNS):   else level = upcase(level);
MPRINT(EMADVISECOLUMNS):   if role = ' ' then do;
MPRINT(EMADVISECOLUMNS):   length name_prefix $8 _uname $64;
MPRINT(EMADVISECOLUMNS):   drop name_prefix _uname _freqflag;
MPRINT(EMADVISECOLUMNS):   retain _freqflag;
MPRINT(EMADVISECOLUMNS):   if LENGTH> 80 then ROLE = 'TEXT';
MPRINT(EMADVISECOLUMNS):   _uname = upcase(NAME);
MPRINT(EMADVISECOLUMNS):   select(_uname);
MPRINT(EMADVISECOLUMNS):   when('_PARTIND_') do;
MPRINT(EMADVISECOLUMNS):   ROLE = 'ID';
MPRINT(EMADVISECOLUMNS):   LEVEL = 'NOMINAL';
MPRINT(EMADVISECOLUMNS):   end;
MPRINT(EMADVISECOLUMNS):   when('_WARN_') ROLE = 'ASSESS';
MPRINT(EMADVISECOLUMNS):   when('EM_SEGMENT') do;
MPRINT(EMADVISECOLUMNS):   ROLE = 'SEGMENT';
MPRINT(EMADVISECOLUMNS):   LEVEL = 'NOMINAL';
MPRINT(EMADVISECOLUMNS):   end;
MPRINT(EMADVISECOLUMNS):   when('_NODE_') do;
MPRINT(EMADVISECOLUMNS):   ROLE = 'SEGMENT';
MPRINT(EMADVISECOLUMNS):   LEVEL = 'NOMINAL';
MPRINT(EMADVISECOLUMNS):   end;
MPRINT(EMADVISECOLUMNS):   when('EM_CLASSTARGET') ROLE = 'ASSESS';
MPRINT(EMADVISECOLUMNS):   when('EM_VALUETARGET') ROLE = 'ASSESS';
MPRINT(EMADVISECOLUMNS):   when('EM_PREDICTION') ROLE = 'PREDICT';
MPRINT(EMADVISECOLUMNS):   when('EM_PROBABILITY') ROLE = 'PREDICT';
MPRINT(EMADVISECOLUMNS):   when('EM_EVENTPROBABILITY') ROLE = 'PREDICT';
MPRINT(EMADVISECOLUMNS):   when('EM_CLASSIFICATION') ROLE = 'CLASSIFICATION';
MPRINT(EMADVISECOLUMNS):   when('EM_DECISION') ROLE = 'DECISION';
MPRINT(EMADVISECOLUMNS):   when('EM_PROFIT') ROLE = 'ASSESS';
MPRINT(EMADVISECOLUMNS):   when('EM_LOSS') ROLE = 'ASSESS';
MPRINT(EMADVISECOLUMNS):   when('EM_ROI') ROLE = 'ASSESS';
MPRINT(EMADVISECOLUMNS):   when('URI') ROLE = 'URL';
MPRINT(EMADVISECOLUMNS):   when('FILTERED') ROLE = 'TEXTLOC';
MPRINT(EMADVISECOLUMNS):   otherwise do;
MPRINT(EMADVISECOLUMNS):   if upcase(NAME) =: 'ZIP' then do;
MPRINT(EMADVISECOLUMNS):   ROLE = 'REJECTED';
MPRINT(EMADVISECOLUMNS):   LEVEL = 'NOMINAL';
MPRINT(EMADVISECOLUMNS):   COMMENT = 'Rejected by: Exceed the maximum class level of %s';
MPRINT(EMADVISECOLUMNS):   end;
MPRINT(EMADVISECOLUMNS):   else if upcase(NAME) in('FREQ', 'FREQUENCY') then do;
MPRINT(EMADVISECOLUMNS):   ROLE = 'FREQ';
MPRINT(EMADVISECOLUMNS):   if TYPE = 'C' then ROLE = 'INPUT';
MPRINT(EMADVISECOLUMNS):   else if _freqflag =1 then ROLE='REJECTED';
MPRINT(EMADVISECOLUMNS):   end;
MPRINT(EMADVISECOLUMNS):   else do;
MPRINT(EMADVISECOLUMNS):   name_prefix = scan(_uname, 1, '_');
MPRINT(EMADVISECOLUMNS):   if scan(_uname, 2, '_') = '' then name_prefix='';
MPRINT(EMADVISECOLUMNS):   if name_prefix in('F', 'I', 'U') then do;
MPRINT(EMADVISECOLUMNS):   ROLE = 'CLASSIFICATION';
MPRINT(EMADVISECOLUMNS):   LEVEL = 'NOMINAL';
MPRINT(EMADVISECOLUMNS):   end;
MPRINT(EMADVISECOLUMNS):   else if name_prefix in('Q') then ROLE = 'ASSESS';
MPRINT(EMADVISECOLUMNS):   else if name_prefix in('P', 'V') then ROLE = 'PREDICT';
MPRINT(EMADVISECOLUMNS):   else if name_prefix in('R', 'RS', 'RT', 'RD', 'RDS', 'RDT', 'RA', 'RAS', 'RAT') then ROLE = 'RESIDUAL';
MPRINT(EMADVISECOLUMNS):   else if name_prefix ='D' then do;
MPRINT(EMADVISECOLUMNS):   ROLE = 'DECISION';
MPRINT(EMADVISECOLUMNS):   LEVEL = 'NOMINAL';
MPRINT(EMADVISECOLUMNS):   end;
MPRINT(EMADVISECOLUMNS):   else if name_prefix ='B' then do;
MPRINT(EMADVISECOLUMNS):   ROLE = 'SEGMENT';
MPRINT(EMADVISECOLUMNS):   LEVEL = 'NOMINAL';
MPRINT(EMADVISECOLUMNS):   end;
MPRINT(EMADVISECOLUMNS):   else if name_prefix in('EP', 'BP', 'CP', 'EL', 'CL', 'BL', 'ROI', 'IC') then ROLE = 'ASSESS';
MPRINT(EMADVISECOLUMNS):   else do;
MPRINT(EMADVISECOLUMNS):   array _ROLE_ (19) $32 _TEMPORARY_ ('ASSESS','CLASSIFICATION','CENSOR', 'COST', 'CROSSID', 'DECISION', 'ID','INPUT', 'LABEL', 'MISSING','PREDICT','REFERRER','REJECTED', 'RESIDUAL','SEGMENT', 'SEQUENCE','TARGET', 'TEXT', 'TIMEID');
MPRINT(EMADVISECOLUMNS):   drop _found_ i;
MPRINT(EMADVISECOLUMNS):   _found_=0;
MPRINT(EMADVISECOLUMNS):   do i=1 to 19 until(_found_=1);
MPRINT(EMADVISECOLUMNS):   if index(_uname, trim(_ROLE_{i}))=1 then do;
MPRINT(EMADVISECOLUMNS):   ROLE=_ROLE_{i};
MPRINT(EMADVISECOLUMNS):   if ROLE = 'ID' then LEVEL = 'NOMINAL';
MPRINT(EMADVISECOLUMNS):   else if ROLE = 'SEGMENT' then LEVEL = 'NOMINAL';
MPRINT(EMADVISECOLUMNS):   else if ROLE = 'TIMEID' and TYPE='N' then LEVEL = 'INTERVAL';
MPRINT(EMADVISECOLUMNS):   _found_=1;
MPRINT(EMADVISECOLUMNS):   end;
MPRINT(EMADVISECOLUMNS):   end;
MPRINT(EMADVISECOLUMNS):   if length(_uname)>2 then do;
MPRINT(EMADVISECOLUMNS):   if substr(reverse(trim(_uname)), 1, 3) = 'DI_' then do;
MPRINT(EMADVISECOLUMNS):   ROLE = 'ID';
MPRINT(EMADVISECOLUMNS):   LEVEL = 'NOMINAL';
MPRINT(EMADVISECOLUMNS):   end;
MPRINT(EMADVISECOLUMNS):   end;
MPRINT(EMADVISECOLUMNS):   end;
MPRINT(EMADVISECOLUMNS):   end;
MPRINT(EMADVISECOLUMNS):   end;
MPRINT(EMADVISECOLUMNS):   end;
MPRINT(EMADVISECOLUMNS):   if ROLE='FREQ' then _freqflag=1;
MPRINT(EMADVISECOLUMNS):   else if ROLE = 'CLASSIFICATION' then LEVEL = 'NOMINAL';
MPRINT(EMADVISECOLUMNS):   if symexist('RATEMKG_ROLE') then do;
MPRINT(EMADVISECOLUMNS):   if upcase(symget('RATEMKG_ROLE')) in('Y', 'YES') then do;
MPRINT(EMADVISECOLUMNS):   if _uname =: 'POLICY' then ROLE = 'POLICYID';
MPRINT(EMADVISECOLUMNS):   else if _uname in ('PARTITION', '_PARTIND_') then ROLE = 'PARTITION';
MPRINT(EMADVISECOLUMNS):   else if type = 'N' then do;
MPRINT(EMADVISECOLUMNS):   if _uname = 'EXPOSURE' then ROLE = 'EXPOSURE';
MPRINT(EMADVISECOLUMNS):   else if _uname = 'YEAR' then ROLE = 'YEAR';
MPRINT(EMADVISECOLUMNS):   else if _uname = 'WEIGHT' then ROLE = 'WEIGHT';
MPRINT(EMADVISECOLUMNS):   else if _uname = 'OFFSET' then ROLE = 'OFFSET';
MPRINT(EMADVISECOLUMNS):   end;
MPRINT(EMADVISECOLUMNS):   end;
MPRINT(EMADVISECOLUMNS):   end;
MPRINT(EMADVISECOLUMNS):   end;
MPRINT(EMADVISECOLUMNS):   if role = ' ' then do;
MPRINT(EMADVISECOLUMNS):   if formattype in('DATE', 'DATETIME', 'TIME') then role = 'TIMEID';
MPRINT(EMADVISECOLUMNS):   else role = 'INPUT';
MPRINT(EMADVISECOLUMNS):   roleAssigned = 1;
MPRINT(EMADVISECOLUMNS):   end;
MPRINT(EMADVISECOLUMNS):   else role = upcase(role);
MPRINT(EMADVISECOLUMNS):   if REPORT = '' then REPORT = 'N';
MPRINT(EMADVISECOLUMNS):   if symexist('dmwb_product') then do;
MPRINT(EMADVISECOLUMNS):   if upcase(symget('dmwb_product')) = 'FACTORYMINER_DATASOURCE' then do;
MPRINT(EMADVISECOLUMNS):   if ROLE ^in('INPUT', 'TARGET', 'REJECTED', 'SEGMENT', 'FREQ', 'ID', 'KEY') then ROLE='REJECTED';
MPRINT(EMADVISECOLUMNS):   end;
MPRINT(EMADVISECOLUMNS):   end;
MPRINT(EMADVISECOLUMNS):   run;
MPRINT(EMADVISECOLUMNS):    data WORK.M36CU10T;
MPRINT(EMADVISECOLUMNS):   set WORK.M36CU10T;
MPRINT(EMADVISECOLUMNS):   label NAME = "Variable Name" TYPE = "Type" ROLE = "Role" LEVEL= "Measurement Level" ORDER= "Order" CREATOR= "Creator" FORMATTYPE= "Format Type" FAMILY= "Family" DISTRIBUTION= "Distribution" PRICE= "Price" LOWERLIMIT= "Lower 
limit" UPPERLIMIT= "Upper Limit" REPORT= "Report" COMMENT= "Comment" INDEX= "Index" INDEXTYPE= "IndexType" LABEL= "Label" LENGTH= "Length";
MPRINT(EMADVISECOLUMNS):   drop levelAssigned roleAssigned;
MPRINT(EMADVISECOLUMNS):   run;
MPRINT(EMADVISECOLUMNS):   
MPRINT(EM_DIAGRAM):  ;
MPRINT(EM_DIAGRAM):   proc sort data=WORK.COLUMNMETA;
MPRINT(EM_DIAGRAM):   by NAME;
MPRINT(EM_DIAGRAM):   run;
MPRINT(EM_DIAGRAM):   *------------------------------------------------------------*;
MPRINT(EM_DIAGRAM):   * &nodeid: Merge incoming metadata;
MPRINT(EM_DIAGRAM):   *------------------------------------------------------------*;
MPRINT(EM_DIAGRAM):   proc contents data=EMWS2.MdlComp_TRAIN noprint out=_temp2(keep=NAME);
MPRINT(EM_DIAGRAM):   run;
MPRINT(EM_DIAGRAM):   proc sort data=_temp2;
MPRINT(EM_DIAGRAM):   by NAME;
MPRINT(EM_DIAGRAM):   run;
MPRINT(EM_DIAGRAM):   proc sort data=EMWS2.MdlComp_CMeta_TRAIN out=_temp;
MPRINT(EM_DIAGRAM):   by NAME;
MPRINT(EM_DIAGRAM):   run;
MPRINT(EM_DIAGRAM):   data EMWS2.MdlComp3_CMeta_TRAIN;
MPRINT(EM_DIAGRAM):   merge WORK.COLUMNMETA(in=_a) _temp2(in=_b) _temp(drop=FORMAT INFORMAT LENGTH INDEX INDEXTYPE in=_c) end=_eof_;
MPRINT(EM_DIAGRAM):   by NAME;
MPRINT(EM_DIAGRAM):   if (^_a and _b) or (^_c and _a and _b) then delete;
MPRINT(EM_DIAGRAM):   if ^_b then CREATOR = "MdlComp3";
MPRINT(EM_DIAGRAM):   run;
NOTE: View EMWS2.MDLCOMP3_TRAIN.VIEW used (Total process time):
      real time           0.10 seconds
      cpu time            0.09 seconds
      
NOTE: View EMWS2.MDLCOMP3_VALIDATE.VIEW used (Total process time):
      real time           0.15 seconds
      cpu time            0.09 seconds
      
NOTE: View EMWS2.MDLCOMP3_TEST.VIEW used (Total process time):
      real time           0.10 seconds
      cpu time            0.17 seconds
      
MPRINT(EM_DIAGRAM):    proc printto;
MPRINT(EM_DIAGRAM):   run;
