MPRINT(EM_DIAGRAM):    data _null_;
MPRINT(EM_DIAGRAM):   call symput('NLDATE', strip(put(date(), NLDATE.)));
MPRINT(EM_DIAGRAM):   call symput('NLTIME', strip(put(datetime(), NLTIME.)));
MPRINT(EM_DIAGRAM):   run;
MPRINT(EM_DIAGRAM):   data _null_;
MPRINT(EM_DIAGRAM):   nldate= sasmsg("sashelp.dmine", "log_date_note", 'N', "December 11, 2024" );
MPRINT(EM_DIAGRAM):   nltime= sasmsg("sashelp.dmine", "log_time_note", 'N', "00:18:42" );
MPRINT(EM_DIAGRAM):   put "*------------------------------------------------------------*";
MPRINT(EM_DIAGRAM):   put "* Score Log";
MPRINT(EM_DIAGRAM):   put nldate;
MPRINT(EM_DIAGRAM):   put nltime;
MPRINT(EM_DIAGRAM):   put "*------------------------------------------------------------*";
MPRINT(EM_DIAGRAM):   run;
*------------------------------------------------------------*
* Score Log
Date:                December 11, 2024
Time:                00:18:42
*------------------------------------------------------------*
MPRINT(EM_DIAGRAM):    filename O0L6WARW "\\uisnutvdiprof1a\redirected$\smupp\Documents\HU.PREDICTIVEANALYSIS\Workspaces\EMWS2\Ids2\EMSCORE.out" encoding="UTF-8" NOBOM;
MPRINT(EM_DIAGRAM):   proc printto print=O0L6WARW new;
MPRINT(EM_DIAGRAM):   run;
22765      *------------------------------------------------------------*;
MPRINT(EM_DIAGRAM):    *------------------------------------------------------------*;
22766      * Ids2: Computing metadata for DATA data;
MPRINT(EM_DIAGRAM):   * Ids2: Computing metadata for DATA data;
22767      *------------------------------------------------------------*;
MPRINT(EM_DIAGRAM):   *------------------------------------------------------------*;

NOTE: View EMWS2.IDS2_DATA.VIEW used (Total process time):
      real time           0.02 seconds
      cpu time            0.04 seconds
      
22768      data EMWS2.Ids2_EMINFO;
MPRINT(EM_DIAGRAM):    data EMWS2.Ids2_EMINFO;
22769      length TARGET KEY $32 DATA $43;
MPRINT(EM_DIAGRAM):   length TARGET KEY $32 DATA $43;
22770      TARGET="";
MPRINT(EM_DIAGRAM):   TARGET="";
22771      KEY="IDSTABLE";
MPRINT(EM_DIAGRAM):   KEY="IDSTABLE";
22772      DATA="HUDATA.HOUSING_80_TRAIN";
MPRINT(EM_DIAGRAM):   DATA="HUDATA.HOUSING_80_TRAIN";
22773      output;
MPRINT(EM_DIAGRAM):   output;
22774      TARGET="median_house_value";
MPRINT(EM_DIAGRAM):   TARGET="median_house_value";
22775      KEY="DECDATA";
MPRINT(EM_DIAGRAM):   KEY="DECDATA";
22776      DATA="EMWS2.Ids2_median_house_val_DD";
MPRINT(EM_DIAGRAM):   DATA="EMWS2.Ids2_median_house_val_DD";
22777      output;
MPRINT(EM_DIAGRAM):   output;
22778      TARGET="median_house_value";
MPRINT(EM_DIAGRAM):   TARGET="median_house_value";
22779      KEY="DECMETA";
MPRINT(EM_DIAGRAM):   KEY="DECMETA";
22780      DATA="EMWS2.Ids2_median_house_val_DM";
MPRINT(EM_DIAGRAM):   DATA="EMWS2.Ids2_median_house_val_DM";
22781      output;
MPRINT(EM_DIAGRAM):   output;
22782      run;
MPRINT(EM_DIAGRAM):   run;

NOTE: The data set EMWS2.IDS2_EMINFO has 3 observations and 3 variables.
NOTE: DATA statement used (Total process time):
      real time           0.04 seconds
      cpu time            0.01 seconds
      

NOTE: View EMWS2.IDS2_DATA.VIEW used (Total process time):
      real time           0.02 seconds
      cpu time            0.03 seconds
      
22783      data EMWS2.Ids2_CMeta_DATA;
MPRINT(EM_DIAGRAM):    data EMWS2.Ids2_CMeta_DATA;
22784      set EMWS2.Ids2_VariableSet;
MPRINT(EM_DIAGRAM):   set EMWS2.Ids2_VariableSet;
22785      drop DROP;
MPRINT(EM_DIAGRAM):   drop DROP;
22786      where DROP='N';
MPRINT(EM_DIAGRAM):   where DROP='N';
22787      run;
MPRINT(EM_DIAGRAM):   run;

NOTE: There were 11 observations read from the data set EMWS2.IDS2_VARIABLESET.
      WHERE DROP='N';
NOTE: The data set EMWS2.IDS2_CMETA_DATA has 11 observations and 20 variables.
NOTE: DATA statement used (Total process time):
      real time           0.07 seconds
      cpu time            0.00 seconds
      

MPRINT(EM_DIAGRAM):    proc printto;
MPRINT(EM_DIAGRAM):   run;
