MPRINT(EM_DIAGRAM):    data _null_;
MPRINT(EM_DIAGRAM):   call symput('NLDATE', strip(put(date(), NLDATE.)));
MPRINT(EM_DIAGRAM):   call symput('NLTIME', strip(put(datetime(), NLTIME.)));
MPRINT(EM_DIAGRAM):   run;
MPRINT(EM_DIAGRAM):   data _null_;
MPRINT(EM_DIAGRAM):   nldate= sasmsg("sashelp.dmine", "log_date_note", 'N', "December 11, 2024" );
MPRINT(EM_DIAGRAM):   nltime= sasmsg("sashelp.dmine", "log_time_note", 'N', "00:14:32" );
MPRINT(EM_DIAGRAM):   put "*------------------------------------------------------------*";
MPRINT(EM_DIAGRAM):   put "* Training Log";
MPRINT(EM_DIAGRAM):   put nldate;
MPRINT(EM_DIAGRAM):   put nltime;
MPRINT(EM_DIAGRAM):   put "*------------------------------------------------------------*";
MPRINT(EM_DIAGRAM):   run;
*------------------------------------------------------------*
* Training Log
Date:                December 11, 2024
Time:                00:14:32
*------------------------------------------------------------*
MPRINT(EM_DIAGRAM):    filename O2IDRYN9 "\\uisnutvdiprof1a\redirected$\smupp\Documents\HU.PREDICTIVEANALYSIS\Workspaces\EMWS3\FIMPORT\EMTRAIN.out" encoding="UTF-8" NOBOM;
MPRINT(EM_DIAGRAM):   proc printto print=O2IDRYN9 new;
MPRINT(EM_DIAGRAM):   run;
MPRINT(EM_DIAGRAM):    filename _LOG "\\uisnutvdiprof1a\redirected$\smupp\Documents\HU.PREDICTIVEANALYSIS\Workspaces\EMWS3\FIMPORT\EMLOG.log" encoding="UTF-8" NOBOM;
MPRINT(EM_DIAGRAM):    data _null_;
MPRINT(EM_DIAGRAM):   call symput('NLDATE', strip(put(date(), NLDATE.)));
MPRINT(EM_DIAGRAM):   call symput('NLTIME', strip(put(datetime(), NLTIME.)));
MPRINT(EM_DIAGRAM):   run;
MPRINT(EM_DIAGRAM):   data _null_;
MPRINT(EM_DIAGRAM):   nldate= sasmsg("sashelp.dmine", "log_date_note", 'N', "December 11, 2024" );
MPRINT(EM_DIAGRAM):   nltime= sasmsg("sashelp.dmine", "log_time_note", 'N', "00:14:32" );
MPRINT(EM_DIAGRAM):   file _LOG;
MPRINT(EM_DIAGRAM):   put "*------------------------------------------------------------*";
MPRINT(EM_DIAGRAM):   put "User:                smupp";
MPRINT(EM_DIAGRAM):   put nldate;
MPRINT(EM_DIAGRAM):   put nltime;
MPRINT(EM_DIAGRAM):   put "Site:                70080107";
MPRINT(EM_DIAGRAM):   put "Platform:            X64_10PRO";
MPRINT(EM_DIAGRAM):   put "Maintenance Release: 9.04.01M7P080520";
MPRINT(EM_DIAGRAM):   put "EM Version:          15.2";
MPRINT(EM_DIAGRAM):   put "* ";
MPRINT(EM_DIAGRAM):   run;
MPRINT(EM_DIAGRAM):    filename _LOGIN "\\uisnutvdiprof1a\redirected$\smupp\Documents\HU.PREDICTIVEANALYSIS\Workspaces\EMWS3\FIMPORT\EMTRAIN.log" encoding="UTF-8" NOBOM;
MPRINT(EM_COPYFILE):   data _null_;
MPRINT(EM_COPYFILE):   length line $20000;
MPRINT(EM_COPYFILE):   file _LOG MOD lrecl=20000;
MPRINT(EM_COPYFILE):   fid=fopen("_LOGIN",'i',20000,'v');
MPRINT(EM_COPYFILE):   if fid > 0 then do;
MPRINT(EM_COPYFILE):   do while(^fread(fid));
MPRINT(EM_COPYFILE):   rlen = frlen(fid);
MPRINT(EM_COPYFILE):   rc= fget(fid,line,20000);
MPRINT(EM_COPYFILE):   start = length(line)-length(left(line))+1;
MPRINT(EM_COPYFILE):   line=strip(line);
MPRINT(EM_COPYFILE):   put @start line;
MPRINT(EM_COPYFILE):   end;
MPRINT(EM_COPYFILE):   if fid > 0 then rc=fclose(fid);
MPRINT(EM_COPYFILE):   end;
MPRINT(EM_COPYFILE):   run;
MPRINT(EM_DIAGRAM):  ;
MPRINT(EM_DIAGRAM):   filename _LOGIN;
MPRINT(EM_DIAGRAM):    data _null_;
MPRINT(EM_DIAGRAM):   file _LOG mod;
MPRINT(EM_DIAGRAM):   put _page_;
MPRINT(EM_DIAGRAM):   run;
MPRINT(EM_DIAGRAM):   filename _LOGIN "\\uisnutvdiprof1a\redirected$\smupp\Documents\HU.PREDICTIVEANALYSIS\Workspaces\EMWS3\FIMPORT\EMSCORE.log" encoding="UTF-8" NOBOM;
MPRINT(EM_DIAGRAM):  ;
MPRINT(EM_DIAGRAM):   data _null_;
MPRINT(EM_DIAGRAM):   file _LOG mod;
MPRINT(EM_DIAGRAM):   put _page_;
MPRINT(EM_DIAGRAM):   run;
MPRINT(EM_DIAGRAM):    filename _LOGIN "\\uisnutvdiprof1a\redirected$\smupp\Documents\HU.PREDICTIVEANALYSIS\Workspaces\EMWS3\FIMPORT\EMREPORT.log" encoding="UTF-8" NOBOM;
MPRINT(EM_DIAGRAM):  ;
MPRINT(EM_DIAGRAM):   filename _LOGIN;
MPRINT(EM_DIAGRAM):    filename _LOG;
MPRINT(EM_DIAGRAM):    filename _OUT "\\uisnutvdiprof1a\redirected$\smupp\Documents\HU.PREDICTIVEANALYSIS\Workspaces\EMWS3\FIMPORT\EMOUTPUT.out" encoding="UTF-8" NOBOM;
MPRINT(EM_DIAGRAM):    data _null_;
MPRINT(EM_DIAGRAM):   call symput('NLDATE', strip(put(date(), NLDATE.)));
MPRINT(EM_DIAGRAM):   call symput('NLTIME', strip(put(datetime(), NLTIME.)));
MPRINT(EM_DIAGRAM):   run;
MPRINT(EM_DIAGRAM):   data _null_;
MPRINT(EM_DIAGRAM):   nldate= sasmsg("sashelp.dmine", "log_date_note", 'N', "December 11, 2024" );
MPRINT(EM_DIAGRAM):   nltime= sasmsg("sashelp.dmine", "log_time_note", 'N', "00:14:32" );
MPRINT(EM_DIAGRAM):   file _OUT;
MPRINT(EM_DIAGRAM):   put "*------------------------------------------------------------*";
MPRINT(EM_DIAGRAM):   put "User:                smupp";
MPRINT(EM_DIAGRAM):   put nldate;
MPRINT(EM_DIAGRAM):   put nltime;
MPRINT(EM_DIAGRAM):   put "*------------------------------------------------------------*";
MPRINT(EM_DIAGRAM):   put "* Training Output";
MPRINT(EM_DIAGRAM):   put "*------------------------------------------------------------*";
MPRINT(EM_DIAGRAM):   run;
MPRINT(EM_DIAGRAM):    filename _OUTIN "\\uisnutvdiprof1a\redirected$\smupp\Documents\HU.PREDICTIVEANALYSIS\Workspaces\EMWS3\FIMPORT\EMTRAIN.out" encoding="UTF-8" NOBOM;
MPRINT(EM_DIAGRAM):   ;
MPRINT(EM_COPYFILE):   data _null_;
MPRINT(EM_COPYFILE):   length line $20000;
MPRINT(EM_COPYFILE):   file _OUT MOD lrecl=20000;
MPRINT(EM_COPYFILE):   fid=fopen("_OUTIN",'i',20000,'v');
MPRINT(EM_COPYFILE):   if fid > 0 then do;
MPRINT(EM_COPYFILE):   do while(^fread(fid));
MPRINT(EM_COPYFILE):   rlen = frlen(fid);
MPRINT(EM_COPYFILE):   rc= fget(fid,line,20000);
MPRINT(EM_COPYFILE):   start = length(line)-length(left(line))+1;
MPRINT(EM_COPYFILE):   line=strip(line);
MPRINT(EM_COPYFILE):   put @start line;
MPRINT(EM_COPYFILE):   end;
MPRINT(EM_COPYFILE):   if fid > 0 then rc=fclose(fid);
MPRINT(EM_COPYFILE):   end;
MPRINT(EM_COPYFILE):   run;
MPRINT(EM_DIAGRAM):  ;
MPRINT(EM_DIAGRAM):   filename _OUTIN;
MPRINT(EM_DIAGRAM):    data _null_;
MPRINT(EM_DIAGRAM):   file _OUT mod;
MPRINT(EM_DIAGRAM):   put _page_;
MPRINT(EM_DIAGRAM):   put // "*------------------------------------------------------------*";
MPRINT(EM_DIAGRAM):   put "* Score Output";
MPRINT(EM_DIAGRAM):   put "*------------------------------------------------------------*";
MPRINT(EM_DIAGRAM):   run;
MPRINT(EM_DIAGRAM):    filename _OUTIN "\\uisnutvdiprof1a\redirected$\smupp\Documents\HU.PREDICTIVEANALYSIS\Workspaces\EMWS3\FIMPORT\EMSCORE.out" encoding="UTF-8" NOBOM;
MPRINT(EM_DIAGRAM):  ;
MPRINT(EM_DIAGRAM):   filename _OUTIN;
MPRINT(EM_DIAGRAM):    data _null_;
MPRINT(EM_DIAGRAM):   file _OUT mod;
MPRINT(EM_DIAGRAM):   put _page_;
MPRINT(EM_DIAGRAM):   put // "*------------------------------------------------------------*";
MPRINT(EM_DIAGRAM):   put "* Report Output";
MPRINT(EM_DIAGRAM):   put "*------------------------------------------------------------*";
MPRINT(EM_DIAGRAM):   run;
MPRINT(EM_DIAGRAM):    filename _OUTIN "\\uisnutvdiprof1a\redirected$\smupp\Documents\HU.PREDICTIVEANALYSIS\Workspaces\EMWS3\FIMPORT\EMREPORT.out" encoding="UTF-8" NOBOM;
MPRINT(EM_DIAGRAM):  ;
MPRINT(EM_DIAGRAM):   filename _OUTIN;
MPRINT(EM_DIAGRAM):    filename _OUT;
MPRINT(EM_DIAGRAM):    filename _emtool_ '\\uisnutvdiprof1a\redirected$\smupp\Documents\HU.PREDICTIVEANALYSIS\Workspaces\EMWS3\FIMPORT\EMRUNSTATUS.xml' encoding="UTF-8" NOBOM;
22384      proc freq data=EMWS3.FIMPORT_VariableSet noprint;
MPRINT(EM_DIAGRAM):    proc freq data=EMWS3.FIMPORT_VariableSet noprint;
22385      table ROLE*LEVEL/out=WORK.FIMPORTMETA;
MPRINT(EM_DIAGRAM):   table ROLE*LEVEL/out=WORK.FIMPORTMETA;
22386      run;
MPRINT(EM_DIAGRAM):   run;

NOTE: There were 10 observations read from the data set EMWS3.FIMPORT_VARIABLESET.
NOTE: The data set WORK.FIMPORTMETA has 2 observations and 4 variables.
NOTE: PROCEDURE FREQ used (Total process time):
      real time           0.04 seconds
      cpu time            0.03 seconds
      

22387      proc print data=WORK.FIMPORTMETA label noobs;
MPRINT(EM_DIAGRAM):   proc print data=WORK.FIMPORTMETA label noobs;
22388      var ROLE LEVEL COUNT;
MPRINT(EM_DIAGRAM):   var ROLE LEVEL COUNT;
22389      label ROLE = "%sysfunc(sasmsg(sashelp.dmine, meta_role_vlabel, NOQUOTE))" LEVEL = "%sysfunc(sasmsg(sashelp.dmine, meta_level_vlabel, NOQUOTE))" COUNT = "%sysfunc(sasmsg(sashelp.dmine, rpt_count_vlabel, NOQUOTE))";
MPRINT(EM_DIAGRAM):   label ROLE = "Role" LEVEL = "Measurement Level" COUNT = "Frequency Count";
22390      title9 ' ';
MPRINT(EM_DIAGRAM):   title9 ' ';
22391      title10 "%sysfunc(sasmsg(sashelp.dmine, rpt_varSummary_title  , NOQUOTE))";
MPRINT(EM_DIAGRAM):   title10 "Variable Summary";
MPRINT(EM_DIAGRAM):   run;
22392      run;

NOTE: There were 2 observations read from the data set WORK.FIMPORTMETA.
NOTE: The PROCEDURE PRINT printed page 1.
NOTE: PROCEDURE PRINT used (Total process time):
      real time           0.01 seconds
      cpu time            0.00 seconds
      

22393      title10;
MPRINT(EM_DIAGRAM):   title10;
22394      %let EMEXCEPTIONSTRING=;
MPRINT(EM_DIAGRAM):     *------------------------------------------------------------*;
MPRINT(EM_DIAGRAM):   * FIMPORT: Generation of macros and macro variables;
MPRINT(EM_DIAGRAM):   * To see the code generated, set the EM_DEBUG macro variable to SOURCE or _ALL_;
MPRINT(EM_DIAGRAM):   *------------------------------------------------------------*;
MPRINT(EM_DIAGRAM):   *------------------------------------------------------------*;
MPRINT(EM_DIAGRAM):   * FIMPORT: EM Macro Variables and Macros;
MPRINT(EM_DIAGRAM):   *------------------------------------------------------------*;
MPRINT(EM_DIAGRAM):   *------------------------------------------------------------* ;
MPRINT(EM_DIAGRAM):   * System Macro Variables;
MPRINT(EM_DIAGRAM):   *------------------------------------------------------------* ;
MPRINT(EM_DIAGRAM):   data _null_;
MPRINT(EM_DIAGRAM):   length string $2000;
MPRINT(EM_DIAGRAM):   string = 'VV.PREDICTIVEANALYSIS';
MPRINT(EM_DIAGRAM):   call symput('EM_PROJECTNAME', trim(string));
MPRINT(EM_DIAGRAM):   string = 'DATA SAVE';
MPRINT(EM_DIAGRAM):   call symput('EM_WSNAME', trim(string));
MPRINT(EM_DIAGRAM):   run;
MPRINT(EM_DIAGRAM):   *------------------------------------------------------------* ;
MPRINT(EM_DIAGRAM):   * Properties Macro Variables ;
MPRINT(EM_DIAGRAM):   *------------------------------------------------------------* ;
MPRINT(EM_DIAGRAM):   *------------------------------------------------------------*;
MPRINT(EM_DIAGRAM):   * Files Macro Variables;
MPRINT(EM_DIAGRAM):   *------------------------------------------------------------*;
MPRINT(EM_DIAGRAM):   *------------------------------------------------------------*;
MPRINT(EM_DIAGRAM):   * Import Macro Variables;
MPRINT(EM_DIAGRAM):   *------------------------------------------------------------*;
MPRINT(EM_DIAGRAM):   *------------------------------------------------------------*;
MPRINT(EM_DIAGRAM):   * Export Macro Variables;
MPRINT(EM_DIAGRAM):   *------------------------------------------------------------*;
MPRINT(EM_DIAGRAM):   *------------------------------------------------------------*;
MPRINT(EM_DIAGRAM):   * Decision Macro Variables;
MPRINT(EM_DIAGRAM):   *------------------------------------------------------------*;
MPRINT(EM_DIAGRAM):   *------------------------------------------------------------*;
MPRINT(EM_DIAGRAM):   * Statement Macro Variables;
MPRINT(EM_DIAGRAM):   *------------------------------------------------------------*;
MPRINT(EM_DIAGRAM):   *------------------------------------------------------------*;
MPRINT(EM_DIAGRAM):   * Variable Macros;
MPRINT(EM_DIAGRAM):   *------------------------------------------------------------*;
MPRINT(EM_DIAGRAM):   *------------------------------------------------------------*;
MPRINT(EM_DIAGRAM):   * General Variable Macros;
MPRINT(EM_DIAGRAM):   *------------------------------------------------------------*;
MPRINT(EM_DIAGRAM):   *------------------------------------------------------------*;
MPRINT(EM_DIAGRAM):   * Target Variable Macros;
MPRINT(EM_DIAGRAM):   *------------------------------------------------------------*;
MPRINT(EM_DIAGRAM):   *------------------------------------------------------------*;
MPRINT(EM_DIAGRAM):   * Input Variable Macros;
MPRINT(EM_DIAGRAM):   *------------------------------------------------------------*;
MPRINT(EM_DIAGRAM):   *------------------------------------------------------------*;
MPRINT(EM_DIAGRAM):   * Rejected Variable Macros;
MPRINT(EM_DIAGRAM):   *------------------------------------------------------------*;
MPRINT(EM_DIAGRAM):   *------------------------------------------------------------*;
MPRINT(EM_DIAGRAM):   * Misc Variable Macros;
MPRINT(EM_DIAGRAM):   *------------------------------------------------------------*;
MPRINT(EM_DIAGRAM):   *------------------------------------------------------------*;
MPRINT(EM_DIAGRAM):   * End Create EM Macro Variables and Macros;
MPRINT(EM_DIAGRAM):   *------------------------------------------------------------*;
22722      *------------------------------------------------------------*;
MPRINT(EM_DIAGRAM):    *------------------------------------------------------------*;
22723      * FIMPORT: Generation of macros and macro variables;
MPRINT(EM_DIAGRAM):   * FIMPORT: Generation of macros and macro variables;
22724      * To see the code generated, set the EM_DEBUG macro variable to SOURCE or _ALL_;
MPRINT(EM_DIAGRAM):   * To see the code generated, set the EM_DEBUG macro variable to SOURCE or _ALL_;
22725      *------------------------------------------------------------*;
MPRINT(EM_DIAGRAM):   *------------------------------------------------------------*;

22726      %let EMEXCEPTIONSTRING=;
22727      *------------------------------------------------------------*;
MPRINT(EM_DIAGRAM):    *------------------------------------------------------------*;
22728      * TRAIN: FIMPORT;
MPRINT(EM_DIAGRAM):   * TRAIN: FIMPORT;
22729      *------------------------------------------------------------*;
MPRINT(EM_DIAGRAM):   *------------------------------------------------------------*;
22730      %let EM_ACTION = TRAIN;
22731      %let syscc = 0;
22732      /* Fimport.source */
22733      %macro main;
22734            %if %upcase(&EM_ACTION) = CREATE %then %do;
22735               filename temp catalog 'sashelp.emsamp.Fimport_create.source';
22736               %include temp;
22737               filename temp;
22738               %create;
22739            %end;
22740            %else
22741            %if %upcase(&EM_ACTION) = TRAIN %then %do;
22742               filename temp catalog 'sashelp.emsamp.Fimport_train.source';
22743               %include temp;
22744               filename temp;
22745               %train;
22746            %end;
22747            %else
22748            %if %upcase(&EM_ACTION) = UPDATE %then %do;
22749               filename temp catalog 'sashelp.emsamp.Fimport_update.source';
22750               %include temp;
22751               filename temp;
22752               %update;
22753            %end;
22754            %else
22755            %if %upcase(&EM_ACTION) = PROPERTY %then %do;
22756               filename temp catalog 'sashelp.emsamp.Fimport_actions.source';
22757               %include temp;
22758               filename temp;
22759               %property;
22760            %end;
22761             %else
22762            %if %upcase(&EM_ACTION) = SCORE %then %do;
22763               filename temp catalog 'sashelp.emsamp.Fimport_score.source';
22764               %include temp;
22765               filename temp;
22766               %score;
22767            %end;
22768            %else
22769            %if %upcase(&EM_ACTION) = REPORT %then %do;
22770               filename temp catalog 'sashelp.emsamp.Fimport_report.source';
22771               %include temp;
22772               filename temp;
22773               %report;
22774            %end;
22775            %else
22776            %if %upcase(&EM_ACTION) = OPENVARIABLESET %then %do;
22777               filename temp catalog 'sashelp.emsamp.Fimport_actions.source';
22778               %include temp;
22779               filename temp;
22780               %openvariableset;
22781            %end;
22782            %else
22783            %if %upcase(&EM_ACTION) = CLOSEVARIABLESET %then %do;
22784               filename temp catalog 'sashelp.emsamp.Fimport_actions.source';
22785               %include temp;
22786               filename temp;
22787               %closevariableset;
22788            %end;
22789      %mend main;
22790      %main;
MPRINT(EM_DIAGRAM):    
MPRINT(MAIN):   filename temp catalog 'sashelp.emsamp.Fimport_train.source';
NOTE: %INCLUDE (level 1) file TEMP is file SASHELP.EMSAMP.FIMPORT_TRAIN.SOURCE.
22791     +%EM_GETNAME(key=USERIMPORTFILE, type=FILE, extension=txt);
MPRINT(MAIN):  ;
22792     +%macro appendExt;
22793     +   data _null_;
22794     +      tempuif =  trim("&EM_USER_USERIMPORTFILE");
22795     +      rfile = reverse(tempuif);
22796     +      period = indexc(rfile,".");
22797     +      uif = substr(tempuif, 1, length(tempuif)- period+1);
22798     +      newuif = trim(uif)||trim("&EM_PROPERTY_FILETYPE");
22799     +      call symput("EM_USER_USERIMPORTFILE",%bquote(newuif));
22800     +   run;
22801     +%mend appendExt;
22803     +%macro getNobs(ds);
22804     + %global dset nobs;
22805     + %let dset=&ds;
22806     + %let dsid = %sysfunc(open(&dset));
22807     + %if &dsid %then %do;
22808     +      %let nobs =%sysfunc(attrn(&dsid,nobs));
22809     +      %let rc = %sysfunc(close(&dsid));
22810     +   %end;
22811     + %else %put open for data set &dset failed - %sysfunc(sysmsg());
22812     +%mend getNobs;
22813     +%macro keepordrop;
22814     +  proc contents data=work.importfile noprint
22815     +  out=work.importattrs;
22816     +  run;
22817     +  %getNobs(work.importattrs);
22818     +  data _null_;
22819     +    set  work.importattrs;
22820     +    call symput("varname"||left(_n_),name);
22821     +  run;
22823     +  %put nobs=&nobs  maxcols=&EM_PROPERTY_MAXCOLS;
22824     +  /* importattrs contains 1 observation for each VARIABLE in the data set. */
22825     +  %if &nobs > &EM_PROPERTY_MAXCOLS %then %do;
22826     +     %let diff = %eval(&nobs - &EM_PROPERTY_MAXCOLS);
22827     +     %put diff=&diff;
22828     +     %if %eval(&diff ge &EM_PROPERTY_MAXCOLS) %then %do;
22829     +         %let kORd = keep;
22830     +             %let start=1;
22831     +             %let end = &EM_PROPERTY_MAXCOLS;
22832     +       %end;
22833     +     %else %do;
22834     +         %let kORd = drop;
22835     +             %let start = &EM_PROPERTY_MAXCOLS + 1;
22836     +             %let end = &nobs;
22837     +       %end;
22838     +     data &em_user_data;
22839     +        set &em_user_data;
22840     +        &kORd
22841     +        %do i = &start %to &end;
22842     +            &&varname&i
22843     +         %end;
22844     +        ;
22845     +     run;
22846     +%end;
22847     +%mend keepordrop;
22848     +%macro dropformatvars;
22849     +   %put fmtcnt=&fmtcnt;
22850     +   data new;
22851     +     set work.importfile;
22852     +     %do i = 1 %to &fmtcnt;
22853     +       x1zy&i =put(&&varname&i,&&fmt&i);
22854     +     %end;
22855     +   run;
22856     +   data new;
22857     +     set new;
22858     +     drop
22859     +     %do i = 1 %to &fmtcnt;
22860     +     &&varname&i
22861     +     %end;
22862     +     ;
22863     +   run;
22864     +   proc datasets library=work nolist;
22865     +     modify new;
22866     +     %do i = 1 %to &fmtcnt;
22867     +     rename x1zy&i=&&varname&i;
22868     +     %end;
22869     +   run; quit;
22870     +   data work.importfile;
22871     +     set new;
22872     +   run;
22873     +%mend;
22875     +%macro procimport(out=);
22876     +   %if %upcase(&EM_PROPERTY_FILETYPE)=MDB %then %do;
22877     +      proc import table=%sysfunc(trim(&EM_PROPERTY_ACCESSTABLE))
22878     +         out=&out
22879     +         dbms = ACCESS
22880     +         replace;
22881     +         database="%trim(&_IFILENAME)"
22882     +   %end;
22883     +   %else %do;
22884     +       proc import datafile="%trim(&_IFILENAME)"
22885     +          out=&out
22887     +      %put filetype=*&EM_PROPERTY_FILETYPE.*;
22888     +      %put delimiter=*&EM_PROPERTY_DELIMITER.*;
22889     +      %if %upcase(&EM_PROPERTY_FILETYPE) ^= TXT %then %do;
22890     +         dbms=&EM_PROPERTY_FILETYPE
22891     +      %end;
22892     +      %else %do;
22893     +         dbms=TAB
22894     +      %end;
22895     +      /* Work around for the following defects:S0560899 and S0560009.   */
22896     +      %let sasEnv=%sysfunc(getlocenv());
22897     +      %if %upcase(&EM_PROPERTY_FILETYPE) = XLS and %upcase(&sasEnv) ^= SBCS %then %do;
22898     +         dbms=EXCEL
22899     +      %end;
22901     +      replace;
22902     +      %if %substr(%upcase(&EM_PROPERTY_FILETYPE),1,2)=WK | %upcase(&EM_PROPERTY_FILETYPE)=XLS
22903     +       | %upcase(&EM_PROPERTY_FILETYPE)=DLM | %upcase(&EM_PROPERTY_FILETYPE)=CSV
22904     +       | %upcase(&EM_PROPERTY_FILETYPE)=TAB | %upcase(&EM_PROPERTY_FILETYPE)=TXT %then %do;
22905     +        %if %length(&EM_PROPERTY_NAMEROW) > 0 %then %do;
22906     +            getnames=&EM_PROPERTY_NAMEROW;
22907     +        %end;
22908     +      %end;
22909     +      %if %upcase(&EM_PROPERTY_FILETYPE)=CSV | %upcase(&EM_PROPERTY_FILETYPE)=DLM |
22910     +          %upcase(&EM_PROPERTY_FILETYPE=TXT)  %then %do;
22911     +         %if (%length(%trim(%bquote(&EM_PROPERTY_DELIMITER))) > 0) %then %do;
22912     +            %if "%upcase(&EM_PROPERTY_DELIMITER)"="SP" %then %do;
22913     +               delimiter=" ";
22914     +            %end;
22915     +            %else %if "%upcase(&EM_PROPERTY_DELIMITER)"="TAB" %then %do;
22916     +               /* Do not specifiy a delimiter */
22917     +            %end;
22918     +            %else %do;
22919     +               delimiter="&EM_PROPERTY_DELIMITER";
22920     +            %end;
22921     +         %end;
22922     +         %if %eval(&EM_PROPERTY_SKIPROWS > 0) %then %do;
22923     +            datarow=&EM_PROPERTY_SKIPROWS;
22924     +            /* Guessingrows must be >= skiprows */
22925     +            %if %eval(&EM_PROPERTY_GUESSROWS < &EM_PROPERTY_SKIPROWS ) %then %do;
22926     +              %let EM_PROPERTY_GUESSROWS = &EM_PROPERTY_SKIPROWS;
22927     +            %end;
22928     +         %end;
22929     +         %if %eval(&EM_PROPERTY_GUESSROWS > 0) %then %do;
22930     +            guessingrows=&EM_PROPERTY_GUESSROWS;
22931     +         %end;
22932     +       %end;
22933     +      %if %upcase(&EM_PROPERTY_FILETYPE)=DTA | %upcase(&EM_PROPERTY_FILETYPE)=JMP
22934     +                 | %upcase(&EM_PROPERTY_FILETYPE)=SAV %then %do;
22935     +            FMTLIB = work.formats;
22936     +      %end;
22937     +   %end;
22938     +   run;
22939     +%mend procimport;
22941     +%macro train;
22943     +   %let vvnString = %sysfunc(getoption(validvarname));
22945     +   %em_getname(key=DATA,           type=DATA);
22946     +   %em_getname(key=EMCMETADEFAULT, type=DATA);
22947     +   %em_getname(key=EMTMETADEFAULT, type=DATA);
22948     +   %em_getname(key=EMSTATDEFAULT, type=DATA);
22950     +   %appendExt;
22952     +   %let _IFILENAME = %nrbquote(%trim(&EM_PROPERTY_IFILENAME));
22953     +   %if %upcase(&EM_PROPERTY_IMPORTTYPE) = LOCAL %then %do;
22954     +       %if %nrbquote(%sysfunc(fileexist(&EM_USER_USERIMPORTFILE))) %then
22955     +           %let _IFILENAME = %nrbquote(&EM_USER_USERIMPORTFILE);
22956     +   %end;
22958     +   %if ^%sysfunc(fileexist(%nrbquote(&_IFILENAME))) %then %do;
22959     +       %let EMEXCEPTIONSTRING = exception.server.EMTOOL.NOTRAININGCODEFILE,%nrbquote(&_IFILENAME);
22960     +       %goto endtrain;
22961     +   %end;
22963     +   options validvarname=ANY;
22964     +   %procimport(out=work.importfile);
22966     +   %if %upcase(&EM_PROPERTY_FILETYPE) = DTA | %upcase(&EM_PROPERTY_FILETYPE) = JMP
22967     +              | %upcase(&EM_PROPERTY_FILETYPE)=SAV %then %do;
22968     +      %global fmtcnt;
22969     +      %let fmtcnt=0;
22970     +      proc contents data=work.importfile out=work.impattrs noprint;
22971     +      run;
22972     +      data _null_;
22973     +        set work.impattrs;
22974     +        if _n_=1 then i=0;
22975     +        if substr(format,1,1) ^= "$" and length(trim(format)) > 1 then do;
22976     +           i = i+1;
22977     +           varname = substr(name, 1, length(name));
22978     +           call symput("fmt"||left(i), trim(format)||".");
22979     +           call symput("varname"||left(i), varname);
22980     +           call symput("fmtcnt",left(i));
22981     +      end;
22982     +      retain i;
22983     +     run;
22984     +    %if &fmtcnt > 0 %then %do;
22985     +       %dropformatvars;
22986     +    %end;
22987     +    proc datasets lib=work memtype=data nolist;
22988     +        modify importfile;
22989     +        attrib _all_ format=;
22990     +    run;
22991     +    quit;
22992     +   %end;
22994     +   %let _fimportObs  = 0;
22995     +   %let _fimportVars = 0;
22996     +   %if %sysfunc(exist(work.importFile)) %then %do;
22997     +       %let dsid = %sysfunc(open(work.importFile));
22998     +       %if &dsid %then %do;
22999     +           %let _fimportObs  = %sysfunc(attrn(&dsid, NOBS));
23000     +           %let _fimportVars = %sysfunc(attrn(&dsid, NVARS));
23001     +       %let dsid = %sysfunc(close(&dsid));
23002     +       %end;
23003     +   %end;
23005     +   %if ^&_fimportObs %then %do;
23006     +       %let EMEXCEPTIONSTRING = exception.server.EMTOOL.FILE_NO_OBS;
23007     +       %goto endtrain;
23008     +   %end;
23009     +   %if ^&_fimportVars %then %do;
23010     +       %let EMEXCEPTIONSTRING = exception.server.EMTOOL.FILE_NO_VARS;
23011     +       %goto endtrain;
23012     +   %end;
23014     +   data &em_user_data;
23015     +      set work.importfile(obs=&EM_PROPERTY_MAXROWS);
23016     +   run;
23017     +   %keepordrop;
23019     +   %em_getname(key=EMSTAT,     type=DATA);
23021     +   proc datasets lib=&em_lib nolist;
23022     +      delete &em_nodeid._EMSTATDEFAULT &em_nodeid._EMINFO;
23023     +   run;
23025     +   %if "&em_property_advancedadvisor" eq "Y" %then %do;
23026     +        %EmAdviseColumns(&em_user_data, applyIntervalLevelLowerLimit=Y,
23027     +            intervalLevelLowerLimit=20, applyMaxPercentMissing=Y,
23028     +            maxPercentMissing=50, applyMaxClassLevels=Y,
23029     +            maxClassLevels=20, identifyEmptyColumns=Y,
23030     +            outdata=&em_user_EMCMETADEFAULT,
23031     +            computeStat=Y, statisticData=&em_user_EMSTATDEFAULT);
23033     +        data &em_user_emcmetadefault;
23034     +           set &em_user_emcmetadefault;
23035     +           drop nlevel pctmiss min max mean std skewness kurtosis;
23036     +        run;
23038     +        data &em_data_eminfo;
23039     +           length TARGET KEY $32  DATA $43;
23040     +           TARGET=""; KEY="STATS"; DATA="&em_user_emstatdefault"; output;
23041     +        run;
23043     +        %let EM_META_ADVISOR=ADVANCED;
23045     +   %end;
23046     +   %else %do;
23047     +       %EmAdviseColumns(&em_user_data, applyIntervalLevelLowerLimit=N,
23048     +            applyMaxPercentMissing=N, applyMaxClassLevels=N,
23049     +            identifyEmptyColumns=N,   maxLevelDetection=0,
23050     +            outdata=&em_user_EMCMETADEFAULT, computeStat=N, statisticData=WORK.STATISTIC);
23052     +            %if "&em_property_summarize" eq "Y" %then %do;
23053     +                %em_getname(key=EMSTAT,  type=DATA);
23054     +                data &em_data_eminfo;
23055     +                   length TARGET KEY $32  DATA $43;
23056     +                   TARGET=""; KEY="STATS"; DATA="&em_user_emstat"; output;
23057     +                run;
23058     +            %end;
23060     +        %let EM_META_ADVISOR=BASIC;
23062     +   %end;
23064     +   %em_getname(key=VVNLABEL, type=FILE, extension=sas);
23065     +   data _null_;
23066     +      fname = '_text';
23067     +      rc=filename(fname, "&em_user_vvnlabel");
23068     +      if ^rc and fexist(fname) then
23069     +         rc=fdelete(fname);
23070     +     rc=filename(fname);
23071     +   run;
23074     +   /* Validvarname Case */
23075     +   %let newNameFlag = 0;
23076     +   %if %sysfunc(exist(&em_user_EMCMETADEFAULT)) %then %do;
23077     +       %let dsid = %sysfunc(open(&em_user_EMCMETADEFAULT));
23078     +        %if &dsid %then %do;
23079     +            %let newNameFlag = %sysfunc(varnum(&dsid, NEWNAME));
23080     +            %let dsid = %sysfunc(close(&dsid));
23081     +       %end;
23082     +   %end;
23084     +   %if %sysevalf(&newNameFlag>0) %then %do;
23085     +       proc contents data=work.importfile noprint out=work._any(keep=VARNUM NAME LABEL);
23086     +       run;
23087     +       proc sort data=work._any; by VARNUM; run; quit;
23089     +       options validvarname=V7;
23091     +       %procimport(out=work.importfile2);
23093     +       options validvarname=ANY;
23095     +       proc contents data=work.importfile2 noprint out=work._v7(rename=(NAME=V7NAME) keep=VARNUM NAME LABEL);
23096     +       run;
23097     +       proc sort data=work._v7; by varnum; run; quit;
23099     +       filename _FI "&em_user_vvnlabel";
23100     +       data work._names;
23101     +          length string $200;
23102     +          merge work._v7 work._any;
23103     +          by VARNUM;
23104     +          file _FI;
23105     +          if V7NAME ne NAME then do;
23106     +             string = trim(V7NAME)!!'= "'!!tranwrd(trim(NAME), '"', '""')!!'"n;';
23107     +             put string;
23108     +             if LABEL eq '' then do;
23109     +                string = 'Label '!!trim(V7NAME)!!"='"!!tranwrd(trim(NAME), "'", "''")!!"';";
23110     +                put string;
23111     +             end;
23112     +             string='drop "'!!tranwrd(trim(NAME), '"', '""')!!'"n;';
23113     +             put string;
23114     +          end;
23115     +          drop string;
23116     +       run;
23117     +       data &em_user_data;
23118     +          set &em_user_data;
23119     +          %if %sysfunc(fileexist(%nrbquote(&em_user_vvnlabel))) %then %do;
23120     +              filename _FI "&em_user_vvnlabel";
23121     +              %inc _FI;
23122     +             filename _FI;
23123     +          %end;
23124     +       run;
23126     +       proc sort data=&em_user_EMCMETADEFAULT; by NAME; run;
23127     +       proc sort data=work._names;             by NAME; run;
23129     +       data &em_user_EMCMETADEFAULT;
23130     +         merge  &em_user_EMCMETADEFAULT _names;
23131     +         by NAME;
23132     +         length DROP $1;
23133     +         DROP='N';
23134     +         if NEWNAME ne NAME then do;
23135     +            if LABEL eq '' then do;
23136     +               LABEL = NAME;
23137     +            end;
23138     +            NAME=V7NAME;
23139     +         end;
23140     +         drop NEWNAME V7NAME VARNUM;
23141     +       run;
23143     +       proc datasets lib=work nolist;
23144     +          delete _any _v7 _names importfile2;
23145     +       run;
23146     +       quit;
23148     +   %end;
23149     +   %else %do;
23150     +       data &em_user_EMCMETADEFAULT;
23151     +          set &em_user_EMCMETADEFAULT;
23152     +          length DROP $1;
23153     +          DROP='N';
23154     +       run;
23155     +   %end;
23157     +    %EmAdviseTable(&em_user_data, outdata=&em_user_EMTMETADEFAULT, newdataflag=Y);
23159     +   data _temp;
23160     +      set &em_user_emtmetadefault(rename=(ROLE=PORT MEMNAME=DATASET CRDATE=MODTIME));
23161     +      keep PORT LIBNAME DATASET MODTIME COLUMNMETA COLUMNMETAMODTIME NOBS;
23162     +      PORT='DATA'; COLUMNMETA="&em_nodeid._EMCMETADEFAULT";
23163     +      COLUMNMETAMODTIME=MODTIME;
23164     +   run;
23165     +   proc sort data=&em_data_importset;
23166     +      by PORT;
23167     +   run;
23168     +   data &em_data_importset;
23169     +      merge &em_data_importset _temp;
23170     +      by PORT;
23171     +      if PORT='DATA' then ROLE="&em_property_role";
23172     +   run;
23174     +    %em_getname(key=VARIABLESETDELTA, type=FILE, extension=txt);
23176     +    %if %sysfunc(exist(&em_user_emcmetadefault)) %then %do;
23177     +        %if %sysfunc(fileexist(&em_user_variablesetdelta)) %then %do;
23178     +            filename x "&em_user_variablesetdelta";
23179     +            data &em_data_variableset;
23180     +               set &em_user_emcmetadefault;
23181     +               %inc X;
23182     +            run;
23183     +            filename x;
23184     +        %end;
23185     +        %else %do;
23186     +            data &em_data_variableset;
23187     +               set &em_user_emcmetadefault;
23188     +            run;
23189     +        %end;
23190     +    %end;
23192     +   %if %sysfunc(exist(&em_data_variableset)) and %sysfunc(exist(&em_user_emcmetadefault)) %then %do;
23193     +      proc compare compare=&em_data_variableset base=&em_user_emcmetadefault
23194     +         noprint outnoequal outbase outcomp out=_DiffMeta noprint;
23195     +         id NAME;
23196     +      run;
23198     +         filename x1 "&EM_FILE_CDELTA_TRAIN";
23199     +         data _null_;
23200     +            length string $200;
23201     +            set _DiffMeta end=eof;
23202     +            where _type_='COMPARE';
23203     +            file x1;
23204     +            string = 'if NAME="'!!strip(NAME)!!'" then do;';
23205     +            put string;
23206     +            string = '   ROLE="'!!strip(ROLE)!!'";';
23207     +            put string;
23208     +            string=  '   LEVEL="'!!strip(LEVEL)!!'";';
23209     +            put string;
23210     +            string = '   ORDER="'!!strip(ORDER)!!'";';
23211     +            put string;
23212     +            put 'end;';
23213     +            if drop='Y' then do;
23214     +               string='if NAME="'!!strip(NAME)!!'" then delete;';
23215     +               put string;
23216     +            end;
23217     +            if eof then
23218     +               put 'drop DROP;';
23219     +         run;
23221     +         %em_getname(key=DELTACODE,      type=FILE, extension=txt);
23222     +         filename x2 "&em_user_deltacode";
23223     +         %em_copyfile(infref=x1, outfref=x2);
23224     +         filename x1;
23225     +         filename x2;
23227     +         %em_getname(key=VARIABLESETDELTA, type=FILE, extension=txt);
23228     +         filename x "&em_user_variablesetdelta";
23229     +         data _null_;
23230     +            length string $200;
23231     +            set _DiffMeta end=eof;
23232     +            where _type_='COMPARE';
23233     +            file x;
23234     +            string = 'if NAME="'!!strip(NAME)!!'" then do;';
23235     +            put string;
23236     +            string = '   ROLE="'!!strip(ROLE)!!'";';
23237     +            put string;
23238     +            string=  '   LEVEL="'!!strip(LEVEL)!!'";';
23239     +            put string;
23240     +            string = '   ORDER="'!!strip(ORDER)!!'";';
23241     +            put string;
23242     +            string = '   DROP="'!!strip(DROP)!!'";';
23243     +            put string;
23244     +            put 'end;';
23245     +         run;
23246     +         filename x;
23247     +       proc datasets lib=work nolist;
23248     +          delete _DiffMeta;
23249     +       run;
23251     +       data &em_data_exportset;
23252     +          set &em_data_exportset;
23253     +          if NODEPORT='TRAIN' then do;
23254     +             ROLE="&em_property_role";
23255     +             COLUMNMETAMODTIME=datetime();
23256     +             MODTIME=datetime();
23257     +             DATASET="&em_nodeid._train";
23258     +             COLUMNMETA="&em_nodeid._CMeta_TRAIN";
23259     +             DELTACODE="CDelta_TRAIN";
23260     +             APPLYDELTA='Y';
23261     +             EXPORT='Y';
23262     +             NEEDUPDATE='Y';
23264     +            %if "&em_property_advancedadvisor" eq "Y" %then %do;
23265     +                EMINFO="&em_data_eminfo";
23266     +                EMINFOMODTIME=datetime();
23267     +            %end;
23268     +            %else %do;
23269     +                EMINFO='';
23270     +                EMINFOMODTIME=.;
23271     +            %end;
23272     +          end;
23273     +       run;
23274     +   %end;
23276     +  proc contents data=&em_user_data;
23277     +  run;
23278     +  proc datasets library=work nolist;
23279     +   delete importfile importattrs new;
23280     +   quit;
23281     +  run;
23283     +  /* Reset VALIDVARNAME to original settings */
23284     +  options validvarname=&vvnString;
23286     +  %endtrain:
23287     +%mend train;
NOTE: %INCLUDE (level 1) ending.
MPRINT(MAIN):   filename temp;
NOTE: Fileref TEMP has been deassigned.
MPRINT(TRAIN):  ;
MPRINT(TRAIN):  ;
MPRINT(TRAIN):  ;
MPRINT(TRAIN):  ;
MPRINT(APPENDEXT):   data _null_;
MPRINT(APPENDEXT):   tempuif = trim("\\uisnutvdiprof1a\redirected$\smupp\Documents\HU.PREDICTIVEANALYSIS\Workspaces\EMWS3\FIMPORT\USERIMPORTFILE.txt");
MPRINT(APPENDEXT):   rfile = reverse(tempuif);
MPRINT(APPENDEXT):   period = indexc(rfile,".");
MPRINT(APPENDEXT):   uif = substr(tempuif, 1, length(tempuif)- period+1);
MPRINT(APPENDEXT):   newuif = trim(uif)||trim("csv");
MPRINT(APPENDEXT):   call symput("EM_USER_USERIMPORTFILE",newuif);
MPRINT(APPENDEXT):   run;

NOTE: DATA statement used (Total process time):
      real time           0.01 seconds
      cpu time            0.00 seconds
      

MPRINT(TRAIN):  ;
MPRINT(TRAIN):   options validvarname=ANY;
MPRINT(PROCIMPORT):   proc import datafile=
filetype=*csv*
delimiter=*,*
MPRINT(PROCIMPORT):  "\\uisnutvdiprof1a\redirected$\smupp\Documents\HU.PREDICTIVEANALYSIS\Workspaces\EMWS3\FIMPORT\USERIMPORTFILE.csv" out=work.importfile dbms=csv replace;
MPRINT(PROCIMPORT):   ADLM;
MPRINT(PROCIMPORT):   getnames=Y;
MPRINT(PROCIMPORT):   delimiter=",";
MPRINT(PROCIMPORT):   guessingrows=500;
MPRINT(PROCIMPORT):   run;

23288       /**********************************************************************
23289       *   PRODUCT:   SAS
23290       *   VERSION:   9.4
23291       *   CREATOR:   External File Interface
23292       *   DATE:      11DEC24
23293       *   DESC:      Generated SAS Datastep Code
23294       *   TEMPLATE SOURCE:  (None Specified.)
23295       ***********************************************************************/
23296          data WORK.IMPORTFILE    ;
MPRINT(PROCIMPORT):   data WORK.IMPORTFILE ;
23297          %let _EFIERR_ = 0; /* set the ERROR detection macro variable */
23298          infile '\\uisnutvdiprof1a\redirected$\smupp\Documents\HU.PREDICTIVEANALYSIS\Workspaces\EMWS3\FIMPORT\USERIMPORTFILE.csv' delimiter = ',' MISSOVER DSD lrecl=32767 firstobs=2 ;
MPRINT(PROCIMPORT):   infile '\\uisnutvdiprof1a\redirected$\smupp\Documents\HU.PREDICTIVEANALYSIS\Workspaces\EMWS3\FIMPORT\USERIMPORTFILE.csv' delimiter = ',' MISSOVER DSD lrecl=32767 firstobs=2 ;
23299             informat longitude best32. ;
MPRINT(PROCIMPORT):   informat longitude best32. ;
23300             informat latitude best32. ;
MPRINT(PROCIMPORT):   informat latitude best32. ;
23301             informat housing_median_age best32. ;
MPRINT(PROCIMPORT):   informat housing_median_age best32. ;
23302             informat total_rooms best32. ;
MPRINT(PROCIMPORT):   informat total_rooms best32. ;
23303             informat total_bedrooms best32. ;
MPRINT(PROCIMPORT):   informat total_bedrooms best32. ;
23304             informat population best32. ;
MPRINT(PROCIMPORT):   informat population best32. ;
23305             informat households best32. ;
MPRINT(PROCIMPORT):   informat households best32. ;
23306             informat median_income best32. ;
MPRINT(PROCIMPORT):   informat median_income best32. ;
23307             informat median_house_value best32. ;
MPRINT(PROCIMPORT):   informat median_house_value best32. ;
23308             informat ocean_proximity $8. ;
MPRINT(PROCIMPORT):   informat ocean_proximity $8. ;
23309             format longitude best12. ;
MPRINT(PROCIMPORT):   format longitude best12. ;
23310             format latitude best12. ;
MPRINT(PROCIMPORT):   format latitude best12. ;
23311             format housing_median_age best12. ;
MPRINT(PROCIMPORT):   format housing_median_age best12. ;
23312             format total_rooms best12. ;
MPRINT(PROCIMPORT):   format total_rooms best12. ;
23313             format total_bedrooms best12. ;
MPRINT(PROCIMPORT):   format total_bedrooms best12. ;
23314             format population best12. ;
MPRINT(PROCIMPORT):   format population best12. ;
23315             format households best12. ;
MPRINT(PROCIMPORT):   format households best12. ;
23316             format median_income best12. ;
MPRINT(PROCIMPORT):   format median_income best12. ;
23317             format median_house_value best12. ;
MPRINT(PROCIMPORT):   format median_house_value best12. ;
23318             format ocean_proximity $8. ;
MPRINT(PROCIMPORT):   format ocean_proximity $8. ;
23319          input
23320                      longitude
23321                      latitude
23322                      housing_median_age
23323                      total_rooms
23324                      total_bedrooms
23325                      population
23326                      households
23327                      median_income
23328                      median_house_value
23329                      ocean_proximity  $
23330          ;
MPRINT(PROCIMPORT):   input longitude latitude housing_median_age total_rooms total_bedrooms population households median_income median_house_value ocean_proximity $ ;
23331          if _ERROR_ then call symputx('_EFIERR_',1);  /* set ERROR detection macro variable */
MPRINT(PROCIMPORT):   if _ERROR_ then call symputx('_EFIERR_',1);
23332          run;
MPRINT(PROCIMPORT):   run;

NOTE: The infile '\\uisnutvdiprof1a\redirected$\smupp\Documents\HU.PREDICTIVEANALYSIS\Workspaces\EMWS3\FIMPORT\USERIMPORTFILE.csv' is:
      Filename=\\uisnutvdiprof1a\redirected$\smupp\Documents\HU.PREDICTIVEANALYSIS\Workspaces\EMWS3\FIMPORT\USERIMPORTFILE.csv,
      RECFM=V,LRECL=32767,File Size (bytes)=1444170,
      Last Modified=11Dec2024:00:14:13,
      Create Time=10Dec2024:23:52:56

NOTE: 20640 records were read from the infile '\\uisnutvdiprof1a\redirected$\smupp\Documents\HU.PREDICTIVEANALYSIS\Workspaces\EMWS3\FIMPORT\USERIMPORTFILE.csv'.
      The minimum record length was 54.
      The maximum record length was 74.
NOTE: The data set WORK.IMPORTFILE has 20640 observations and 10 variables.
NOTE: DATA statement used (Total process time):
      real time           0.04 seconds
      cpu time            0.06 seconds
      

20640 rows created in WORK.IMPORTFILE from \\uisnutvdiprof1a\redirected$\smupp\Documents\HU.PREDICTIVEANALYSIS\Workspaces\EMWS3\FIMPORT\USERIMPORTFILE.csv.
  
  
  
NOTE: WORK.IMPORTFILE data set was successfully created.
NOTE: The data set WORK.IMPORTFILE has 20640 observations and 10 variables.
NOTE: PROCEDURE IMPORT used (Total process time):
      real time           0.27 seconds
      cpu time            0.15 seconds
      

MPRINT(PROCIMPORT):    ;
MPRINT(TRAIN):   ;
MPRINT(TRAIN):   data EMWS3.FIMPORT_DATA;
MPRINT(TRAIN):   set work.importfile(obs=1000000);
MPRINT(TRAIN):   run;

NOTE: There were 20640 observations read from the data set WORK.IMPORTFILE.
NOTE: The data set EMWS3.FIMPORT_DATA has 20640 observations and 10 variables.
NOTE: DATA statement used (Total process time):
      real time           0.05 seconds
      cpu time            0.00 seconds
      

MPRINT(KEEPORDROP):   proc contents data=work.importfile noprint out=work.importattrs;
MPRINT(KEEPORDROP):   run;

NOTE: The data set WORK.IMPORTATTRS has 10 observations and 41 variables.
NOTE: PROCEDURE CONTENTS used (Total process time):
      real time           0.00 seconds
      cpu time            0.01 seconds
      

MPRINT(KEEPORDROP):  ;
MPRINT(KEEPORDROP):   data _null_;
MPRINT(KEEPORDROP):   set work.importattrs;
MPRINT(KEEPORDROP):   call symput("varname"||left(_n_),name);
MPRINT(KEEPORDROP):   run;

NOTE: Numeric values have been converted to character values at the places given by: (Line):(Column).
      23:137   
NOTE: There were 10 observations read from the data set WORK.IMPORTATTRS.
NOTE: DATA statement used (Total process time):
      real time           0.00 seconds
      cpu time            0.00 seconds
      

nobs=10  maxcols=10000
MPRINT(TRAIN):  ;
MPRINT(TRAIN):  ;
MPRINT(TRAIN):   proc datasets lib=EMWS3 nolist;
MPRINT(TRAIN):   delete FIMPORT_EMSTATDEFAULT FIMPORT_EMINFO;
MPRINT(TRAIN):   run;

NOTE: The file EMWS3.FIMPORT_EMSTATDEFAULT (memtype=DATA) was not found, but appears on a DELETE statement.
NOTE: The file EMWS3.FIMPORT_EMINFO (memtype=DATA) was not found, but appears on a DELETE statement.

NOTE: PROCEDURE DATASETS used (Total process time):
      real time           0.03 seconds
      cpu time            0.01 seconds
      

MPRINT(EMADVISECOLUMNS):   proc display c=sashelp.emmeta.advisecolumns.scl;
MPRINT(EMADVISECOLUMNS):   run;

23333      %let SYSCC = 0;
23334      %let _dsidTable = 0;
23335      %let _engineTable =;
23336      data _null_;
MPRINT(EMADVISECOLUMNS):    data _null_;
23337      dsid = open('EMWS3.FIMPORT_DATA');
MPRINT(EMADVISECOLUMNS):   dsid = open('EMWS3.FIMPORT_DATA');
23338      call symput('_dsidTable', strip(put(dsid, best.)));
MPRINT(EMADVISECOLUMNS):   call symput('_dsidTable', strip(put(dsid, best.)));
23339      if dsid then do;
MPRINT(EMADVISECOLUMNS):   if dsid then do;
23340      call symput('_engineTable', attrc(dsid, 'ENGINE'));
MPRINT(EMADVISECOLUMNS):   call symput('_engineTable', attrc(dsid, 'ENGINE'));
23341      dsid = close(dsid);
MPRINT(EMADVISECOLUMNS):   dsid = close(dsid);
23342      end;
MPRINT(EMADVISECOLUMNS):   end;
23343      run;
MPRINT(EMADVISECOLUMNS):   run;

NOTE: DATA statement used (Total process time):
      real time           0.00 seconds
      cpu time            0.00 seconds
      

23344      options fmterr;
MPRINT(EMADVISECOLUMNS):    options fmterr;
23345      data _metaTestView;
MPRINT(EMADVISECOLUMNS):   data _metaTestView;
23346      set EMWS3.FIMPORT_DATA;
MPRINT(EMADVISECOLUMNS):   set EMWS3.FIMPORT_DATA;
23347      if _N_=1 then do;
MPRINT(EMADVISECOLUMNS):   if _N_=1 then do;
23348      output;
MPRINT(EMADVISECOLUMNS):   output;
23349      stop;
MPRINT(EMADVISECOLUMNS):   stop;
23350      end;
MPRINT(EMADVISECOLUMNS):   end;
23351      run;
MPRINT(EMADVISECOLUMNS):   run;

NOTE: There were 1 observations read from the data set EMWS3.FIMPORT_DATA.
NOTE: The data set WORK._METATESTVIEW has 1 observations and 10 variables.
NOTE: DATA statement used (Total process time):
      real time           0.02 seconds
      cpu time            0.01 seconds
      

23352      proc contents data=EMWS3.FIMPORT_DATA
23353      out=WORK.M10KDLF8 noprint;
MPRINT(EMADVISECOLUMNS):    proc contents data=EMWS3.FIMPORT_DATA out=WORK.M10KDLF8 noprint;
23354      run;
MPRINT(EMADVISECOLUMNS):   run;

NOTE: The data set WORK.M10KDLF8 has 10 observations and 41 variables.
NOTE: PROCEDURE CONTENTS used (Total process time):
      real time           0.00 seconds
      cpu time            0.01 seconds
      

23355      data WORK.M10KDLF8;
MPRINT(EMADVISECOLUMNS):    data WORK.M10KDLF8;
23356      length NAME $ 64 TYPE $ 1 LABEL $ 200 FORMAT $ 36 INFORMAT $36 INDEX $ 1 INDEXTYPE $ 9;
MPRINT(EMADVISECOLUMNS):   length NAME $ 64 TYPE $ 1 LABEL $ 200 FORMAT $ 36 INFORMAT $36 INDEX $ 1 INDEXTYPE $ 9;
23357      label NAME =;
MPRINT(EMADVISECOLUMNS):   label NAME =;
23358      set WORK.M10KDLF8(keep=name type length label format formatl formatd informat informl informd idxusage rename=(type=itype));
MPRINT(EMADVISECOLUMNS):   set WORK.M10KDLF8(keep=name type length label format formatl formatd informat informl informd idxusage rename=(type=itype));
23359      if itype = 1 then type = 'N';
MPRINT(EMADVISECOLUMNS):   if itype = 1 then type = 'N';
23360      else type = 'C';
MPRINT(EMADVISECOLUMNS):   else type = 'C';
23361      if formatl > 0 then do;
MPRINT(EMADVISECOLUMNS):   if formatl > 0 then do;
23362      if format ne '' then do;
MPRINT(EMADVISECOLUMNS):   if format ne '' then do;
23363      if type='N' then format = strip(format)!!strip(put(formatl, best12.))!!'.'!!strip(put(formatd, best12.));
MPRINT(EMADVISECOLUMNS):   if type='N' then format = strip(format)!!strip(put(formatl, best12.))!!'.'!!strip(put(formatd, best12.));
23364      else format = strip(format)!!strip(put(formatl, best12.))!!'.';
MPRINT(EMADVISECOLUMNS):   else format = strip(format)!!strip(put(formatl, best12.))!!'.';
23365      end;
MPRINT(EMADVISECOLUMNS):   end;
23366      else format = strip(put(formatl, best12.))!!'.'!!strip(put(formatd, best12.));
MPRINT(EMADVISECOLUMNS):   else format = strip(put(formatl, best12.))!!'.'!!strip(put(formatd, best12.));
23367      end;
MPRINT(EMADVISECOLUMNS):   end;
23368      else if format ne '' then format = strip(format)!!'.';
MPRINT(EMADVISECOLUMNS):   else if format ne '' then format = strip(format)!!'.';
23369      if informl > 0 then do;
MPRINT(EMADVISECOLUMNS):   if informl > 0 then do;
23370      if informat ne ' ' then do;
MPRINT(EMADVISECOLUMNS):   if informat ne ' ' then do;
23371      if type='N' then informat = strip(informat)!!strip(put(informl, best12.))!!'.'!!strip(put(informd, best12.));
MPRINT(EMADVISECOLUMNS):   if type='N' then informat = strip(informat)!!strip(put(informl, best12.))!!'.'!!strip(put(informd, best12.));
23372      else informat = strip(informat)!!strip(put(informl, best12.))!!'.';
MPRINT(EMADVISECOLUMNS):   else informat = strip(informat)!!strip(put(informl, best12.))!!'.';
23373      end;
MPRINT(EMADVISECOLUMNS):   end;
23374      else informat = strip(put(informl, best12.))!!'.'!!strip(put(informd, best12.));
MPRINT(EMADVISECOLUMNS):   else informat = strip(put(informl, best12.))!!'.'!!strip(put(informd, best12.));
23375      end;
MPRINT(EMADVISECOLUMNS):   end;
23376      else if informat ne '' then informat = strip(informat)!!'.';
MPRINT(EMADVISECOLUMNS):   else if informat ne '' then informat = strip(informat)!!'.';
23377      if idxusage = 'NONE' then index ="N";
MPRINT(EMADVISECOLUMNS):   if idxusage = 'NONE' then index ="N";
23378      else index = "Y";
MPRINT(EMADVISECOLUMNS):   else index = "Y";
23379      indextype = idxusage;
MPRINT(EMADVISECOLUMNS):   indextype = idxusage;
23380      drop idxusage itype formatl formatd informl informd;
MPRINT(EMADVISECOLUMNS):   drop idxusage itype formatl formatd informl informd;
23381      run;
MPRINT(EMADVISECOLUMNS):   run;

NOTE: There were 10 observations read from the data set WORK.M10KDLF8.
NOTE: The data set WORK.M10KDLF8 has 10 observations and 8 variables.
NOTE: DATA statement used (Total process time):
      real time           0.00 seconds
      cpu time            0.01 seconds
      

23382      data WORK.M10KDLF8;
MPRINT(EMADVISECOLUMNS):    data WORK.M10KDLF8;
23383      length UNAME $64;
MPRINT(EMADVISECOLUMNS):   length UNAME $64;
23384      set WORK.M10KDLF8;
MPRINT(EMADVISECOLUMNS):   set WORK.M10KDLF8;
23385      UNAME = upcase(NAME);
MPRINT(EMADVISECOLUMNS):   UNAME = upcase(NAME);
23386      run;
MPRINT(EMADVISECOLUMNS):   run;

NOTE: There were 10 observations read from the data set WORK.M10KDLF8.
NOTE: The data set WORK.M10KDLF8 has 10 observations and 9 variables.
NOTE: DATA statement used (Total process time):
      real time           0.00 seconds
      cpu time            0.01 seconds
      

MPRINT(EMADVISECOLUMNS):    proc sort data=WORK.M2PDICZD NOTHREADS;
MPRINT(EMADVISECOLUMNS):   by UNAME;
MPRINT(EMADVISECOLUMNS):   run;
23390      data WORK.M2PDICZD;
MPRINT(EMADVISECOLUMNS):    data WORK.M2PDICZD;
23391      drop UNAME;
MPRINT(EMADVISECOLUMNS):   drop UNAME;
23392      set WORK.M2PDICZD;
MPRINT(EMADVISECOLUMNS):   set WORK.M2PDICZD;
23393      run;
MPRINT(EMADVISECOLUMNS):   run;

NOTE: There were 10 observations read from the data set WORK.M2PDICZD.
NOTE: The data set WORK.M2PDICZD has 10 observations and 8 variables.
NOTE: DATA statement used (Total process time):
      real time           0.01 seconds
      cpu time            0.01 seconds
      

MPRINT(EMADVISECOLUMNS):    data WORK.M3SDW_KT(keep=NAME ATTR);
MPRINT(EMADVISECOLUMNS):   length ATTR $ 20;
MPRINT(EMADVISECOLUMNS):   set WORK.M2PDICZD;
MPRINT(EMADVISECOLUMNS):   if level ne "INTERVAL" then do;
MPRINT(EMADVISECOLUMNS):   if order = ' ' then do;
MPRINT(EMADVISECOLUMNS):   attr = 'ORDER';
MPRINT(EMADVISECOLUMNS):   output;
MPRINT(EMADVISECOLUMNS):   end;
MPRINT(EMADVISECOLUMNS):   end;
MPRINT(EMADVISECOLUMNS):   if format ne ' ' and formattype = ' ' then do;
MPRINT(EMADVISECOLUMNS):   attr = 'FORMATTYPE';
MPRINT(EMADVISECOLUMNS):   output;
MPRINT(EMADVISECOLUMNS):   end;
MPRINT(EMADVISECOLUMNS):   if role = ' ' then do;
MPRINT(EMADVISECOLUMNS):   attr = 'ROLE';
MPRINT(EMADVISECOLUMNS):   output;
MPRINT(EMADVISECOLUMNS):   end;
MPRINT(EMADVISECOLUMNS):   if level = ' ' then do;
MPRINT(EMADVISECOLUMNS):   attr = 'LEVEL';
MPRINT(EMADVISECOLUMNS):   output;
MPRINT(EMADVISECOLUMNS):   end;
MPRINT(EMADVISECOLUMNS):   if type = ' ' then do;
MPRINT(EMADVISECOLUMNS):   attr = 'TYPE';
MPRINT(EMADVISECOLUMNS):   output;
MPRINT(EMADVISECOLUMNS):   end;
MPRINT(EMADVISECOLUMNS):   if index = ' ' then do;
MPRINT(EMADVISECOLUMNS):   attr = 'INDEX';
MPRINT(EMADVISECOLUMNS):   output;
MPRINT(EMADVISECOLUMNS):   end;
MPRINT(EMADVISECOLUMNS):   if report = ' ' then do;
MPRINT(EMADVISECOLUMNS):   attr = 'REPORT';
MPRINT(EMADVISECOLUMNS):   output;
MPRINT(EMADVISECOLUMNS):   end;
MPRINT(EMADVISECOLUMNS):   run;
MPRINT(EMADVISECOLUMNS):   proc sort NOTHREADS;
MPRINT(EMADVISECOLUMNS):   by attr;
MPRINT(EMADVISECOLUMNS):   run;
MPRINT(EMADVISECOLUMNS):    data WORK.M2PDICZD;
MPRINT(EMADVISECOLUMNS):   length NAME $64 ROLE $ 32 LEVEL $ 10 ORDER $ 8 CREATOR $32 FORMATTYPE $ 10 FAMILY $ 10 LOWERLIMIT 8 UPPERLIMIT 8 REPORT $1 DISTRIBUTION $ 20 COMMENT $64;
MPRINT(EMADVISECOLUMNS):   length levelAssigned 8 roleAssigned 8 PRICE 8;
MPRINT(EMADVISECOLUMNS):   set WORK.M2PDICZD;
MPRINT(EMADVISECOLUMNS):   if formattype = ' ' then do;
MPRINT(EMADVISECOLUMNS):   if format ne ' ' then do;
MPRINT(EMADVISECOLUMNS):   if type = 'N' then do;
MPRINT(EMADVISECOLUMNS):   pos = indexc(format,'.1234567890');
MPRINT(EMADVISECOLUMNS):   if pos > 1 then tempfmt = substr(format,1, pos-1);
MPRINT(EMADVISECOLUMNS):   else tempfmt = ' ';
MPRINT(EMADVISECOLUMNS):   flen = length(tempfmt);
MPRINT(EMADVISECOLUMNS):   select;
MPRINT(EMADVISECOLUMNS):   when(tempfmt in ("DATE" "DAY" "DDMMYY" "DOWNAME" "JULDAY" "JULIAN" "MMDDYY" "MMDDYYD" "MMDDYYC" "MMDDYYN" "MMDDYYP" "MMDDYYS" "MONNAME" "MONTH" "MONYY" "NENGO" "QTR" "QTRR" "WEEKDATE" "WEEKDATX" "WEEKDAY" "WORDDATE" "WORDDATX" 
"YEAR" "YYMMDD" "YYMON" "YYMMDDC" "YYMMDDD" "YYMMDDN" "YYMMDDP" "YYMMDDS" "EURDFDE" "NJDATE" "NLDATE" "EURDFDD" "EURDFDWN" "EURDFMN" "EURDFMY" "EURDFWK" "EURDFWKX" "EURDFWDX" "EURDFDN" "EURDFDE" )) formattype = 'DATE';
MPRINT(EMADVISECOLUMNS):   when(tempfmt in ("DATETIME" "EURDFDT" "TOD" )) formattype = "DATETIME";
MPRINT(EMADVISECOLUMNS):   when(tempfmt in ("HHMM" "HOUR" "MMSS" "TIME" "TIMEAMPM" )) formattype = "TIME";
MPRINT(EMADVISECOLUMNS):   when(tempfmt in ("COMMA" "COMMAX" "DOLLAR" "DOLLARX" "E" "FRACT" "NEGPAREN" "PERCENT")) formattype="QUANTITY";
MPRINT(EMADVISECOLUMNS):   when(tempfmt in ("BINARY" "HEX" "IB" "OCTAL" "PD" "PIB" "PK" "RB" "SSN" "Z" "ZD")) formattype = "CODING";
MPRINT(EMADVISECOLUMNS):   otherwise do;
MPRINT(EMADVISECOLUMNS):   formattype = "USER";
MPRINT(EMADVISECOLUMNS):   if compress(tempfmt, '0123456789.', '') = '' then formattype='NUM';
MPRINT(EMADVISECOLUMNS):   else if substr(tempfmt, 1, 6)='NLDATE' then formattype = "DATE";
MPRINT(EMADVISECOLUMNS):   else if substr(tempfmt, 1, 6)='NLDATM' then formattype = "DATETIME";
MPRINT(EMADVISECOLUMNS):   else if substr(tempfmt, 1, 4)='NLTIM' then formattype = "TIME";
MPRINT(EMADVISECOLUMNS):   else if flen >= 4 then do;
MPRINT(EMADVISECOLUMNS):   str = substr(tempfmt,1,4);
MPRINT(EMADVISECOLUMNS):   if str in ("MMYY" "YYMM" "YYQR") then formattype ="DATE";
MPRINT(EMADVISECOLUMNS):   else if str = "S370" then formattype = "CODING";
MPRINT(EMADVISECOLUMNS):   else if str = "BEST" then formattype = "NUM";
MPRINT(EMADVISECOLUMNS):   drop str;
MPRINT(EMADVISECOLUMNS):   end;
MPRINT(EMADVISECOLUMNS):   else if flen >=3 and substr(tempfmt,1,3) = "YYQ" then formatType = "DATE";
MPRINT(EMADVISECOLUMNS):   end;
MPRINT(EMADVISECOLUMNS):   end;
MPRINT(EMADVISECOLUMNS):   drop flen tempfmt pos;
MPRINT(EMADVISECOLUMNS):   end;
MPRINT(EMADVISECOLUMNS):   else do;
MPRINT(EMADVISECOLUMNS):   formatType = "CATEGORY";
MPRINT(EMADVISECOLUMNS):   end;
MPRINT(EMADVISECOLUMNS):   end;
MPRINT(EMADVISECOLUMNS):   if formatType = "NUM" then do;
MPRINT(EMADVISECOLUMNS):   if index = "Y" then formatType = "DISCRETE";
MPRINT(EMADVISECOLUMNS):   else formatType = "QUANTITY";
MPRINT(EMADVISECOLUMNS):   end;
MPRINT(EMADVISECOLUMNS):   end;
MPRINT(EMADVISECOLUMNS):   if level = ' ' then do;
MPRINT(EMADVISECOLUMNS):   if formatType in ("CATEGORY", "CODING", "ID") or type = "C" then level = "NOMINAL";
MPRINT(EMADVISECOLUMNS):   else level = "INTERVAL";
MPRINT(EMADVISECOLUMNS):   levelAssigned = 1;
MPRINT(EMADVISECOLUMNS):   end;
MPRINT(EMADVISECOLUMNS):   else level = upcase(level);
MPRINT(EMADVISECOLUMNS):   if role = ' ' then do;
MPRINT(EMADVISECOLUMNS):   length name_prefix $8 _uname $64;
MPRINT(EMADVISECOLUMNS):   drop name_prefix _uname _freqflag;
MPRINT(EMADVISECOLUMNS):   retain _freqflag;
MPRINT(EMADVISECOLUMNS):   if LENGTH> 80 then ROLE = 'TEXT';
MPRINT(EMADVISECOLUMNS):   _uname = upcase(NAME);
MPRINT(EMADVISECOLUMNS):   select(_uname);
MPRINT(EMADVISECOLUMNS):   when('_PARTIND_') do;
MPRINT(EMADVISECOLUMNS):   ROLE = 'ID';
MPRINT(EMADVISECOLUMNS):   LEVEL = 'NOMINAL';
MPRINT(EMADVISECOLUMNS):   end;
MPRINT(EMADVISECOLUMNS):   when('_WARN_') ROLE = 'ASSESS';
MPRINT(EMADVISECOLUMNS):   when('EM_SEGMENT') do;
MPRINT(EMADVISECOLUMNS):   ROLE = 'SEGMENT';
MPRINT(EMADVISECOLUMNS):   LEVEL = 'NOMINAL';
MPRINT(EMADVISECOLUMNS):   end;
MPRINT(EMADVISECOLUMNS):   when('_NODE_') do;
MPRINT(EMADVISECOLUMNS):   ROLE = 'SEGMENT';
MPRINT(EMADVISECOLUMNS):   LEVEL = 'NOMINAL';
MPRINT(EMADVISECOLUMNS):   end;
MPRINT(EMADVISECOLUMNS):   when('EM_CLASSTARGET') ROLE = 'ASSESS';
MPRINT(EMADVISECOLUMNS):   when('EM_VALUETARGET') ROLE = 'ASSESS';
MPRINT(EMADVISECOLUMNS):   when('EM_PREDICTION') ROLE = 'PREDICT';
MPRINT(EMADVISECOLUMNS):   when('EM_PROBABILITY') ROLE = 'PREDICT';
MPRINT(EMADVISECOLUMNS):   when('EM_EVENTPROBABILITY') ROLE = 'PREDICT';
MPRINT(EMADVISECOLUMNS):   when('EM_CLASSIFICATION') ROLE = 'CLASSIFICATION';
MPRINT(EMADVISECOLUMNS):   when('EM_DECISION') ROLE = 'DECISION';
MPRINT(EMADVISECOLUMNS):   when('EM_PROFIT') ROLE = 'ASSESS';
MPRINT(EMADVISECOLUMNS):   when('EM_LOSS') ROLE = 'ASSESS';
MPRINT(EMADVISECOLUMNS):   when('EM_ROI') ROLE = 'ASSESS';
MPRINT(EMADVISECOLUMNS):   when('URI') ROLE = 'URL';
MPRINT(EMADVISECOLUMNS):   when('FILTERED') ROLE = 'TEXTLOC';
MPRINT(EMADVISECOLUMNS):   otherwise do;
MPRINT(EMADVISECOLUMNS):   if upcase(NAME) =: 'ZIP' then do;
MPRINT(EMADVISECOLUMNS):   ROLE = 'REJECTED';
MPRINT(EMADVISECOLUMNS):   LEVEL = 'NOMINAL';
MPRINT(EMADVISECOLUMNS):   COMMENT = 'Rejected by: Exceed the maximum class level of %s';
MPRINT(EMADVISECOLUMNS):   end;
MPRINT(EMADVISECOLUMNS):   else if upcase(NAME) in('FREQ', 'FREQUENCY') then do;
MPRINT(EMADVISECOLUMNS):   ROLE = 'FREQ';
MPRINT(EMADVISECOLUMNS):   if TYPE = 'C' then ROLE = 'INPUT';
MPRINT(EMADVISECOLUMNS):   else if _freqflag =1 then ROLE='REJECTED';
MPRINT(EMADVISECOLUMNS):   end;
MPRINT(EMADVISECOLUMNS):   else do;
MPRINT(EMADVISECOLUMNS):   name_prefix = scan(_uname, 1, '_');
MPRINT(EMADVISECOLUMNS):   if scan(_uname, 2, '_') = '' then name_prefix='';
MPRINT(EMADVISECOLUMNS):   if name_prefix in('F', 'I', 'U') then do;
MPRINT(EMADVISECOLUMNS):   ROLE = 'CLASSIFICATION';
MPRINT(EMADVISECOLUMNS):   LEVEL = 'NOMINAL';
MPRINT(EMADVISECOLUMNS):   end;
MPRINT(EMADVISECOLUMNS):   else if name_prefix in('Q') then ROLE = 'ASSESS';
MPRINT(EMADVISECOLUMNS):   else if name_prefix in('P', 'V') then ROLE = 'PREDICT';
MPRINT(EMADVISECOLUMNS):   else if name_prefix in('R', 'RS', 'RT', 'RD', 'RDS', 'RDT', 'RA', 'RAS', 'RAT') then ROLE = 'RESIDUAL';
MPRINT(EMADVISECOLUMNS):   else if name_prefix ='D' then do;
MPRINT(EMADVISECOLUMNS):   ROLE = 'DECISION';
MPRINT(EMADVISECOLUMNS):   LEVEL = 'NOMINAL';
MPRINT(EMADVISECOLUMNS):   end;
MPRINT(EMADVISECOLUMNS):   else if name_prefix ='B' then do;
MPRINT(EMADVISECOLUMNS):   ROLE = 'SEGMENT';
MPRINT(EMADVISECOLUMNS):   LEVEL = 'NOMINAL';
MPRINT(EMADVISECOLUMNS):   end;
MPRINT(EMADVISECOLUMNS):   else if name_prefix in('EP', 'BP', 'CP', 'EL', 'CL', 'BL', 'ROI', 'IC') then ROLE = 'ASSESS';
MPRINT(EMADVISECOLUMNS):   else do;
MPRINT(EMADVISECOLUMNS):   array _ROLE_ (19) $32 _TEMPORARY_ ('ASSESS','CLASSIFICATION','CENSOR', 'COST', 'CROSSID', 'DECISION', 'ID','INPUT', 'LABEL', 'MISSING','PREDICT','REFERRER','REJECTED', 'RESIDUAL','SEGMENT', 'SEQUENCE','TARGET', 'TEXT', 'TIMEID');
MPRINT(EMADVISECOLUMNS):   drop _found_ i;
MPRINT(EMADVISECOLUMNS):   _found_=0;
MPRINT(EMADVISECOLUMNS):   do i=1 to 19 until(_found_=1);
MPRINT(EMADVISECOLUMNS):   if index(_uname, trim(_ROLE_{i}))=1 then do;
MPRINT(EMADVISECOLUMNS):   ROLE=_ROLE_{i};
MPRINT(EMADVISECOLUMNS):   if ROLE = 'ID' then LEVEL = 'NOMINAL';
MPRINT(EMADVISECOLUMNS):   else if ROLE = 'SEGMENT' then LEVEL = 'NOMINAL';
MPRINT(EMADVISECOLUMNS):   else if ROLE = 'TIMEID' and TYPE='N' then LEVEL = 'INTERVAL';
MPRINT(EMADVISECOLUMNS):   _found_=1;
MPRINT(EMADVISECOLUMNS):   end;
MPRINT(EMADVISECOLUMNS):   end;
MPRINT(EMADVISECOLUMNS):   if length(_uname)>2 then do;
MPRINT(EMADVISECOLUMNS):   if substr(reverse(trim(_uname)), 1, 3) = 'DI_' then do;
MPRINT(EMADVISECOLUMNS):   ROLE = 'ID';
MPRINT(EMADVISECOLUMNS):   LEVEL = 'NOMINAL';
MPRINT(EMADVISECOLUMNS):   end;
MPRINT(EMADVISECOLUMNS):   end;
MPRINT(EMADVISECOLUMNS):   end;
MPRINT(EMADVISECOLUMNS):   end;
MPRINT(EMADVISECOLUMNS):   end;
MPRINT(EMADVISECOLUMNS):   end;
MPRINT(EMADVISECOLUMNS):   if ROLE='FREQ' then _freqflag=1;
MPRINT(EMADVISECOLUMNS):   else if ROLE = 'CLASSIFICATION' then LEVEL = 'NOMINAL';
MPRINT(EMADVISECOLUMNS):   if symexist('RATEMKG_ROLE') then do;
MPRINT(EMADVISECOLUMNS):   if upcase(symget('RATEMKG_ROLE')) in('Y', 'YES') then do;
MPRINT(EMADVISECOLUMNS):   if _uname =: 'POLICY' then ROLE = 'POLICYID';
MPRINT(EMADVISECOLUMNS):   else if _uname in ('PARTITION', '_PARTIND_') then ROLE = 'PARTITION';
MPRINT(EMADVISECOLUMNS):   else if type = 'N' then do;
MPRINT(EMADVISECOLUMNS):   if _uname = 'EXPOSURE' then ROLE = 'EXPOSURE';
MPRINT(EMADVISECOLUMNS):   else if _uname = 'YEAR' then ROLE = 'YEAR';
MPRINT(EMADVISECOLUMNS):   else if _uname = 'WEIGHT' then ROLE = 'WEIGHT';
MPRINT(EMADVISECOLUMNS):   else if _uname = 'OFFSET' then ROLE = 'OFFSET';
MPRINT(EMADVISECOLUMNS):   end;
MPRINT(EMADVISECOLUMNS):   end;
MPRINT(EMADVISECOLUMNS):   end;
MPRINT(EMADVISECOLUMNS):   end;
MPRINT(EMADVISECOLUMNS):   if role = ' ' then do;
MPRINT(EMADVISECOLUMNS):   if formattype in('DATE', 'DATETIME', 'TIME') then role = 'TIMEID';
MPRINT(EMADVISECOLUMNS):   else role = 'INPUT';
MPRINT(EMADVISECOLUMNS):   roleAssigned = 1;
MPRINT(EMADVISECOLUMNS):   end;
MPRINT(EMADVISECOLUMNS):   else role = upcase(role);
MPRINT(EMADVISECOLUMNS):   if REPORT = '' then REPORT = 'N';
MPRINT(EMADVISECOLUMNS):   if symexist('dmwb_product') then do;
MPRINT(EMADVISECOLUMNS):   if upcase(symget('dmwb_product')) = 'FACTORYMINER_DATASOURCE' then do;
MPRINT(EMADVISECOLUMNS):   if ROLE ^in('INPUT', 'TARGET', 'REJECTED', 'SEGMENT', 'FREQ', 'ID', 'KEY') then ROLE='REJECTED';
MPRINT(EMADVISECOLUMNS):   end;
MPRINT(EMADVISECOLUMNS):   end;
MPRINT(EMADVISECOLUMNS):   run;
MPRINT(EMADVISECOLUMNS):    data WORK.M2PDICZD;
MPRINT(EMADVISECOLUMNS):   set WORK.M2PDICZD;
MPRINT(EMADVISECOLUMNS):   label NAME = "Variable Name" TYPE = "Type" ROLE = "Role" LEVEL= "Measurement Level" ORDER= "Order" CREATOR= "Creator" FORMATTYPE= "Format Type" FAMILY= "Family" DISTRIBUTION= "Distribution" PRICE= "Price" LOWERLIMIT= "Lower 
limit" UPPERLIMIT= "Upper Limit" REPORT= "Report" COMMENT= "Comment" INDEX= "Index" INDEXTYPE= "IndexType" LABEL= "Label" LENGTH= "Length";
MPRINT(EMADVISECOLUMNS):   drop levelAssigned roleAssigned;
MPRINT(EMADVISECOLUMNS):   run;
NOTE: PROCEDURE DISPLAY used (Total process time):
      real time           0.27 seconds
      cpu time            0.20 seconds
      

MPRINT(EMADVISECOLUMNS):   
MPRINT(TRAIN):  ;
MPRINT(TRAIN):  ;
MPRINT(TRAIN):   data _null_;
MPRINT(TRAIN):   fname = '_text';
MPRINT(TRAIN):   rc=filename(fname, "\\uisnutvdiprof1a\redirected$\smupp\Documents\HU.PREDICTIVEANALYSIS\Workspaces\EMWS3\FIMPORT\VVNLABEL.sas");
MPRINT(TRAIN):   if ^rc and fexist(fname) then rc=fdelete(fname);
MPRINT(TRAIN):   rc=filename(fname);
MPRINT(TRAIN):   run;

NOTE: DATA statement used (Total process time):
      real time           0.00 seconds
      cpu time            0.01 seconds
      

MPRINT(TRAIN):   data EMWS3.FIMPORT_EMCMETADEFAULT;
MPRINT(TRAIN):   set EMWS3.FIMPORT_EMCMETADEFAULT;
MPRINT(TRAIN):   length DROP $1;
MPRINT(TRAIN):   DROP='N';
MPRINT(TRAIN):   run;

NOTE: There were 10 observations read from the data set EMWS3.FIMPORT_EMCMETADEFAULT.
NOTE: The data set EMWS3.FIMPORT_EMCMETADEFAULT has 10 observations and 21 variables.
NOTE: DATA statement used (Total process time):
      real time           0.03 seconds
      cpu time            0.00 seconds
      

MPRINT(EMADVISETABLE):   proc display c=sashelp.emmeta.advisetable.scl;
MPRINT(EMADVISETABLE):   run;

23644      %let SYSCC = 0;
23645      data EMWS3.FIMPORT_EMTMETADEFAULT;
MPRINT(EMADVISETABLE):    data EMWS3.FIMPORT_EMTMETADEFAULT;
23646      length LIBNAME $8;
MPRINT(EMADVISETABLE):   length LIBNAME $8;
23647      LIBNAME = "EMWS3";
MPRINT(EMADVISETABLE):   LIBNAME = "EMWS3";
23648      run;
MPRINT(EMADVISETABLE):   run;

NOTE: The data set EMWS3.FIMPORT_EMTMETADEFAULT has 1 observations and 1 variables.
NOTE: DATA statement used (Total process time):
      real time           0.02 seconds
      cpu time            0.00 seconds
      

MPRINT(EMADVISETABLE):    data _null_;
MPRINT(EMADVISETABLE):   dsid = open("EMWS3.FIMPORT_DATA");
MPRINT(EMADVISETABLE):   call symput("_DSID", put(dsid,BEST.));
MPRINT(EMADVISETABLE):   if dsid > 0 then dsid = close(dsid);
MPRINT(EMADVISETABLE):   run;
MPRINT(EMADVISETABLE):    ods output enginehost=em_tablehost;
MPRINT(EMADVISETABLE):   ods listing close;
MPRINT(EMADVISETABLE):   proc contents data=EMWS3.FIMPORT_DATA;
MPRINT(EMADVISETABLE):   run;
MPRINT(EMADVISETABLE):   ods listing;
MPRINT(EMADVISETABLE):    data WORK.M3GM_I7F;
MPRINT(EMADVISETABLE):   length MEMNAME $ 32 MEMTYPE $ 8 MEMLABEL $ 256 TYPEMEM $ 8 ENGINE $ 8 CRDATE 8 MODATE 8 NOBS 8 NCOLS 8 NBYTES 8 ROLE $ 20 USEEXTERNALDATA $1 SAMPLINGRATE 8 SEGMENT $ 20;
MPRINT(EMADVISETABLE):   set WORK.M3GM_I7F(obs=1);
MPRINT(EMADVISETABLE):   nobs = 20640;
MPRINT(EMADVISETABLE):   ncols = 10;
MPRINT(EMADVISETABLE):   nbytes = 1704960;
MPRINT(EMADVISETABLE):   memname = "FIMPORT_DATA";
MPRINT(EMADVISETABLE):   memtype = "DATA    ";
MPRINT(EMADVISETABLE):   memlabel = "";
MPRINT(EMADVISETABLE):   typemem = "DATA    ";
MPRINT(EMADVISETABLE):   engine = "V9      ";
MPRINT(EMADVISETABLE):   crdate = 2049495273.536;
MPRINT(EMADVISETABLE):   modate = 2049495273.536;
MPRINT(EMADVISETABLE):   format crdate datetime16.;
MPRINT(EMADVISETABLE):   format modate datetime16.;
MPRINT(EMADVISETABLE):   if role = ' ' then role = 'TRAIN';
MPRINT(EMADVISETABLE):   output;
MPRINT(EMADVISETABLE):   run;
NOTE: PROCEDURE DISPLAY used (Total process time):
      real time           0.15 seconds
      cpu time            0.06 seconds
      

MPRINT(EMADVISETABLE):   
MPRINT(TRAIN):  ;
MPRINT(TRAIN):   data _temp;
MPRINT(TRAIN):   set EMWS3.FIMPORT_EMTMETADEFAULT(rename=(ROLE=PORT MEMNAME=DATASET CRDATE=MODTIME));
MPRINT(TRAIN):   keep PORT LIBNAME DATASET MODTIME COLUMNMETA COLUMNMETAMODTIME NOBS;
MPRINT(TRAIN):   PORT='DATA';
MPRINT(TRAIN):   COLUMNMETA="FIMPORT_EMCMETADEFAULT";
MPRINT(TRAIN):   COLUMNMETAMODTIME=MODTIME;
MPRINT(TRAIN):   run;

NOTE: There were 1 observations read from the data set EMWS3.FIMPORT_EMTMETADEFAULT.
NOTE: The data set WORK._TEMP has 1 observations and 7 variables.
NOTE: DATA statement used (Total process time):
      real time           0.02 seconds
      cpu time            0.01 seconds
      

MPRINT(TRAIN):   proc sort data=EMWS3.FIMPORT_ImportSet;
MPRINT(TRAIN):   by PORT;
MPRINT(TRAIN):   run;

NOTE: There were 15 observations read from the data set EMWS3.FIMPORT_IMPORTSET.
NOTE: The data set EMWS3.FIMPORT_IMPORTSET has 15 observations and 14 variables.
NOTE: PROCEDURE SORT used (Total process time):
      real time           0.02 seconds
      cpu time            0.01 seconds
      

MPRINT(TRAIN):   data EMWS3.FIMPORT_ImportSet;
MPRINT(TRAIN):   merge EMWS3.FIMPORT_ImportSet _temp;
MPRINT(TRAIN):   by PORT;
MPRINT(TRAIN):   if PORT='DATA' then ROLE="TRAIN";
MPRINT(TRAIN):   run;

NOTE: There were 15 observations read from the data set EMWS3.FIMPORT_IMPORTSET.
NOTE: There were 1 observations read from the data set WORK._TEMP.
NOTE: The data set EMWS3.FIMPORT_IMPORTSET has 15 observations and 14 variables.
NOTE: DATA statement used (Total process time):
      real time           0.05 seconds
      cpu time            0.01 seconds
      

MPRINT(TRAIN):  ;
MPRINT(TRAIN):   filename x "\\uisnutvdiprof1a\redirected$\smupp\Documents\HU.PREDICTIVEANALYSIS\Workspaces\EMWS3\FIMPORT\VARIABLESETDELTA.txt";
MPRINT(TRAIN):   data EMWS3.FIMPORT_VariableSet;
MPRINT(TRAIN):   set EMWS3.FIMPORT_EMCMETADEFAULT;
NOTE: %INCLUDE (level 1) file X is file \\uisnutvdiprof1a\redirected$\smupp\Documents\HU.PREDICTIVEANALYSIS\Workspaces\EMWS3\FIMPORT\VARIABLESETDELTA.txt.
NOTE: %INCLUDE (level 1) ending.
MPRINT(TRAIN):   run;

NOTE: There were 10 observations read from the data set EMWS3.FIMPORT_EMCMETADEFAULT.
NOTE: The data set EMWS3.FIMPORT_VARIABLESET has 10 observations and 21 variables.
NOTE: DATA statement used (Total process time):
      real time           0.04 seconds
      cpu time            0.00 seconds
      

MPRINT(TRAIN):   filename x;
NOTE: Fileref X has been deassigned.
MPRINT(TRAIN):   proc compare compare=EMWS3.FIMPORT_VariableSet base=EMWS3.FIMPORT_EMCMETADEFAULT noprint outnoequal outbase outcomp out=_DiffMeta noprint;
MPRINT(TRAIN):   id NAME;
MPRINT(TRAIN):   run;

NOTE: There were 10 observations read from the data set EMWS3.FIMPORT_VARIABLESET.
NOTE: There were 10 observations read from the data set EMWS3.FIMPORT_EMCMETADEFAULT.
NOTE: The data set WORK._DIFFMETA has 0 observations and 23 variables.
NOTE: PROCEDURE COMPARE used (Total process time):
      real time           0.02 seconds
      cpu time            0.00 seconds
      

MPRINT(TRAIN):   filename x1 "\\uisnutvdiprof1a\redirected$\smupp\Documents\HU.PREDICTIVEANALYSIS\Workspaces\EMWS3\FIMPORT\CDELTA_TRAIN.sas";
MPRINT(TRAIN):   data _null_;
MPRINT(TRAIN):   length string $200;
MPRINT(TRAIN):   set _DiffMeta end=eof;
MPRINT(TRAIN):   where _type_='COMPARE';
MPRINT(TRAIN):   file x1;
MPRINT(TRAIN):   string = 'if NAME="'!!strip(NAME)!!'" then do;';
MPRINT(TRAIN):   put string;
MPRINT(TRAIN):   string = '   ROLE="'!!strip(ROLE)!!'";';
MPRINT(TRAIN):   put string;
MPRINT(TRAIN):   string= '   LEVEL="'!!strip(LEVEL)!!'";';
MPRINT(TRAIN):   put string;
MPRINT(TRAIN):   string = '   ORDER="'!!strip(ORDER)!!'";';
MPRINT(TRAIN):   put string;
MPRINT(TRAIN):   put 'end;';
MPRINT(TRAIN):   if drop='Y' then do;
MPRINT(TRAIN):   string='if NAME="'!!strip(NAME)!!'" then delete;';
MPRINT(TRAIN):   put string;
MPRINT(TRAIN):   end;
MPRINT(TRAIN):   if eof then put 'drop DROP;';
MPRINT(TRAIN):   run;

NOTE: The file X1 is:
      Filename=\\uisnutvdiprof1a\redirected$\smupp\Documents\HU.PREDICTIVEANALYSIS\Workspaces\EMWS3\FIMPORT\CDELTA_TRAIN.sas,
      RECFM=V,LRECL=32767,File Size (bytes)=0,
      Last Modified=11Dec2024:00:14:34,
      Create Time=10Dec2024:23:50:10

NOTE: 0 records were written to the file X1.
NOTE: There were 0 observations read from the data set WORK._DIFFMETA.
      WHERE _type_='COMPARE';
NOTE: DATA statement used (Total process time):
      real time           0.00 seconds
      cpu time            0.00 seconds
      

MPRINT(TRAIN):  ;
MPRINT(TRAIN):   filename x2 "\\uisnutvdiprof1a\redirected$\smupp\Documents\HU.PREDICTIVEANALYSIS\Workspaces\EMWS3\FIMPORT\DELTACODE.txt";
MPRINT(EM_COPYFILE):   data _null_;
MPRINT(EM_COPYFILE):   length line $20000;
MPRINT(EM_COPYFILE):   file x2 lrecl=20000;
MPRINT(EM_COPYFILE):   fid=fopen("x1",'i',20000,'v');
MPRINT(EM_COPYFILE):   if fid > 0 then do;
MPRINT(EM_COPYFILE):   do while(^fread(fid));
MPRINT(EM_COPYFILE):   rlen = frlen(fid);
MPRINT(EM_COPYFILE):   rc= fget(fid,line,20000);
MPRINT(EM_COPYFILE):   start = length(line)-length(left(line))+1;
MPRINT(EM_COPYFILE):   line=strip(line);
MPRINT(EM_COPYFILE):   put @start line;
MPRINT(EM_COPYFILE):   end;
MPRINT(EM_COPYFILE):   if fid > 0 then rc=fclose(fid);
MPRINT(EM_COPYFILE):   end;
MPRINT(EM_COPYFILE):   run;

NOTE: The file X2 is:
      Filename=\\uisnutvdiprof1a\redirected$\smupp\Documents\HU.PREDICTIVEANALYSIS\Workspaces\EMWS3\FIMPORT\DELTACODE.txt,
      RECFM=V,LRECL=20000,File Size (bytes)=0,
      Last Modified=11Dec2024:00:14:34,
      Create Time=10Dec2024:23:52:59

NOTE: 0 records were written to the file X2.
NOTE: DATA statement used (Total process time):
      real time           0.00 seconds
      cpu time            0.00 seconds
      

MPRINT(TRAIN):  ;
MPRINT(TRAIN):   filename x1;
NOTE: Fileref X1 has been deassigned.
MPRINT(TRAIN):   filename x2;
NOTE: Fileref X2 has been deassigned.
MPRINT(TRAIN):  ;
MPRINT(TRAIN):   filename x "\\uisnutvdiprof1a\redirected$\smupp\Documents\HU.PREDICTIVEANALYSIS\Workspaces\EMWS3\FIMPORT\VARIABLESETDELTA.txt";
MPRINT(TRAIN):   data _null_;
MPRINT(TRAIN):   length string $200;
MPRINT(TRAIN):   set _DiffMeta end=eof;
MPRINT(TRAIN):   where _type_='COMPARE';
MPRINT(TRAIN):   file x;
MPRINT(TRAIN):   string = 'if NAME="'!!strip(NAME)!!'" then do;';
MPRINT(TRAIN):   put string;
MPRINT(TRAIN):   string = '   ROLE="'!!strip(ROLE)!!'";';
MPRINT(TRAIN):   put string;
MPRINT(TRAIN):   string= '   LEVEL="'!!strip(LEVEL)!!'";';
MPRINT(TRAIN):   put string;
MPRINT(TRAIN):   string = '   ORDER="'!!strip(ORDER)!!'";';
MPRINT(TRAIN):   put string;
MPRINT(TRAIN):   string = '   DROP="'!!strip(DROP)!!'";';
MPRINT(TRAIN):   put string;
MPRINT(TRAIN):   put 'end;';
MPRINT(TRAIN):   run;

NOTE: The file X is:
      Filename=\\uisnutvdiprof1a\redirected$\smupp\Documents\HU.PREDICTIVEANALYSIS\Workspaces\EMWS3\FIMPORT\VARIABLESETDELTA.txt,
      RECFM=V,LRECL=32767,File Size (bytes)=0,
      Last Modified=11Dec2024:00:14:34,
      Create Time=10Dec2024:23:52:59

NOTE: 0 records were written to the file X.
NOTE: There were 0 observations read from the data set WORK._DIFFMETA.
      WHERE _type_='COMPARE';
NOTE: DATA statement used (Total process time):
      real time           0.00 seconds
      cpu time            0.01 seconds
      

MPRINT(TRAIN):   filename x;
NOTE: Fileref X has been deassigned.
MPRINT(TRAIN):   proc datasets lib=work nolist;
MPRINT(TRAIN):   delete _DiffMeta;
MPRINT(TRAIN):   run;

NOTE: Deleting WORK._DIFFMETA (memtype=DATA).

NOTE: PROCEDURE DATASETS used (Total process time):
      real time           0.00 seconds
      cpu time            0.00 seconds
      

MPRINT(TRAIN):   data EMWS3.FIMPORT_ExportSet;
MPRINT(TRAIN):   set EMWS3.FIMPORT_ExportSet;
MPRINT(TRAIN):   if NODEPORT='TRAIN' then do;
MPRINT(TRAIN):   ROLE="TRAIN";
MPRINT(TRAIN):   COLUMNMETAMODTIME=datetime();
MPRINT(TRAIN):   MODTIME=datetime();
MPRINT(TRAIN):   DATASET="FIMPORT_train";
MPRINT(TRAIN):   COLUMNMETA="FIMPORT_CMeta_TRAIN";
MPRINT(TRAIN):   DELTACODE="CDelta_TRAIN";
MPRINT(TRAIN):   APPLYDELTA='Y';
MPRINT(TRAIN):   EXPORT='Y';
MPRINT(TRAIN):   NEEDUPDATE='Y';
MPRINT(TRAIN):   EMINFO='';
MPRINT(TRAIN):   EMINFOMODTIME=.;
MPRINT(TRAIN):   end;
MPRINT(TRAIN):   run;

NOTE: There were 6 observations read from the data set EMWS3.FIMPORT_EXPORTSET.
NOTE: The data set EMWS3.FIMPORT_EXPORTSET has 6 observations and 18 variables.
NOTE: DATA statement used (Total process time):
      real time           0.04 seconds
      cpu time            0.01 seconds
      

MPRINT(TRAIN):   proc contents data=EMWS3.FIMPORT_DATA;
MPRINT(TRAIN):   run;

NOTE: PROCEDURE CONTENTS used (Total process time):
      real time           0.01 seconds
      cpu time            0.00 seconds
      
NOTE: The PROCEDURE CONTENTS printed page 2.

MPRINT(TRAIN):   proc datasets library=work nolist;
MPRINT(TRAIN):   delete importfile importattrs new;
MPRINT(TRAIN):   quit;

NOTE: The file WORK.NEW (memtype=DATA) was not found, but appears on a DELETE statement.
NOTE: Deleting WORK.IMPORTFILE (memtype=DATA).
NOTE: Deleting WORK.IMPORTATTRS (memtype=DATA).
NOTE: PROCEDURE DATASETS used (Total process time):
      real time           0.02 seconds
      cpu time            0.00 seconds
      

MPRINT(TRAIN):   run;
MPRINT(TRAIN):   options validvarname=V7;
MPRINT(MAIN):  ;
MPRINT(EM_DIAGRAM):  ;
MPRINT(EM_DIAGRAM):   *------------------------------------------------------------*;
MPRINT(EM_DIAGRAM):   * End TRAIN: FIMPORT;
MPRINT(EM_DIAGRAM):   *------------------------------------------------------------*;
23677      *------------------------------------------------------------*;
23678      * End TRAIN: FIMPORT;
23679      *------------------------------------------------------------*;

23680      *------------------------------------------------------------*;
MPRINT(EM_DIAGRAM):    *------------------------------------------------------------*;
23681      * Close any missing semi colons;
MPRINT(EM_DIAGRAM):   * Close any missing semi colons;
23682      *------------------------------------------------------------*;
MPRINT(EM_DIAGRAM):   *------------------------------------------------------------*;
23683      ;
MPRINT(EM_DIAGRAM):   ;
23684      ;
MPRINT(EM_DIAGRAM):   ;
23685      ;
MPRINT(EM_DIAGRAM):   ;
23686      ;
MPRINT(EM_DIAGRAM):   ;
23687      quit;
MPRINT(EM_DIAGRAM):   quit;
23688      *------------------------------------------------------------*;
MPRINT(EM_DIAGRAM):   *------------------------------------------------------------*;
23689      * Close any unbalanced quotes;
MPRINT(EM_DIAGRAM):   * Close any unbalanced quotes;
23690      *------------------------------------------------------------*;
MPRINT(EM_DIAGRAM):   *------------------------------------------------------------*;
23691      /*; *"; *'; */
23692      ;
MPRINT(EM_DIAGRAM):   ;
23693      run;
MPRINT(EM_DIAGRAM):   run;
23694      quit;
MPRINT(EM_DIAGRAM):   quit;
23695      /* Reset EM Options */
23696      options formchar="|----|+|---+=|-/\<>*";
MPRINT(EM_DIAGRAM):   options formchar="|----|+|---+=|-/\<>*";
23697      options nocenter ls=256 ps=10000;
MPRINT(EM_DIAGRAM):   options nocenter ls=256 ps=10000;
23698      goptions reset=all device=GIF NODISPLAY;
MPRINT(EM_DIAGRAM):   goptions reset=all device=GIF NODISPLAY;
MPRINT(EM_DIAGRAM):    proc printto;
MPRINT(EM_DIAGRAM):   run;
