NOTE: PROCEDURE PRINTTO used (Total process time):
      real time           0.00 seconds
      cpu time            0.00 seconds
      

Traverser: Traverser invoked.  MPCONNECT command is !sascmdv -nosyntaxcheck -noasynchio -noobjectserver. 
Traverser: Beginning flow traversal 
17187      data _null_;
MPRINT(EM_DIAGRAM):    data _null_;
17188      file emwipmsg;
MPRINT(EM_DIAGRAM):   file emwipmsg;
17189      put '<Node Id="Ids" Event="Run" Pid="3020" Gridid=""/>';
MPRINT(EM_DIAGRAM):   put '<Node Id="Ids" Event="Run" Pid="3020" Gridid=""/>';
17190      run;
MPRINT(EM_DIAGRAM):   run;

NOTE: The file EMWIPMSG is:
      Local Host Name=vdiwin11g-47,
      Local Host IP addr=fe80::20b7:5671:f505:7078%15,
      Peer Hostname Name=vdiwin11g-47.uisad.uis.edu,
      Peer IP addr=127.0.0.1,Peer Name=N/A,
      Peer Portno=59220,Lrecl=32767,Recfm=Variable

NOTE: 1 record was written to the file EMWIPMSG.
      The minimum record length was 49.
      The maximum record length was 49.
NOTE: DATA statement used (Total process time):
      real time           0.00 seconds
      cpu time            0.00 seconds
      

17191      %let emloopmode =;
*------------------------------------------------------------* 
* 
* Ids : Beginning update before running 
* datetime : 09DEC2024:01:29:48 
* 
*------------------------------------------------------------* 
MPRINT(EM_DIAGRAM):     filename _emtool_ 'C:\Users\skunt\Downloads\HU.Exploratory Analysis\HU.ClusterAnalysis\Workspaces\EMWS1\Ids\PROPERTIES.xml' encoding="UTF-8" NOBOM;
17193      %let _HPDMGRIDHOST=;
17194      %let _HPDMGRIDINSTALLLOC=;
17195      %let _HPDMGRIDDATASERVER=;
17196      %hpdm_gridSetOPtions;
MPRINT(EM_DIAGRAM):   
MPRINT(HPDM_GRIDSETOPTIONS):   data _null_;
MPRINT(HPDM_GRIDSETOPTIONS):   length optionString string $2000;
MPRINT(HPDM_GRIDSETOPTIONS):   optionString = reverse(getoption('SET'));
MPRINT(HPDM_GRIDSETOPTIONS):   index = index(optionString, reverse('GRIDHOST'));
MPRINT(HPDM_GRIDSETOPTIONS):   if index then do;
MPRINT(HPDM_GRIDSETOPTIONS):   string = reverse(substr(optionString, 1, index-4));
MPRINT(HPDM_GRIDSETOPTIONS):   host = '"'!!strip(tranwrd(scan(string, 1, ']'), '"', ''))!!'"';
MPRINT(HPDM_GRIDSETOPTIONS):   call symput('_HPDMGRIDHOST', strip(host));
MPRINT(HPDM_GRIDSETOPTIONS):   end;
MPRINT(HPDM_GRIDSETOPTIONS):   index = index(optionString, reverse('GRIDINSTALLLOC'));
MPRINT(HPDM_GRIDSETOPTIONS):   if index then do;
MPRINT(HPDM_GRIDSETOPTIONS):   string = reverse(substr(optionString, 1, index-4));
MPRINT(HPDM_GRIDSETOPTIONS):   install = '"'!!strip(tranwrd(scan(string, 1, ']'), '"', ''))!!'"';
MPRINT(HPDM_GRIDSETOPTIONS):   call symput('_HPDMGRIDINSTALLLOC', strip(install));
MPRINT(HPDM_GRIDSETOPTIONS):   end;
MPRINT(HPDM_GRIDSETOPTIONS):   index = index(optionString, reverse('GRIDDATASERVER'));
MPRINT(HPDM_GRIDSETOPTIONS):   if index then do;
MPRINT(HPDM_GRIDSETOPTIONS):   string = reverse(substr(optionString, 1, index-4));
MPRINT(HPDM_GRIDSETOPTIONS):   server = '"'!!strip(tranwrd(scan(string, 1, ']'), '"', ''))!!'"';
MPRINT(HPDM_GRIDSETOPTIONS):   call symput('_HPDMGRIDDATASERVER', strip(server));
MPRINT(HPDM_GRIDSETOPTIONS):   end;
MPRINT(HPDM_GRIDSETOPTIONS):   run;

NOTE: DATA statement used (Total process time):
      real time           0.01 seconds
      cpu time            0.01 seconds
      

MPRINT(EM_DIAGRAM):  ;

*------------------------------------------------------------* 
* 
* Ids : End update 
* datetime : 09DEC2024:01:29:48 
* 
*------------------------------------------------------------* 
17197      %em_getactionstatus(emlib =EMWS1, nodeid=Ids);
MPRINT(EM_DIAGRAM):   
MPRINT(EM_GETACTIONSTATUS):   proc display c=sashelp.emutil.getactionstatus.scl;
MPRINT(EM_GETACTIONSTATUS):   run;

17198      %let em_Train = N;
17199      %let em_Score = N;
17200      %let em_Report = N;
17201      %let em_Run = N;
NOTE: PROCEDURE DISPLAY used (Total process time):
      real time           0.01 seconds
      cpu time            0.01 seconds
      

MPRINT(EM_GETACTIONSTATUS):   
MPRINT(EM_DIAGRAM):  ;

Node "Ids" has already run. 
Node "Ids" succeeded. 
17202      data _null_;
MPRINT(EM_DIAGRAM):    data _null_;
17203      file emwipmsg;
MPRINT(EM_DIAGRAM):   file emwipmsg;
17204      put '<Node Id="Ids" Event="Complete" Pid="3020" Gridid=""/>';
MPRINT(EM_DIAGRAM):   put '<Node Id="Ids" Event="Complete" Pid="3020" Gridid=""/>';
17205      run;
MPRINT(EM_DIAGRAM):   run;

NOTE: The file EMWIPMSG is:
      Local Host Name=vdiwin11g-47,
      Local Host IP addr=fe80::20b7:5671:f505:7078%15,
      Peer Hostname Name=vdiwin11g-47.uisad.uis.edu,
      Peer IP addr=127.0.0.1,Peer Name=N/A,
      Peer Portno=59220,Lrecl=32767,Recfm=Variable

NOTE: 1 record was written to the file EMWIPMSG.
      The minimum record length was 54.
      The maximum record length was 54.
NOTE: DATA statement used (Total process time):
      real time           0.00 seconds
      cpu time            0.01 seconds
      

Traverser: WaitingNode "CLUS" 
Traverser: WaitingNode "CLUS3" 
Traverser: WaitingNode "CLUS4" 
Traverser: WaitingNode "CLUS2" 
Traverser: WaitingNode "CLUS5" 
Traverser: WaitingNode "SMPL" 
Traverser: WaitingNode "CLUS6" 
Traverser: WaitingNode "CNTRL" 
traverser_readyNode_note 
17206      data _null_;
MPRINT(EM_DIAGRAM):    data _null_;
17207      file emwipmsg;
MPRINT(EM_DIAGRAM):   file emwipmsg;
17208      put '<Node Id="Filter" Event="Run" Pid="3020" Gridid=""/>';
MPRINT(EM_DIAGRAM):   put '<Node Id="Filter" Event="Run" Pid="3020" Gridid=""/>';
17209      run;
MPRINT(EM_DIAGRAM):   run;

NOTE: The file EMWIPMSG is:
      Local Host Name=vdiwin11g-47,
      Local Host IP addr=fe80::20b7:5671:f505:7078%15,
      Peer Hostname Name=vdiwin11g-47.uisad.uis.edu,
      Peer IP addr=127.0.0.1,Peer Name=N/A,
      Peer Portno=59220,Lrecl=32767,Recfm=Variable

NOTE: 1 record was written to the file EMWIPMSG.
      The minimum record length was 52.
      The maximum record length was 52.
NOTE: DATA statement used (Total process time):
      real time           0.01 seconds
      cpu time            0.00 seconds
      

17210      %let emloopmode =;
*------------------------------------------------------------* 
* 
* Filter : Beginning update before running 
* datetime : 09DEC2024:01:29:49 
* 
*------------------------------------------------------------* 
MPRINT(EM_DIAGRAM):     data WORK.Filter_FILTERSET;
MPRINT(EM_DIAGRAM):   length PORT $32 USE $1;
MPRINT(EM_DIAGRAM):   DROP DELTACODE APPLYDELTA APPLYSCORE IMPORTPORT;
MPRINT(EM_DIAGRAM):   set EMWS1.Ids_exportSet ;
MPRINT(EM_DIAGRAM):   PORT = '';
MPRINT(EM_DIAGRAM):   USE = '';
MPRINT(EM_DIAGRAM):   where role in( "RAW" "TRAIN" "VALIDATE" "TEST" ) and EXPORT = 'Y' ;
MPRINT(EM_DIAGRAM):   run;
MPRINT(EM_DIAGRAM):    filename _emtool_ 'C:\Users\skunt\Downloads\HU.Exploratory Analysis\HU.ClusterAnalysis\Workspaces\EMWS1\Filter\PROPERTIES.xml' encoding="UTF-8" NOBOM;
17230      %let _HPDMGRIDHOST=;
17231      %let _HPDMGRIDINSTALLLOC=;
17232      %let _HPDMGRIDDATASERVER=;
17233      %hpdm_gridSetOPtions;
MPRINT(EM_DIAGRAM):   
MPRINT(HPDM_GRIDSETOPTIONS):   data _null_;
MPRINT(HPDM_GRIDSETOPTIONS):   length optionString string $2000;
MPRINT(HPDM_GRIDSETOPTIONS):   optionString = reverse(getoption('SET'));
MPRINT(HPDM_GRIDSETOPTIONS):   index = index(optionString, reverse('GRIDHOST'));
MPRINT(HPDM_GRIDSETOPTIONS):   if index then do;
MPRINT(HPDM_GRIDSETOPTIONS):   string = reverse(substr(optionString, 1, index-4));
MPRINT(HPDM_GRIDSETOPTIONS):   host = '"'!!strip(tranwrd(scan(string, 1, ']'), '"', ''))!!'"';
MPRINT(HPDM_GRIDSETOPTIONS):   call symput('_HPDMGRIDHOST', strip(host));
MPRINT(HPDM_GRIDSETOPTIONS):   end;
MPRINT(HPDM_GRIDSETOPTIONS):   index = index(optionString, reverse('GRIDINSTALLLOC'));
MPRINT(HPDM_GRIDSETOPTIONS):   if index then do;
MPRINT(HPDM_GRIDSETOPTIONS):   string = reverse(substr(optionString, 1, index-4));
MPRINT(HPDM_GRIDSETOPTIONS):   install = '"'!!strip(tranwrd(scan(string, 1, ']'), '"', ''))!!'"';
MPRINT(HPDM_GRIDSETOPTIONS):   call symput('_HPDMGRIDINSTALLLOC', strip(install));
MPRINT(HPDM_GRIDSETOPTIONS):   end;
MPRINT(HPDM_GRIDSETOPTIONS):   index = index(optionString, reverse('GRIDDATASERVER'));
MPRINT(HPDM_GRIDSETOPTIONS):   if index then do;
MPRINT(HPDM_GRIDSETOPTIONS):   string = reverse(substr(optionString, 1, index-4));
MPRINT(HPDM_GRIDSETOPTIONS):   server = '"'!!strip(tranwrd(scan(string, 1, ']'), '"', ''))!!'"';
MPRINT(HPDM_GRIDSETOPTIONS):   call symput('_HPDMGRIDDATASERVER', strip(server));
MPRINT(HPDM_GRIDSETOPTIONS):   end;
MPRINT(HPDM_GRIDSETOPTIONS):   run;

NOTE: DATA statement used (Total process time):
      real time           0.00 seconds
      cpu time            0.00 seconds
      

MPRINT(EM_DIAGRAM):  ;

*------------------------------------------------------------* 
* 
* Filter : End update 
* datetime : 09DEC2024:01:29:49 
* 
*------------------------------------------------------------* 
17234      %em_getactionstatus(emlib =EMWS1, nodeid=Filter);
MPRINT(EM_DIAGRAM):   
MPRINT(EM_GETACTIONSTATUS):   proc display c=sashelp.emutil.getactionstatus.scl;
MPRINT(EM_GETACTIONSTATUS):   run;

17235      %let em_Train = N;
17236      %let em_Score = N;
17237      %let em_Report = N;
17238      %let em_Run = N;
NOTE: PROCEDURE DISPLAY used (Total process time):
      real time           0.00 seconds
      cpu time            0.00 seconds
      

MPRINT(EM_GETACTIONSTATUS):   
MPRINT(EM_DIAGRAM):  ;

Node "Filter" has already run. 
Node "Filter" succeeded. 
17239      data _null_;
MPRINT(EM_DIAGRAM):    data _null_;
17240      file emwipmsg;
MPRINT(EM_DIAGRAM):   file emwipmsg;
17241      put '<Node Id="Filter" Event="Complete" Pid="3020" Gridid=""/>';
MPRINT(EM_DIAGRAM):   put '<Node Id="Filter" Event="Complete" Pid="3020" Gridid=""/>';
17242      run;
MPRINT(EM_DIAGRAM):   run;

NOTE: The file EMWIPMSG is:
      Local Host Name=vdiwin11g-47,
      Local Host IP addr=fe80::20b7:5671:f505:7078%15,
      Peer Hostname Name=vdiwin11g-47.uisad.uis.edu,
      Peer IP addr=127.0.0.1,Peer Name=N/A,
      Peer Portno=59220,Lrecl=32767,Recfm=Variable

NOTE: 1 record was written to the file EMWIPMSG.
      The minimum record length was 57.
      The maximum record length was 57.
NOTE: DATA statement used (Total process time):
      real time           0.01 seconds
      cpu time            0.03 seconds
      

Traverser: WaitingNode "CLUS2" 
Traverser: WaitingNode "CLUS5" 
Traverser: WaitingNode "CLUS6" 
Traverser: WaitingNode "CNTRL" 
traverser_readyNode_note 
traverser_readyNode_note 
traverser_readyNode_note 
traverser_readyNode_note 
17243      data _null_;
MPRINT(EM_DIAGRAM):    data _null_;
17244      file emwipmsg;
MPRINT(EM_DIAGRAM):   file emwipmsg;
17245      put '<Node Id="Clus" Event="Run" Pid="3020" Gridid=""/>';
MPRINT(EM_DIAGRAM):   put '<Node Id="Clus" Event="Run" Pid="3020" Gridid=""/>';
17246      run;
MPRINT(EM_DIAGRAM):   run;

NOTE: The file EMWIPMSG is:
      Local Host Name=vdiwin11g-47,
      Local Host IP addr=fe80::20b7:5671:f505:7078%15,
      Peer Hostname Name=vdiwin11g-47.uisad.uis.edu,
      Peer IP addr=127.0.0.1,Peer Name=N/A,
      Peer Portno=59220,Lrecl=32767,Recfm=Variable

NOTE: 1 record was written to the file EMWIPMSG.
      The minimum record length was 50.
      The maximum record length was 50.
NOTE: DATA statement used (Total process time):
      real time           0.01 seconds
      cpu time            0.00 seconds
      

17247      %let emloopmode =;
*------------------------------------------------------------* 
* 
* Clus : Beginning update before running 
* datetime : 09DEC2024:01:29:49 
* 
*------------------------------------------------------------* 
MPRINT(EM_DIAGRAM):     data WORK.Clus_FILTERSET;
MPRINT(EM_DIAGRAM):   length PORT $32 USE $1;
MPRINT(EM_DIAGRAM):   DROP DELTACODE APPLYDELTA APPLYSCORE IMPORTPORT;
MPRINT(EM_DIAGRAM):   set EMWS1.Filter_exportSet ;
MPRINT(EM_DIAGRAM):   PORT = '';
MPRINT(EM_DIAGRAM):   USE = '';
MPRINT(EM_DIAGRAM):   where role in( "RAW" "TRAIN" "VALIDATE" "TEST" ) and EXPORT = 'Y' ;
MPRINT(EM_DIAGRAM):   run;
MPRINT(EM_DIAGRAM):    filename _emtool_ 'C:\Users\skunt\Downloads\HU.Exploratory Analysis\HU.ClusterAnalysis\Workspaces\EMWS1\Clus\PROPERTIES.xml' encoding="UTF-8" NOBOM;
17267      %let _HPDMGRIDHOST=;
17268      %let _HPDMGRIDINSTALLLOC=;
17269      %let _HPDMGRIDDATASERVER=;
17270      %hpdm_gridSetOPtions;
MPRINT(EM_DIAGRAM):   
MPRINT(HPDM_GRIDSETOPTIONS):   data _null_;
MPRINT(HPDM_GRIDSETOPTIONS):   length optionString string $2000;
MPRINT(HPDM_GRIDSETOPTIONS):   optionString = reverse(getoption('SET'));
MPRINT(HPDM_GRIDSETOPTIONS):   index = index(optionString, reverse('GRIDHOST'));
MPRINT(HPDM_GRIDSETOPTIONS):   if index then do;
MPRINT(HPDM_GRIDSETOPTIONS):   string = reverse(substr(optionString, 1, index-4));
MPRINT(HPDM_GRIDSETOPTIONS):   host = '"'!!strip(tranwrd(scan(string, 1, ']'), '"', ''))!!'"';
MPRINT(HPDM_GRIDSETOPTIONS):   call symput('_HPDMGRIDHOST', strip(host));
MPRINT(HPDM_GRIDSETOPTIONS):   end;
MPRINT(HPDM_GRIDSETOPTIONS):   index = index(optionString, reverse('GRIDINSTALLLOC'));
MPRINT(HPDM_GRIDSETOPTIONS):   if index then do;
MPRINT(HPDM_GRIDSETOPTIONS):   string = reverse(substr(optionString, 1, index-4));
MPRINT(HPDM_GRIDSETOPTIONS):   install = '"'!!strip(tranwrd(scan(string, 1, ']'), '"', ''))!!'"';
MPRINT(HPDM_GRIDSETOPTIONS):   call symput('_HPDMGRIDINSTALLLOC', strip(install));
MPRINT(HPDM_GRIDSETOPTIONS):   end;
MPRINT(HPDM_GRIDSETOPTIONS):   index = index(optionString, reverse('GRIDDATASERVER'));
MPRINT(HPDM_GRIDSETOPTIONS):   if index then do;
MPRINT(HPDM_GRIDSETOPTIONS):   string = reverse(substr(optionString, 1, index-4));
MPRINT(HPDM_GRIDSETOPTIONS):   server = '"'!!strip(tranwrd(scan(string, 1, ']'), '"', ''))!!'"';
MPRINT(HPDM_GRIDSETOPTIONS):   call symput('_HPDMGRIDDATASERVER', strip(server));
MPRINT(HPDM_GRIDSETOPTIONS):   end;
MPRINT(HPDM_GRIDSETOPTIONS):   run;

NOTE: DATA statement used (Total process time):
      real time           0.00 seconds
      cpu time            0.00 seconds
      

MPRINT(EM_DIAGRAM):  ;

*------------------------------------------------------------* 
* 
* Clus : End update 
* datetime : 09DEC2024:01:29:49 
* 
*------------------------------------------------------------* 
17271      %em_getactionstatus(emlib =EMWS1, nodeid=Clus);
MPRINT(EM_DIAGRAM):   
MPRINT(EM_GETACTIONSTATUS):   proc display c=sashelp.emutil.getactionstatus.scl;
MPRINT(EM_GETACTIONSTATUS):   run;

17272      %let em_Train = N;
17273      %let em_Score = N;
17274      %let em_Report = N;
17275      %let em_Run = N;
NOTE: PROCEDURE DISPLAY used (Total process time):
      real time           0.01 seconds
      cpu time            0.03 seconds
      

MPRINT(EM_GETACTIONSTATUS):   
MPRINT(EM_DIAGRAM):  ;

Node "Clus" has already run. 
Node "Clus" succeeded. 
17276      data _null_;
MPRINT(EM_DIAGRAM):    data _null_;
17277      file emwipmsg;
MPRINT(EM_DIAGRAM):   file emwipmsg;
17278      put '<Node Id="Clus" Event="Complete" Pid="3020" Gridid=""/>';
MPRINT(EM_DIAGRAM):   put '<Node Id="Clus" Event="Complete" Pid="3020" Gridid=""/>';
17279      run;
MPRINT(EM_DIAGRAM):   run;

NOTE: The file EMWIPMSG is:
      Local Host Name=vdiwin11g-47,
      Local Host IP addr=fe80::20b7:5671:f505:7078%15,
      Peer Hostname Name=vdiwin11g-47.uisad.uis.edu,
      Peer IP addr=127.0.0.1,Peer Name=N/A,
      Peer Portno=59220,Lrecl=32767,Recfm=Variable

NOTE: 1 record was written to the file EMWIPMSG.
      The minimum record length was 55.
      The maximum record length was 55.
NOTE: DATA statement used (Total process time):
      real time           0.01 seconds
      cpu time            0.00 seconds
      

Traverser: WaitingNode "CLUS2" 
Traverser: WaitingNode "CLUS5" 
Traverser: WaitingNode "CLUS6" 
Traverser: WaitingNode "CNTRL" 
traverser_readyNode_note 
traverser_readyNode_note 
traverser_readyNode_note 
17280      data _null_;
MPRINT(EM_DIAGRAM):    data _null_;
17281      file emwipmsg;
MPRINT(EM_DIAGRAM):   file emwipmsg;
17282      put '<Node Id="Smpl" Event="Run" Pid="3020" Gridid=""/>';
MPRINT(EM_DIAGRAM):   put '<Node Id="Smpl" Event="Run" Pid="3020" Gridid=""/>';
17283      run;
MPRINT(EM_DIAGRAM):   run;

NOTE: The file EMWIPMSG is:
      Local Host Name=vdiwin11g-47,
      Local Host IP addr=fe80::20b7:5671:f505:7078%15,
      Peer Hostname Name=vdiwin11g-47.uisad.uis.edu,
      Peer IP addr=127.0.0.1,Peer Name=N/A,
      Peer Portno=59220,Lrecl=32767,Recfm=Variable

NOTE: 1 record was written to the file EMWIPMSG.
      The minimum record length was 50.
      The maximum record length was 50.
NOTE: DATA statement used (Total process time):
      real time           0.01 seconds
      cpu time            0.00 seconds
      

17284      %let emloopmode =;
*------------------------------------------------------------* 
* 
* Smpl : Beginning update before running 
* datetime : 09DEC2024:01:29:50 
* 
*------------------------------------------------------------* 
MPRINT(EM_DIAGRAM):     data WORK.Smpl_FILTERSET;
MPRINT(EM_DIAGRAM):   length PORT $32 USE $1;
MPRINT(EM_DIAGRAM):   DROP DELTACODE APPLYDELTA APPLYSCORE IMPORTPORT;
MPRINT(EM_DIAGRAM):   set EMWS1.Filter_exportSet ;
MPRINT(EM_DIAGRAM):   PORT = '';
MPRINT(EM_DIAGRAM):   USE = '';
MPRINT(EM_DIAGRAM):   where role ^in( "RULES" "VARMAP" "OUTMEAN" "OUTSTAT" "ESTIMATE" "STATS" "TREE" ) and EXPORT = 'Y' ;
MPRINT(EM_DIAGRAM):   run;
MPRINT(EM_DIAGRAM):    filename _emtool_ 'C:\Users\skunt\Downloads\HU.Exploratory Analysis\HU.ClusterAnalysis\Workspaces\EMWS1\Smpl\PROPERTIES.xml' encoding="UTF-8" NOBOM;
17307      %let _HPDMGRIDHOST=;
17308      %let _HPDMGRIDINSTALLLOC=;
17309      %let _HPDMGRIDDATASERVER=;
17310      %hpdm_gridSetOPtions;
MPRINT(EM_DIAGRAM):   
MPRINT(HPDM_GRIDSETOPTIONS):   data _null_;
MPRINT(HPDM_GRIDSETOPTIONS):   length optionString string $2000;
MPRINT(HPDM_GRIDSETOPTIONS):   optionString = reverse(getoption('SET'));
MPRINT(HPDM_GRIDSETOPTIONS):   index = index(optionString, reverse('GRIDHOST'));
MPRINT(HPDM_GRIDSETOPTIONS):   if index then do;
MPRINT(HPDM_GRIDSETOPTIONS):   string = reverse(substr(optionString, 1, index-4));
MPRINT(HPDM_GRIDSETOPTIONS):   host = '"'!!strip(tranwrd(scan(string, 1, ']'), '"', ''))!!'"';
MPRINT(HPDM_GRIDSETOPTIONS):   call symput('_HPDMGRIDHOST', strip(host));
MPRINT(HPDM_GRIDSETOPTIONS):   end;
MPRINT(HPDM_GRIDSETOPTIONS):   index = index(optionString, reverse('GRIDINSTALLLOC'));
MPRINT(HPDM_GRIDSETOPTIONS):   if index then do;
MPRINT(HPDM_GRIDSETOPTIONS):   string = reverse(substr(optionString, 1, index-4));
MPRINT(HPDM_GRIDSETOPTIONS):   install = '"'!!strip(tranwrd(scan(string, 1, ']'), '"', ''))!!'"';
MPRINT(HPDM_GRIDSETOPTIONS):   call symput('_HPDMGRIDINSTALLLOC', strip(install));
MPRINT(HPDM_GRIDSETOPTIONS):   end;
MPRINT(HPDM_GRIDSETOPTIONS):   index = index(optionString, reverse('GRIDDATASERVER'));
MPRINT(HPDM_GRIDSETOPTIONS):   if index then do;
MPRINT(HPDM_GRIDSETOPTIONS):   string = reverse(substr(optionString, 1, index-4));
MPRINT(HPDM_GRIDSETOPTIONS):   server = '"'!!strip(tranwrd(scan(string, 1, ']'), '"', ''))!!'"';
MPRINT(HPDM_GRIDSETOPTIONS):   call symput('_HPDMGRIDDATASERVER', strip(server));
MPRINT(HPDM_GRIDSETOPTIONS):   end;
MPRINT(HPDM_GRIDSETOPTIONS):   run;

NOTE: DATA statement used (Total process time):
      real time           0.00 seconds
      cpu time            0.00 seconds
      

MPRINT(EM_DIAGRAM):  ;

*------------------------------------------------------------* 
* 
* Smpl : End update 
* datetime : 09DEC2024:01:29:50 
* 
*------------------------------------------------------------* 
17311      %em_getactionstatus(emlib =EMWS1, nodeid=Smpl);
MPRINT(EM_DIAGRAM):   
MPRINT(EM_GETACTIONSTATUS):   proc display c=sashelp.emutil.getactionstatus.scl;
MPRINT(EM_GETACTIONSTATUS):   run;

17312      %let em_Train = N;
17313      %let em_Score = N;
17314      %let em_Report = N;
17315      %let em_Run = N;
NOTE: PROCEDURE DISPLAY used (Total process time):
      real time           0.01 seconds
      cpu time            0.01 seconds
      

MPRINT(EM_GETACTIONSTATUS):   
MPRINT(EM_DIAGRAM):  ;

Node "Smpl" has already run. 
Node "Smpl" succeeded. 
17316      data _null_;
MPRINT(EM_DIAGRAM):    data _null_;
17317      file emwipmsg;
MPRINT(EM_DIAGRAM):   file emwipmsg;
17318      put '<Node Id="Smpl" Event="Complete" Pid="3020" Gridid=""/>';
MPRINT(EM_DIAGRAM):   put '<Node Id="Smpl" Event="Complete" Pid="3020" Gridid=""/>';
17319      run;
MPRINT(EM_DIAGRAM):   run;

NOTE: The file EMWIPMSG is:
      Local Host Name=vdiwin11g-47,
      Local Host IP addr=fe80::20b7:5671:f505:7078%15,
      Peer Hostname Name=vdiwin11g-47.uisad.uis.edu,
      Peer IP addr=127.0.0.1,Peer Name=N/A,
      Peer Portno=59220,Lrecl=32767,Recfm=Variable

NOTE: 1 record was written to the file EMWIPMSG.
      The minimum record length was 55.
      The maximum record length was 55.
NOTE: DATA statement used (Total process time):
      real time           0.00 seconds
      cpu time            0.00 seconds
      

Traverser: WaitingNode "CNTRL" 
traverser_readyNode_note 
traverser_readyNode_note 
traverser_readyNode_note 
traverser_readyNode_note 
traverser_readyNode_note 
17320      data _null_;
MPRINT(EM_DIAGRAM):    data _null_;
17321      file emwipmsg;
MPRINT(EM_DIAGRAM):   file emwipmsg;
17322      put '<Node Id="Clus3" Event="Run" Pid="3020" Gridid=""/>';
MPRINT(EM_DIAGRAM):   put '<Node Id="Clus3" Event="Run" Pid="3020" Gridid=""/>';
17323      run;
MPRINT(EM_DIAGRAM):   run;

NOTE: The file EMWIPMSG is:
      Local Host Name=vdiwin11g-47,
      Local Host IP addr=fe80::20b7:5671:f505:7078%15,
      Peer Hostname Name=vdiwin11g-47.uisad.uis.edu,
      Peer IP addr=127.0.0.1,Peer Name=N/A,
      Peer Portno=59220,Lrecl=32767,Recfm=Variable

NOTE: 1 record was written to the file EMWIPMSG.
      The minimum record length was 51.
      The maximum record length was 51.
NOTE: DATA statement used (Total process time):
      real time           0.01 seconds
      cpu time            0.00 seconds
      

17324      %let emloopmode =;
*------------------------------------------------------------* 
* 
* Clus3 : Beginning update before running 
* datetime : 09DEC2024:01:29:51 
* 
*------------------------------------------------------------* 
MPRINT(EM_DIAGRAM):     data WORK.Clus3_FILTERSET;
MPRINT(EM_DIAGRAM):   length PORT $32 USE $1;
MPRINT(EM_DIAGRAM):   DROP DELTACODE APPLYDELTA APPLYSCORE IMPORTPORT;
MPRINT(EM_DIAGRAM):   set EMWS1.Filter_exportSet ;
MPRINT(EM_DIAGRAM):   PORT = '';
MPRINT(EM_DIAGRAM):   USE = '';
MPRINT(EM_DIAGRAM):   where role in( "RAW" "TRAIN" "VALIDATE" "TEST" ) and EXPORT = 'Y' ;
MPRINT(EM_DIAGRAM):   run;
MPRINT(EM_DIAGRAM):    filename _emtool_ 'C:\Users\skunt\Downloads\HU.Exploratory Analysis\HU.ClusterAnalysis\Workspaces\EMWS1\Clus3\PROPERTIES.xml' encoding="UTF-8" NOBOM;
17344      %let _HPDMGRIDHOST=;
17345      %let _HPDMGRIDINSTALLLOC=;
17346      %let _HPDMGRIDDATASERVER=;
17347      %hpdm_gridSetOPtions;
MPRINT(EM_DIAGRAM):   
MPRINT(HPDM_GRIDSETOPTIONS):   data _null_;
MPRINT(HPDM_GRIDSETOPTIONS):   length optionString string $2000;
MPRINT(HPDM_GRIDSETOPTIONS):   optionString = reverse(getoption('SET'));
MPRINT(HPDM_GRIDSETOPTIONS):   index = index(optionString, reverse('GRIDHOST'));
MPRINT(HPDM_GRIDSETOPTIONS):   if index then do;
MPRINT(HPDM_GRIDSETOPTIONS):   string = reverse(substr(optionString, 1, index-4));
MPRINT(HPDM_GRIDSETOPTIONS):   host = '"'!!strip(tranwrd(scan(string, 1, ']'), '"', ''))!!'"';
MPRINT(HPDM_GRIDSETOPTIONS):   call symput('_HPDMGRIDHOST', strip(host));
MPRINT(HPDM_GRIDSETOPTIONS):   end;
MPRINT(HPDM_GRIDSETOPTIONS):   index = index(optionString, reverse('GRIDINSTALLLOC'));
MPRINT(HPDM_GRIDSETOPTIONS):   if index then do;
MPRINT(HPDM_GRIDSETOPTIONS):   string = reverse(substr(optionString, 1, index-4));
MPRINT(HPDM_GRIDSETOPTIONS):   install = '"'!!strip(tranwrd(scan(string, 1, ']'), '"', ''))!!'"';
MPRINT(HPDM_GRIDSETOPTIONS):   call symput('_HPDMGRIDINSTALLLOC', strip(install));
MPRINT(HPDM_GRIDSETOPTIONS):   end;
MPRINT(HPDM_GRIDSETOPTIONS):   index = index(optionString, reverse('GRIDDATASERVER'));
MPRINT(HPDM_GRIDSETOPTIONS):   if index then do;
MPRINT(HPDM_GRIDSETOPTIONS):   string = reverse(substr(optionString, 1, index-4));
MPRINT(HPDM_GRIDSETOPTIONS):   server = '"'!!strip(tranwrd(scan(string, 1, ']'), '"', ''))!!'"';
MPRINT(HPDM_GRIDSETOPTIONS):   call symput('_HPDMGRIDDATASERVER', strip(server));
MPRINT(HPDM_GRIDSETOPTIONS):   end;
MPRINT(HPDM_GRIDSETOPTIONS):   run;

NOTE: DATA statement used (Total process time):
      real time           0.00 seconds
      cpu time            0.00 seconds
      

MPRINT(EM_DIAGRAM):  ;

*------------------------------------------------------------* 
* 
* Clus3 : End update 
* datetime : 09DEC2024:01:29:51 
* 
*------------------------------------------------------------* 
17348      %em_getactionstatus(emlib =EMWS1, nodeid=Clus3);
MPRINT(EM_DIAGRAM):   
MPRINT(EM_GETACTIONSTATUS):   proc display c=sashelp.emutil.getactionstatus.scl;
MPRINT(EM_GETACTIONSTATUS):   run;

17349      %let em_Train = N;
17350      %let em_Score = N;
17351      %let em_Report = N;
17352      %let em_Run = N;
NOTE: PROCEDURE DISPLAY used (Total process time):
      real time           0.01 seconds
      cpu time            0.00 seconds
      

MPRINT(EM_GETACTIONSTATUS):   
MPRINT(EM_DIAGRAM):  ;

Node "Clus3" has already run. 
Node "Clus3" succeeded. 
17353      data _null_;
MPRINT(EM_DIAGRAM):    data _null_;
17354      file emwipmsg;
MPRINT(EM_DIAGRAM):   file emwipmsg;
17355      put '<Node Id="Clus3" Event="Complete" Pid="3020" Gridid=""/>';
MPRINT(EM_DIAGRAM):   put '<Node Id="Clus3" Event="Complete" Pid="3020" Gridid=""/>';
17356      run;
MPRINT(EM_DIAGRAM):   run;

NOTE: The file EMWIPMSG is:
      Local Host Name=vdiwin11g-47,
      Local Host IP addr=fe80::20b7:5671:f505:7078%15,
      Peer Hostname Name=vdiwin11g-47.uisad.uis.edu,
      Peer IP addr=127.0.0.1,Peer Name=N/A,
      Peer Portno=59220,Lrecl=32767,Recfm=Variable

NOTE: 1 record was written to the file EMWIPMSG.
      The minimum record length was 56.
      The maximum record length was 56.
NOTE: DATA statement used (Total process time):
      real time           0.00 seconds
      cpu time            0.00 seconds
      

Traverser: WaitingNode "CNTRL" 
traverser_readyNode_note 
traverser_readyNode_note 
traverser_readyNode_note 
traverser_readyNode_note 
17357      data _null_;
MPRINT(EM_DIAGRAM):    data _null_;
17358      file emwipmsg;
MPRINT(EM_DIAGRAM):   file emwipmsg;
17359      put '<Node Id="Clus4" Event="Run" Pid="3020" Gridid=""/>';
MPRINT(EM_DIAGRAM):   put '<Node Id="Clus4" Event="Run" Pid="3020" Gridid=""/>';
17360      run;
MPRINT(EM_DIAGRAM):   run;

NOTE: The file EMWIPMSG is:
      Local Host Name=vdiwin11g-47,
      Local Host IP addr=fe80::20b7:5671:f505:7078%15,
      Peer Hostname Name=vdiwin11g-47.uisad.uis.edu,
      Peer IP addr=127.0.0.1,Peer Name=N/A,
      Peer Portno=59220,Lrecl=32767,Recfm=Variable

NOTE: 1 record was written to the file EMWIPMSG.
      The minimum record length was 51.
      The maximum record length was 51.
NOTE: DATA statement used (Total process time):
      real time           0.00 seconds
      cpu time            0.00 seconds
      

17361      %let emloopmode =;
*------------------------------------------------------------* 
* 
* Clus4 : Beginning update before running 
* datetime : 09DEC2024:01:29:51 
* 
*------------------------------------------------------------* 
MPRINT(EM_DIAGRAM):     data WORK.Clus4_FILTERSET;
MPRINT(EM_DIAGRAM):   length PORT $32 USE $1;
MPRINT(EM_DIAGRAM):   DROP DELTACODE APPLYDELTA APPLYSCORE IMPORTPORT;
MPRINT(EM_DIAGRAM):   set EMWS1.Filter_exportSet ;
MPRINT(EM_DIAGRAM):   PORT = '';
MPRINT(EM_DIAGRAM):   USE = '';
MPRINT(EM_DIAGRAM):   where role in( "RAW" "TRAIN" "VALIDATE" "TEST" ) and EXPORT = 'Y' ;
MPRINT(EM_DIAGRAM):   run;
MPRINT(EM_DIAGRAM):    filename _emtool_ 'C:\Users\skunt\Downloads\HU.Exploratory Analysis\HU.ClusterAnalysis\Workspaces\EMWS1\Clus4\PROPERTIES.xml' encoding="UTF-8" NOBOM;
17381      %let _HPDMGRIDHOST=;
17382      %let _HPDMGRIDINSTALLLOC=;
17383      %let _HPDMGRIDDATASERVER=;
17384      %hpdm_gridSetOPtions;
MPRINT(EM_DIAGRAM):   
MPRINT(HPDM_GRIDSETOPTIONS):   data _null_;
MPRINT(HPDM_GRIDSETOPTIONS):   length optionString string $2000;
MPRINT(HPDM_GRIDSETOPTIONS):   optionString = reverse(getoption('SET'));
MPRINT(HPDM_GRIDSETOPTIONS):   index = index(optionString, reverse('GRIDHOST'));
MPRINT(HPDM_GRIDSETOPTIONS):   if index then do;
MPRINT(HPDM_GRIDSETOPTIONS):   string = reverse(substr(optionString, 1, index-4));
MPRINT(HPDM_GRIDSETOPTIONS):   host = '"'!!strip(tranwrd(scan(string, 1, ']'), '"', ''))!!'"';
MPRINT(HPDM_GRIDSETOPTIONS):   call symput('_HPDMGRIDHOST', strip(host));
MPRINT(HPDM_GRIDSETOPTIONS):   end;
MPRINT(HPDM_GRIDSETOPTIONS):   index = index(optionString, reverse('GRIDINSTALLLOC'));
MPRINT(HPDM_GRIDSETOPTIONS):   if index then do;
MPRINT(HPDM_GRIDSETOPTIONS):   string = reverse(substr(optionString, 1, index-4));
MPRINT(HPDM_GRIDSETOPTIONS):   install = '"'!!strip(tranwrd(scan(string, 1, ']'), '"', ''))!!'"';
MPRINT(HPDM_GRIDSETOPTIONS):   call symput('_HPDMGRIDINSTALLLOC', strip(install));
MPRINT(HPDM_GRIDSETOPTIONS):   end;
MPRINT(HPDM_GRIDSETOPTIONS):   index = index(optionString, reverse('GRIDDATASERVER'));
MPRINT(HPDM_GRIDSETOPTIONS):   if index then do;
MPRINT(HPDM_GRIDSETOPTIONS):   string = reverse(substr(optionString, 1, index-4));
MPRINT(HPDM_GRIDSETOPTIONS):   server = '"'!!strip(tranwrd(scan(string, 1, ']'), '"', ''))!!'"';
MPRINT(HPDM_GRIDSETOPTIONS):   call symput('_HPDMGRIDDATASERVER', strip(server));
MPRINT(HPDM_GRIDSETOPTIONS):   end;
MPRINT(HPDM_GRIDSETOPTIONS):   run;

NOTE: DATA statement used (Total process time):
      real time           0.00 seconds
      cpu time            0.00 seconds
      

MPRINT(EM_DIAGRAM):  ;

*------------------------------------------------------------* 
* 
* Clus4 : End update 
* datetime : 09DEC2024:01:29:51 
* 
*------------------------------------------------------------* 
17385      %em_getactionstatus(emlib =EMWS1, nodeid=Clus4);
MPRINT(EM_DIAGRAM):   
MPRINT(EM_GETACTIONSTATUS):   proc display c=sashelp.emutil.getactionstatus.scl;
MPRINT(EM_GETACTIONSTATUS):   run;

17386      %let em_Train = N;
17387      %let em_Score = N;
17388      %let em_Report = N;
17389      %let em_Run = N;
NOTE: PROCEDURE DISPLAY used (Total process time):
      real time           0.01 seconds
      cpu time            0.01 seconds
      

MPRINT(EM_GETACTIONSTATUS):   
MPRINT(EM_DIAGRAM):  ;

Node "Clus4" has already run. 
Node "Clus4" succeeded. 
17390      data _null_;
MPRINT(EM_DIAGRAM):    data _null_;
17391      file emwipmsg;
MPRINT(EM_DIAGRAM):   file emwipmsg;
17392      put '<Node Id="Clus4" Event="Complete" Pid="3020" Gridid=""/>';
MPRINT(EM_DIAGRAM):   put '<Node Id="Clus4" Event="Complete" Pid="3020" Gridid=""/>';
17393      run;
MPRINT(EM_DIAGRAM):   run;

NOTE: The file EMWIPMSG is:
      Local Host Name=vdiwin11g-47,
      Local Host IP addr=fe80::20b7:5671:f505:7078%15,
      Peer Hostname Name=vdiwin11g-47.uisad.uis.edu,
      Peer IP addr=127.0.0.1,Peer Name=N/A,
      Peer Portno=59220,Lrecl=32767,Recfm=Variable

NOTE: 1 record was written to the file EMWIPMSG.
      The minimum record length was 56.
      The maximum record length was 56.
NOTE: DATA statement used (Total process time):
      real time           0.01 seconds
      cpu time            0.01 seconds
      

Traverser: WaitingNode "CNTRL" 
traverser_readyNode_note 
traverser_readyNode_note 
traverser_readyNode_note 
17394      data _null_;
MPRINT(EM_DIAGRAM):    data _null_;
17395      file emwipmsg;
MPRINT(EM_DIAGRAM):   file emwipmsg;
17396      put '<Node Id="Clus2" Event="Run" Pid="3020" Gridid=""/>';
MPRINT(EM_DIAGRAM):   put '<Node Id="Clus2" Event="Run" Pid="3020" Gridid=""/>';
17397      run;
MPRINT(EM_DIAGRAM):   run;

NOTE: The file EMWIPMSG is:
      Local Host Name=vdiwin11g-47,
      Local Host IP addr=fe80::20b7:5671:f505:7078%15,
      Peer Hostname Name=vdiwin11g-47.uisad.uis.edu,
      Peer IP addr=127.0.0.1,Peer Name=N/A,
      Peer Portno=59220,Lrecl=32767,Recfm=Variable

NOTE: 1 record was written to the file EMWIPMSG.
      The minimum record length was 51.
      The maximum record length was 51.
NOTE: DATA statement used (Total process time):
      real time           0.00 seconds
      cpu time            0.00 seconds
      

17398      %let emloopmode =;
*------------------------------------------------------------* 
* 
* Clus2 : Beginning update before running 
* datetime : 09DEC2024:01:29:52 
* 
*------------------------------------------------------------* 
MPRINT(EM_DIAGRAM):     data WORK.Clus2_FILTERSET;
MPRINT(EM_DIAGRAM):   length PORT $32 USE $1;
MPRINT(EM_DIAGRAM):   DROP DELTACODE APPLYDELTA APPLYSCORE IMPORTPORT;
MPRINT(EM_DIAGRAM):   set EMWS1.Smpl_exportSet ;
MPRINT(EM_DIAGRAM):   PORT = '';
MPRINT(EM_DIAGRAM):   USE = '';
MPRINT(EM_DIAGRAM):   where role in( "RAW" "TRAIN" "VALIDATE" "TEST" ) and EXPORT = 'Y' ;
MPRINT(EM_DIAGRAM):   run;
MPRINT(EM_DIAGRAM):    filename _emtool_ 'C:\Users\skunt\Downloads\HU.Exploratory Analysis\HU.ClusterAnalysis\Workspaces\EMWS1\Clus2\PROPERTIES.xml' encoding="UTF-8" NOBOM;
17418      %let _HPDMGRIDHOST=;
17419      %let _HPDMGRIDINSTALLLOC=;
17420      %let _HPDMGRIDDATASERVER=;
17421      %hpdm_gridSetOPtions;
MPRINT(EM_DIAGRAM):   
MPRINT(HPDM_GRIDSETOPTIONS):   data _null_;
MPRINT(HPDM_GRIDSETOPTIONS):   length optionString string $2000;
MPRINT(HPDM_GRIDSETOPTIONS):   optionString = reverse(getoption('SET'));
MPRINT(HPDM_GRIDSETOPTIONS):   index = index(optionString, reverse('GRIDHOST'));
MPRINT(HPDM_GRIDSETOPTIONS):   if index then do;
MPRINT(HPDM_GRIDSETOPTIONS):   string = reverse(substr(optionString, 1, index-4));
MPRINT(HPDM_GRIDSETOPTIONS):   host = '"'!!strip(tranwrd(scan(string, 1, ']'), '"', ''))!!'"';
MPRINT(HPDM_GRIDSETOPTIONS):   call symput('_HPDMGRIDHOST', strip(host));
MPRINT(HPDM_GRIDSETOPTIONS):   end;
MPRINT(HPDM_GRIDSETOPTIONS):   index = index(optionString, reverse('GRIDINSTALLLOC'));
MPRINT(HPDM_GRIDSETOPTIONS):   if index then do;
MPRINT(HPDM_GRIDSETOPTIONS):   string = reverse(substr(optionString, 1, index-4));
MPRINT(HPDM_GRIDSETOPTIONS):   install = '"'!!strip(tranwrd(scan(string, 1, ']'), '"', ''))!!'"';
MPRINT(HPDM_GRIDSETOPTIONS):   call symput('_HPDMGRIDINSTALLLOC', strip(install));
MPRINT(HPDM_GRIDSETOPTIONS):   end;
MPRINT(HPDM_GRIDSETOPTIONS):   index = index(optionString, reverse('GRIDDATASERVER'));
MPRINT(HPDM_GRIDSETOPTIONS):   if index then do;
MPRINT(HPDM_GRIDSETOPTIONS):   string = reverse(substr(optionString, 1, index-4));
MPRINT(HPDM_GRIDSETOPTIONS):   server = '"'!!strip(tranwrd(scan(string, 1, ']'), '"', ''))!!'"';
MPRINT(HPDM_GRIDSETOPTIONS):   call symput('_HPDMGRIDDATASERVER', strip(server));
MPRINT(HPDM_GRIDSETOPTIONS):   end;
MPRINT(HPDM_GRIDSETOPTIONS):   run;

NOTE: DATA statement used (Total process time):
      real time           0.00 seconds
      cpu time            0.00 seconds
      

MPRINT(EM_DIAGRAM):  ;

*------------------------------------------------------------* 
* 
* Clus2 : End update 
* datetime : 09DEC2024:01:29:52 
* 
*------------------------------------------------------------* 
17422      %em_getactionstatus(emlib =EMWS1, nodeid=Clus2);
MPRINT(EM_DIAGRAM):   
MPRINT(EM_GETACTIONSTATUS):   proc display c=sashelp.emutil.getactionstatus.scl;
MPRINT(EM_GETACTIONSTATUS):   run;

17423      %let em_Train = N;
17424      %let em_Score = N;
17425      %let em_Report = N;
17426      %let em_Run = N;
NOTE: PROCEDURE DISPLAY used (Total process time):
      real time           0.01 seconds
      cpu time            0.01 seconds
      

MPRINT(EM_GETACTIONSTATUS):   
MPRINT(EM_DIAGRAM):  ;

Node "Clus2" has already run. 
Node "Clus2" succeeded. 
17427      data _null_;
MPRINT(EM_DIAGRAM):    data _null_;
17428      file emwipmsg;
MPRINT(EM_DIAGRAM):   file emwipmsg;
17429      put '<Node Id="Clus2" Event="Complete" Pid="3020" Gridid=""/>';
MPRINT(EM_DIAGRAM):   put '<Node Id="Clus2" Event="Complete" Pid="3020" Gridid=""/>';
17430      run;
MPRINT(EM_DIAGRAM):   run;

NOTE: The file EMWIPMSG is:
      Local Host Name=vdiwin11g-47,
      Local Host IP addr=fe80::20b7:5671:f505:7078%15,
      Peer Hostname Name=vdiwin11g-47.uisad.uis.edu,
      Peer IP addr=127.0.0.1,Peer Name=N/A,
      Peer Portno=59220,Lrecl=32767,Recfm=Variable

NOTE: 1 record was written to the file EMWIPMSG.
      The minimum record length was 56.
      The maximum record length was 56.
NOTE: DATA statement used (Total process time):
      real time           0.00 seconds
      cpu time            0.00 seconds
      

Traverser: WaitingNode "CNTRL" 
traverser_readyNode_note 
traverser_readyNode_note 
17431      data _null_;
MPRINT(EM_DIAGRAM):    data _null_;
17432      file emwipmsg;
MPRINT(EM_DIAGRAM):   file emwipmsg;
17433      put '<Node Id="Clus5" Event="Run" Pid="3020" Gridid=""/>';
MPRINT(EM_DIAGRAM):   put '<Node Id="Clus5" Event="Run" Pid="3020" Gridid=""/>';
17434      run;
MPRINT(EM_DIAGRAM):   run;

NOTE: The file EMWIPMSG is:
      Local Host Name=vdiwin11g-47,
      Local Host IP addr=fe80::20b7:5671:f505:7078%15,
      Peer Hostname Name=vdiwin11g-47.uisad.uis.edu,
      Peer IP addr=127.0.0.1,Peer Name=N/A,
      Peer Portno=59220,Lrecl=32767,Recfm=Variable

NOTE: 1 record was written to the file EMWIPMSG.
      The minimum record length was 51.
      The maximum record length was 51.
NOTE: DATA statement used (Total process time):
      real time           0.00 seconds
      cpu time            0.00 seconds
      

17435      %let emloopmode =;
*------------------------------------------------------------* 
* 
* Clus5 : Beginning update before running 
* datetime : 09DEC2024:01:29:52 
* 
*------------------------------------------------------------* 
MPRINT(EM_DIAGRAM):     data WORK.Clus5_FILTERSET;
MPRINT(EM_DIAGRAM):   length PORT $32 USE $1;
MPRINT(EM_DIAGRAM):   DROP DELTACODE APPLYDELTA APPLYSCORE IMPORTPORT;
MPRINT(EM_DIAGRAM):   set EMWS1.Smpl_exportSet ;
MPRINT(EM_DIAGRAM):   PORT = '';
MPRINT(EM_DIAGRAM):   USE = '';
MPRINT(EM_DIAGRAM):   where role in( "RAW" "TRAIN" "VALIDATE" "TEST" ) and EXPORT = 'Y' ;
MPRINT(EM_DIAGRAM):   run;
MPRINT(EM_DIAGRAM):    filename _emtool_ 'C:\Users\skunt\Downloads\HU.Exploratory Analysis\HU.ClusterAnalysis\Workspaces\EMWS1\Clus5\PROPERTIES.xml' encoding="UTF-8" NOBOM;
17455      %let _HPDMGRIDHOST=;
17456      %let _HPDMGRIDINSTALLLOC=;
17457      %let _HPDMGRIDDATASERVER=;
17458      %hpdm_gridSetOPtions;
MPRINT(EM_DIAGRAM):   
MPRINT(HPDM_GRIDSETOPTIONS):   data _null_;
MPRINT(HPDM_GRIDSETOPTIONS):   length optionString string $2000;
MPRINT(HPDM_GRIDSETOPTIONS):   optionString = reverse(getoption('SET'));
MPRINT(HPDM_GRIDSETOPTIONS):   index = index(optionString, reverse('GRIDHOST'));
MPRINT(HPDM_GRIDSETOPTIONS):   if index then do;
MPRINT(HPDM_GRIDSETOPTIONS):   string = reverse(substr(optionString, 1, index-4));
MPRINT(HPDM_GRIDSETOPTIONS):   host = '"'!!strip(tranwrd(scan(string, 1, ']'), '"', ''))!!'"';
MPRINT(HPDM_GRIDSETOPTIONS):   call symput('_HPDMGRIDHOST', strip(host));
MPRINT(HPDM_GRIDSETOPTIONS):   end;
MPRINT(HPDM_GRIDSETOPTIONS):   index = index(optionString, reverse('GRIDINSTALLLOC'));
MPRINT(HPDM_GRIDSETOPTIONS):   if index then do;
MPRINT(HPDM_GRIDSETOPTIONS):   string = reverse(substr(optionString, 1, index-4));
MPRINT(HPDM_GRIDSETOPTIONS):   install = '"'!!strip(tranwrd(scan(string, 1, ']'), '"', ''))!!'"';
MPRINT(HPDM_GRIDSETOPTIONS):   call symput('_HPDMGRIDINSTALLLOC', strip(install));
MPRINT(HPDM_GRIDSETOPTIONS):   end;
MPRINT(HPDM_GRIDSETOPTIONS):   index = index(optionString, reverse('GRIDDATASERVER'));
MPRINT(HPDM_GRIDSETOPTIONS):   if index then do;
MPRINT(HPDM_GRIDSETOPTIONS):   string = reverse(substr(optionString, 1, index-4));
MPRINT(HPDM_GRIDSETOPTIONS):   server = '"'!!strip(tranwrd(scan(string, 1, ']'), '"', ''))!!'"';
MPRINT(HPDM_GRIDSETOPTIONS):   call symput('_HPDMGRIDDATASERVER', strip(server));
MPRINT(HPDM_GRIDSETOPTIONS):   end;
MPRINT(HPDM_GRIDSETOPTIONS):   run;

NOTE: DATA statement used (Total process time):
      real time           0.00 seconds
      cpu time            0.00 seconds
      

MPRINT(EM_DIAGRAM):  ;

*------------------------------------------------------------* 
* 
* Clus5 : End update 
* datetime : 09DEC2024:01:29:52 
* 
*------------------------------------------------------------* 
17459      %em_getactionstatus(emlib =EMWS1, nodeid=Clus5);
MPRINT(EM_DIAGRAM):   
MPRINT(EM_GETACTIONSTATUS):   proc display c=sashelp.emutil.getactionstatus.scl;
MPRINT(EM_GETACTIONSTATUS):   run;

17460      %let em_Train = Y;
17461      %let em_Score = N;
17462      %let em_Report = N;
17463      %let em_Run = Y;
NOTE: PROCEDURE DISPLAY used (Total process time):
      real time           0.01 seconds
      cpu time            0.03 seconds
      

MPRINT(EM_GETACTIONSTATUS):   
MPRINT(EM_DIAGRAM):  ;

17464      %let emloopmode =;
17465      %let emloopnumber =0;
17466      %let emloopId =Clus5;
*------------------------------------------------------------* 
* 
* Clus5 : Running 
* datetime : 09DEC2024:01:29:52 
* 
*------------------------------------------------------------* 
17467      %let SYSCC =0;
17468      %let EMGROUPMODE =;
17469      %let EMGROUPID =;
MPRINT(EM_DIAGRAM):      filename temp catalog 'sashelp.emutil.em_vardist.source';
MPRINT(EM_DIAGRAM):   filename temp;
MPRINT(EM_DIAGRAM):   filename temp catalog 'sashelp.emutil.em_classdist.source';
MPRINT(EM_DIAGRAM):   filename temp;
MPRINT(EM_DIAGRAM):   filename temp catalog 'sashelp.emutil.em_checksetinit.source';
MPRINT(EM_DIAGRAM):   filename temp;
MPRINT(EM_DIAGRAM):   filename temp catalog 'sashelp.emutil.em_checkerror.source';
MPRINT(EM_DIAGRAM):   filename temp;
MPRINT(EM_DIAGRAM):   filename temp catalog 'sashelp.emutil.em_odsliston.source';
MPRINT(EM_DIAGRAM):   filename temp;
MPRINT(EM_DIAGRAM):   filename temp catalog 'sashelp.emutil.em_odslistoff.source';
MPRINT(EM_DIAGRAM):   filename temp;
MPRINT(EM_DIAGRAM):   filename temp catalog 'sashelp.emutil.em_getvarname.source';
MPRINT(EM_DIAGRAM):   filename temp;
MPRINT(EM_DIAGRAM):   filename temp catalog 'sashelp.emassmt.em_assess.source';
MPRINT(EM_DIAGRAM):   filename temp;
MPRINT(EM_DIAGRAM):    filename L276MOF_ "C:\Users\skunt\Downloads\HU.Exploratory Analysis\HU.ClusterAnalysis\Workspaces\EMWS1\Clus5\EMTRAIN.log" encoding="UTF-8" NOBOM;
MPRINT(EM_DIAGRAM):   proc printto log=L276MOF_ new;
MPRINT(EM_DIAGRAM):   run;
