MPRINT(EM_DIAGRAM):    data _null_;
MPRINT(EM_DIAGRAM):   call symput('NLDATE', strip(put(date(), NLDATE.)));
MPRINT(EM_DIAGRAM):   call symput('NLTIME', strip(put(datetime(), NLTIME.)));
MPRINT(EM_DIAGRAM):   run;
MPRINT(EM_DIAGRAM):   data _null_;
MPRINT(EM_DIAGRAM):   nldate= sasmsg("sashelp.dmine", "log_date_note", 'N', "December 09, 2024" );
MPRINT(EM_DIAGRAM):   nltime= sasmsg("sashelp.dmine", "log_time_note", 'N', "01:29:54" );
MPRINT(EM_DIAGRAM):   put "*------------------------------------------------------------*";
MPRINT(EM_DIAGRAM):   put "* Score Log";
MPRINT(EM_DIAGRAM):   put nldate;
MPRINT(EM_DIAGRAM):   put nltime;
MPRINT(EM_DIAGRAM):   put "*------------------------------------------------------------*";
MPRINT(EM_DIAGRAM):   run;
*------------------------------------------------------------*
* Score Log
Date:                December 09, 2024
Time:                01:29:54
*------------------------------------------------------------*
MPRINT(EM_DIAGRAM):    filename O28KAS5Z "C:\Users\skunt\Downloads\HU.Exploratory Analysis\HU.ClusterAnalysis\Workspaces\EMWS1\Clus5\EMSCORE.out" encoding="UTF-8" NOBOM;
MPRINT(EM_DIAGRAM):   proc printto print=O28KAS5Z new;
MPRINT(EM_DIAGRAM):   run;
22665      proc transpose data=EMWS1.Clus5_OUTVAR out=WORK.Clus5_OUTVAR(rename=(COl2=NAME) where=(COL1='IMPUTED'));
MPRINT(EM_DIAGRAM):    proc transpose data=EMWS1.Clus5_OUTVAR out=WORK.Clus5_OUTVAR(rename=(COl2=NAME) where=(COL1='IMPUTED'));
22666      var households--ocean_proximityNEAR_OCE;
MPRINT(EM_DIAGRAM):   var households--ocean_proximityNEAR_OCE;
22667      where _TYPE_ in('TYPE' 'VARIABLE');
MPRINT(EM_DIAGRAM):   where _TYPE_ in('TYPE' 'VARIABLE');
22668      run;
MPRINT(EM_DIAGRAM):   run;

NOTE: There were 2 observations read from the data set EMWS1.CLUS5_OUTVAR.
      WHERE _TYPE_ in ('TYPE', 'VARIABLE');
NOTE: The data set WORK.CLUS5_OUTVAR has 0 observations and 4 variables.
NOTE: PROCEDURE TRANSPOSE used (Total process time):
      real time           0.05 seconds
      cpu time            0.01 seconds
      

22669      proc sort data=WORK.Clus5_OUTVAR;
MPRINT(EM_DIAGRAM):   proc sort data=WORK.Clus5_OUTVAR;
22670      by NAME;
MPRINT(EM_DIAGRAM):   by NAME;
22671      run;
MPRINT(EM_DIAGRAM):   run;

NOTE: Input data set is empty.
NOTE: The data set WORK.CLUS5_OUTVAR has 0 observations and 4 variables.
NOTE: PROCEDURE SORT used (Total process time):
      real time           0.01 seconds
      cpu time            0.01 seconds
      

22672      proc sort data=EMWS1.Clus5_VariableSet(KEEP=NAME ROLE LEVEL) out=WORK.Clus5_SORTEDVARS;
MPRINT(EM_DIAGRAM):   proc sort data=EMWS1.Clus5_VariableSet(KEEP=NAME ROLE LEVEL) out=WORK.Clus5_SORTEDVARS;
22673      by NAME;
MPRINT(EM_DIAGRAM):   by NAME;
22674      run;
MPRINT(EM_DIAGRAM):   run;

NOTE: There were 11 observations read from the data set EMWS1.CLUS5_VARIABLESET.
NOTE: The data set WORK.CLUS5_SORTEDVARS has 11 observations and 3 variables.
NOTE: PROCEDURE SORT used (Total process time):
      real time           0.04 seconds
      cpu time            0.01 seconds
      

22675      data WORK.Clus5_OUTVAR;
MPRINT(EM_DIAGRAM):   data WORK.Clus5_OUTVAR;
22676      merge WORK.Clus5_OUTVAR(in=INVAR) WORK.Clus5_SORTEDVARS;
MPRINT(EM_DIAGRAM):   merge WORK.Clus5_OUTVAR(in=INVAR) WORK.Clus5_SORTEDVARS;
22677      by NAME;
MPRINT(EM_DIAGRAM):   by NAME;
22678      if INVAR then output;
MPRINT(EM_DIAGRAM):   if INVAR then output;
22679      run;
MPRINT(EM_DIAGRAM):   run;

WARNING: Multiple lengths were specified for the BY variable NAME by input data sets. This might cause unexpected results.
NOTE: There were 0 observations read from the data set WORK.CLUS5_OUTVAR.
NOTE: There were 11 observations read from the data set WORK.CLUS5_SORTEDVARS.
NOTE: The data set WORK.CLUS5_OUTVAR has 0 observations and 6 variables.
NOTE: DATA statement used (Total process time):
      real time           0.02 seconds
      cpu time            0.03 seconds
      

NOTE: This SAS session is using a registry in WORK.  All changes will be lost at the end of this session.
22680      filename emflow "C:\Users\skunt\Downloads\HU.Exploratory Analysis\HU.ClusterAnalysis\Workspaces\EMWS1\Clus5\EMFLOWSCORE.sas";
MPRINT(EM_DIAGRAM):    filename emflow "C:\Users\skunt\Downloads\HU.Exploratory Analysis\HU.ClusterAnalysis\Workspaces\EMWS1\Clus5\EMFLOWSCORE.sas";
MPRINT(EM_DIAGRAM):   *------------------------------------------------------------*;
MPRINT(EM_DIAGRAM):   * Clus5: Scoring DATA data;
MPRINT(EM_DIAGRAM):   *------------------------------------------------------------*;
22681      *------------------------------------------------------------*;
22682      * Clus5: Scoring DATA data;
22683      *------------------------------------------------------------*;
22684      data EMWS1.Clus5_TRAIN
22685      / view=EMWS1.Clus5_TRAIN
22686      ;
MPRINT(EM_DIAGRAM):   data EMWS1.Clus5_TRAIN / view=EMWS1.Clus5_TRAIN ;
22687      set EMWS1.Smpl_DATA
22688      ;
MPRINT(EM_DIAGRAM):   set EMWS1.Smpl_DATA ;
22689      %inc emflow;
MPRINT(EM_DIAGRAM):   *****************************************;
MPRINT(EM_DIAGRAM):   *** Begin Scoring Code from PROC DMVQ ***;
MPRINT(EM_DIAGRAM):   *****************************************;
MPRINT(EM_DIAGRAM):   *** Begin Class Look-up, Standardization, Replacement ;
MPRINT(EM_DIAGRAM):   drop _dm_bad;
MPRINT(EM_DIAGRAM):   _dm_bad = 0;
MPRINT(EM_DIAGRAM):   *** Standardize households ;
MPRINT(EM_DIAGRAM):   drop T_households ;
MPRINT(EM_DIAGRAM):   if missing( households ) then T_households = .;
MPRINT(EM_DIAGRAM):   else T_households = (households - 460.311835218639) * 0.00373139928103;
MPRINT(EM_DIAGRAM):   *** Standardize housing_median_age ;
MPRINT(EM_DIAGRAM):   drop T_housing_median_age ;
MPRINT(EM_DIAGRAM):   if missing( housing_median_age ) then T_housing_median_age = .;
MPRINT(EM_DIAGRAM):   else T_housing_median_age = (housing_median_age - 29.047554730148) * 0.08055032108804;
MPRINT(EM_DIAGRAM):   *** Standardize latitude ;
MPRINT(EM_DIAGRAM):   drop T_latitude ;
MPRINT(EM_DIAGRAM):   if missing( latitude ) then T_latitude = .;
MPRINT(EM_DIAGRAM):   else T_latitude = (latitude - 35.6533051944396) * 0.46628991581626;
MPRINT(EM_DIAGRAM):   *** Standardize longitude ;
MPRINT(EM_DIAGRAM):   drop T_longitude ;
MPRINT(EM_DIAGRAM):   if missing( longitude ) then T_longitude = .;
MPRINT(EM_DIAGRAM):   else T_longitude = (longitude - -119.588626259213) * 0.49878312433611;
MPRINT(EM_DIAGRAM):   *** Standardize median_house_value ;
MPRINT(EM_DIAGRAM):   drop T_median_house_value ;
MPRINT(EM_DIAGRAM):   if missing( median_house_value ) then T_median_house_value = .;
MPRINT(EM_DIAGRAM):   else T_median_house_value = (median_house_value - 201603.887556981) * 9.0595395076474E-6;
MPRINT(EM_DIAGRAM):   *** Standardize median_income ;
MPRINT(EM_DIAGRAM):   drop T_median_income ;
MPRINT(EM_DIAGRAM):   if missing( median_income ) then T_median_income = .;
MPRINT(EM_DIAGRAM):   else T_median_income = (median_income - 3.72346686363894) * 0.62580604791285;
MPRINT(EM_DIAGRAM):   *** Standardize population ;
MPRINT(EM_DIAGRAM):   drop T_population ;
MPRINT(EM_DIAGRAM):   if missing( population ) then T_population = .;
MPRINT(EM_DIAGRAM):   else T_population = (population - 1311.04884911925) * 0.00129044268979;
MPRINT(EM_DIAGRAM):   *** Standardize total_bedrooms ;
MPRINT(EM_DIAGRAM):   drop T_total_bedrooms ;
MPRINT(EM_DIAGRAM):   if missing( total_bedrooms ) then T_total_bedrooms = .;
MPRINT(EM_DIAGRAM):   else T_total_bedrooms = (total_bedrooms - 493.40729794248) * 0.00343578800584;
MPRINT(EM_DIAGRAM):   *** Standardize total_rooms ;
MPRINT(EM_DIAGRAM):   drop T_total_rooms ;
MPRINT(EM_DIAGRAM):   if missing( total_rooms ) then T_total_rooms = .;
MPRINT(EM_DIAGRAM):   else T_total_rooms = (total_rooms - 2390.54353086836) * 0.00069505461008;
MPRINT(EM_DIAGRAM):   *** Generate dummy variables for ocean_proximity ;
MPRINT(EM_DIAGRAM):   drop ocean_proximity_1H_OCEA ocean_proximityINLAND ocean_proximityNEAR_BAY ocean_proximityNEAR_OCE ;
MPRINT(EM_DIAGRAM):   if missing( ocean_proximity ) then do;
MPRINT(EM_DIAGRAM):   ocean_proximity_1H_OCEA = .;
MPRINT(EM_DIAGRAM):   ocean_proximityINLAND = .;
MPRINT(EM_DIAGRAM):   ocean_proximityNEAR_BAY = .;
MPRINT(EM_DIAGRAM):   ocean_proximityNEAR_OCE = .;
MPRINT(EM_DIAGRAM):   end;
MPRINT(EM_DIAGRAM):   else do;
MPRINT(EM_DIAGRAM):   length _dm8 $ 8;
MPRINT(EM_DIAGRAM):   drop _dm8 ;
MPRINT(EM_DIAGRAM):   _dm8 = put( ocean_proximity , $8. );
MPRINT(DMNORMIP):   call dmnorm(_dm8,
MPRINT(DMNORLEN):  32
MPRINT(DMNORMIP):  );
MPRINT(EM_DIAGRAM):   if _dm8 = '<1H OCEA' then do;
MPRINT(EM_DIAGRAM):   ocean_proximity_1H_OCEA = 0.56595539231303;
MPRINT(EM_DIAGRAM):   ocean_proximityINLAND = -0.34267353703912;
MPRINT(EM_DIAGRAM):   ocean_proximityNEAR_BAY = -0.17720790501365;
MPRINT(EM_DIAGRAM):   ocean_proximityNEAR_OCE = -0.19365833916502;
MPRINT(EM_DIAGRAM):   end;
MPRINT(EM_DIAGRAM):   else if _dm8 = 'INLAND' then do;
MPRINT(EM_DIAGRAM):   ocean_proximity_1H_OCEA = -0.44170606720704;
MPRINT(EM_DIAGRAM):   ocean_proximityINLAND = 0.7295162991377;
MPRINT(EM_DIAGRAM):   ocean_proximityNEAR_BAY = -0.17720790501365;
MPRINT(EM_DIAGRAM):   ocean_proximityNEAR_OCE = -0.19365833916502;
MPRINT(EM_DIAGRAM):   end;
MPRINT(EM_DIAGRAM):   else if _dm8 = 'NEAR OCE' then do;
MPRINT(EM_DIAGRAM):   ocean_proximity_1H_OCEA = -0.44170606720704;
MPRINT(EM_DIAGRAM):   ocean_proximityINLAND = -0.34267353703912;
MPRINT(EM_DIAGRAM):   ocean_proximityNEAR_BAY = -0.17720790501365;
MPRINT(EM_DIAGRAM):   ocean_proximityNEAR_OCE = 1.2908606550642;
MPRINT(EM_DIAGRAM):   end;
MPRINT(EM_DIAGRAM):   else if _dm8 = 'NEAR BAY' then do;
MPRINT(EM_DIAGRAM):   ocean_proximity_1H_OCEA = -0.44170606720704;
MPRINT(EM_DIAGRAM):   ocean_proximityINLAND = -0.34267353703912;
MPRINT(EM_DIAGRAM):   ocean_proximityNEAR_BAY = 1.41069288378497;
MPRINT(EM_DIAGRAM):   ocean_proximityNEAR_OCE = -0.19365833916502;
MPRINT(EM_DIAGRAM):   end;
MPRINT(EM_DIAGRAM):   else do;
MPRINT(EM_DIAGRAM):   ocean_proximity_1H_OCEA = .;
MPRINT(EM_DIAGRAM):   ocean_proximityINLAND = .;
MPRINT(EM_DIAGRAM):   ocean_proximityNEAR_BAY = .;
MPRINT(EM_DIAGRAM):   ocean_proximityNEAR_OCE = .;
MPRINT(EM_DIAGRAM):   _DM_BAD = 1;
MPRINT(EM_DIAGRAM):   end;
MPRINT(EM_DIAGRAM):   end;
MPRINT(EM_DIAGRAM):   *** End Class Look-up, Standardization, Replacement ;
MPRINT(EM_DIAGRAM):   *** Omitted Cases;
MPRINT(EM_DIAGRAM):   if _dm_bad then do;
MPRINT(EM_DIAGRAM):   _SEGMENT_ = .;
MPRINT(EM_DIAGRAM):   Distance = .;
MPRINT(EM_DIAGRAM):   goto CLUS5vlex ;
MPRINT(EM_DIAGRAM):   end;
MPRINT(EM_DIAGRAM):   *** omitted;
MPRINT(EM_DIAGRAM):   *** Compute Distances and Cluster Membership;
MPRINT(EM_DIAGRAM):   label _SEGMENT_ = 'Segment Id' ;
MPRINT(EM_DIAGRAM):   label Distance = 'Distance' ;
MPRINT(EM_DIAGRAM):   array CLUS5vads [12] _temporary_;
MPRINT(EM_DIAGRAM):   drop _vqclus _vqmvar _vqnvar;
MPRINT(EM_DIAGRAM):   _vqmvar = 0;
MPRINT(EM_DIAGRAM):   do _vqclus = 1 to 12;
MPRINT(EM_DIAGRAM):   CLUS5vads [_vqclus] = 0;
MPRINT(EM_DIAGRAM):   end;
MPRINT(EM_DIAGRAM):   if not missing( T_households ) then do;
MPRINT(EM_DIAGRAM):   CLUS5vads [1] + ( T_households - 1.07654887415525 )**2;
MPRINT(EM_DIAGRAM):   CLUS5vads [2] + ( T_households - 0.97679064815678 )**2;
MPRINT(EM_DIAGRAM):   CLUS5vads [3] + ( T_households - 0.03448078173561 )**2;
MPRINT(EM_DIAGRAM):   CLUS5vads [4] + ( T_households - 0.58472429487428 )**2;
MPRINT(EM_DIAGRAM):   CLUS5vads [5] + ( T_households - 0.72129876269633 )**2;
MPRINT(EM_DIAGRAM):   CLUS5vads [6] + ( T_households - -0.34510531044 )**2;
MPRINT(EM_DIAGRAM):   CLUS5vads [7] + ( T_households - -0.70917016894644 )**2;
MPRINT(EM_DIAGRAM):   CLUS5vads [8] + ( T_households - -0.63352506220601 )**2;
MPRINT(EM_DIAGRAM):   CLUS5vads [9] + ( T_households - -0.41954243264559 )**2;
MPRINT(EM_DIAGRAM):   CLUS5vads [10] + ( T_households - -0.6238528680897 )**2;
MPRINT(EM_DIAGRAM):   CLUS5vads [11] + ( T_households - 2.67653340071188 )**2;
MPRINT(EM_DIAGRAM):   CLUS5vads [12] + ( T_households - -0.44571965807896 )**2;
MPRINT(EM_DIAGRAM):   end;
MPRINT(EM_DIAGRAM):   else _vqmvar + 1;
MPRINT(EM_DIAGRAM):   if not missing( T_housing_median_age ) then do;
MPRINT(EM_DIAGRAM):   CLUS5vads [1] + ( T_housing_median_age - -0.66102437019197 )**2;
MPRINT(EM_DIAGRAM):   CLUS5vads [2] + ( T_housing_median_age - -0.78700002923202 )**2;
MPRINT(EM_DIAGRAM):   CLUS5vads [3] + ( T_housing_median_age - 1.1418515912431 )**2;
MPRINT(EM_DIAGRAM):   CLUS5vads [4] + ( T_housing_median_age - 0.25038186806242 )**2;
MPRINT(EM_DIAGRAM):   CLUS5vads [5] + ( T_housing_median_age - -0.21636055898035 )**2;
MPRINT(EM_DIAGRAM):   CLUS5vads [6] + ( T_housing_median_age - -0.67822972143385 )**2;
MPRINT(EM_DIAGRAM):   CLUS5vads [7] + ( T_housing_median_age - 1.04948469807963 )**2;
MPRINT(EM_DIAGRAM):   CLUS5vads [8] + ( T_housing_median_age - -0.23965565512964 )**2;
MPRINT(EM_DIAGRAM):   CLUS5vads [9] + ( T_housing_median_age - -0.78830304821583 )**2;
MPRINT(EM_DIAGRAM):   CLUS5vads [10] + ( T_housing_median_age - 0.63337226116813 )**2;
MPRINT(EM_DIAGRAM):   CLUS5vads [11] + ( T_housing_median_age - -0.88574652327447 )**2;
MPRINT(EM_DIAGRAM):   CLUS5vads [12] + ( T_housing_median_age - 0.5396292124822 )**2;
MPRINT(EM_DIAGRAM):   end;
MPRINT(EM_DIAGRAM):   else _vqmvar + 1;
MPRINT(EM_DIAGRAM):   if not missing( T_latitude ) then do;
MPRINT(EM_DIAGRAM):   CLUS5vads [1] + ( T_latitude - -0.50232587512091 )**2;
MPRINT(EM_DIAGRAM):   CLUS5vads [2] + ( T_latitude - 1.11106879358315 )**2;
MPRINT(EM_DIAGRAM):   CLUS5vads [3] + ( T_latitude - 0.95086228908654 )**2;
MPRINT(EM_DIAGRAM):   CLUS5vads [4] + ( T_latitude - 0.8371625855333 )**2;
MPRINT(EM_DIAGRAM):   CLUS5vads [5] + ( T_latitude - -0.84364401142299 )**2;
MPRINT(EM_DIAGRAM):   CLUS5vads [6] + ( T_latitude - -0.87273588592701 )**2;
MPRINT(EM_DIAGRAM):   CLUS5vads [7] + ( T_latitude - 1.06161964324314 )**2;
MPRINT(EM_DIAGRAM):   CLUS5vads [8] + ( T_latitude - 1.10541573352663 )**2;
MPRINT(EM_DIAGRAM):   CLUS5vads [9] + ( T_latitude - 0.97812808128144 )**2;
MPRINT(EM_DIAGRAM):   CLUS5vads [10] + ( T_latitude - -0.8123611610963 )**2;
MPRINT(EM_DIAGRAM):   CLUS5vads [11] + ( T_latitude - -0.17573995689547 )**2;
MPRINT(EM_DIAGRAM):   CLUS5vads [12] + ( T_latitude - -0.76655963084759 )**2;
MPRINT(EM_DIAGRAM):   end;
MPRINT(EM_DIAGRAM):   else _vqmvar + 1;
MPRINT(EM_DIAGRAM):   if not missing( T_longitude ) then do;
MPRINT(EM_DIAGRAM):   CLUS5vads [1] + ( T_longitude - 0.33681757974562 )**2;
MPRINT(EM_DIAGRAM):   CLUS5vads [2] + ( T_longitude - -1.05443600117749 )**2;
MPRINT(EM_DIAGRAM):   CLUS5vads [3] + ( T_longitude - -1.35251716009251 )**2;
MPRINT(EM_DIAGRAM):   CLUS5vads [4] + ( T_longitude - -0.70372633233736 )**2;
MPRINT(EM_DIAGRAM):   CLUS5vads [5] + ( T_longitude - 0.84394566340475 )**2;
MPRINT(EM_DIAGRAM):   CLUS5vads [6] + ( T_longitude - 0.85364196708802 )**2;
MPRINT(EM_DIAGRAM):   CLUS5vads [7] + ( T_longitude - -1.31569582039981 )**2;
MPRINT(EM_DIAGRAM):   CLUS5vads [8] + ( T_longitude - -0.64591052992199 )**2;
MPRINT(EM_DIAGRAM):   CLUS5vads [9] + ( T_longitude - -1.07825709532067 )**2;
MPRINT(EM_DIAGRAM):   CLUS5vads [10] + ( T_longitude - 0.8030049172304 )**2;
MPRINT(EM_DIAGRAM):   CLUS5vads [11] + ( T_longitude - 0.19944948572526 )**2;
MPRINT(EM_DIAGRAM):   CLUS5vads [12] + ( T_longitude - 0.61429966159394 )**2;
MPRINT(EM_DIAGRAM):   end;
MPRINT(EM_DIAGRAM):   else _vqmvar + 1;
MPRINT(EM_DIAGRAM):   if not missing( T_median_house_value ) then do;
MPRINT(EM_DIAGRAM):   CLUS5vads [1] + ( T_median_house_value - 1.38045314662414 )**2;
MPRINT(EM_DIAGRAM):   CLUS5vads [2] + ( T_median_house_value - -0.2178317321003 )**2;
MPRINT(EM_DIAGRAM):   CLUS5vads [3] + ( T_median_house_value - 1.49002097859837 )**2;
MPRINT(EM_DIAGRAM):   CLUS5vads [4] + ( T_median_house_value - -0.88881666299472 )**2;
MPRINT(EM_DIAGRAM):   CLUS5vads [5] + ( T_median_house_value - -0.2843149900565 )**2;
MPRINT(EM_DIAGRAM):   CLUS5vads [6] + ( T_median_house_value - 0.10261738933136 )**2;
MPRINT(EM_DIAGRAM):   CLUS5vads [7] + ( T_median_house_value - -0.19185105937833 )**2;
MPRINT(EM_DIAGRAM):   CLUS5vads [8] + ( T_median_house_value - -0.972982691443 )**2;
MPRINT(EM_DIAGRAM):   CLUS5vads [9] + ( T_median_house_value - 0.38312880041749 )**2;
MPRINT(EM_DIAGRAM):   CLUS5vads [10] + ( T_median_house_value - -0.40017149320523 )**2;
MPRINT(EM_DIAGRAM):   CLUS5vads [11] + ( T_median_house_value - -0.00494408392788 )**2;
MPRINT(EM_DIAGRAM):   CLUS5vads [12] + ( T_median_house_value - 1.85787307875983 )**2;
MPRINT(EM_DIAGRAM):   end;
MPRINT(EM_DIAGRAM):   else _vqmvar + 1;
MPRINT(EM_DIAGRAM):   if not missing( T_median_income ) then do;
MPRINT(EM_DIAGRAM):   CLUS5vads [1] + ( T_median_income - 1.51308394565614 )**2;
MPRINT(EM_DIAGRAM):   CLUS5vads [2] + ( T_median_income - -0.08606160333642 )**2;
MPRINT(EM_DIAGRAM):   CLUS5vads [3] + ( T_median_income - 0.78531009999398 )**2;
MPRINT(EM_DIAGRAM):   CLUS5vads [4] + ( T_median_income - -0.88861592178469 )**2;
MPRINT(EM_DIAGRAM):   CLUS5vads [5] + ( T_median_income - -0.45866745321843 )**2;
MPRINT(EM_DIAGRAM):   CLUS5vads [6] + ( T_median_income - 0.58091891025571 )**2;
MPRINT(EM_DIAGRAM):   CLUS5vads [7] + ( T_median_income - -0.34567864574227 )**2;
MPRINT(EM_DIAGRAM):   CLUS5vads [8] + ( T_median_income - -0.74757426886232 )**2;
MPRINT(EM_DIAGRAM):   CLUS5vads [9] + ( T_median_income - 0.91939690563272 )**2;
MPRINT(EM_DIAGRAM):   CLUS5vads [10] + ( T_median_income - -0.5188284126581 )**2;
MPRINT(EM_DIAGRAM):   CLUS5vads [11] + ( T_median_income - 0.03834079048081 )**2;
MPRINT(EM_DIAGRAM):   CLUS5vads [12] + ( T_median_income - 1.27263002515021 )**2;
MPRINT(EM_DIAGRAM):   end;
MPRINT(EM_DIAGRAM):   else _vqmvar + 1;
MPRINT(EM_DIAGRAM):   if not missing( T_population ) then do;
MPRINT(EM_DIAGRAM):   CLUS5vads [1] + ( T_population - 0.91713710451779 )**2;
MPRINT(EM_DIAGRAM):   CLUS5vads [2] + ( T_population - 0.74255452955139 )**2;
MPRINT(EM_DIAGRAM):   CLUS5vads [3] + ( T_population - -0.23716615265709 )**2;
MPRINT(EM_DIAGRAM):   CLUS5vads [4] + ( T_population - 0.78129623845587 )**2;
MPRINT(EM_DIAGRAM):   CLUS5vads [5] + ( T_population - 0.85986829252015 )**2;
MPRINT(EM_DIAGRAM):   CLUS5vads [6] + ( T_population - -0.31260624013972 )**2;
MPRINT(EM_DIAGRAM):   CLUS5vads [7] + ( T_population - -0.75147629997283 )**2;
MPRINT(EM_DIAGRAM):   CLUS5vads [8] + ( T_population - -0.61926371441225 )**2;
MPRINT(EM_DIAGRAM):   CLUS5vads [9] + ( T_population - -0.38296707942996 )**2;
MPRINT(EM_DIAGRAM):   CLUS5vads [10] + ( T_population - -0.4687151290697 )**2;
MPRINT(EM_DIAGRAM):   CLUS5vads [11] + ( T_population - 2.45613878268321 )**2;
MPRINT(EM_DIAGRAM):   CLUS5vads [12] + ( T_population - -0.61139202084307 )**2;
MPRINT(EM_DIAGRAM):   end;
MPRINT(EM_DIAGRAM):   else _vqmvar + 1;
MPRINT(EM_DIAGRAM):   if not missing( T_total_bedrooms ) then do;
MPRINT(EM_DIAGRAM):   CLUS5vads [1] + ( T_total_bedrooms - 1.04713568327733 )**2;
MPRINT(EM_DIAGRAM):   CLUS5vads [2] + ( T_total_bedrooms - 0.99101352652598 )**2;
MPRINT(EM_DIAGRAM):   CLUS5vads [3] + ( T_total_bedrooms - -0.00436153484356 )**2;
MPRINT(EM_DIAGRAM):   CLUS5vads [4] + ( T_total_bedrooms - 0.56524289484839 )**2;
MPRINT(EM_DIAGRAM):   CLUS5vads [5] + ( T_total_bedrooms - 0.73060781521505 )**2;
MPRINT(EM_DIAGRAM):   CLUS5vads [6] + ( T_total_bedrooms - -0.35386944000056 )**2;
MPRINT(EM_DIAGRAM):   CLUS5vads [7] + ( T_total_bedrooms - -0.70849735905194 )**2;
MPRINT(EM_DIAGRAM):   CLUS5vads [8] + ( T_total_bedrooms - -0.57812008829345 )**2;
MPRINT(EM_DIAGRAM):   CLUS5vads [9] + ( T_total_bedrooms - -0.43256328623657 )**2;
MPRINT(EM_DIAGRAM):   CLUS5vads [10] + ( T_total_bedrooms - -0.63546328017787 )**2;
MPRINT(EM_DIAGRAM):   CLUS5vads [11] + ( T_total_bedrooms - 2.6819890917702 )**2;
MPRINT(EM_DIAGRAM):   CLUS5vads [12] + ( T_total_bedrooms - -0.46408064232854 )**2;
MPRINT(EM_DIAGRAM):   end;
MPRINT(EM_DIAGRAM):   else _vqmvar + 1;
MPRINT(EM_DIAGRAM):   if not missing( T_total_rooms ) then do;
MPRINT(EM_DIAGRAM):   CLUS5vads [1] + ( T_total_rooms - 1.63053753109018 )**2;
MPRINT(EM_DIAGRAM):   CLUS5vads [2] + ( T_total_rooms - 1.00070063491426 )**2;
MPRINT(EM_DIAGRAM):   CLUS5vads [3] + ( T_total_rooms - 0.10088105521018 )**2;
MPRINT(EM_DIAGRAM):   CLUS5vads [4] + ( T_total_rooms - 0.31973889798431 )**2;
MPRINT(EM_DIAGRAM):   CLUS5vads [5] + ( T_total_rooms - 0.41688524590805 )**2;
MPRINT(EM_DIAGRAM):   CLUS5vads [6] + ( T_total_rooms - -0.20769628348289 )**2;
MPRINT(EM_DIAGRAM):   CLUS5vads [7] + ( T_total_rooms - -0.73558902614814 )**2;
MPRINT(EM_DIAGRAM):   CLUS5vads [8] + ( T_total_rooms - -0.58399247294007 )**2;
MPRINT(EM_DIAGRAM):   CLUS5vads [9] + ( T_total_rooms - -0.17648251967736 )**2;
MPRINT(EM_DIAGRAM):   CLUS5vads [10] + ( T_total_rooms - -0.73225194228691 )**2;
MPRINT(EM_DIAGRAM):   CLUS5vads [11] + ( T_total_rooms - 2.54139894433333 )**2;
MPRINT(EM_DIAGRAM):   CLUS5vads [12] + ( T_total_rooms - -0.26857677572608 )**2;
MPRINT(EM_DIAGRAM):   end;
MPRINT(EM_DIAGRAM):   else _vqmvar + 1;
MPRINT(EM_DIAGRAM):   if not missing( ocean_proximity_1H_OCEA ) then do;
MPRINT(EM_DIAGRAM):   CLUS5vads [1] + ( ocean_proximity_1H_OCEA - 0.31223805772715 )**2;
MPRINT(EM_DIAGRAM):   CLUS5vads [2] + ( ocean_proximity_1H_OCEA - -0.21912650267348 )**2;
MPRINT(EM_DIAGRAM):   CLUS5vads [3] + ( ocean_proximity_1H_OCEA - -0.38384468329094 )**2;
MPRINT(EM_DIAGRAM):   CLUS5vads [4] + ( ocean_proximity_1H_OCEA - -0.30617265452305 )**2;
MPRINT(EM_DIAGRAM):   CLUS5vads [5] + ( ocean_proximity_1H_OCEA - 0.13763303660115 )**2;
MPRINT(EM_DIAGRAM):   CLUS5vads [6] + ( ocean_proximity_1H_OCEA - 0.21484835251149 )**2;
MPRINT(EM_DIAGRAM):   CLUS5vads [7] + ( ocean_proximity_1H_OCEA - -0.2725730885199 )**2;
MPRINT(EM_DIAGRAM):   CLUS5vads [8] + ( ocean_proximity_1H_OCEA - -0.41072124103731 )**2;
MPRINT(EM_DIAGRAM):   CLUS5vads [9] + ( ocean_proximity_1H_OCEA - -0.00069607278946 )**2;
MPRINT(EM_DIAGRAM):   CLUS5vads [10] + ( ocean_proximity_1H_OCEA - 0.22261303537998 )**2;
MPRINT(EM_DIAGRAM):   CLUS5vads [11] + ( ocean_proximity_1H_OCEA - 0.02853594723566 )**2;
MPRINT(EM_DIAGRAM):   CLUS5vads [12] + ( ocean_proximity_1H_OCEA - 0.31170157256914 )**2;
MPRINT(EM_DIAGRAM):   end;
MPRINT(EM_DIAGRAM):   else _vqmvar + 0.25;
MPRINT(EM_DIAGRAM):   if not missing( ocean_proximityINLAND ) then do;
MPRINT(EM_DIAGRAM):   CLUS5vads [1] + ( ocean_proximityINLAND - -0.2843856775617 )**2;
MPRINT(EM_DIAGRAM):   CLUS5vads [2] + ( ocean_proximityINLAND - 0.19143951443898 )**2;
MPRINT(EM_DIAGRAM):   CLUS5vads [3] + ( ocean_proximityINLAND - -0.32989554332521 )**2;
MPRINT(EM_DIAGRAM):   CLUS5vads [4] + ( ocean_proximityINLAND - 0.40556030575094 )**2;
MPRINT(EM_DIAGRAM):   CLUS5vads [5] + ( ocean_proximityINLAND - -0.09553424964692 )**2;
MPRINT(EM_DIAGRAM):   CLUS5vads [6] + ( ocean_proximityINLAND - -0.14052107834328 )**2;
MPRINT(EM_DIAGRAM):   CLUS5vads [7] + ( ocean_proximityINLAND - -0.21814157306391 )**2;
MPRINT(EM_DIAGRAM):   CLUS5vads [8] + ( ocean_proximityINLAND - 0.67054353638565 )**2;
MPRINT(EM_DIAGRAM):   CLUS5vads [9] + ( ocean_proximityINLAND - 0.05390211784803 )**2;
MPRINT(EM_DIAGRAM):   CLUS5vads [10] + ( ocean_proximityINLAND - -0.13010080707124 )**2;
MPRINT(EM_DIAGRAM):   CLUS5vads [11] + ( ocean_proximityINLAND - 0.03464354192146 )**2;
MPRINT(EM_DIAGRAM):   CLUS5vads [12] + ( ocean_proximityINLAND - -0.27571822237491 )**2;
MPRINT(EM_DIAGRAM):   end;
MPRINT(EM_DIAGRAM):   else _vqmvar + 0.25;
MPRINT(EM_DIAGRAM):   if not missing( ocean_proximityNEAR_BAY ) then do;
MPRINT(EM_DIAGRAM):   CLUS5vads [1] + ( ocean_proximityNEAR_BAY - -0.12495938120483 )**2;
MPRINT(EM_DIAGRAM):   CLUS5vads [2] + ( ocean_proximityNEAR_BAY - 0.07814767470072 )**2;
MPRINT(EM_DIAGRAM):   CLUS5vads [3] + ( ocean_proximityNEAR_BAY - 0.97199873303343 )**2;
MPRINT(EM_DIAGRAM):   CLUS5vads [4] + ( ocean_proximityNEAR_BAY - 0.0487506867647 )**2;
MPRINT(EM_DIAGRAM):   CLUS5vads [5] + ( ocean_proximityNEAR_BAY - -0.17720790501364 )**2;
MPRINT(EM_DIAGRAM):   CLUS5vads [6] + ( ocean_proximityNEAR_BAY - -0.17720790501365 )**2;
MPRINT(EM_DIAGRAM):   CLUS5vads [7] + ( ocean_proximityNEAR_BAY - 0.72695090107279 )**2;
MPRINT(EM_DIAGRAM):   CLUS5vads [8] + ( ocean_proximityNEAR_BAY - -0.16207849082847 )**2;
MPRINT(EM_DIAGRAM):   CLUS5vads [9] + ( ocean_proximityNEAR_BAY - 0.00483595110802 )**2;
MPRINT(EM_DIAGRAM):   CLUS5vads [10] + ( ocean_proximityNEAR_BAY - -0.17720790501365 )**2;
MPRINT(EM_DIAGRAM):   CLUS5vads [11] + ( ocean_proximityNEAR_BAY - -0.03490422776613 )**2;
MPRINT(EM_DIAGRAM):   CLUS5vads [12] + ( ocean_proximityNEAR_BAY - -0.17720790501365 )**2;
MPRINT(EM_DIAGRAM):   end;
MPRINT(EM_DIAGRAM):   else _vqmvar + 0.25;
MPRINT(EM_DIAGRAM):   if not missing( ocean_proximityNEAR_OCE ) then do;
MPRINT(EM_DIAGRAM):   CLUS5vads [1] + ( ocean_proximityNEAR_OCE - 0.05057583012876 )**2;
MPRINT(EM_DIAGRAM):   CLUS5vads [2] + ( ocean_proximityNEAR_OCE - -0.01529653764025 )**2;
MPRINT(EM_DIAGRAM):   CLUS5vads [3] + ( ocean_proximityNEAR_OCE - 0.11353898250104 )**2;
MPRINT(EM_DIAGRAM):   CLUS5vads [4] + ( ocean_proximityNEAR_OCE - -0.15603894944771 )**2;
MPRINT(EM_DIAGRAM):   CLUS5vads [5] + ( ocean_proximityNEAR_OCE - 0.09517883587343 )**2;
MPRINT(EM_DIAGRAM):   CLUS5vads [6] + ( ocean_proximityNEAR_OCE - 0.04371006251641 )**2;
MPRINT(EM_DIAGRAM):   CLUS5vads [7] + ( ocean_proximityNEAR_OCE - 0.02397298647622 )**2;
MPRINT(EM_DIAGRAM):   CLUS5vads [8] + ( ocean_proximityNEAR_OCE - -0.17179881304819 )**2;
MPRINT(EM_DIAGRAM):   CLUS5vads [9] + ( ocean_proximityNEAR_OCE - -0.07812673543003 )**2;
MPRINT(EM_DIAGRAM):   CLUS5vads [10] + ( ocean_proximityNEAR_OCE - 0.01784331718135 )**2;
MPRINT(EM_DIAGRAM):   CLUS5vads [11] + ( ocean_proximityNEAR_OCE - -0.05737462821939 )**2;
MPRINT(EM_DIAGRAM):   CLUS5vads [12] + ( ocean_proximityNEAR_OCE - 0.08821235594178 )**2;
MPRINT(EM_DIAGRAM):   end;
MPRINT(EM_DIAGRAM):   else _vqmvar + 0.25;
MPRINT(EM_DIAGRAM):   _vqnvar = 10 - _vqmvar;
MPRINT(EM_DIAGRAM):   if _vqnvar <= 1.477928890381E-11 then do;
MPRINT(EM_DIAGRAM):   _SEGMENT_ = .;
MPRINT(EM_DIAGRAM):   Distance = .;
MPRINT(EM_DIAGRAM):   end;
MPRINT(EM_DIAGRAM):   else do;
MPRINT(EM_DIAGRAM):   _SEGMENT_ = 1;
MPRINT(EM_DIAGRAM):   Distance = CLUS5vads [1];
MPRINT(EM_DIAGRAM):   _vqfzdst = Distance * 0.99999999999988;
MPRINT(EM_DIAGRAM):   drop _vqfzdst;
MPRINT(EM_DIAGRAM):   do _vqclus = 2 to 12;
MPRINT(EM_DIAGRAM):   if CLUS5vads [_vqclus] < _vqfzdst then do;
MPRINT(EM_DIAGRAM):   _SEGMENT_ = _vqclus;
MPRINT(EM_DIAGRAM):   Distance = CLUS5vads [_vqclus];
MPRINT(EM_DIAGRAM):   _vqfzdst = Distance * 0.99999999999988;
MPRINT(EM_DIAGRAM):   end;
MPRINT(EM_DIAGRAM):   end;
MPRINT(EM_DIAGRAM):   Distance = sqrt(Distance * (10 / _vqnvar));
MPRINT(EM_DIAGRAM):   end;
MPRINT(EM_DIAGRAM):   CLUS5vlex :;
MPRINT(EM_DIAGRAM):   ***************************************;
MPRINT(EM_DIAGRAM):   *** End Scoring Code from PROC DMVQ ***;
MPRINT(EM_DIAGRAM):   ***************************************;
MPRINT(EM_DIAGRAM):   *------------------------------------------------------------*;
MPRINT(EM_DIAGRAM):   * Clus5: Creating Segment Label;
MPRINT(EM_DIAGRAM):   *------------------------------------------------------------*;
MPRINT(EM_DIAGRAM):   length _SEGMENT_LABEL_ $80;
MPRINT(EM_DIAGRAM):   label _SEGMENT_LABEL_= 'Segment Description';
MPRINT(EM_DIAGRAM):   if _SEGMENT_ = 1 then _SEGMENT_LABEL_="Cluster1";
MPRINT(EM_DIAGRAM):   else if _SEGMENT_ = 2 then _SEGMENT_LABEL_="Cluster2";
MPRINT(EM_DIAGRAM):   else if _SEGMENT_ = 3 then _SEGMENT_LABEL_="Cluster3";
MPRINT(EM_DIAGRAM):   else if _SEGMENT_ = 4 then _SEGMENT_LABEL_="Cluster4";
MPRINT(EM_DIAGRAM):   else if _SEGMENT_ = 5 then _SEGMENT_LABEL_="Cluster5";
MPRINT(EM_DIAGRAM):   else if _SEGMENT_ = 6 then _SEGMENT_LABEL_="Cluster6";
MPRINT(EM_DIAGRAM):   else if _SEGMENT_ = 7 then _SEGMENT_LABEL_="Cluster7";
MPRINT(EM_DIAGRAM):   else if _SEGMENT_ = 8 then _SEGMENT_LABEL_="Cluster8";
MPRINT(EM_DIAGRAM):   else if _SEGMENT_ = 9 then _SEGMENT_LABEL_="Cluster9";
MPRINT(EM_DIAGRAM):   else if _SEGMENT_ = 10 then _SEGMENT_LABEL_="Cluster10";
MPRINT(EM_DIAGRAM):   else if _SEGMENT_ = 11 then _SEGMENT_LABEL_="Cluster11";
MPRINT(EM_DIAGRAM):   else if _SEGMENT_ = 12 then _SEGMENT_LABEL_="Cluster12";
MPRINT(EM_DIAGRAM):   run;
23050      run;

NOTE: DATA STEP view saved on file EMWS1.CLUS5_TRAIN.
NOTE: A stored DATA STEP view cannot run under a different operating system.
NOTE: DATA statement used (Total process time):
      real time           0.04 seconds
      cpu time            0.03 seconds
      

MPRINT(EM_DIAGRAM):   quit;
23051      quit;
23052      filename emflow;
MPRINT(EM_DIAGRAM):   filename emflow;
NOTE: Fileref EMFLOW has been deassigned.
23053      *------------------------------------------------------------*;
MPRINT(EM_DIAGRAM):    *------------------------------------------------------------*;
23054      * Clus5: Computing metadata for TRAIN data;
MPRINT(EM_DIAGRAM):   * Clus5: Computing metadata for TRAIN data;
23055      *------------------------------------------------------------*;
MPRINT(EM_DIAGRAM):   *------------------------------------------------------------*;

NOTE: View EMWS1.CLUS5_TRAIN.VIEW used (Total process time):
      real time           0.03 seconds
      cpu time            0.03 seconds
      
MPRINT(EM_DIAGRAM):    *------------------------------------------------------------*;
MPRINT(EM_DIAGRAM):   * &nodeid: Computing Metadata for TRAIN data;
MPRINT(EM_DIAGRAM):   *------------------------------------------------------------*;
MPRINT(EM_DIAGRAM):   filename _delta "C:\Users\skunt\Downloads\HU.Exploratory Analysis\HU.ClusterAnalysis\Workspaces\EMWS1\Clus5\CDELTA_TRAIN.sas";
MPRINT(EMADVISECOLUMNS):   proc display c=sashelp.emmeta.advisecolumns.scl;
MPRINT(EMADVISECOLUMNS):   run;
MPRINT(EMADVISECOLUMNS):    options validvarname=any;
MPRINT(EMADVISECOLUMNS):   proc contents data=EMWS1.Clus5_TRAIN out=_tempAdvisor noprint;
MPRINT(EMADVISECOLUMNS):   run;
MPRINT(EMADVISECOLUMNS):   options validvarname=V7;
MPRINT(EMADVISECOLUMNS):    data _null_;
MPRINT(EMADVISECOLUMNS):   dsid = open('EMWS1.Clus5_TRAIN');
MPRINT(EMADVISECOLUMNS):   call symput('_dsidTable', strip(put(dsid, best.)));
MPRINT(EMADVISECOLUMNS):   if dsid then do;
MPRINT(EMADVISECOLUMNS):   call symput('_engineTable', attrc(dsid, 'ENGINE'));
MPRINT(EMADVISECOLUMNS):   dsid = close(dsid);
MPRINT(EMADVISECOLUMNS):   end;
MPRINT(EMADVISECOLUMNS):   run;
MPRINT(EMADVISECOLUMNS):    proc contents data=EMWS1.Clus5_TRAIN out=WORK.M2L7LM17 noprint;
MPRINT(EMADVISECOLUMNS):   run;
MPRINT(EMADVISECOLUMNS):    data WORK.M2L7LM17;
MPRINT(EMADVISECOLUMNS):   length NAME $ 64 TYPE $ 1 LABEL $ 200 FORMAT $ 36 INFORMAT $36 INDEX $ 1 INDEXTYPE $ 9;
MPRINT(EMADVISECOLUMNS):   label NAME =;
MPRINT(EMADVISECOLUMNS):   set WORK.M2L7LM17(keep=name type length label format formatl formatd informat informl informd idxusage rename=(type=itype));
MPRINT(EMADVISECOLUMNS):   if itype = 1 then type = 'N';
MPRINT(EMADVISECOLUMNS):   else type = 'C';
MPRINT(EMADVISECOLUMNS):   if formatl > 0 then do;
MPRINT(EMADVISECOLUMNS):   if format ne '' then do;
MPRINT(EMADVISECOLUMNS):   if type='N' then format = strip(format)!!strip(put(formatl, best12.))!!'.'!!strip(put(formatd, best12.));
MPRINT(EMADVISECOLUMNS):   else format = strip(format)!!strip(put(formatl, best12.))!!'.';
MPRINT(EMADVISECOLUMNS):   end;
MPRINT(EMADVISECOLUMNS):   else format = strip(put(formatl, best12.))!!'.'!!strip(put(formatd, best12.));
MPRINT(EMADVISECOLUMNS):   end;
MPRINT(EMADVISECOLUMNS):   else if format ne '' then format = strip(format)!!'.';
MPRINT(EMADVISECOLUMNS):   if informl > 0 then do;
MPRINT(EMADVISECOLUMNS):   if informat ne ' ' then do;
MPRINT(EMADVISECOLUMNS):   if type='N' then informat = strip(informat)!!strip(put(informl, best12.))!!'.'!!strip(put(informd, best12.));
MPRINT(EMADVISECOLUMNS):   else informat = strip(informat)!!strip(put(informl, best12.))!!'.';
MPRINT(EMADVISECOLUMNS):   end;
MPRINT(EMADVISECOLUMNS):   else informat = strip(put(informl, best12.))!!'.'!!strip(put(informd, best12.));
MPRINT(EMADVISECOLUMNS):   end;
MPRINT(EMADVISECOLUMNS):   else if informat ne '' then informat = strip(informat)!!'.';
MPRINT(EMADVISECOLUMNS):   if idxusage = 'NONE' then index ="N";
MPRINT(EMADVISECOLUMNS):   else index = "Y";
MPRINT(EMADVISECOLUMNS):   indextype = idxusage;
MPRINT(EMADVISECOLUMNS):   drop idxusage itype formatl formatd informl informd;
MPRINT(EMADVISECOLUMNS):   run;
MPRINT(EMADVISECOLUMNS):    data WORK.M2L7LM17;
MPRINT(EMADVISECOLUMNS):   length UNAME $64;
MPRINT(EMADVISECOLUMNS):   set WORK.M2L7LM17;
MPRINT(EMADVISECOLUMNS):   UNAME = upcase(NAME);
MPRINT(EMADVISECOLUMNS):   run;
MPRINT(EMADVISECOLUMNS):    proc sort data=WORK.M39E23NV NOTHREADS;
MPRINT(EMADVISECOLUMNS):   by UNAME;
MPRINT(EMADVISECOLUMNS):   run;
MPRINT(EMADVISECOLUMNS):    data WORK.M39E23NV;
MPRINT(EMADVISECOLUMNS):   drop UNAME;
MPRINT(EMADVISECOLUMNS):   set WORK.M39E23NV;
MPRINT(EMADVISECOLUMNS):   run;
MPRINT(EMADVISECOLUMNS):    data WORK.M2FVFADE(keep=NAME ATTR);
MPRINT(EMADVISECOLUMNS):   length ATTR $ 20;
MPRINT(EMADVISECOLUMNS):   set WORK.M39E23NV;
MPRINT(EMADVISECOLUMNS):   if level ne "INTERVAL" then do;
MPRINT(EMADVISECOLUMNS):   if order = ' ' then do;
MPRINT(EMADVISECOLUMNS):   attr = 'ORDER';
MPRINT(EMADVISECOLUMNS):   output;
MPRINT(EMADVISECOLUMNS):   end;
MPRINT(EMADVISECOLUMNS):   end;
MPRINT(EMADVISECOLUMNS):   if format ne ' ' and formattype = ' ' then do;
MPRINT(EMADVISECOLUMNS):   attr = 'FORMATTYPE';
MPRINT(EMADVISECOLUMNS):   output;
MPRINT(EMADVISECOLUMNS):   end;
MPRINT(EMADVISECOLUMNS):   if role = ' ' then do;
MPRINT(EMADVISECOLUMNS):   attr = 'ROLE';
MPRINT(EMADVISECOLUMNS):   output;
MPRINT(EMADVISECOLUMNS):   end;
MPRINT(EMADVISECOLUMNS):   if level = ' ' then do;
MPRINT(EMADVISECOLUMNS):   attr = 'LEVEL';
MPRINT(EMADVISECOLUMNS):   output;
MPRINT(EMADVISECOLUMNS):   end;
MPRINT(EMADVISECOLUMNS):   if type = ' ' then do;
MPRINT(EMADVISECOLUMNS):   attr = 'TYPE';
MPRINT(EMADVISECOLUMNS):   output;
MPRINT(EMADVISECOLUMNS):   end;
MPRINT(EMADVISECOLUMNS):   if index = ' ' then do;
MPRINT(EMADVISECOLUMNS):   attr = 'INDEX';
MPRINT(EMADVISECOLUMNS):   output;
MPRINT(EMADVISECOLUMNS):   end;
MPRINT(EMADVISECOLUMNS):   if report = ' ' then do;
MPRINT(EMADVISECOLUMNS):   attr = 'REPORT';
MPRINT(EMADVISECOLUMNS):   output;
MPRINT(EMADVISECOLUMNS):   end;
MPRINT(EMADVISECOLUMNS):   run;
MPRINT(EMADVISECOLUMNS):   proc sort NOTHREADS;
MPRINT(EMADVISECOLUMNS):   by attr;
MPRINT(EMADVISECOLUMNS):   run;
MPRINT(EMADVISECOLUMNS):    data WORK.M39E23NV;
MPRINT(EMADVISECOLUMNS):   length NAME $64 ROLE $ 32 LEVEL $ 10 ORDER $ 8 CREATOR $32 FORMATTYPE $ 10 FAMILY $ 10 LOWERLIMIT 8 UPPERLIMIT 8 REPORT $1 DISTRIBUTION $ 20 COMMENT $64;
MPRINT(EMADVISECOLUMNS):   length levelAssigned 8 roleAssigned 8 PRICE 8;
MPRINT(EMADVISECOLUMNS):   set WORK.M39E23NV;
MPRINT(EMADVISECOLUMNS):   if formattype = ' ' then do;
MPRINT(EMADVISECOLUMNS):   if format ne ' ' then do;
MPRINT(EMADVISECOLUMNS):   if type = 'N' then do;
MPRINT(EMADVISECOLUMNS):   pos = indexc(format,'.1234567890');
MPRINT(EMADVISECOLUMNS):   if pos > 1 then tempfmt = substr(format,1, pos-1);
MPRINT(EMADVISECOLUMNS):   else tempfmt = ' ';
MPRINT(EMADVISECOLUMNS):   flen = length(tempfmt);
MPRINT(EMADVISECOLUMNS):   select;
MPRINT(EMADVISECOLUMNS):   when(tempfmt in ("DATE" "DAY" "DDMMYY" "DOWNAME" "JULDAY" "JULIAN" "MMDDYY" "MMDDYYD" "MMDDYYC" "MMDDYYN" "MMDDYYP" "MMDDYYS" "MONNAME" "MONTH" "MONYY" "NENGO" "QTR" "QTRR" "WEEKDATE" "WEEKDATX" "WEEKDAY" "WORDDATE" "WORDDATX" 
"YEAR" "YYMMDD" "YYMON" "YYMMDDC" "YYMMDDD" "YYMMDDN" "YYMMDDP" "YYMMDDS" "EURDFDE" "NJDATE" "NLDATE" "EURDFDD" "EURDFDWN" "EURDFMN" "EURDFMY" "EURDFWK" "EURDFWKX" "EURDFWDX" "EURDFDN" "EURDFDE" )) formattype = 'DATE';
MPRINT(EMADVISECOLUMNS):   when(tempfmt in ("DATETIME" "EURDFDT" "TOD" )) formattype = "DATETIME";
MPRINT(EMADVISECOLUMNS):   when(tempfmt in ("HHMM" "HOUR" "MMSS" "TIME" "TIMEAMPM" )) formattype = "TIME";
MPRINT(EMADVISECOLUMNS):   when(tempfmt in ("COMMA" "COMMAX" "DOLLAR" "DOLLARX" "E" "FRACT" "NEGPAREN" "PERCENT")) formattype="QUANTITY";
MPRINT(EMADVISECOLUMNS):   when(tempfmt in ("BINARY" "HEX" "IB" "OCTAL" "PD" "PIB" "PK" "RB" "SSN" "Z" "ZD")) formattype = "CODING";
MPRINT(EMADVISECOLUMNS):   otherwise do;
MPRINT(EMADVISECOLUMNS):   formattype = "USER";
MPRINT(EMADVISECOLUMNS):   if compress(tempfmt, '0123456789.', '') = '' then formattype='NUM';
MPRINT(EMADVISECOLUMNS):   else if substr(tempfmt, 1, 6)='NLDATE' then formattype = "DATE";
MPRINT(EMADVISECOLUMNS):   else if substr(tempfmt, 1, 6)='NLDATM' then formattype = "DATETIME";
MPRINT(EMADVISECOLUMNS):   else if substr(tempfmt, 1, 4)='NLTIM' then formattype = "TIME";
MPRINT(EMADVISECOLUMNS):   else if flen >= 4 then do;
MPRINT(EMADVISECOLUMNS):   str = substr(tempfmt,1,4);
MPRINT(EMADVISECOLUMNS):   if str in ("MMYY" "YYMM" "YYQR") then formattype ="DATE";
MPRINT(EMADVISECOLUMNS):   else if str = "S370" then formattype = "CODING";
MPRINT(EMADVISECOLUMNS):   else if str = "BEST" then formattype = "NUM";
MPRINT(EMADVISECOLUMNS):   drop str;
MPRINT(EMADVISECOLUMNS):   end;
MPRINT(EMADVISECOLUMNS):   else if flen >=3 and substr(tempfmt,1,3) = "YYQ" then formatType = "DATE";
MPRINT(EMADVISECOLUMNS):   end;
MPRINT(EMADVISECOLUMNS):   end;
MPRINT(EMADVISECOLUMNS):   drop flen tempfmt pos;
MPRINT(EMADVISECOLUMNS):   end;
MPRINT(EMADVISECOLUMNS):   else do;
MPRINT(EMADVISECOLUMNS):   formatType = "CATEGORY";
MPRINT(EMADVISECOLUMNS):   end;
MPRINT(EMADVISECOLUMNS):   end;
MPRINT(EMADVISECOLUMNS):   if formatType = "NUM" then do;
MPRINT(EMADVISECOLUMNS):   if index = "Y" then formatType = "DISCRETE";
MPRINT(EMADVISECOLUMNS):   else formatType = "QUANTITY";
MPRINT(EMADVISECOLUMNS):   end;
MPRINT(EMADVISECOLUMNS):   end;
MPRINT(EMADVISECOLUMNS):   if level = ' ' then do;
MPRINT(EMADVISECOLUMNS):   if formatType in ("CATEGORY", "CODING", "ID") or type = "C" then level = "NOMINAL";
MPRINT(EMADVISECOLUMNS):   else level = "INTERVAL";
MPRINT(EMADVISECOLUMNS):   levelAssigned = 1;
MPRINT(EMADVISECOLUMNS):   end;
MPRINT(EMADVISECOLUMNS):   else level = upcase(level);
MPRINT(EMADVISECOLUMNS):   if role = ' ' then do;
MPRINT(EMADVISECOLUMNS):   length name_prefix $8 _uname $64;
MPRINT(EMADVISECOLUMNS):   drop name_prefix _uname _freqflag;
MPRINT(EMADVISECOLUMNS):   retain _freqflag;
MPRINT(EMADVISECOLUMNS):   if LENGTH> 80 then ROLE = 'TEXT';
MPRINT(EMADVISECOLUMNS):   _uname = upcase(NAME);
MPRINT(EMADVISECOLUMNS):   select(_uname);
MPRINT(EMADVISECOLUMNS):   when('_PARTIND_') do;
MPRINT(EMADVISECOLUMNS):   ROLE = 'ID';
MPRINT(EMADVISECOLUMNS):   LEVEL = 'NOMINAL';
MPRINT(EMADVISECOLUMNS):   end;
MPRINT(EMADVISECOLUMNS):   when('_WARN_') ROLE = 'ASSESS';
MPRINT(EMADVISECOLUMNS):   when('EM_SEGMENT') do;
MPRINT(EMADVISECOLUMNS):   ROLE = 'SEGMENT';
MPRINT(EMADVISECOLUMNS):   LEVEL = 'NOMINAL';
MPRINT(EMADVISECOLUMNS):   end;
MPRINT(EMADVISECOLUMNS):   when('_NODE_') do;
MPRINT(EMADVISECOLUMNS):   ROLE = 'SEGMENT';
MPRINT(EMADVISECOLUMNS):   LEVEL = 'NOMINAL';
MPRINT(EMADVISECOLUMNS):   end;
MPRINT(EMADVISECOLUMNS):   when('EM_CLASSTARGET') ROLE = 'ASSESS';
MPRINT(EMADVISECOLUMNS):   when('EM_VALUETARGET') ROLE = 'ASSESS';
MPRINT(EMADVISECOLUMNS):   when('EM_PREDICTION') ROLE = 'PREDICT';
MPRINT(EMADVISECOLUMNS):   when('EM_PROBABILITY') ROLE = 'PREDICT';
MPRINT(EMADVISECOLUMNS):   when('EM_EVENTPROBABILITY') ROLE = 'PREDICT';
MPRINT(EMADVISECOLUMNS):   when('EM_CLASSIFICATION') ROLE = 'CLASSIFICATION';
MPRINT(EMADVISECOLUMNS):   when('EM_DECISION') ROLE = 'DECISION';
MPRINT(EMADVISECOLUMNS):   when('EM_PROFIT') ROLE = 'ASSESS';
MPRINT(EMADVISECOLUMNS):   when('EM_LOSS') ROLE = 'ASSESS';
MPRINT(EMADVISECOLUMNS):   when('EM_ROI') ROLE = 'ASSESS';
MPRINT(EMADVISECOLUMNS):   when('URI') ROLE = 'URL';
MPRINT(EMADVISECOLUMNS):   when('FILTERED') ROLE = 'TEXTLOC';
MPRINT(EMADVISECOLUMNS):   otherwise do;
MPRINT(EMADVISECOLUMNS):   if upcase(NAME) =: 'ZIP' then do;
MPRINT(EMADVISECOLUMNS):   ROLE = 'REJECTED';
MPRINT(EMADVISECOLUMNS):   LEVEL = 'NOMINAL';
MPRINT(EMADVISECOLUMNS):   COMMENT = 'Rejected by: Exceed the maximum class level of %s';
MPRINT(EMADVISECOLUMNS):   end;
MPRINT(EMADVISECOLUMNS):   else if upcase(NAME) in('FREQ', 'FREQUENCY') then do;
MPRINT(EMADVISECOLUMNS):   ROLE = 'FREQ';
MPRINT(EMADVISECOLUMNS):   if TYPE = 'C' then ROLE = 'INPUT';
MPRINT(EMADVISECOLUMNS):   else if _freqflag =1 then ROLE='REJECTED';
MPRINT(EMADVISECOLUMNS):   end;
MPRINT(EMADVISECOLUMNS):   else do;
MPRINT(EMADVISECOLUMNS):   name_prefix = scan(_uname, 1, '_');
MPRINT(EMADVISECOLUMNS):   if scan(_uname, 2, '_') = '' then name_prefix='';
MPRINT(EMADVISECOLUMNS):   if name_prefix in('F', 'I', 'U') then do;
MPRINT(EMADVISECOLUMNS):   ROLE = 'CLASSIFICATION';
MPRINT(EMADVISECOLUMNS):   LEVEL = 'NOMINAL';
MPRINT(EMADVISECOLUMNS):   end;
MPRINT(EMADVISECOLUMNS):   else if name_prefix in('Q') then ROLE = 'ASSESS';
MPRINT(EMADVISECOLUMNS):   else if name_prefix in('P', 'V') then ROLE = 'PREDICT';
MPRINT(EMADVISECOLUMNS):   else if name_prefix in('R', 'RS', 'RT', 'RD', 'RDS', 'RDT', 'RA', 'RAS', 'RAT') then ROLE = 'RESIDUAL';
MPRINT(EMADVISECOLUMNS):   else if name_prefix ='D' then do;
MPRINT(EMADVISECOLUMNS):   ROLE = 'DECISION';
MPRINT(EMADVISECOLUMNS):   LEVEL = 'NOMINAL';
MPRINT(EMADVISECOLUMNS):   end;
MPRINT(EMADVISECOLUMNS):   else if name_prefix ='B' then do;
MPRINT(EMADVISECOLUMNS):   ROLE = 'SEGMENT';
MPRINT(EMADVISECOLUMNS):   LEVEL = 'NOMINAL';
MPRINT(EMADVISECOLUMNS):   end;
MPRINT(EMADVISECOLUMNS):   else if name_prefix in('EP', 'BP', 'CP', 'EL', 'CL', 'BL', 'ROI', 'IC') then ROLE = 'ASSESS';
MPRINT(EMADVISECOLUMNS):   else do;
MPRINT(EMADVISECOLUMNS):   array _ROLE_ (19) $32 _TEMPORARY_ ('ASSESS','CLASSIFICATION','CENSOR', 'COST', 'CROSSID', 'DECISION', 'ID','INPUT', 'LABEL', 'MISSING','PREDICT','REFERRER','REJECTED', 'RESIDUAL','SEGMENT', 'SEQUENCE','TARGET', 'TEXT', 'TIMEID');
MPRINT(EMADVISECOLUMNS):   drop _found_ i;
MPRINT(EMADVISECOLUMNS):   _found_=0;
MPRINT(EMADVISECOLUMNS):   do i=1 to 19 until(_found_=1);
MPRINT(EMADVISECOLUMNS):   if index(_uname, trim(_ROLE_{i}))=1 then do;
MPRINT(EMADVISECOLUMNS):   ROLE=_ROLE_{i};
MPRINT(EMADVISECOLUMNS):   if ROLE = 'ID' then LEVEL = 'NOMINAL';
MPRINT(EMADVISECOLUMNS):   else if ROLE = 'SEGMENT' then LEVEL = 'NOMINAL';
MPRINT(EMADVISECOLUMNS):   else if ROLE = 'TIMEID' and TYPE='N' then LEVEL = 'INTERVAL';
MPRINT(EMADVISECOLUMNS):   _found_=1;
MPRINT(EMADVISECOLUMNS):   end;
MPRINT(EMADVISECOLUMNS):   end;
MPRINT(EMADVISECOLUMNS):   if length(_uname)>2 then do;
MPRINT(EMADVISECOLUMNS):   if substr(reverse(trim(_uname)), 1, 3) = 'DI_' then do;
MPRINT(EMADVISECOLUMNS):   ROLE = 'ID';
MPRINT(EMADVISECOLUMNS):   LEVEL = 'NOMINAL';
MPRINT(EMADVISECOLUMNS):   end;
MPRINT(EMADVISECOLUMNS):   end;
MPRINT(EMADVISECOLUMNS):   end;
MPRINT(EMADVISECOLUMNS):   end;
MPRINT(EMADVISECOLUMNS):   end;
MPRINT(EMADVISECOLUMNS):   end;
MPRINT(EMADVISECOLUMNS):   if ROLE='FREQ' then _freqflag=1;
MPRINT(EMADVISECOLUMNS):   else if ROLE = 'CLASSIFICATION' then LEVEL = 'NOMINAL';
MPRINT(EMADVISECOLUMNS):   if symexist('RATEMKG_ROLE') then do;
MPRINT(EMADVISECOLUMNS):   if upcase(symget('RATEMKG_ROLE')) in('Y', 'YES') then do;
MPRINT(EMADVISECOLUMNS):   if _uname =: 'POLICY' then ROLE = 'POLICYID';
MPRINT(EMADVISECOLUMNS):   else if _uname in ('PARTITION', '_PARTIND_') then ROLE = 'PARTITION';
MPRINT(EMADVISECOLUMNS):   else if type = 'N' then do;
MPRINT(EMADVISECOLUMNS):   if _uname = 'EXPOSURE' then ROLE = 'EXPOSURE';
MPRINT(EMADVISECOLUMNS):   else if _uname = 'YEAR' then ROLE = 'YEAR';
MPRINT(EMADVISECOLUMNS):   else if _uname = 'WEIGHT' then ROLE = 'WEIGHT';
MPRINT(EMADVISECOLUMNS):   else if _uname = 'OFFSET' then ROLE = 'OFFSET';
MPRINT(EMADVISECOLUMNS):   end;
MPRINT(EMADVISECOLUMNS):   end;
MPRINT(EMADVISECOLUMNS):   end;
MPRINT(EMADVISECOLUMNS):   end;
MPRINT(EMADVISECOLUMNS):   if role = ' ' then do;
MPRINT(EMADVISECOLUMNS):   if formattype in('DATE', 'DATETIME', 'TIME') then role = 'TIMEID';
MPRINT(EMADVISECOLUMNS):   else role = 'INPUT';
MPRINT(EMADVISECOLUMNS):   roleAssigned = 1;
MPRINT(EMADVISECOLUMNS):   end;
MPRINT(EMADVISECOLUMNS):   else role = upcase(role);
MPRINT(EMADVISECOLUMNS):   if REPORT = '' then REPORT = 'N';
MPRINT(EMADVISECOLUMNS):   if symexist('dmwb_product') then do;
MPRINT(EMADVISECOLUMNS):   if upcase(symget('dmwb_product')) = 'FACTORYMINER_DATASOURCE' then do;
MPRINT(EMADVISECOLUMNS):   if ROLE ^in('INPUT', 'TARGET', 'REJECTED', 'SEGMENT', 'FREQ', 'ID', 'KEY') then ROLE='REJECTED';
MPRINT(EMADVISECOLUMNS):   end;
MPRINT(EMADVISECOLUMNS):   end;
MPRINT(EMADVISECOLUMNS):   run;
MPRINT(EMADVISECOLUMNS):    data WORK.M39E23NV;
MPRINT(EMADVISECOLUMNS):   set WORK.M39E23NV;
MPRINT(EMADVISECOLUMNS):   label NAME = "Variable Name" TYPE = "Type" ROLE = "Role" LEVEL= "Measurement Level" ORDER= "Order" CREATOR= "Creator" FORMATTYPE= "Format Type" FAMILY= "Family" DISTRIBUTION= "Distribution" PRICE= "Price" LOWERLIMIT= "Lower 
limit" UPPERLIMIT= "Upper Limit" REPORT= "Report" COMMENT= "Comment" INDEX= "Index" INDEXTYPE= "IndexType" LABEL= "Label" LENGTH= "Length";
MPRINT(EMADVISECOLUMNS):   drop levelAssigned roleAssigned;
MPRINT(EMADVISECOLUMNS):   run;
MPRINT(EMADVISECOLUMNS):   
MPRINT(EM_DIAGRAM):  ;
MPRINT(EM_DIAGRAM):   proc sort data=WORK.COLUMNMETA;
MPRINT(EM_DIAGRAM):   by NAME;
MPRINT(EM_DIAGRAM):   run;
MPRINT(EM_DIAGRAM):   *------------------------------------------------------------*;
MPRINT(EM_DIAGRAM):   * &nodeid: Merge incoming metadata;
MPRINT(EM_DIAGRAM):   *------------------------------------------------------------*;
MPRINT(EM_DIAGRAM):   proc contents data=EMWS1.Smpl_DATA noprint out=_temp2(keep=NAME);
MPRINT(EM_DIAGRAM):   run;
MPRINT(EM_DIAGRAM):   proc sort data=_temp2;
MPRINT(EM_DIAGRAM):   by NAME;
MPRINT(EM_DIAGRAM):   run;
MPRINT(EM_DIAGRAM):   proc sort data=EMWS1.Smpl_CMeta_DATA out=_temp;
MPRINT(EM_DIAGRAM):   by NAME;
MPRINT(EM_DIAGRAM):   run;
MPRINT(EM_DIAGRAM):   data EMWS1.Clus5_CMeta_TRAIN;
MPRINT(EM_DIAGRAM):   merge WORK.COLUMNMETA(in=_a) _temp2(in=_b) _temp(drop=FORMAT INFORMAT LENGTH INDEX INDEXTYPE in=_c) end=_eof_;
MPRINT(EM_DIAGRAM):   by NAME;
MPRINT(EM_DIAGRAM):   if (^_a and _b) or (^_c and _a and _b) then delete;
MPRINT(EM_DIAGRAM):   if ^_b then CREATOR = "Clus5";
MPRINT(EM_DIAGRAM):   *------------------------------------------------------------*;
MPRINT(EM_DIAGRAM):   * Clus5: Apply Delta Code;
MPRINT(EM_DIAGRAM):   *------------------------------------------------------------*;
MPRINT(EM_DIAGRAM):   retain _segFlag_ 0;
MPRINT(EM_DIAGRAM):   drop _segFlag_;
MPRINT(EM_DIAGRAM):   if upcase(name) = '_SEGMENT_' then do;
MPRINT(EM_DIAGRAM):   _segFlag_ = 1;
MPRINT(EM_DIAGRAM):   role = 'SEGMENT';
MPRINT(EM_DIAGRAM):   level = 'NOMINAL';
MPRINT(EM_DIAGRAM):   label = 'Segment Variable';
MPRINT(EM_DIAGRAM):   end;
MPRINT(EM_DIAGRAM):   else if upcase(name) = '_SEGMENT_LABEL_' then do;
MPRINT(EM_DIAGRAM):   role = 'REJECTED';
MPRINT(EM_DIAGRAM):   level = 'NOMINAL';
MPRINT(EM_DIAGRAM):   label = 'Segment Description';
MPRINT(EM_DIAGRAM):   end;
MPRINT(EM_DIAGRAM):   else if upcase(NAME) = 'DISTANCE' then do;
MPRINT(EM_DIAGRAM):   role = 'REJECTED';
MPRINT(EM_DIAGRAM):   level = 'INTERVAL';
MPRINT(EM_DIAGRAM):   end;
MPRINT(EM_DIAGRAM):   else if upcase(NAME) = '_IMPUTE_' then do;
MPRINT(EM_DIAGRAM):   role = 'REJECTED';
MPRINT(EM_DIAGRAM):   level = 'INTERVAL';
MPRINT(EM_DIAGRAM):   end;
MPRINT(EM_DIAGRAM):   output;
MPRINT(EM_DIAGRAM):   if ^_segFlag_ and _eof_ then do;
MPRINT(EM_DIAGRAM):   type = 'N';
MPRINT(EM_DIAGRAM):   index = 'N';
MPRINT(EM_DIAGRAM):   indexType = 'NONE';
MPRINT(EM_DIAGRAM):   format = '';
MPRINT(EM_DIAGRAM):   informat = '';
MPRINT(EM_DIAGRAM):   name = '_SEGMENT_';
MPRINT(EM_DIAGRAM):   role = 'SEGMENT';
MPRINT(EM_DIAGRAM):   level = 'NOMINAL';
MPRINT(EM_DIAGRAM):   label = 'Segment Variable';
MPRINT(EM_DIAGRAM):   output;
MPRINT(EM_DIAGRAM):   name = '_SEGMENT_LABEL_';
MPRINT(EM_DIAGRAM):   role = 'REJECTED';
MPRINT(EM_DIAGRAM):   level = 'NOMINAL';
MPRINT(EM_DIAGRAM):   label = 'Segment Description';
MPRINT(EM_DIAGRAM):   output;
MPRINT(EM_DIAGRAM):   name = 'Distance';
MPRINT(EM_DIAGRAM):   role = 'REJECTED';
MPRINT(EM_DIAGRAM):   level = 'INTERVAL';
MPRINT(EM_DIAGRAM):   label = 'Distance to Cluster Seed';
MPRINT(EM_DIAGRAM):   output;
MPRINT(EM_DIAGRAM):   name = '_Impute_';
MPRINT(EM_DIAGRAM):   role = 'REJECTED';
MPRINT(EM_DIAGRAM):   level = 'INTERVAL';
MPRINT(EM_DIAGRAM):   label = '';
MPRINT(EM_DIAGRAM):   output;
MPRINT(EM_DIAGRAM):   end;
MPRINT(EM_DIAGRAM):   run;
MPRINT(EM_DIAGRAM):   filename _delta;
NOTE: View EMWS1.CLUS5_TRAIN.VIEW used (Total process time):
      real time           0.03 seconds
      cpu time            0.03 seconds
      
MPRINT(EM_DIAGRAM):    proc printto;
MPRINT(EM_DIAGRAM):   run;
