MPRINT(EM_DIAGRAM):    data _null_;
MPRINT(EM_DIAGRAM):   call symput('NLDATE', strip(put(date(), NLDATE.)));
MPRINT(EM_DIAGRAM):   call symput('NLTIME', strip(put(datetime(), NLTIME.)));
MPRINT(EM_DIAGRAM):   run;
MPRINT(EM_DIAGRAM):   data _null_;
MPRINT(EM_DIAGRAM):   nldate= sasmsg("sashelp.dmine", "log_date_note", 'N', "December 11, 2024" );
MPRINT(EM_DIAGRAM):   nltime= sasmsg("sashelp.dmine", "log_time_note", 'N', "00:19:07" );
MPRINT(EM_DIAGRAM):   put "*------------------------------------------------------------*";
MPRINT(EM_DIAGRAM):   put "* Training Log";
MPRINT(EM_DIAGRAM):   put nldate;
MPRINT(EM_DIAGRAM):   put nltime;
MPRINT(EM_DIAGRAM):   put "*------------------------------------------------------------*";
MPRINT(EM_DIAGRAM):   run;
*------------------------------------------------------------*
* Training Log
Date:                December 11, 2024
Time:                00:19:07
*------------------------------------------------------------*
MPRINT(EM_DIAGRAM):    filename O3FVWZA2 "\\uisnutvdiprof1a\redirected$\smupp\Documents\HU.PREDICTIVEANALYSIS\Workspaces\EMWS2\Reg2\EMTRAIN.out" encoding="UTF-8" NOBOM;
MPRINT(EM_DIAGRAM):   proc printto print=O3FVWZA2 new;
MPRINT(EM_DIAGRAM):   run;
MPRINT(EM_DIAGRAM):    filename _LOG "\\uisnutvdiprof1a\redirected$\smupp\Documents\HU.PREDICTIVEANALYSIS\Workspaces\EMWS2\Reg2\EMLOG.log" encoding="UTF-8" NOBOM;
MPRINT(EM_DIAGRAM):    data _null_;
MPRINT(EM_DIAGRAM):   call symput('NLDATE', strip(put(date(), NLDATE.)));
MPRINT(EM_DIAGRAM):   call symput('NLTIME', strip(put(datetime(), NLTIME.)));
MPRINT(EM_DIAGRAM):   run;
MPRINT(EM_DIAGRAM):   data _null_;
MPRINT(EM_DIAGRAM):   nldate= sasmsg("sashelp.dmine", "log_date_note", 'N', "December 11, 2024" );
MPRINT(EM_DIAGRAM):   nltime= sasmsg("sashelp.dmine", "log_time_note", 'N', "00:19:07" );
MPRINT(EM_DIAGRAM):   file _LOG;
MPRINT(EM_DIAGRAM):   put "*------------------------------------------------------------*";
MPRINT(EM_DIAGRAM):   put "User:                smupp";
MPRINT(EM_DIAGRAM):   put nldate;
MPRINT(EM_DIAGRAM):   put nltime;
MPRINT(EM_DIAGRAM):   put "Site:                70080107";
MPRINT(EM_DIAGRAM):   put "Platform:            X64_10PRO";
MPRINT(EM_DIAGRAM):   put "Maintenance Release: 9.04.01M7P080520";
MPRINT(EM_DIAGRAM):   put "EM Version:          15.2";
MPRINT(EM_DIAGRAM):   put "* ";
MPRINT(EM_DIAGRAM):   run;
MPRINT(EM_DIAGRAM):    filename _LOGIN "\\uisnutvdiprof1a\redirected$\smupp\Documents\HU.PREDICTIVEANALYSIS\Workspaces\EMWS2\Reg2\EMTRAIN.log" encoding="UTF-8" NOBOM;
MPRINT(EM_COPYFILE):   data _null_;
MPRINT(EM_COPYFILE):   length line $20000;
MPRINT(EM_COPYFILE):   file _LOG MOD lrecl=20000;
MPRINT(EM_COPYFILE):   fid=fopen("_LOGIN",'i',20000,'v');
MPRINT(EM_COPYFILE):   if fid > 0 then do;
MPRINT(EM_COPYFILE):   do while(^fread(fid));
MPRINT(EM_COPYFILE):   rlen = frlen(fid);
MPRINT(EM_COPYFILE):   rc= fget(fid,line,20000);
MPRINT(EM_COPYFILE):   start = length(line)-length(left(line))+1;
MPRINT(EM_COPYFILE):   line=strip(line);
MPRINT(EM_COPYFILE):   put @start line;
MPRINT(EM_COPYFILE):   end;
MPRINT(EM_COPYFILE):   if fid > 0 then rc=fclose(fid);
MPRINT(EM_COPYFILE):   end;
MPRINT(EM_COPYFILE):   run;
MPRINT(EM_DIAGRAM):  ;
MPRINT(EM_DIAGRAM):   filename _LOGIN;
MPRINT(EM_DIAGRAM):    data _null_;
MPRINT(EM_DIAGRAM):   file _LOG mod;
MPRINT(EM_DIAGRAM):   put _page_;
MPRINT(EM_DIAGRAM):   run;
MPRINT(EM_DIAGRAM):   filename _LOGIN "\\uisnutvdiprof1a\redirected$\smupp\Documents\HU.PREDICTIVEANALYSIS\Workspaces\EMWS2\Reg2\EMSCORE.log" encoding="UTF-8" NOBOM;
MPRINT(EM_DIAGRAM):  ;
MPRINT(EM_DIAGRAM):   data _null_;
MPRINT(EM_DIAGRAM):   file _LOG mod;
MPRINT(EM_DIAGRAM):   put _page_;
MPRINT(EM_DIAGRAM):   run;
MPRINT(EM_DIAGRAM):    filename _LOGIN "\\uisnutvdiprof1a\redirected$\smupp\Documents\HU.PREDICTIVEANALYSIS\Workspaces\EMWS2\Reg2\EMREPORT.log" encoding="UTF-8" NOBOM;
MPRINT(EM_DIAGRAM):  ;
MPRINT(EM_DIAGRAM):   filename _LOGIN;
MPRINT(EM_DIAGRAM):    filename _LOG;
MPRINT(EM_DIAGRAM):    filename _OUT "\\uisnutvdiprof1a\redirected$\smupp\Documents\HU.PREDICTIVEANALYSIS\Workspaces\EMWS2\Reg2\EMOUTPUT.out" encoding="UTF-8" NOBOM;
MPRINT(EM_DIAGRAM):    data _null_;
MPRINT(EM_DIAGRAM):   call symput('NLDATE', strip(put(date(), NLDATE.)));
MPRINT(EM_DIAGRAM):   call symput('NLTIME', strip(put(datetime(), NLTIME.)));
MPRINT(EM_DIAGRAM):   run;
MPRINT(EM_DIAGRAM):   data _null_;
MPRINT(EM_DIAGRAM):   nldate= sasmsg("sashelp.dmine", "log_date_note", 'N', "December 11, 2024" );
MPRINT(EM_DIAGRAM):   nltime= sasmsg("sashelp.dmine", "log_time_note", 'N', "00:19:07" );
MPRINT(EM_DIAGRAM):   file _OUT;
MPRINT(EM_DIAGRAM):   put "*------------------------------------------------------------*";
MPRINT(EM_DIAGRAM):   put "User:                smupp";
MPRINT(EM_DIAGRAM):   put nldate;
MPRINT(EM_DIAGRAM):   put nltime;
MPRINT(EM_DIAGRAM):   put "*------------------------------------------------------------*";
MPRINT(EM_DIAGRAM):   put "* Training Output";
MPRINT(EM_DIAGRAM):   put "*------------------------------------------------------------*";
MPRINT(EM_DIAGRAM):   run;
MPRINT(EM_DIAGRAM):    filename _OUTIN "\\uisnutvdiprof1a\redirected$\smupp\Documents\HU.PREDICTIVEANALYSIS\Workspaces\EMWS2\Reg2\EMTRAIN.out" encoding="UTF-8" NOBOM;
MPRINT(EM_DIAGRAM):   ;
MPRINT(EM_COPYFILE):   data _null_;
MPRINT(EM_COPYFILE):   length line $20000;
MPRINT(EM_COPYFILE):   file _OUT MOD lrecl=20000;
MPRINT(EM_COPYFILE):   fid=fopen("_OUTIN",'i',20000,'v');
MPRINT(EM_COPYFILE):   if fid > 0 then do;
MPRINT(EM_COPYFILE):   do while(^fread(fid));
MPRINT(EM_COPYFILE):   rlen = frlen(fid);
MPRINT(EM_COPYFILE):   rc= fget(fid,line,20000);
MPRINT(EM_COPYFILE):   start = length(line)-length(left(line))+1;
MPRINT(EM_COPYFILE):   line=strip(line);
MPRINT(EM_COPYFILE):   put @start line;
MPRINT(EM_COPYFILE):   end;
MPRINT(EM_COPYFILE):   if fid > 0 then rc=fclose(fid);
MPRINT(EM_COPYFILE):   end;
MPRINT(EM_COPYFILE):   run;
MPRINT(EM_DIAGRAM):  ;
MPRINT(EM_DIAGRAM):   filename _OUTIN;
MPRINT(EM_DIAGRAM):    data _null_;
MPRINT(EM_DIAGRAM):   file _OUT mod;
MPRINT(EM_DIAGRAM):   put _page_;
MPRINT(EM_DIAGRAM):   put // "*------------------------------------------------------------*";
MPRINT(EM_DIAGRAM):   put "* Score Output";
MPRINT(EM_DIAGRAM):   put "*------------------------------------------------------------*";
MPRINT(EM_DIAGRAM):   run;
MPRINT(EM_DIAGRAM):    filename _OUTIN "\\uisnutvdiprof1a\redirected$\smupp\Documents\HU.PREDICTIVEANALYSIS\Workspaces\EMWS2\Reg2\EMSCORE.out" encoding="UTF-8" NOBOM;
MPRINT(EM_DIAGRAM):  ;
MPRINT(EM_DIAGRAM):   filename _OUTIN;
MPRINT(EM_DIAGRAM):    data _null_;
MPRINT(EM_DIAGRAM):   file _OUT mod;
MPRINT(EM_DIAGRAM):   put _page_;
MPRINT(EM_DIAGRAM):   put // "*------------------------------------------------------------*";
MPRINT(EM_DIAGRAM):   put "* Report Output";
MPRINT(EM_DIAGRAM):   put "*------------------------------------------------------------*";
MPRINT(EM_DIAGRAM):   run;
MPRINT(EM_DIAGRAM):    filename _OUTIN "\\uisnutvdiprof1a\redirected$\smupp\Documents\HU.PREDICTIVEANALYSIS\Workspaces\EMWS2\Reg2\EMREPORT.out" encoding="UTF-8" NOBOM;
MPRINT(EM_DIAGRAM):  ;
MPRINT(EM_DIAGRAM):   filename _OUTIN;
MPRINT(EM_DIAGRAM):    filename _OUT;
MPRINT(EM_DIAGRAM):    filename _emtool_ '\\uisnutvdiprof1a\redirected$\smupp\Documents\HU.PREDICTIVEANALYSIS\Workspaces\EMWS2\Reg2\EMRUNSTATUS.xml' encoding="UTF-8" NOBOM;
65273      proc freq data=EMWS2.Reg2_VariableSet noprint;
MPRINT(EM_DIAGRAM):    proc freq data=EMWS2.Reg2_VariableSet noprint;
65274      table ROLE*LEVEL/out=WORK.Reg2META;
MPRINT(EM_DIAGRAM):   table ROLE*LEVEL/out=WORK.Reg2META;
65275      run;
MPRINT(EM_DIAGRAM):   run;

NOTE: There were 10 observations read from the data set EMWS2.REG2_VARIABLESET.
NOTE: The data set WORK.REG2META has 3 observations and 4 variables.
NOTE: PROCEDURE FREQ used (Total process time):
      real time           0.05 seconds
      cpu time            0.01 seconds
      

65276      proc print data=WORK.Reg2META label noobs;
MPRINT(EM_DIAGRAM):   proc print data=WORK.Reg2META label noobs;
65277      var ROLE LEVEL COUNT;
MPRINT(EM_DIAGRAM):   var ROLE LEVEL COUNT;
65278      label ROLE = "%sysfunc(sasmsg(sashelp.dmine, meta_role_vlabel, NOQUOTE))" LEVEL = "%sysfunc(sasmsg(sashelp.dmine, meta_level_vlabel, NOQUOTE))" COUNT = "%sysfunc(sasmsg(sashelp.dmine, rpt_count_vlabel, NOQUOTE))";
MPRINT(EM_DIAGRAM):   label ROLE = "Role" LEVEL = "Measurement Level" COUNT = "Frequency Count";
65279      title9 ' ';
MPRINT(EM_DIAGRAM):   title9 ' ';
65280      title10 "%sysfunc(sasmsg(sashelp.dmine, rpt_varSummary_title  , NOQUOTE))";
MPRINT(EM_DIAGRAM):   title10 "Variable Summary";
MPRINT(EM_DIAGRAM):   run;
65281      run;

NOTE: There were 3 observations read from the data set WORK.REG2META.
NOTE: The PROCEDURE PRINT printed page 19.
NOTE: PROCEDURE PRINT used (Total process time):
      real time           0.00 seconds
      cpu time            0.00 seconds
      

65282      title10;
MPRINT(EM_DIAGRAM):   title10;
65283      %let EMNORLEN = %DMNORLEN;
MPRINT(EM_DIAGRAM):   
EMWS2.Part_TRAIN EMWS2.Part_TRAIN 
EMWS2.Part_TRAIN EMWS2.Part_TRAIN EMWS2 Part_TRAIN 
EMWS2.Part_TRAIN EMWS2.Part_TRAIN 
EMWS2.Part_TRAIN EMWS2.Part_TRAIN EMWS2 Part_TRAIN 
Executing  SASHELP.EMCORE.EMINFOITERATOR.SCL _INIT >> 
Executing  SASHELP.EMCORE.EMINFOITERATOR.SCL setMetaData >> 
Executing  SASHELP.EMCORE.EMINFOITERATOR.SCL next >> 
Executing  SASHELP.EMCORE.EMINFOITERATOR.SCL next >> 
Executing  SASHELP.EMCORE.EMINFOITERATOR.SCL setMetaData >> 
Executing  SASHELP.EMCORE.EMINFOITERATOR.SCL next >> 
Executing  SASHELP.EMCORE.EMINFOITERATOR.SCL next >> 
Executing  SASHELP.EMCORE.EMINFOITERATOR.SCL _term >> 
"No decisions defined for target "median_house_value"." 
65284      proc print data = EMWS2.Ids2_median_house_val_DM noobs label;
MPRINT(EM_DIAGRAM):    proc print data = EMWS2.Ids2_median_house_val_DM noobs label;
65285      var _type_ variable label;
MPRINT(EM_DIAGRAM):   var _type_ variable label;
65286      where _type_ ^in('MATRIX', 'DECISION', 'TRAINPRIOR', 'DATAPRIOR', 'DECPRIOR');
MPRINT(EM_DIAGRAM):   where _type_ ^in('MATRIX', 'DECISION', 'TRAINPRIOR', 'DATAPRIOR', 'DECPRIOR');
65287      label _TYPE_ = "%sysfunc(sasmsg(sashelp.dmine, rpt_type_vlabel,     NOQUOTE))" VARIABLE = "%sysfunc(sasmsg(sashelp.dmine, rpt_variable_vlabel, NOQUOTE))" LABEL = "%sysfunc(sasmsg(sashelp.dmine, meta_label_vlabel, NOQUOTE))";
MPRINT(EM_DIAGRAM):   label _TYPE_ = "Type" VARIABLE = "Variable" LABEL = "Label";
65288      title9 ' ';
MPRINT(EM_DIAGRAM):   title9 ' ';
65289      title10 "%sysfunc(sasmsg(sashelp.dmine, rpt_predDecVars_title  , NOQUOTE))";
MPRINT(EM_DIAGRAM):   title10 "Predicted and decision variables";
MPRINT(EM_DIAGRAM):   run;
65290      run;

NOTE: There were 3 observations read from the data set EMWS2.IDS2_MEDIAN_HOUSE_VAL_DM.
      WHERE _type_ not in ('DATAPRIOR', 'DECISION', 'DECPRIOR', 'MATRIX', 'TRAINPRIOR');
NOTE: The PROCEDURE PRINT printed page 20.
NOTE: PROCEDURE PRINT used (Total process time):
      real time           0.00 seconds
      cpu time            0.00 seconds
      

65291      title10;
MPRINT(EM_DIAGRAM):   title10;
MPRINT(EM_DIAGRAM):    *------------------------------------------------------------*;
MPRINT(EM_DIAGRAM):   * Reg2: Preparing metadata for Training *------------------------------------------------------------*;
MPRINT(EM_DIAGRAM):   data WORK.M3O892FF;
MPRINT(EM_DIAGRAM):   set WORK.M3O892FF;
MPRINT(EM_DIAGRAM):   where use = 'Y' or (role = 'INPUT' and use = 'D') ;
MPRINT(EM_DIAGRAM):   if (role = 'REJECTED') then role = 'INPUT';
MPRINT(EM_DIAGRAM):   if use = 'D' then use = 'Y';
MPRINT(EM_DIAGRAM):   run;
NOTE: There were 3 observations read from the data set EMWS2.IDS2_MEDIAN_HOUSE_VAL_DD.
NOTE: The data set WORK.MEDIAN_HOUSE_VALUE has 3 observations and 1 variables.
NOTE: There were 3 observations read from the data set EMWS2.IDS2_MEDIAN_HOUSE_VAL_DD.
NOTE: The data set WORK.MEDIAN_HOUSE_VALUE has 3 observations and 1 variables.
65301      *------------------------------------------------------------*;
MPRINT(EM_DIAGRAM):    *------------------------------------------------------------*;
65302      * Reg2: Create decision matrix;
MPRINT(EM_DIAGRAM):   * Reg2: Create decision matrix;
65303      *------------------------------------------------------------*;
MPRINT(EM_DIAGRAM):   *------------------------------------------------------------*;
65304      data WORK.median_house_value(label="median_house_value");
MPRINT(EM_DIAGRAM):   data WORK.median_house_value(label="median_house_value");
65305        length   median_house_value                   8
65306                 ;
MPRINT(EM_DIAGRAM):   length median_house_value 8 ;
65307      
65308       median_house_value=14999;
MPRINT(EM_DIAGRAM):   median_house_value=14999;
65309      output;
MPRINT(EM_DIAGRAM):   output;
65310       median_house_value=500001;
MPRINT(EM_DIAGRAM):   median_house_value=500001;
65311      output;
MPRINT(EM_DIAGRAM):   output;
65312       median_house_value=257500;
MPRINT(EM_DIAGRAM):   median_house_value=257500;
65313      output;
MPRINT(EM_DIAGRAM):   output;
65314      ;
MPRINT(EM_DIAGRAM):   ;
65315      run;
MPRINT(EM_DIAGRAM):   run;

NOTE: The data set WORK.MEDIAN_HOUSE_VALUE has 3 observations and 1 variables.
NOTE: DATA statement used (Total process time):
      real time           0.02 seconds
      cpu time            0.01 seconds
      

65316      proc datasets lib=work nolist;
MPRINT(EM_DIAGRAM):   proc datasets lib=work nolist;
65317      modify median_house_value(type=PROFIT label=median_house_value);
MPRINT(EM_DIAGRAM):   modify median_house_value(type=PROFIT label= median_house_value);
MPRINT(EM_DIAGRAM):   run;
65318      run;

NOTE: MODIFY was successful for WORK.MEDIAN_HOUSE_VALUE.DATA.
65319      quit;
MPRINT(EM_DIAGRAM):   quit;

NOTE: PROCEDURE DATASETS used (Total process time):
      real time           0.01 seconds
      cpu time            0.00 seconds
      

65320      data EM_DMREG / view=EM_DMREG;
MPRINT(EM_DIAGRAM):   data EM_DMREG / view=EM_DMREG;
65321      set EMWS2.Part_TRAIN(keep=
65322      households housing_median_age latitude longitude median_house_value
65323      median_income ocean_proximity population total_bedrooms total_rooms);
MPRINT(EM_DIAGRAM):   set EMWS2.Part_TRAIN(keep= households housing_median_age latitude longitude median_house_value median_income ocean_proximity population total_bedrooms total_rooms);
65324      run;
MPRINT(EM_DIAGRAM):   run;

NOTE: DATA STEP view saved on file WORK.EM_DMREG.
NOTE: A stored DATA STEP view cannot run under a different operating system.
NOTE: DATA statement used (Total process time):
      real time           0.01 seconds
      cpu time            0.00 seconds
      

MPRINT(EM_DIAGRAM):   *------------------------------------------------------------* ;
MPRINT(EM_DIAGRAM):   * Reg2: DMDBClass Macro ;
MPRINT(EM_DIAGRAM):   *------------------------------------------------------------* ;
65325      *------------------------------------------------------------* ;
65326      * Reg2: DMDBClass Macro ;
65327      *------------------------------------------------------------* ;
65328      %macro DMDBClass;
65329          ocean_proximity(ASC)
65330      %mend DMDBClass;
65331      *------------------------------------------------------------* ;
MPRINT(EM_DIAGRAM):   *------------------------------------------------------------* ;
65332      * Reg2: DMDBVar Macro ;
MPRINT(EM_DIAGRAM):   * Reg2: DMDBVar Macro ;
65333      *------------------------------------------------------------* ;
MPRINT(EM_DIAGRAM):   *------------------------------------------------------------* ;
65334      %macro DMDBVar;
65335          households housing_median_age latitude longitude median_house_value
65336         median_income population total_bedrooms total_rooms
65337      %mend DMDBVar;
65338      *------------------------------------------------------------*;
MPRINT(EM_DIAGRAM):   *------------------------------------------------------------*;
65339      * Reg2: Create DMDB;
MPRINT(EM_DIAGRAM):   * Reg2: Create DMDB;
65340      *------------------------------------------------------------*;
MPRINT(EM_DIAGRAM):   *------------------------------------------------------------*;
65341      proc dmdb batch data=WORK.EM_DMREG
65342      dmdbcat=WORK.Reg2_DMDB
65343      maxlevel = 513
65344      ;
MPRINT(EM_DIAGRAM):   proc dmdb batch data=WORK.EM_DMREG dmdbcat=WORK.Reg2_DMDB maxlevel = 513 ;
MPRINT(EM_DIAGRAM):   class
65345      class %DMDBClass;
MPRINT(DMDBCLASS):   ocean_proximity(ASC)
MPRINT(EM_DIAGRAM):  ;
MPRINT(EM_DIAGRAM):   var
65346      var %DMDBVar;
MPRINT(DMDBVAR):   households housing_median_age latitude longitude median_house_value median_income population total_bedrooms total_rooms
MPRINT(EM_DIAGRAM):  ;
65347      target
65348      median_house_value
65349      ;
MPRINT(EM_DIAGRAM):   target median_house_value ;
65350      run;
MPRINT(EM_DIAGRAM):   run;

NOTE: Records processed = 6605   Memory used = 511K.
NOTE: View WORK.EM_DMREG.VIEW used (Total process time):
      real time           0.07 seconds
      cpu time            0.03 seconds
      
NOTE: There were 6605 observations read from the data set EMWS2.PART_TRAIN.
NOTE: There were 6605 observations read from the data set WORK.EM_DMREG.
NOTE: PROCEDURE DMDB used (Total process time):
      real time           0.07 seconds
      cpu time            0.03 seconds
      

MPRINT(EM_DIAGRAM):   quit;
MPRINT(EM_DIAGRAM):   *--- end code ---*;
65351      quit;
65352      *--- end code ---*;

65353      *------------------------------------------------------------*;
MPRINT(EM_DIAGRAM):    *------------------------------------------------------------*;
65354      * Reg2: Run DMREG procedure;
MPRINT(EM_DIAGRAM):   * Reg2: Run DMREG procedure;
65355      *------------------------------------------------------------*;
MPRINT(EM_DIAGRAM):   *------------------------------------------------------------*;
65356      proc dmreg data=EM_DMREG dmdbcat=WORK.Reg2_DMDB
65357      validata = EMWS2.Part_VALIDATE
65358      outest = EMWS2.Reg2_EMESTIMATE
65359      outterms = EMWS2.Reg2_OUTTERMS
65360      outmap= EMWS2.Reg2_MAPDS namelen=200
65361      ;
MPRINT(EM_DIAGRAM):   proc dmreg data=EM_DMREG dmdbcat=WORK.Reg2_DMDB validata = EMWS2.Part_VALIDATE outest = EMWS2.Reg2_EMESTIMATE outterms = EMWS2.Reg2_OUTTERMS outmap= EMWS2.Reg2_MAPDS namelen=200 ;
65362      class
65363      ocean_proximity
65364      ;
MPRINT(EM_DIAGRAM):   class ocean_proximity ;
65365      model median_house_value =
65366      households
65367      housing_median_age
65368      latitude
65369      longitude
65370      median_income
65371      ocean_proximity
65372      population
65373      total_bedrooms
65374      total_rooms
65375      /error=normal
65376      coding=DEVIATION
65377      nodesignprint
65378      selection=FORWARD choose=NONE
65379      Hierarchy=CLASS
65380      Rule=NONE
65381      ;
MPRINT(EM_DIAGRAM):   model median_house_value = households housing_median_age latitude longitude median_income ocean_proximity population total_bedrooms total_rooms /error=normal coding=DEVIATION nodesignprint selection=FORWARD choose=NONE 
Hierarchy=CLASS Rule=NONE ;
65382      ;
MPRINT(EM_DIAGRAM):   ;
65383      score data=EMWS2.Part_TEST
65384      out=_null_
65385      outfit=EMWS2.Reg2_FITTEST
65386      role = TEST
65387      ;
MPRINT(EM_DIAGRAM):   score data=EMWS2.Part_TEST out=_null_ outfit=EMWS2.Reg2_FITTEST role = TEST ;
65388      code file="\\uisnutvdiprof1a\redirected$\smupp\Documents\HU.PREDICTIVEANALYSIS\Workspaces\EMWS2\Reg2\EMPUBLISHSCORE.sas"
65389      group=Reg2
65390      ;
MPRINT(EM_DIAGRAM):   code file="\\uisnutvdiprof1a\redirected$\smupp\Documents\HU.PREDICTIVEANALYSIS\Workspaces\EMWS2\Reg2\EMPUBLISHSCORE.sas" group=Reg2 ;
65391      code file="\\uisnutvdiprof1a\redirected$\smupp\Documents\HU.PREDICTIVEANALYSIS\Workspaces\EMWS2\Reg2\EMFLOWSCORE.sas"
65392      group=Reg2
65393      residual
65394      ;
MPRINT(EM_DIAGRAM):   code file="\\uisnutvdiprof1a\redirected$\smupp\Documents\HU.PREDICTIVEANALYSIS\Workspaces\EMWS2\Reg2\EMFLOWSCORE.sas" group=Reg2 residual ;
65395      run;
MPRINT(EM_DIAGRAM):   run;

NOTE: 74 observations in the training data were not used due to missing values in the target or input variables or to invalid frequency values.
NOTE: The training data contains 74 cases that have missing input values. The fit statistics in the OUTEST= data set (which are based on all cases) might differ from those in the printed output (which are based only on cases with no missing inputs).
NOTE: External file \\uisnutvdiprof1a\redirected$\smupp\Documents\HU.PREDICTIVEANALYSIS\Workspaces\EMWS2\Reg2\EMPUBLISHSCORE.sas opened.
NOTE: External file \\uisnutvdiprof1a\redirected$\smupp\Documents\HU.PREDICTIVEANALYSIS\Workspaces\EMWS2\Reg2\EMFLOWSCORE.sas opened.
NOTE: View WORK.EM_DMREG.VIEW used (Total process time):
      real time           0.31 seconds
      cpu time            0.17 seconds
      
NOTE: There were 6605 observations read from the data set EMWS2.PART_TRAIN.
NOTE: There were 6605 observations read from the data set WORK.EM_DMREG.
NOTE: There were 4954 observations read from the data set EMWS2.PART_VALIDATE.
NOTE: There were 4953 observations read from the data set EMWS2.PART_TEST.
NOTE: The data set EMWS2.REG2_EMESTIMATE has 33 observations and 47 variables.
NOTE: The data set EMWS2.REG2_OUTTERMS has 13 observations and 6 variables.
NOTE: The data set EMWS2.REG2_MAPDS has 2 observations and 14 variables.
NOTE: The data set EMWS2.REG2_FITTEST has 10 observations and 14 variables.
NOTE: The PROCEDURE DMREG printed page 21.
NOTE: PROCEDURE DMREG used (Total process time):
      real time           0.41 seconds
      cpu time            0.18 seconds
      

MPRINT(EM_DIAGRAM):   quit;
65396      quit;

65397      proc datasets lib=WORK nolist;
MPRINT(EM_DIAGRAM):    proc datasets lib=WORK nolist;
65398      delete Reg2_DMDB;
MPRINT(EM_DIAGRAM):   delete Reg2_DMDB;
65399      run;
MPRINT(EM_DIAGRAM):   run;

NOTE: The file WORK.REG2_DMDB (memtype=DATA) was not found, but appears on a DELETE statement.
65400      quit;
MPRINT(EM_DIAGRAM):   quit;

NOTE: PROCEDURE DATASETS used (Total process time):
      real time           0.00 seconds
      cpu time            0.01 seconds
      

65401      proc datasets lib=WORK nolist;
MPRINT(EM_DIAGRAM):    proc datasets lib=WORK nolist;
65402      delete Reg2_DMDB / memtype=catalog;
MPRINT(EM_DIAGRAM):   delete Reg2_DMDB / memtype=catalog;
65403      run;
MPRINT(EM_DIAGRAM):   run;

NOTE: Deleting WORK.REG2_DMDB (memtype=CATALOG).
65404      quit;
MPRINT(EM_DIAGRAM):   quit;

NOTE: PROCEDURE DATASETS used (Total process time):
      real time           0.00 seconds
      cpu time            0.00 seconds
      

65405      data WORK.ESTIMATE;
MPRINT(EM_DIAGRAM):    data WORK.ESTIMATE;
65406      length _NAME_ $32;
MPRINT(EM_DIAGRAM):   length _NAME_ $32;
65407      set EMWS2.Reg2_EMESTIMATE;
MPRINT(EM_DIAGRAM):   set EMWS2.Reg2_EMESTIMATE;
65408      drop _AIC_--_VSUMW_
65409      ;
MPRINT(EM_DIAGRAM):   drop _AIC_--_VSUMW_ ;
65410      where _CHOSEN_ ne '' and _TYPE_ in('PARMS', 'T', 'P');
MPRINT(EM_DIAGRAM):   where _CHOSEN_ ne '' and _TYPE_ in('PARMS', 'T', 'P');
65411      drop _STEP_ _CHOSEN_;
MPRINT(EM_DIAGRAM):   drop _STEP_ _CHOSEN_;
65412      select(_TYPE_);
MPRINT(EM_DIAGRAM):   select(_TYPE_);
65413      when('PARMS') _NAME_='Coefficient';
MPRINT(EM_DIAGRAM):   when('PARMS') _NAME_='Coefficient';
65414      when('T') _NAME_='tValue';
MPRINT(EM_DIAGRAM):   when('T') _NAME_='tValue';
65415      when('P') _NAME_='PValue';
MPRINT(EM_DIAGRAM):   when('P') _NAME_='PValue';
65416      otherwise;
MPRINT(EM_DIAGRAM):   otherwise;
65417      end;
MPRINT(EM_DIAGRAM):   end;
65418      run;
MPRINT(EM_DIAGRAM):   run;

NOTE: There were 3 observations read from the data set EMWS2.REG2_EMESTIMATE.
      WHERE (_CHOSEN_ not = ' ') and _TYPE_ in ('P', 'PARMS', 'T');
NOTE: The data set WORK.ESTIMATE has 3 observations and 15 variables.
NOTE: DATA statement used (Total process time):
      real time           0.01 seconds
      cpu time            0.00 seconds
      

65419      proc transpose data=WORK.ESTIMATE out=WORK.ESTIMATE(rename=(_NAME_=Effect));
MPRINT(EM_DIAGRAM):   proc transpose data=WORK.ESTIMATE out=WORK.ESTIMATE(rename=(_NAME_=Effect));
65420      run;
MPRINT(EM_DIAGRAM):   run;

NOTE: There were 3 observations read from the data set WORK.ESTIMATE.
NOTE: The data set WORK.ESTIMATE has 13 observations and 5 variables.
NOTE: PROCEDURE TRANSPOSE used (Total process time):
      real time           0.01 seconds
      cpu time            0.01 seconds
      

65421      proc transpose data=EMWS2.Reg2_MAPDS out=WORK.MAP(rename=(_NAME_=Effect INPUT=Variable
65422      ));
MPRINT(EM_DIAGRAM):   proc transpose data=EMWS2.Reg2_MAPDS out=WORK.MAP(rename=(_NAME_=Effect INPUT=Variable ));
65423      var 'households'n--'total_rooms'n;
MPRINT(EM_DIAGRAM):   var 'households'n--'total_rooms'n;
65424      run;
MPRINT(EM_DIAGRAM):   run;

NOTE: There were 2 observations read from the data set EMWS2.REG2_MAPDS.
NOTE: The data set WORK.MAP has 12 observations and 4 variables.
NOTE: PROCEDURE TRANSPOSE used (Total process time):
      real time           0.03 seconds
      cpu time            0.01 seconds
      

65425      proc sort data=WORK.MAP;
MPRINT(EM_DIAGRAM):   proc sort data=WORK.MAP;
65426      by Effect;
MPRINT(EM_DIAGRAM):   by Effect;
65427      run;
MPRINT(EM_DIAGRAM):   run;

NOTE: There were 12 observations read from the data set WORK.MAP.
NOTE: The data set WORK.MAP has 12 observations and 4 variables.
NOTE: PROCEDURE SORT used (Total process time):
      real time           0.01 seconds
      cpu time            0.01 seconds
      

65428      proc sort data=WORK.ESTIMATE;
MPRINT(EM_DIAGRAM):   proc sort data=WORK.ESTIMATE;
65429      by Effect;
MPRINT(EM_DIAGRAM):   by Effect;
65430      run;
MPRINT(EM_DIAGRAM):   run;

NOTE: There were 13 observations read from the data set WORK.ESTIMATE.
NOTE: The data set WORK.ESTIMATE has 13 observations and 5 variables.
NOTE: PROCEDURE SORT used (Total process time):
      real time           0.00 seconds
      cpu time            0.00 seconds
      

65431      data EMWS2.Reg2_EFFECTS(rename=(_LABEL_=EffectLabel));
MPRINT(EM_DIAGRAM):   data EMWS2.Reg2_EFFECTS(rename=(_LABEL_=EffectLabel));
65432      length Variable ClassLevel $32;
MPRINT(EM_DIAGRAM):   length Variable ClassLevel $32;
65433      merge WORK.ESTIMATE WORK.MAP;
MPRINT(EM_DIAGRAM):   merge WORK.ESTIMATE WORK.MAP;
65434      by Effect;
MPRINT(EM_DIAGRAM):   by Effect;
65435      label Effect = "%sysfunc(sasmsg(sashelp.dmine, rpt_effect_vlabel, NOQUOTE))" Variable = "%sysfunc(sasmsg(sashelp.dmine, rpt_variable_vlabel, NOQUOTE))" Sign = "%sysfunc(sasmsg(sashelp.dmine, rpt_sign_vlabel, NOQUOTE))" ClassLevel =
65436         "%sysfunc(sasmsg(sashelp.dmine, rpt_level_vlabel, NOQUOTE))" Abscoefficient = "%sysfunc(sasmsg(sashelp.dmine, rpt_abscoefficient_vlabel, NOQUOTE))" Coefficient = "%sysfunc(sasmsg(sashelp.dmine, rpt_coefficient_vlabel, NOQUOTE))" _LABEL_ =
65437         "%sysfunc(sasmsg(sashelp.dmine, rpt_effectLabel_vlabel, NOQUOTE))" CODE = "%sysfunc(sasmsg(sashelp.dmine, rpt_scorecodevar_vlabel, NOQUOTE))";
MPRINT(EM_DIAGRAM):   label Effect = "Effect" Variable = "Variable" Sign = "Sign" ClassLevel = "Level" Abscoefficient = "Absolute Coefficient" Coefficient = "Coefficient" _LABEL_ = "Effect Label" CODE = "Score Code Variable";
65438      label tvalue = "%sysfunc(sasmsg(sashelp.dmine, rpt_tvalue_vlabel,         NOQUOTE))" abstvalue = "%sysfunc(sasmsg(sashelp.dmine, rpt_absoluteTvalue_vlabel, NOQUOTE))" PValue = "%sysfunc(sasmsg(sashelp.dmine, rpt_pvalue_vlabel,         NOQUOTE))"
65438    ! ;
MPRINT(EM_DIAGRAM):   label tvalue = "T-value" abstvalue = "Absolute T-value" PValue = "P Value";
65439      abstvalue = abs(tValue);
MPRINT(EM_DIAGRAM):   abstvalue = abs(tValue);
65440      if index(Effect, 'Intercept') then do;
MPRINT(EM_DIAGRAM):   if index(Effect, 'Intercept') then do;
65441      variable = 'Intercept';
MPRINT(EM_DIAGRAM):   variable = 'Intercept';
65442      classLevel = scan(_LABEL_, 2, '=');
MPRINT(EM_DIAGRAM):   classLevel = scan(_LABEL_, 2, '=');
65443      end;
MPRINT(EM_DIAGRAM):   end;
65444      if ^indexc(variable, '*') then do;
MPRINT(EM_DIAGRAM):   if ^indexc(variable, '*') then do;
65445      if length(effect)>length(variable) then classlevel = substr(Effect, length(variable)+1);
MPRINT(EM_DIAGRAM):   if length(effect)>length(variable) then classlevel = substr(Effect, length(variable)+1);
65446      end;
MPRINT(EM_DIAGRAM):   end;
65447      if Effect eq '' then Effect = Variable;
MPRINT(EM_DIAGRAM):   if Effect eq '' then Effect = Variable;
65448      if coefficient < 0 then sign = '-';
MPRINT(EM_DIAGRAM):   if coefficient < 0 then sign = '-';
65449      else sign = '+';
MPRINT(EM_DIAGRAM):   else sign = '+';
65450      abscoefficient = abs(coefficient);
MPRINT(EM_DIAGRAM):   abscoefficient = abs(coefficient);
65451      if _LABEL_ = '' then _LABEL_ = Effect;
MPRINT(EM_DIAGRAM):   if _LABEL_ = '' then _LABEL_ = Effect;
65452      if coefficient ne . then output;
MPRINT(EM_DIAGRAM):   if coefficient ne . then output;
65453      run;
MPRINT(EM_DIAGRAM):   run;

NOTE: There were 13 observations read from the data set WORK.ESTIMATE.
NOTE: There were 12 observations read from the data set WORK.MAP.
NOTE: The data set EMWS2.REG2_EFFECTS has 13 observations and 11 variables.
NOTE: DATA statement used (Total process time):
      real time           0.04 seconds
      cpu time            0.03 seconds
      

65454      proc sort data =EMWS2.Reg2_EFFECTS;
MPRINT(EM_DIAGRAM):    proc sort data =EMWS2.Reg2_EFFECTS;
65455      by
65456      descending abstvalue;
MPRINT(EM_DIAGRAM):   by descending abstvalue;
65457      run;
MPRINT(EM_DIAGRAM):   run;

NOTE: There were 13 observations read from the data set EMWS2.REG2_EFFECTS.
NOTE: The data set EMWS2.REG2_EFFECTS has 13 observations and 11 variables.
NOTE: PROCEDURE SORT used (Total process time):
      real time           0.08 seconds
      cpu time            0.00 seconds
      

65458      data EMWS2.Reg2_EFFECTS;
MPRINT(EM_DIAGRAM):   data EMWS2.Reg2_EFFECTS;
65459      set EMWS2.Reg2_EFFECTS;
MPRINT(EM_DIAGRAM):   set EMWS2.Reg2_EFFECTS;
65460      format TEffectNum 3.;
MPRINT(EM_DIAGRAM):   format TEffectNum 3.;
65461      label TEffectNum = "%sysfunc(sasmsg(sashelp.dmine, rpt_teffectnum_vlabel, NOQUOTE))";
MPRINT(EM_DIAGRAM):   label TEffectNum = "TScore Number";
65462      retain TEffectNum;
MPRINT(EM_DIAGRAM):   retain TEffectNum;
65463      TEffectNum = _N_;
MPRINT(EM_DIAGRAM):   TEffectNum = _N_;
65464      run;
MPRINT(EM_DIAGRAM):   run;

NOTE: There were 13 observations read from the data set EMWS2.REG2_EFFECTS.
NOTE: The data set EMWS2.REG2_EFFECTS has 13 observations and 12 variables.
NOTE: DATA statement used (Total process time):
      real time           0.02 seconds
      cpu time            0.01 seconds
      

65465      proc sort data =EMWS2.Reg2_EFFECTS;
MPRINT(EM_DIAGRAM):    proc sort data =EMWS2.Reg2_EFFECTS;
65466      by
65467      descending absCoefficient;
MPRINT(EM_DIAGRAM):   by descending absCoefficient;
65468      run;
MPRINT(EM_DIAGRAM):   run;

NOTE: There were 13 observations read from the data set EMWS2.REG2_EFFECTS.
NOTE: The data set EMWS2.REG2_EFFECTS has 13 observations and 12 variables.
NOTE: PROCEDURE SORT used (Total process time):
      real time           0.04 seconds
      cpu time            0.01 seconds
      

65469      data EMWS2.Reg2_EFFECTS;
MPRINT(EM_DIAGRAM):   data EMWS2.Reg2_EFFECTS;
65470      set EMWS2.Reg2_EFFECTS;
MPRINT(EM_DIAGRAM):   set EMWS2.Reg2_EFFECTS;
65471      format EffectNum 3.;
MPRINT(EM_DIAGRAM):   format EffectNum 3.;
65472      label EffectNum = "%sysfunc(sasmsg(sashelp.dmine, rpt_effectnum_vlabel, NOQUOTE))";
MPRINT(EM_DIAGRAM):   label EffectNum = "Effect Number";
65473      retain EffectNum;
MPRINT(EM_DIAGRAM):   retain EffectNum;
65474      EffectNum = _N_;
MPRINT(EM_DIAGRAM):   EffectNum = _N_;
65475      run;
MPRINT(EM_DIAGRAM):   run;

NOTE: There were 13 observations read from the data set EMWS2.REG2_EFFECTS.
NOTE: The data set EMWS2.REG2_EFFECTS has 13 observations and 13 variables.
NOTE: DATA statement used (Total process time):
      real time           0.02 seconds
      cpu time            0.00 seconds
      

65476      proc transpose data=EMWS2.Reg2_EMESTIMATE out=EMWS2.Reg2_ESTIMATEGRID(rename=(PARMS=Coefficient T=TValue _NAME_=Effect _LABEL_=EffectLabel));
MPRINT(EM_DIAGRAM):    proc transpose data=EMWS2.Reg2_EMESTIMATE out=EMWS2.Reg2_ESTIMATEGRID(rename=(PARMS=Coefficient T=TValue _NAME_=Effect _LABEL_=EffectLabel));
65477      where _CHOSEN_ eq '' and _TYPE_ in('PARMS', 'T', 'P');
MPRINT(EM_DIAGRAM):   where _CHOSEN_ eq '' and _TYPE_ in('PARMS', 'T', 'P');
65478      var 'households'n--'total_rooms'n;
MPRINT(EM_DIAGRAM):   var 'households'n--'total_rooms'n;
65479      by _STEP_;
MPRINT(EM_DIAGRAM):   by _STEP_;
65480      id _TYPE_;
MPRINT(EM_DIAGRAM):   id _TYPE_;
65481      run;
MPRINT(EM_DIAGRAM):   run;

NOTE: There were 30 observations read from the data set EMWS2.REG2_EMESTIMATE.
      WHERE (_CHOSEN_=' ') and _TYPE_ in ('P', 'PARMS', 'T');
NOTE: The data set EMWS2.REG2_ESTIMATEGRID has 120 observations and 6 variables.
NOTE: PROCEDURE TRANSPOSE used (Total process time):
      real time           0.05 seconds
      cpu time            0.03 seconds
      

65482      data EMWS2.Reg2_ESTIMATEGRID;
MPRINT(EM_DIAGRAM):    data EMWS2.Reg2_ESTIMATEGRID;
65483      set EMWS2.Reg2_ESTIMATEGRID;
MPRINT(EM_DIAGRAM):   set EMWS2.Reg2_ESTIMATEGRID;
65484      if EffectLabel eq '' then EffectLabel = Effect;
MPRINT(EM_DIAGRAM):   if EffectLabel eq '' then EffectLabel = Effect;
65485      label EffectLabel = "%sysfunc(sasmsg(sashelp.dmine, rpt_effectLabel_vlabel, NOQUOTE))" Effect = "%sysfunc(sasmsg(sashelp.dmine, rpt_effect_vlabel, NOQUOTE))" Abscoefficient = "%sysfunc(sasmsg(sashelp.dmine, rpt_abscoefficient_vlabel, NOQUOTE))"
65486         Coefficient = "%sysfunc(sasmsg(sashelp.dmine, rpt_coefficient_vlabel, NOQUOTE))" tvalue = "%sysfunc(sasmsg(sashelp.dmine, rpt_tvalue_vlabel,         NOQUOTE))" abstvalue = "%sysfunc(sasmsg(sashelp.dmine, rpt_absoluteTvalue_vlabel, NOQUOTE))"
65486    ! PValue =
65487         "%sysfunc(sasmsg(sashelp.dmine, rpt_pvalue_vlabel,         NOQUOTE))";
MPRINT(EM_DIAGRAM):   label EffectLabel = "Effect Label" Effect = "Effect" Abscoefficient = "Absolute Coefficient" Coefficient = "Coefficient" tvalue = "T-value" abstvalue = "Absolute T-value" PValue = "P Value";
65488      AbsCoefficient = abs(Coefficient);
MPRINT(EM_DIAGRAM):   AbsCoefficient = abs(Coefficient);
65489      AbsTValue = abs(TValue);
MPRINT(EM_DIAGRAM):   AbsTValue = abs(TValue);
65490      where coefficient ne .;
MPRINT(EM_DIAGRAM):   where coefficient ne .;
65491      run;
MPRINT(EM_DIAGRAM):   run;

NOTE: Variable PValue is uninitialized.
NOTE: There were 69 observations read from the data set EMWS2.REG2_ESTIMATEGRID.
      WHERE coefficient not = .;
NOTE: The data set EMWS2.REG2_ESTIMATEGRID has 69 observations and 8 variables.
NOTE: DATA statement used (Total process time):
      real time           0.04 seconds
      cpu time            0.01 seconds
      

MPRINT(EM_DIAGRAM):    proc printto;
MPRINT(EM_DIAGRAM):   run;
