 
                                                                                                
 
 
Variable Summary

            Measurement    Frequency
Role           Level         Count

INPUT        INTERVAL          9    
INPUT        NOMINAL           1    
REJECTED     INTERVAL          1    
REJECTED     NOMINAL           1    
SEGMENT      NOMINAL           1    



                                                                                               29
User       = skunt
Date       = 01:28:00  December 09
Project    = MC.ClusterAnalysis
Diagram    = HU.ClusterAnalysis

Start Node = Report
Node label = Ward Clustering
Nodes      = PATH
Showall    = N

Format     = PDF
Graphics   = GIF
Style      = LISTING
