 
                                                                                                                                                                                                                                                                
 
 
Fit Statistics

Target=median_house_value Target Label=' '

   Fit
Statistics    Statistics Label                          Train       Validation             Test

 _AIC_        Akaike's Information Criterion        147398.73              .                .  
 _ASE_        Average Squared Error             4899002782.96    4798889268.60    4828197295.33
 _AVERR_      Average Error Function            4899002782.96    4798889268.60    4828197295.33
 _DFE_        Degrees of Freedom for Error            6592.00              .                .  
 _DFM_        Model Degrees of Freedom                  13.00              .                .  
 _DFT_        Total Degrees of Freedom                6605.00              .                .  
 _DIV_        Divisor for ASE                         6605.00          4954.00          4953.00
 _ERR_        Error Function                    3.23579134E13    2.37736974E13    2.39140612E13
 _FPE_        Final Prediction Error            4918325306.07              .                .  
 _MAX_        Maximum Absolute Error                497860.93        553715.28        922428.05
 _MSE_        Mean Square Error                 4908664044.52    4798889268.60    4828197295.33
 _NOBS_       Sum of Frequencies                      6605.00          4954.00          4953.00
 _NW_         Number of Estimate Weights                13.00              .                .  
 _RASE_       Root Average Sum of Squares            69992.88         69274.02         69485.23
 _RFPE_       Root Final Prediction Error            70130.77              .                .  
 _RMSE_       Root Mean Squared Error                70061.86         69274.02         69485.23
 _SBC_        Schwarz's Bayesian Criterion          147487.07              .                .  
 _SSE_        Sum of Squared Errors             3.23579134E13    2.37736974E13    2.39140612E13
 _SUMW_       Sum of Case Weights Times Freq          6605.00          4954.00          4953.00
 
                                                                                                                                                                                                                                                                
 
 
Assessment Score Rankings

Data Role=TRAIN Target Variable=median_house_value Target Label=' '

           Number of        Mean         Mean
Depth    Observations      Target     Predicted

   5          331        444150.38    430672.99
  10          330        362035.25    329724.43
  15          330        317589.15    301003.63
  20          330        288827.31    283036.84
  25          331        275771.34    269432.28
  30          330        247748.80    256172.57
  35          330        239525.17    244047.47
  40          330        232870.02    233055.36
  45          331        207147.44    221177.13
  50          330        196868.19    209839.45
  55          330        182472.43    200054.19
  60          330        175910.31    187857.55
  65          331        158030.22    174911.69
  70          330        147523.34    161607.09
  75          330        140973.04    148886.74
  80          330        125316.97    135771.91
  85          331        117499.70    120873.25
  90          330        104159.70    104195.10
  95          330         93137.88     84125.14
 100          330         84932.73     46408.55


Data Role=VALIDATE Target Variable=median_house_value Target Label=' '

           Number of        Mean         Mean
Depth    Observations      Target     Predicted

   5          248        459365.94    438858.69
  10          248        377060.24    337003.33
  15          248        325210.56    305272.29
  20          247        296610.18    285488.48
  25          248        263702.83    270614.54
  30          248        254987.12    258021.46
  35          247        243793.56    245550.39
  40          248        220030.25    234376.71
  45          248        205152.43    223071.18
  50          254        196553.18    211177.60
  55          241        182256.85    200951.50
  60          248        175739.12    188573.57
  65          248        154547.58    175064.52
  70          247        150143.73    162425.51
  75          248        141355.25    150450.21
  80          248        134365.32    136908.02
  85          247        116271.26    121379.00
  90          248        104868.55    103336.34
  95          248         90495.16     83266.91
 100          247         80635.22     43540.43
 
                                                                                                                                                                                                                                                                
 
 
Assessment Score Distribution

Data Role=TRAIN Target Variable=median_house_value Target Label=' '

                               Mean         Mean         Number of        Model
  Range for Predicted         Target      Predicted    Observations       Score

648018.233 -  684990.121    491667.58     667541.18          12         666504.18
611046.346 -  648018.233    475000.83     625102.84           6         629532.29
574074.458 -  611046.346    500001.00     592257.97           4         592560.40
537102.571 -  574074.458    469770.80     554354.28          10         555588.51
500130.683 -  537102.571    479874.58     516781.13          19         518616.63
463158.796 -  500130.683    471463.66     479957.27          35         481644.74
426186.908 -  463158.796    484832.39     443642.38          38         444672.85
389215.021 -  426186.908    454862.09     405397.53          78         407700.96
352243.133 -  389215.021    401036.51     369614.30         135         370729.08
315271.246 -  352243.133    368635.06     331191.90         289         333757.19
278299.358 -  315271.246    305487.53     294722.54         631         296785.30
241327.471 -  278299.358    259104.44     259296.91         974         259813.41
204355.583 -  241327.471    212569.13     221863.37        1130         222841.53
167383.696 -  204355.583    169463.66     186128.50         952         185869.64
130411.808 -  167383.696    138424.84     149215.71         930         148897.75
93439.921 -  130411.808     111398.08     112841.68         728         111925.86
56468.033 -  93439.921       91352.84      77405.40         441          74953.98
19496.146 -  56468.033       77778.23      43100.08         147          37982.09
-17475.742 -  19496.146      99341.03       9622.13          39           1010.20
-54447.629 -  -17475.742     69871.43     -30762.16           7         -35961.69


Data Role=VALIDATE Target Variable=median_house_value Target Label=' '

                                 Mean         Mean         Number of        Model
   Range for Predicted          Target      Predicted    Observations       Score

638299.716 -  685015.279      469275.92     663601.10          12         661657.50
591584.152 -  638299.716      500001.00     609310.64           4         614941.93
544868.589 -  591584.152      500001.00     575958.35           9         568226.37
498153.025 -  544868.589      500001.00     524230.01          22         521510.81
451437.462 -  498153.025      484057.57     473287.90          30         474795.24
404721.898 -  451437.462      473397.02     427213.56          54         428079.68
358006.335 -  404721.898      427531.67     377361.75         134         381364.12
311290.771 -  358006.335      371445.59     331373.33         286         334648.55
264575.208 -  311290.771      291960.96     285224.47         678         287932.99
217859.644 -  264575.208      231316.14     240840.02         986         241217.43
171144.081 -  217859.644      179020.93     195762.60         951         194501.86
124428.517 -  171144.081      140644.01     148948.94         884         147786.30
77712.954 -  124428.517       103301.00     101959.91         598         101070.74
30997.390 -  77712.954         79072.51      58446.71         251          54355.17
-15718.173 -  30997.390        85389.78      18168.97          49           7639.61
-62433.737 -  -15718.173       94275.00     -32691.11           4         -39075.96
-109149.300 -  -62433.737     310000.00     -84442.87           1         -85791.52
-249295.991 -  -202580.427    118800.00    -249295.99           1        -225938.21
