MPRINT(EM_DIAGRAM):    data _null_;
MPRINT(EM_DIAGRAM):   call symput('NLDATE', strip(put(date(), NLDATE.)));
MPRINT(EM_DIAGRAM):   call symput('NLTIME', strip(put(datetime(), NLTIME.)));
MPRINT(EM_DIAGRAM):   run;
MPRINT(EM_DIAGRAM):   data _null_;
MPRINT(EM_DIAGRAM):   nldate= sasmsg("sashelp.dmine", "log_date_note", 'N', "December 11, 2024" );
MPRINT(EM_DIAGRAM):   nltime= sasmsg("sashelp.dmine", "log_time_note", 'N', "00:19:20" );
MPRINT(EM_DIAGRAM):   put "*------------------------------------------------------------*";
MPRINT(EM_DIAGRAM):   put "* Report Log";
MPRINT(EM_DIAGRAM):   put nldate;
MPRINT(EM_DIAGRAM):   put nltime;
MPRINT(EM_DIAGRAM):   put "*------------------------------------------------------------*";
MPRINT(EM_DIAGRAM):   run;
*------------------------------------------------------------*
* Report Log
Date:                December 11, 2024
Time:                00:19:20
*------------------------------------------------------------*
MPRINT(EM_DIAGRAM):    filename O20EPZ5I "\\uisnutvdiprof1a\redirected$\smupp\Documents\HU.PREDICTIVEANALYSIS\Workspaces\EMWS2\Reg\EMREPORT.out" encoding="UTF-8" NOBOM;
MPRINT(EM_DIAGRAM):   proc printto print=O20EPZ5I new;
MPRINT(EM_DIAGRAM):   run;
82143      data WORK.DMREGTEMP;
MPRINT(EM_DIAGRAM):    data WORK.DMREGTEMP;
82144      merge EMWS2.Reg_EMESTIMATE EMWS2.Reg_FITTEST;
MPRINT(EM_DIAGRAM):   merge EMWS2.Reg_EMESTIMATE EMWS2.Reg_FITTEST;
82145      run;
MPRINT(EM_DIAGRAM):   run;

NOTE: There were 3 observations read from the data set EMWS2.REG_EMESTIMATE.
NOTE: There were 1 observations read from the data set EMWS2.REG_FITTEST.
NOTE: The data set WORK.DMREGTEMP has 3 observations and 58 variables.
NOTE: DATA statement used (Total process time):
      real time           0.01 seconds
      cpu time            0.00 seconds
      

82146      data EMWS2.Reg_EMOUTFIT;
MPRINT(EM_DIAGRAM):    data EMWS2.Reg_EMOUTFIT;
82147      length TARGET $32;
MPRINT(EM_DIAGRAM):   length TARGET $32;
82148      set WORK.DMREGTEMP end=eof;
MPRINT(EM_DIAGRAM):   set WORK.DMREGTEMP end=eof;
82149      where (_TYPE_='PARMS');
MPRINT(EM_DIAGRAM):   where (_TYPE_='PARMS');
82150      drop _TYPE_--total_rooms;
MPRINT(EM_DIAGRAM):   drop _TYPE_--total_rooms;
82151      if eof then do;
MPRINT(EM_DIAGRAM):   if eof then do;
82152      TARGET = "median_house_value";
MPRINT(EM_DIAGRAM):   TARGET = "median_house_value";
82153      output;
MPRINT(EM_DIAGRAM):   output;
82154      end;
MPRINT(EM_DIAGRAM):   end;
82155      run;
MPRINT(EM_DIAGRAM):   run;

NOTE: There were 1 observations read from the data set WORK.DMREGTEMP.
      WHERE _TYPE_='PARMS';
NOTE: The data set EMWS2.REG_EMOUTFIT has 1 observations and 44 variables.
NOTE: DATA statement used (Total process time):
      real time           0.02 seconds
      cpu time            0.00 seconds
      

82156      data EMWS2.Reg_EMOUTFIT;
MPRINT(EM_DIAGRAM):    data EMWS2.Reg_EMOUTFIT;
82157      set EMWS2.Reg_EMOUTFIT;
MPRINT(EM_DIAGRAM):   set EMWS2.Reg_EMOUTFIT;
82158      length TargetLabel $200;
MPRINT(EM_DIAGRAM):   length TargetLabel $200;
82159      label targetLabel = "%sysfunc(sasmsg(sashelp.dmine, meta_targetlabel_vlabel, NOQUOTE))";
MPRINT(EM_DIAGRAM):   label targetLabel = "Target Label";
82160      run;
MPRINT(EM_DIAGRAM):   run;

NOTE: Variable TargetLabel is uninitialized.
NOTE: There were 1 observations read from the data set EMWS2.REG_EMOUTFIT.
NOTE: The data set EMWS2.REG_EMOUTFIT has 1 observations and 45 variables.
NOTE: DATA statement used (Total process time):
      real time           0.03 seconds
      cpu time            0.00 seconds
      

82161      proc sort data=EMWS2.Reg_EMREPORTFIT nothreads;
MPRINT(EM_DIAGRAM):    proc sort data=EMWS2.Reg_EMREPORTFIT nothreads;
82162      by TARGET;
MPRINT(EM_DIAGRAM):   by TARGET;
82163      run;
MPRINT(EM_DIAGRAM):   run;

NOTE: There were 19 observations read from the data set EMWS2.REG_EMREPORTFIT.
NOTE: The data set EMWS2.REG_EMREPORTFIT has 19 observations and 7 variables.
NOTE: PROCEDURE SORT used (Total process time):
      real time           0.04 seconds
      cpu time            0.00 seconds
      

82164      %let _EMwarndup = 0;
82165      %let _EMtargetdup =;
82166      %let _EMASEtargetdup =;
82167      data _null_;
MPRINT(EM_DIAGRAM):    data _null_;
82168      set EMWS2.Reg_EMOUTFIT;
MPRINT(EM_DIAGRAM):   set EMWS2.Reg_EMOUTFIT;
82169      if .<_ASE_<0.000001 then do;
MPRINT(EM_DIAGRAM):   if .<_ASE_<0.000001 then do;
82170      call symput('_EMwarndup', '1');
MPRINT(EM_DIAGRAM):   call symput('_EMwarndup', '1');
82171      call symput('_EMtargetdup', target);
MPRINT(EM_DIAGRAM):   call symput('_EMtargetdup', target);
82172      call symput('_EMASEtargetdup', put(_ASE_, best.));
MPRINT(EM_DIAGRAM):   call symput('_EMASEtargetdup', put(_ASE_, best.));
82173      end;
MPRINT(EM_DIAGRAM):   end;
82174      run;
MPRINT(EM_DIAGRAM):   run;

NOTE: There were 1 observations read from the data set EMWS2.REG_EMOUTFIT.
NOTE: DATA statement used (Total process time):
      real time           0.00 seconds
      cpu time            0.00 seconds
      

82175      proc sort data=EMWS2.Part_CMeta_TRAIN out=WORK.SUBSETINMETA;
MPRINT(EM_DIAGRAM):    proc sort data=EMWS2.Part_CMeta_TRAIN out=WORK.SUBSETINMETA;
82176      by NAME;
MPRINT(EM_DIAGRAM):   by NAME;
82177      run;
MPRINT(EM_DIAGRAM):   run;

NOTE: There were 11 observations read from the data set EMWS2.PART_CMETA_TRAIN.
NOTE: The data set WORK.SUBSETINMETA has 11 observations and 20 variables.
NOTE: PROCEDURE SORT used (Total process time):
      real time           0.01 seconds
      cpu time            0.01 seconds
      

82178      proc sort data=EMWS2.Reg_VariableSet out=WORK.SUBSETVARSET(keep=NAME REPORT);
MPRINT(EM_DIAGRAM):   proc sort data=EMWS2.Reg_VariableSet out=WORK.SUBSETVARSET(keep=NAME REPORT);
82179      by NAME;
MPRINT(EM_DIAGRAM):   by NAME;
82180      run;
MPRINT(EM_DIAGRAM):   run;

NOTE: There were 10 observations read from the data set EMWS2.REG_VARIABLESET.
NOTE: The data set WORK.SUBSETVARSET has 10 observations and 2 variables.
NOTE: PROCEDURE SORT used (Total process time):
      real time           0.01 seconds
      cpu time            0.03 seconds
      

82181      data WORK.ASSESS_META;
MPRINT(EM_DIAGRAM):   data WORK.ASSESS_META;
82182      merge WORK.SUBSETINMETA WORK.SUBSETVARSET;
MPRINT(EM_DIAGRAM):   merge WORK.SUBSETINMETA WORK.SUBSETVARSET;
82183      by NAME;
MPRINT(EM_DIAGRAM):   by NAME;
82184      run;
MPRINT(EM_DIAGRAM):   run;

NOTE: There were 11 observations read from the data set WORK.SUBSETINMETA.
NOTE: There were 10 observations read from the data set WORK.SUBSETVARSET.
NOTE: The data set WORK.ASSESS_META has 11 observations and 20 variables.
NOTE: DATA statement used (Total process time):
      real time           0.00 seconds
      cpu time            0.00 seconds
      

82185      data EM_temp_assessMeta;
MPRINT(EM_DIAGRAM):    data EM_temp_assessMeta;
82186      set EMWS2.Reg_CMeta_TRAIN;
MPRINT(EM_DIAGRAM):   set EMWS2.Reg_CMeta_TRAIN;
82187      where role in('DECISION', 'PREDICT', 'RESIDUAL', 'CLASSIFICATION', 'ASSESS', 'COST');
MPRINT(EM_DIAGRAM):   where role in('DECISION', 'PREDICT', 'RESIDUAL', 'CLASSIFICATION', 'ASSESS', 'COST');
82188      run;
MPRINT(EM_DIAGRAM):   run;

NOTE: There were 3 observations read from the data set EMWS2.REG_CMETA_TRAIN.
      WHERE role in ('ASSESS', 'CLASSIFICATION', 'COST', 'DECISION', 'PREDICT', 'RESIDUAL');
NOTE: The data set WORK.EM_TEMP_ASSESSMETA has 3 observations and 21 variables.
NOTE: DATA statement used (Total process time):
      real time           0.01 seconds
      cpu time            0.01 seconds
      

82189      data EM_temp_assessdata;
MPRINT(EM_DIAGRAM):    data EM_temp_assessdata;
82190      set EMWS2.Reg_TRAIN(keep=
82191      P_median_house_value
82192      R_median_house_value
82193      _WARN_
82194      median_house_value
82195      );
MPRINT(EM_DIAGRAM):   set EMWS2.Reg_TRAIN(keep= P_median_house_value R_median_house_value _WARN_ median_house_value );
82196      run;
MPRINT(EM_DIAGRAM):   run;

NOTE: View EMWS2.REG_TRAIN.VIEW used (Total process time):
      real time           0.04 seconds
      cpu time            0.04 seconds
      
NOTE: There were 6605 observations read from the data set EMWS2.PART_TRAIN.
NOTE: There were 6605 observations read from the data set EMWS2.REG_TRAIN.
NOTE: The data set WORK.EM_TEMP_ASSESSDATA has 6605 observations and 4 variables.
NOTE: DATA statement used (Total process time):
      real time           0.05 seconds
      cpu time            0.06 seconds
      

MPRINT(EM_DIAGRAM):    data WORK._RESMETA;
MPRINT(EM_DIAGRAM):   length NAME $32 LEVEL $8 ROLE $32 type $1;
MPRINT(EM_DIAGRAM):   NAME="R_median_house_value";
MPRINT(EM_DIAGRAM):   ROLE='INPUT';
MPRINT(EM_DIAGRAM):   LEVEL='INTERVAL';
MPRINT(EM_DIAGRAM):   TYPE='N';
MPRINT(EM_DIAGRAM):   output;
MPRINT(EM_DIAGRAM):   run;
MPRINT(EM_DIAGRAM):    *------------------------------------------------------------* ;
MPRINT(EM_DIAGRAM):   * Reg: STDIZE Variables Macro ;
MPRINT(EM_DIAGRAM):   *------------------------------------------------------------* ;
MPRINT(EM_DIAGRAM):   *------------------------------------------------------------*;
MPRINT(EM_DIAGRAM):   * Reg: Computing Summary Statistics;
MPRINT(EM_DIAGRAM):   *------------------------------------------------------------*;
MPRINT(EM_DIAGRAM):   proc stdize data = EM_temp_assessdata out=_null_ outstat=WORK.Reg_STAT add=0 fuzz=1E-14 initial=MAD vardef=df method=STD mult=1 pctlmtd=ORD_STAT pctldef=2 pctlpts=( 0 5 10 15 20 25 30 35 40 45 50 55 60 65 70 75 80 85 90 95 100 ) ;
MPRINT(EM_DIAGRAM):   var
MPRINT(STDIZEVAR):   R_median_house_value
MPRINT(EM_DIAGRAM):  ;
MPRINT(EM_DIAGRAM):   run;
MPRINT(EM_DIAGRAM):   quit;
MPRINT(EM_DIAGRAM):    data WORK.RegBOXDATA;
MPRINT(EM_DIAGRAM):   set WORK.Reg_STAT;
MPRINT(EM_DIAGRAM):   where _TYPE_ in('LOCATION', 'SCALE', 'P0', 'P5', 'P10', 'P15', 'P20' 'P25', 'P50', 'P75', 'P80', 'P85', 'P90', 'P95', 'P100');
MPRINT(EM_DIAGRAM):   if _TYPE_ = 'LOCATION' then _TYPE_='MEAN';
MPRINT(EM_DIAGRAM):   else if _TYPE_ = 'SCALE' then _TYPE_='STD';
MPRINT(EM_DIAGRAM):   run;
MPRINT(EM_DIAGRAM):   proc sort data=WORK.RegBOXDATA NOTHREADS;
MPRINT(EM_DIAGRAM):   by _TYPE_;
MPRINT(EM_DIAGRAM):   run;
MPRINT(EM_DIAGRAM):   proc transpose data=WORK.RegBOXDATA out=WORK.RegBOXDATA;
MPRINT(EM_DIAGRAM):   id _TYPE_;
MPRINT(EM_DIAGRAM):   run;
MPRINT(EM_DIAGRAM):   data WORK.RegBOXDATA;
MPRINT(EM_DIAGRAM):   set WORK.RegBOXDATA;
MPRINT(EM_DIAGRAM):   UPPERWHISKER = P75 + 1.5*abs(P75 - P25);
MPRINT(EM_DIAGRAM):   LOWERWHISKER = P25 - 1.5*abs(P75 - P25);
MPRINT(EM_DIAGRAM):   if P100<=UPPERWHISKER then do;
MPRINT(EM_DIAGRAM):   UPPERWHISKER=P100;
MPRINT(EM_DIAGRAM):   P100=.;
MPRINT(EM_DIAGRAM):   end;
MPRINT(EM_DIAGRAM):   if P95<=UPPERWHISKER then P95=.;
MPRINT(EM_DIAGRAM):   if P90<=UPPERWHISKER then P90=.;
MPRINT(EM_DIAGRAM):   if P85<=UPPERWHISKER then P85=.;
MPRINT(EM_DIAGRAM):   if P80<=UPPERWHISKER then P80=.;
MPRINT(EM_DIAGRAM):   if LOWERWHISKER<=P0 then do;
MPRINT(EM_DIAGRAM):   LOWERWHISKER=P0;
MPRINT(EM_DIAGRAM):   P0=.;
MPRINT(EM_DIAGRAM):   end;
MPRINT(EM_DIAGRAM):   if LOWERWHISKER<=P20 then P20=.;
MPRINT(EM_DIAGRAM):   if LOWERWHISKER<=P15 then P15=.;
MPRINT(EM_DIAGRAM):   if LOWERWHISKER<=P10 then P10=.;
MPRINT(EM_DIAGRAM):   if LOWERWHISKER<=P5 then P5=.;
MPRINT(EM_DIAGRAM):   run;
MPRINT(EM_DIAGRAM):   proc transpose data=WORK.RegBOXDATA out=WORK.RegBOXDATA(rename=(COL1=VALUE _name_=_VARIABLE_)) NAME=XLABEL;
MPRINT(EM_DIAGRAM):   by _NAME_;
MPRINT(EM_DIAGRAM):   run;
MPRINT(EM_DIAGRAM):   data WORK.RegBOXDATA;
MPRINT(EM_DIAGRAM):   length XLABEL $12;
MPRINT(EM_DIAGRAM):   set WORK.RegBOXDATA;
MPRINT(EM_DIAGRAM):   label _VARIABLE_=;
MPRINT(EM_DIAGRAM):   label XLABEL=;
MPRINT(EM_DIAGRAM):   where VALUE ne .;
MPRINT(EM_DIAGRAM):   if XLABEL in('P100', 'P95', 'P90', 'P85', 'P80', 'P20', 'P15', 'P10', 'P5', 'P0') then XLABEL = 'OUTLIER';
MPRINT(EM_DIAGRAM):   else if XLABEL='P50' then XLABEL='MEDIAN';
MPRINT(EM_DIAGRAM):   run;
MPRINT(EM_DIAGRAM):   proc sort data=WORK.RegBOXDATA NOTHREADS;
MPRINT(EM_DIAGRAM):   by VALUE;
MPRINT(EM_DIAGRAM):   run;
MPRINT(EM_DIAGRAM):    data EMWS2.Reg_EMRESIDUAL;
MPRINT(EM_DIAGRAM):   length TARGET $32 TARGETLABEL $200 DATAROLE $32;
MPRINT(EM_DIAGRAM):   label target = "Target Variable";
MPRINT(EM_DIAGRAM):   label targetlabel = "Target Label";
MPRINT(EM_DIAGRAM):   label datarole = "Data Role";
MPRINT(EM_DIAGRAM):   label VALUE = "Value";
MPRINT(EM_DIAGRAM):   label XLABEL = "Box Plot Marker";
MPRINT(EM_DIAGRAM):   label _VARIABLE_ = "Residual Variable";
MPRINT(EM_DIAGRAM):   set WORK.RegBOXDATA;
MPRINT(EM_DIAGRAM):   retain dataRole "TRAIN";
MPRINT(EM_DIAGRAM):   TARGET = substr(_VARIABLE_, 3);
MPRINT(EM_DIAGRAM):   run;
MPRINT(EM_DIAGRAM):    data ASSESS_REPORTMETA;
MPRINT(EM_DIAGRAM):   set EMWS2.Reg_VariableSet;
MPRINT(EM_DIAGRAM):   where REPORT='Y';
MPRINT(EM_DIAGRAM):   run;
MPRINT(EM_DIAGRAM):   filename temp catalog 'sashelp.emassmt.em_assess.source';
MPRINT(EM_DIAGRAM):   filename temp;
MPRINT(EM_DIAGRAM):    data _null_;
MPRINT(EM_DIAGRAM):   set EMWS2.Ids2_median_house_val_DM;
MPRINT(EM_DIAGRAM):   where _TYPE_="TARGET";
MPRINT(EM_DIAGRAM):   call symput('ASSMT_EVENT', strip(event));
MPRINT(EM_DIAGRAM):   run;
MPRINT(EM_DIAGRAM):   
MPRINT(EM_ASSESS):   data _ea_tmpdata;
MPRINT(EM_ASSESS):   set EM_temp_assessdata;
MPRINT(EM_ASSESS):   _tmpfreqvar_=1;
MPRINT(EM_ASSESS):   run;
MPRINT(EM_CHECKEMSETINIT):   DATA _NULL_;
MPRINT(EM_CHECKEMSETINIT):   EM_SETINIT = 'N';
MPRINT(EM_CHECKEMSETINIT):   IF SYSPROD('PRODNUM50') THEN EM_SETINIT = 'Y';
MPRINT(EM_CHECKEMSETINIT):   ELSE IF SYSPROD('PRODNUM448') THEN EM_SETINIT = 'Y';
MPRINT(EM_CHECKEMSETINIT):   ELSE IF SYSPROD('PRODNUM102') THEN EM_SETINIT = 'Y';
MPRINT(EM_CHECKEMSETINIT):   ELSE IF SYSPROD('PRODNUM103') THEN EM_SETINIT = 'Y';
MPRINT(EM_CHECKEMSETINIT):   CALL SYMPUT('EM_SETINIT', EM_SETINIT);
MPRINT(EM_CHECKEMSETINIT):   RUN;
MPRINT(EM_ASSESS):  ;
MPRINT(EM_ASSESS):   *;
MPRINT(EM_ASSESS):   * ............ Reading in reporting data set;
MPRINT(EM_ASSESS):   *;
MPRINT(EM_ASSESS):   DATA _NULL_;
MPRINT(EM_ASSESS):   SET ASSESS_REPORTMETA END = EOF;
MPRINT(EM_ASSESS):   IF TYPE = "C" OR UPCASE (LEVEL) IN ("NOMINAL", "BINARY" , "ORDINAL") THEN DO;
MPRINT(EM_ASSESS):   IF UPCASE (NAME) NE UPCASE ("median_house_value") THEN DO;
MPRINT(EM_ASSESS):   NUMCTOREPORT + 1;
MPRINT(EM_ASSESS):   CALL SYMPUTX ("REPORTC" || LEFT (PUT (NUMCTOREPORT, 5.)), NAME);
MPRINT(EM_ASSESS):   END;
MPRINT(EM_ASSESS):   ELSE CALL SYMPUTX ("RPRT_TRGT", "C");
MPRINT(EM_ASSESS):   END;
MPRINT(EM_ASSESS):   ELSE IF TYPE = "N" THEN DO;
MPRINT(EM_ASSESS):   IF UPCASE(NAME) NE UPCASE ("median_house_value") THEN DO;
MPRINT(EM_ASSESS):   NUMNTOREPORT + 1;
MPRINT(EM_ASSESS):   CALL SYMPUTX ("REPORTN" || LEFT (PUT (NUMNTOREPORT, 5.)), NAME);
MPRINT(EM_ASSESS):   END;
MPRINT(EM_ASSESS):   ELSE CALL SYMPUTX ("RPRT_TRGT", "N");
MPRINT(EM_ASSESS):   END;
MPRINT(EM_ASSESS):   IF EOF THEN DO;
MPRINT(EM_ASSESS):   CALL SYMPUTX ("NUMNTOREPORT", NUMNTOREPORT);
MPRINT(EM_ASSESS):   CALL SYMPUTX ("NUMCTOREPORT", NUMCTOREPORT);
MPRINT(EM_ASSESS):   CALL SYMPUTX ("NUMTOREPORT", SUM (NUMNTOREPORT, NUMCTOREPORT));
MPRINT(EM_ASSESS):   END;
MPRINT(EM_ASSESS):   RUN;
MPRINT(EM_ASSESS):   PROC DMDB DATA = _ea_tmpdata VAROUT = VAROUT DMDBCAT = _D ;


MPRINT(EM_ASSESS):   VAR P_median_house_value _tmpfreqvar_ ;
MPRINT(EM_ASSESS):   FREQ _tmpfreqvar_;
MPRINT(EM_ASSESS):   RUN ;
MPRINT(EM_ASSESS):   QUIT;
MPRINT(EM_ASSESS):   DATA _NULL_ ;
MPRINT(EM_ASSESS):   * ;
MPRINT(EM_ASSESS):   * ...FLAG0_1 = ..... TARGET IS 0, 1 & EVENT = 1;

MPRINT(EM_ASSESS):   ;
MPRINT(EM_ASSESS):   length __event__ $ 32;
MPRINT(EM_ASSESS):   RETAIN FLAG0_1 1 NUM1 . NUM0 . __event__ "_missing_" ;

MPRINT(EM_ASSESS):   SET VAROUT END = EOF;

MPRINT(EM_ASSESS):   RETAIN CUMFREQ 0;
MPRINT(EM_ASSESS):   IF UPCASE(NAME) = UPCASE("P_median_house_value") THEN CUMFREQ + N ;
MPRINT(EM_ASSESS):   CALL SYMPUTX ("D_TARGET", " " );
MPRINT(EM_ASSESS):   IF EOF THEN DO;
MPRINT(EM_ASSESS):   CALL SYMPUTX ("NUMDECISIONS", 0 );
MPRINT(EM_ASSESS):   CALL SYMPUTX ("NUMOBS", CUMFREQ);
MPRINT(EM_ASSESS):   CALL SYMPUTX ("FLAG0_1", "INTERVAL");
MPRINT(EM_ASSESS):   CALL SYMPUTX ("TARGETTYPE", "N");
MPRINT(EM_ASSESS):   END;
MPRINT(EM_ASSESS):   RUN;
MPRINT(EM_ASSESS):   DATA _NULL_;
MPRINT(EM_ASSESS):   SET VAROUT END = EOF;
MPRINT(EM_ASSESS):   IF UPCASE (NAME) = UPCASE ("P_median_house_value") THEN DO;
MPRINT(EM_ASSESS):   IF N = 0 THEN DO;
MPRINT(EM_ASSESS):   PUT //// "          Warning: All posterior probabilities are missing values ";
MPRINT(EM_ASSESS):   PUT ///;
MPRINT(EM_ASSESS):   CALL SYMPUTX ("ALLMISS", 1);
MPRINT(EM_ASSESS):   STOP;
MPRINT(EM_ASSESS):   END;
MPRINT(EM_ASSESS):   ELSE CALL SYMPUTX ("ALLMISS", 0);
MPRINT(EM_ASSESS):   CALL SYMPUTX ("MINPROB", MIN);
MPRINT(EM_ASSESS):   CALL SYMPUTX ("MAXPROB", MAX);
MPRINT(EM_ASSESS):   CALL SYMPUTX ("DIFF", MAX - MIN);
MPRINT(EM_ASSESS):   CALL SYMPUTX ("NMISSPROB", NMISS);
MPRINT(EM_ASSESS):   END;
MPRINT(EM_ASSESS):   ELSE IF UPCASE (NAME) = UPCASE ("_tmpfreqvar_") THEN DO;
MPRINT(EM_ASSESS):   AUXMIN = MIN - INT (MIN);
MPRINT(EM_ASSESS):   AUXMAX = MAX - INT (MAX);
MPRINT(EM_ASSESS):   IF AUXMIN > 0 OR AUXMAX > 0 THEN CALL SYMPUTX ("USEWEIGHT", "Y");
MPRINT(EM_ASSESS):   ELSE CALL SYMPUTX ("USEWEIGHT", "N");
MPRINT(EM_ASSESS):   END;
MPRINT(EM_ASSESS):   RUN;
MPRINT(EM_ASSESS):   *;
MPRINT(EM_ASSESS):   *... Start of Interval Depvar Case;
MPRINT(EM_ASSESS):   *;
MPRINT(EM_ASSESS):   *;
MPRINT(EM_ASSESS):   *;
MPRINT(EM_ASSESS):   * ............. IF THERE IS FREQ VARIABLE OUTDIST INTERVAL;
MPRINT(EM_ASSESS):   *;
MPRINT(EM_ASSESS):   PROC SUMMARY DATA = _ea_tmpdata (KEEP = P_median_house_value median_house_value _tmpfreqvar_ WHERE = (median_house_value > .)) NWAY;
MPRINT(EM_ASSESS):   CLASS P_median_house_value ;
MPRINT(EM_ASSESS):   VAR median_house_value ;
MPRINT(EM_ASSESS):   FREQ _tmpfreqvar_ ;
MPRINT(EM_ASSESS):   OUTPUT OUT = ANYSUM (DROP = _TYPE_) MEAN = _MEANTARGET MIN = _MINTARGET MAX = _MAXTARGET ;
MPRINT(EM_ASSESS):   RUN;
MPRINT(EM_ASSESS):   *;
MPRINT(EM_ASSESS):   * ...... ADD BINS TO DATA ;
MPRINT(EM_ASSESS):   *;
MPRINT(EM_ASSESS):   *;
MPRINT(EM_ASSESS):   * ..... INTERVAL TARGET CASE ;
MPRINT(EM_ASSESS):   *;
MPRINT(EM_ASSESS):   DATA WORK._TEMPSCOREDIST ( KEEP = TARGET P_LABEL LOWP UPP SCORE N _TARGETMEAN_ BIN _TARGETMIN_ _TARGETMAX_ _MEANP_ _MINP_ _MAXP_ ) WORK._TEMPRANK (KEEP = BIN TARGET DATAROLE DECILE N _TARGETMEAN_ _TARGETMIN_ _TARGETMAX_ _MEANP_ _MINP_ 
_MAXP_ ) ;
MPRINT(EM_ASSESS):   SET ANYSUM END = EOF;
MPRINT(EM_ASSESS):   *;
MPRINT(EM_ASSESS):   * ................... START OF RETAIN AREA. CONTINOUS DEP VAR ;
MPRINT(EM_ASSESS):   *;
MPRINT(EM_ASSESS):   RETAIN TARGET "median_house_value" DATAROLE "TRAIN" NUMOBS1 - NUMOBS20 0 MAXTGT1 - MAXTGT20 . MINTGT1 - MINTGT20 . MNTGT1 - MNTGT20 0 MAXPTGT1 - MAXPTGT20 . MINPTGT1 - MINPTGT20 . MNPTGT1 - MNPTGT20 0 RNUMOBS1 - RNUMOBS20 0 RMAXTGT1 - 
RMAXTGT20 . RMINTGT1 - RMINTGT20 . RMNTGT1 - RMNTGT20 0 RMAXPTGT1 - RMAXPTGT20 . RMINPTGT1 - RMINPTGT20 . RMNPTGT1 - RMNPTGT20 0 ;
MPRINT(EM_ASSESS):   DROP _FREQ_ N1 NUMOBS1 - NUMOBS20 MAXTGT1 - MAXTGT20 MINTGT1 - MINTGT20 MNTGT1 - MNTGT20 MAXPTGT1 - MAXPTGT20 MINPTGT1 - MINPTGT20 MNPTGT1 - MNPTGT20 RNUMOBS1 - RNUMOBS20 RMAXTGT1 - RMAXTGT20 RMINTGT1 - RMINTGT20 RMNTGT1 - RMNTGT20 
RMAXPTGT1 - RMAXPTGT20 RMINPTGT1 - RMINPTGT20 RMNPTGT1 - RMNPTGT20 ;
MPRINT(EM_ASSESS):   ARRAY NUMOBSS (20) NUMOBS1 - NUMOBS20;
MPRINT(EM_ASSESS):   ARRAY MAXTGTS (20) MAXTGT1 - MAXTGT20;
MPRINT(EM_ASSESS):   ARRAY MINTGTS (20) MINTGT1 - MINTGT20;
MPRINT(EM_ASSESS):   ARRAY MNTGTS (20) MNTGT1 - MNTGT20;
MPRINT(EM_ASSESS):   ARRAY MAXPTGTS (20) MAXPTGT1 - MAXPTGT20;
MPRINT(EM_ASSESS):   ARRAY MINPTGTS (20) MINPTGT1 - MINPTGT20;
MPRINT(EM_ASSESS):   ARRAY MNPTGTS (20) MNPTGT1 - MNPTGT20;
MPRINT(EM_ASSESS):   ARRAY RNUMOBSS (20) RNUMOBS1 - RNUMOBS20;
MPRINT(EM_ASSESS):   ARRAY RMAXTGTS (20) RMAXTGT1 - RMAXTGT20;
MPRINT(EM_ASSESS):   ARRAY RMINTGTS (20) RMINTGT1 - RMINTGT20;
MPRINT(EM_ASSESS):   ARRAY RMNTGTS (20) RMNTGT1 - RMNTGT20;
MPRINT(EM_ASSESS):   ARRAY RMAXPTGTS (20) RMAXPTGT1 - RMAXPTGT20;
MPRINT(EM_ASSESS):   ARRAY RMINPTGTS (20) RMINPTGT1 - RMINPTGT20;
MPRINT(EM_ASSESS):   ARRAY RMNPTGTS (20) RMNPTGT1 - RMNPTGT20;
MPRINT(EM_ASSESS):   IF _MEANTARGET > . THEN median_house_value = _MEANTARGET ;
MPRINT(EM_ASSESS):   ;
MPRINT(EM_ASSESS):   N1 + _FREQ_;
MPRINT(EM_ASSESS):   *;
MPRINT(EM_ASSESS):   * .......... Outdist Processing For Interval Target;
MPRINT(EM_ASSESS):   *;
MPRINT(EM_ASSESS):   SCRBIN = MIN (CEIL (( P_median_house_value - -54447.6294072088) / 36971.8875193604), 20);
MPRINT(EM_ASSESS):   IF SCRBIN <= 0 THEN SCRBIN = 1;
MPRINT(EM_ASSESS):   SCRBIN = 20 + 1 - SCRBIN;
MPRINT(EM_ASSESS):   NUMOBSS ( SCRBIN) = SUM (NUMOBSS ( SCRBIN) , _FREQ_ );
MPRINT(EM_ASSESS):   MNTGTS ( SCRBIN) = SUM (MNTGTS ( SCRBIN), median_house_value * _FREQ_);
MPRINT(EM_ASSESS):   MAXTGTS ( SCRBIN) = MAX (MAXTGTS (SCRBIN), _MAXTARGET);
MPRINT(EM_ASSESS):   MINTGTS ( SCRBIN) = MIN (MINTGTS (SCRBIN), _MINTARGET);
MPRINT(EM_ASSESS):   MAXPTGTS ( SCRBIN) = MAX (MAXPTGTS ( SCRBIN), P_median_house_value);
MPRINT(EM_ASSESS):   MINPTGTS ( SCRBIN) = MIN (MINPTGTS ( SCRBIN), P_median_house_value);
MPRINT(EM_ASSESS):   MNPTGTS ( SCRBIN) = SUM (MNPTGTS ( SCRBIN), P_median_house_value * _FREQ_);
MPRINT(EM_ASSESS):   BIN = CEIL (N1 * 20 / 6605);
MPRINT(EM_ASSESS):   IF BIN <= 0 THEN BIN = 1;
MPRINT(EM_ASSESS):   IF BIN > 20 THEN BIN = 20;
MPRINT(EM_ASSESS):   IF BIN < 1 THEN BIN = 1;
MPRINT(EM_ASSESS):   BIN = 21 - BIN;
MPRINT(EM_ASSESS):   RNUMOBSS ( BIN) = SUM (RNUMOBSS ( BIN) , _FREQ_ );
MPRINT(EM_ASSESS):   RMNTGTS ( BIN) = SUM (RMNTGTS ( BIN), median_house_value * _FREQ_);
MPRINT(EM_ASSESS):   RMAXTGTS ( BIN) = MAX (RMAXTGTS (BIN), _MAXTARGET);
MPRINT(EM_ASSESS):   RMINTGTS ( BIN) = MIN (RMINTGTS (BIN), _MINTARGET);
MPRINT(EM_ASSESS):   RMAXPTGTS ( BIN) = MAX (RMAXPTGTS ( BIN), P_median_house_value);
MPRINT(EM_ASSESS):   RMINPTGTS ( BIN) = MIN (RMINPTGTS ( BIN), P_median_house_value);
MPRINT(EM_ASSESS):   RMNPTGTS ( BIN) = SUM (RMNPTGTS ( BIN), P_median_house_value * _FREQ_);
MPRINT(EM_ASSESS):   IF EOF THEN DO;
MPRINT(EM_ASSESS):   *;
MPRINT(EM_ASSESS):   * Start of Outdist Area, Continuous Dep Var;
MPRINT(EM_ASSESS):   *;
MPRINT(EM_ASSESS):   UPP = 684990.12098;
MPRINT(EM_ASSESS):   DO SCRBIN = 1 TO 20;
MPRINT(EM_ASSESS):   LOWP = UPP - 36971.8875193604;
MPRINT(EM_ASSESS):   N = NUMOBSS (SCRBIN);
MPRINT(EM_ASSESS):   IF N > 0 THEN DO;
MPRINT(EM_ASSESS):   _TARGETMEAN_ = MNTGTS (SCRBIN) / N ;
MPRINT(EM_ASSESS):   _MEANP_ = MNPTGTS (SCRBIN) / N ;
MPRINT(EM_ASSESS):   END;
MPRINT(EM_ASSESS):   ELSE DO;
MPRINT(EM_ASSESS):   _TARGETMEAN_ = .;
MPRINT(EM_ASSESS):   _MEANP_ = .;
MPRINT(EM_ASSESS):   END;
MPRINT(EM_ASSESS):   _TARGETMIN_ = MINTGTS (SCRBIN);
MPRINT(EM_ASSESS):   _TARGETMAX_ = MAXTGTS (SCRBIN);
MPRINT(EM_ASSESS):   _MINP_ = MINPTGTS (SCRBIN);
MPRINT(EM_ASSESS):   _MAXP_ = MAXPTGTS (SCRBIN);
MPRINT(EM_ASSESS):   SCORE = MEAN (UPP, LOWP);
MPRINT(EM_ASSESS):   P_LABEL = COMPBL (PUT (LOWP, 12.3)) || " - " || COMPBL (PUT (UPP, 12.3));
MPRINT(EM_ASSESS):   BIN = SCRBIN;
MPRINT(EM_ASSESS):   OUTPUT WORK._TEMPSCOREDIST;
MPRINT(EM_ASSESS):   UPP = LOWP;
MPRINT(EM_ASSESS):   END;
MPRINT(EM_ASSESS):   * ..... DO SCRBIN = .... ;
MPRINT(EM_ASSESS):   *;
MPRINT(EM_ASSESS):   * ...... Output Outranks Continuous Case ;
MPRINT(EM_ASSESS):   *;
MPRINT(EM_ASSESS):   DO BIN = 1 TO 20;
MPRINT(EM_ASSESS):   N = RNUMOBSS (BIN);
MPRINT(EM_ASSESS):   DECILE = BIN * 100 / 20;
MPRINT(EM_ASSESS):   IF N > 0 THEN DO;
MPRINT(EM_ASSESS):   _TARGETMEAN_ = RMNTGTS (BIN) / N ;
MPRINT(EM_ASSESS):   _MEANP_ = RMNPTGTS (BIN) / N ;
MPRINT(EM_ASSESS):   END;
MPRINT(EM_ASSESS):   ELSE DO;
MPRINT(EM_ASSESS):   _TARGETMEAN_ = .;
MPRINT(EM_ASSESS):   _MEANP_ = .;
MPRINT(EM_ASSESS):   END;
MPRINT(EM_ASSESS):   _TARGETMIN_ = RMINTGTS (BIN);
MPRINT(EM_ASSESS):   _TARGETMAX_ = RMAXTGTS (BIN);
MPRINT(EM_ASSESS):   _MINP_ = RMINPTGTS (BIN);
MPRINT(EM_ASSESS):   _MAXP_ = RMAXPTGTS (BIN);
MPRINT(EM_ASSESS):   P_LABEL = COMPBL (PUT (_MINP_, 12.3)) || " - " || COMPBL (PUT (_MAXP_, 12.3));
MPRINT(EM_ASSESS):   OUTPUT WORK._TEMPRANK;
MPRINT(EM_ASSESS):   END;
MPRINT(EM_ASSESS):   * ..... DO _K = 1 TO DECILEBIN ;
MPRINT(EM_ASSESS):   END;
MPRINT(EM_ASSESS):   * ..... IF EOF ;
MPRINT(EM_ASSESS):   LABEL BIN = "Bin" _MEANP_ = "Mean Predicted" _MINP_ = "Min Predicted" _MAXP_ = "Max Predicted" _TARGETMAX_ = "Max Target" _TARGETMEAN_= "Mean Target" _TARGETMIN_ = "Min Target" DATAROLE = "Data Role" N = "Number of Observations" 
TARGET = "Target Variable" LOWP = "Lower Bound" UPP = "Upper Bound" score = "Model Score" scrbin = "Bin" DECILE = "Depth" ;
MPRINT(EM_ASSESS):   RUN;
MPRINT(EM_ASSESS):   *;
MPRINT(EM_ASSESS):   *;
MPRINT(EM_ASSESS):   * ...................... End Of Interval Processing;
MPRINT(EM_ASSESS):   *;
MPRINT(EM_ASSESS):   *;
MPRINT(EM_ASSESS):   *;
MPRINT(EM_ASSESS):   * ...........Start OF Outdist Modification;
MPRINT(EM_ASSESS):   *;

MPRINT(EM_ASSESS):   PROC DATASETS NOLIST LIB = WORK;
MPRINT(EM_ASSESS):   MODIFY _TEMPSCOREDIST;
MPRINT(EM_ASSESS):   ;
MPRINT(EM_ASSESS):   *;
MPRINT(EM_ASSESS):   * .................... OUTDIST MODIFICATION LABEL AREA;
MPRINT(EM_ASSESS):   *;
MPRINT(EM_ASSESS):   LABEL BIN = "Bin" N = "Number of Observations" P_LABEL = "Range for Predicted" _MEANP_ = "Mean Predicted" _MINP_ = "Min Predicted" _MAXP_ = "Max Predicted" SCORE = "Model Score" ;
MPRINT(EM_ASSESS):   RUN;
MPRINT(EM_ASSESS):   QUIT;
MPRINT(EM_ASSESS):   DATA WORK._TEMPSCOREDIST;
MPRINT(EM_ASSESS):   SET WORK._TEMPSCOREDIST (WHERE = (_MEANP_ > .));
MPRINT(EM_ASSESS):   RUN;
MPRINT(EM_ASSESS):   *;
MPRINT(EM_ASSESS):   * ........... END OF OUTDIST MODIFICATION;
MPRINT(EM_ASSESS):   *;
MPRINT(EM_ASSESS):   *;
MPRINT(EM_ASSESS):   * ...........Start of OUTRANKS Modification;
MPRINT(EM_ASSESS):   *;

MPRINT(EM_ASSESS):   PROC DATASETS NOLIST LIB = WORK;
MPRINT(EM_ASSESS):   MODIFY _TEMPRANK;
MPRINT(EM_ASSESS):   RUN;
MPRINT(EM_ASSESS):   QUIT;
MPRINT(EM_ASSESS):   DATA WORK._TEMPRANK;
MPRINT(EM_ASSESS):   SET WORK._TEMPRANK (WHERE = (_MEANP_ > .));
MPRINT(EM_ASSESS):   RUN;
MPRINT(EM_ASSESS):   proc datasets lib=work nolist;
MPRINT(EM_ASSESS):   delete _ea_tmpdata;
MPRINT(EM_ASSESS):   run;
MPRINT(EM_ASSESS):   quit;
MPRINT(EM_ASSESS):  ;
MPRINT(EM_ASSESS):   OPTION ERRORS = 20;
MPRINT(EM_DIAGRAM):  ;
MPRINT(EM_DIAGRAM):    data WORK._TEMPRANK;
MPRINT(EM_DIAGRAM):   length target $32 TARGETLABEL $200 dataRole $20;
MPRINT(EM_DIAGRAM):   label TARGETLABEL = "Target Label";
MPRINT(EM_DIAGRAM):   set WORK._TEMPRANK;
MPRINT(EM_DIAGRAM):   retain target "median_house_value";
MPRINT(EM_DIAGRAM):   retain dataRole "TRAIN";
MPRINT(EM_DIAGRAM):   run;
MPRINT(EM_DIAGRAM):   data EMWS2.Reg_EMRANK;
MPRINT(EM_DIAGRAM):   set WORK._TEMPRANK;
MPRINT(EM_DIAGRAM):   run;
MPRINT(EM_DIAGRAM):    data WORK._TEMPSCOREDIST;
MPRINT(EM_DIAGRAM):   length target $32 TARGETLABEL $200 dataRole $20;
MPRINT(EM_DIAGRAM):   label TARGETLABEL = "Target Label";
MPRINT(EM_DIAGRAM):   set WORK._TEMPSCOREDIST;
MPRINT(EM_DIAGRAM):   retain target "median_house_value";
MPRINT(EM_DIAGRAM):   retain dataRole "TRAIN";
MPRINT(EM_DIAGRAM):   run;
MPRINT(EM_DIAGRAM):   data EMWS2.Reg_EMSCOREDIST;
MPRINT(EM_DIAGRAM):   set WORK._TEMPSCOREDIST;
MPRINT(EM_DIAGRAM):   run;
86524      data EM_temp_assessMeta;
MPRINT(EM_DIAGRAM):    data EM_temp_assessMeta;
86525      set EMWS2.Reg_CMeta_TRAIN;
MPRINT(EM_DIAGRAM):   set EMWS2.Reg_CMeta_TRAIN;
86526      where role in('DECISION', 'PREDICT', 'RESIDUAL', 'CLASSIFICATION', 'ASSESS', 'COST');
MPRINT(EM_DIAGRAM):   where role in('DECISION', 'PREDICT', 'RESIDUAL', 'CLASSIFICATION', 'ASSESS', 'COST');
86527      run;
MPRINT(EM_DIAGRAM):   run;

NOTE: There were 3 observations read from the data set EMWS2.REG_CMETA_TRAIN.
      WHERE role in ('ASSESS', 'CLASSIFICATION', 'COST', 'DECISION', 'PREDICT', 'RESIDUAL');
NOTE: The data set WORK.EM_TEMP_ASSESSMETA has 3 observations and 21 variables.
NOTE: DATA statement used (Total process time):
      real time           0.01 seconds
      cpu time            0.00 seconds
      

86528      data EM_temp_assessdata;
MPRINT(EM_DIAGRAM):    data EM_temp_assessdata;
86529      set EMWS2.Reg_VALIDATE(keep=
86530      P_median_house_value
86531      R_median_house_value
86532      _WARN_
86533      median_house_value
86534      );
MPRINT(EM_DIAGRAM):   set EMWS2.Reg_VALIDATE(keep= P_median_house_value R_median_house_value _WARN_ median_house_value );
86535      run;
MPRINT(EM_DIAGRAM):   run;

NOTE: View EMWS2.REG_VALIDATE.VIEW used (Total process time):
      real time           0.03 seconds
      cpu time            0.03 seconds
      
NOTE: There were 4954 observations read from the data set EMWS2.PART_VALIDATE.
NOTE: There were 4954 observations read from the data set EMWS2.REG_VALIDATE.
NOTE: The data set WORK.EM_TEMP_ASSESSDATA has 4954 observations and 4 variables.
NOTE: DATA statement used (Total process time):
      real time           0.04 seconds
      cpu time            0.03 seconds
      

MPRINT(EM_DIAGRAM):    data WORK._RESMETA;
MPRINT(EM_DIAGRAM):   length NAME $32 LEVEL $8 ROLE $32 type $1;
MPRINT(EM_DIAGRAM):   NAME="R_median_house_value";
MPRINT(EM_DIAGRAM):   ROLE='INPUT';
MPRINT(EM_DIAGRAM):   LEVEL='INTERVAL';
MPRINT(EM_DIAGRAM):   TYPE='N';
MPRINT(EM_DIAGRAM):   output;
MPRINT(EM_DIAGRAM):   run;
MPRINT(EM_DIAGRAM):    *------------------------------------------------------------* ;
MPRINT(EM_DIAGRAM):   * Reg: STDIZE Variables Macro ;
MPRINT(EM_DIAGRAM):   *------------------------------------------------------------* ;
MPRINT(EM_DIAGRAM):   *------------------------------------------------------------*;
MPRINT(EM_DIAGRAM):   * Reg: Computing Summary Statistics;
MPRINT(EM_DIAGRAM):   *------------------------------------------------------------*;
MPRINT(EM_DIAGRAM):   proc stdize data = EM_temp_assessdata out=_null_ outstat=WORK.Reg_STAT add=0 fuzz=1E-14 initial=MAD vardef=df method=STD mult=1 pctlmtd=ORD_STAT pctldef=2 pctlpts=( 0 5 10 15 20 25 30 35 40 45 50 55 60 65 70 75 80 85 90 95 100 ) ;
MPRINT(EM_DIAGRAM):   var
MPRINT(STDIZEVAR):   R_median_house_value
MPRINT(EM_DIAGRAM):  ;
MPRINT(EM_DIAGRAM):   run;
MPRINT(EM_DIAGRAM):   quit;
MPRINT(EM_DIAGRAM):    data WORK.RegBOXDATA;
MPRINT(EM_DIAGRAM):   set WORK.Reg_STAT;
MPRINT(EM_DIAGRAM):   where _TYPE_ in('LOCATION', 'SCALE', 'P0', 'P5', 'P10', 'P15', 'P20' 'P25', 'P50', 'P75', 'P80', 'P85', 'P90', 'P95', 'P100');
MPRINT(EM_DIAGRAM):   if _TYPE_ = 'LOCATION' then _TYPE_='MEAN';
MPRINT(EM_DIAGRAM):   else if _TYPE_ = 'SCALE' then _TYPE_='STD';
MPRINT(EM_DIAGRAM):   run;
MPRINT(EM_DIAGRAM):   proc sort data=WORK.RegBOXDATA NOTHREADS;
MPRINT(EM_DIAGRAM):   by _TYPE_;
MPRINT(EM_DIAGRAM):   run;
MPRINT(EM_DIAGRAM):   proc transpose data=WORK.RegBOXDATA out=WORK.RegBOXDATA;
MPRINT(EM_DIAGRAM):   id _TYPE_;
MPRINT(EM_DIAGRAM):   run;
MPRINT(EM_DIAGRAM):   data WORK.RegBOXDATA;
MPRINT(EM_DIAGRAM):   set WORK.RegBOXDATA;
MPRINT(EM_DIAGRAM):   UPPERWHISKER = P75 + 1.5*abs(P75 - P25);
MPRINT(EM_DIAGRAM):   LOWERWHISKER = P25 - 1.5*abs(P75 - P25);
MPRINT(EM_DIAGRAM):   if P100<=UPPERWHISKER then do;
MPRINT(EM_DIAGRAM):   UPPERWHISKER=P100;
MPRINT(EM_DIAGRAM):   P100=.;
MPRINT(EM_DIAGRAM):   end;
MPRINT(EM_DIAGRAM):   if P95<=UPPERWHISKER then P95=.;
MPRINT(EM_DIAGRAM):   if P90<=UPPERWHISKER then P90=.;
MPRINT(EM_DIAGRAM):   if P85<=UPPERWHISKER then P85=.;
MPRINT(EM_DIAGRAM):   if P80<=UPPERWHISKER then P80=.;
MPRINT(EM_DIAGRAM):   if LOWERWHISKER<=P0 then do;
MPRINT(EM_DIAGRAM):   LOWERWHISKER=P0;
MPRINT(EM_DIAGRAM):   P0=.;
MPRINT(EM_DIAGRAM):   end;
MPRINT(EM_DIAGRAM):   if LOWERWHISKER<=P20 then P20=.;
MPRINT(EM_DIAGRAM):   if LOWERWHISKER<=P15 then P15=.;
MPRINT(EM_DIAGRAM):   if LOWERWHISKER<=P10 then P10=.;
MPRINT(EM_DIAGRAM):   if LOWERWHISKER<=P5 then P5=.;
MPRINT(EM_DIAGRAM):   run;
MPRINT(EM_DIAGRAM):   proc transpose data=WORK.RegBOXDATA out=WORK.RegBOXDATA(rename=(COL1=VALUE _name_=_VARIABLE_)) NAME=XLABEL;
MPRINT(EM_DIAGRAM):   by _NAME_;
MPRINT(EM_DIAGRAM):   run;
MPRINT(EM_DIAGRAM):   data WORK.RegBOXDATA;
MPRINT(EM_DIAGRAM):   length XLABEL $12;
MPRINT(EM_DIAGRAM):   set WORK.RegBOXDATA;
MPRINT(EM_DIAGRAM):   label _VARIABLE_=;
MPRINT(EM_DIAGRAM):   label XLABEL=;
MPRINT(EM_DIAGRAM):   where VALUE ne .;
MPRINT(EM_DIAGRAM):   if XLABEL in('P100', 'P95', 'P90', 'P85', 'P80', 'P20', 'P15', 'P10', 'P5', 'P0') then XLABEL = 'OUTLIER';
MPRINT(EM_DIAGRAM):   else if XLABEL='P50' then XLABEL='MEDIAN';
MPRINT(EM_DIAGRAM):   run;
MPRINT(EM_DIAGRAM):   proc sort data=WORK.RegBOXDATA NOTHREADS;
MPRINT(EM_DIAGRAM):   by VALUE;
MPRINT(EM_DIAGRAM):   run;
MPRINT(EM_DIAGRAM):    data WORK.RegBOXDATA;
MPRINT(EM_DIAGRAM):   length TARGET $32 TARGETLABEL $200 DATAROLE $32;
MPRINT(EM_DIAGRAM):   label target = "Target Variable";
MPRINT(EM_DIAGRAM):   label targetlabel = "Target Label";
MPRINT(EM_DIAGRAM):   label datarole = "Data Role";
MPRINT(EM_DIAGRAM):   label VALUE = "Value";
MPRINT(EM_DIAGRAM):   label XLABEL = "Box Plot Marker";
MPRINT(EM_DIAGRAM):   label _VARIABLE_ = "Residual Variable";
MPRINT(EM_DIAGRAM):   set WORK.RegBOXDATA;
MPRINT(EM_DIAGRAM):   retain dataRole "VALIDATE";
MPRINT(EM_DIAGRAM):   TARGET = substr(_VARIABLE_, 3);
MPRINT(EM_DIAGRAM):   run;
MPRINT(EM_DIAGRAM):    data EMWS2.Reg_EMRESIDUAL;
MPRINT(EM_DIAGRAM):   set EMWS2.Reg_EMRESIDUAL WORK.RegBOXDATA;
MPRINT(EM_DIAGRAM):   run;
MPRINT(EM_DIAGRAM):    data ASSESS_REPORTMETA;
MPRINT(EM_DIAGRAM):   set EMWS2.Reg_VariableSet;
MPRINT(EM_DIAGRAM):   where REPORT='Y';
MPRINT(EM_DIAGRAM):   run;
MPRINT(EM_DIAGRAM):   filename temp catalog 'sashelp.emassmt.em_assess.source';
MPRINT(EM_DIAGRAM):   filename temp;
MPRINT(EM_DIAGRAM):    data _null_;
MPRINT(EM_DIAGRAM):   set EMWS2.Ids2_median_house_val_DM;
MPRINT(EM_DIAGRAM):   where _TYPE_="TARGET";
MPRINT(EM_DIAGRAM):   call symput('ASSMT_EVENT', strip(event));
MPRINT(EM_DIAGRAM):   run;
MPRINT(EM_DIAGRAM):   
MPRINT(EM_ASSESS):   data _ea_tmpdata;
MPRINT(EM_ASSESS):   set EM_temp_assessdata;
MPRINT(EM_ASSESS):   _tmpfreqvar_=1;
MPRINT(EM_ASSESS):   run;
MPRINT(EM_CHECKEMSETINIT):   DATA _NULL_;
MPRINT(EM_CHECKEMSETINIT):   EM_SETINIT = 'N';
MPRINT(EM_CHECKEMSETINIT):   IF SYSPROD('PRODNUM50') THEN EM_SETINIT = 'Y';
MPRINT(EM_CHECKEMSETINIT):   ELSE IF SYSPROD('PRODNUM448') THEN EM_SETINIT = 'Y';
MPRINT(EM_CHECKEMSETINIT):   ELSE IF SYSPROD('PRODNUM102') THEN EM_SETINIT = 'Y';
MPRINT(EM_CHECKEMSETINIT):   ELSE IF SYSPROD('PRODNUM103') THEN EM_SETINIT = 'Y';
MPRINT(EM_CHECKEMSETINIT):   CALL SYMPUT('EM_SETINIT', EM_SETINIT);
MPRINT(EM_CHECKEMSETINIT):   RUN;
MPRINT(EM_ASSESS):  ;
MPRINT(EM_ASSESS):   *;
MPRINT(EM_ASSESS):   * ............ Reading in reporting data set;
MPRINT(EM_ASSESS):   *;
MPRINT(EM_ASSESS):   DATA _NULL_;
MPRINT(EM_ASSESS):   SET ASSESS_REPORTMETA END = EOF;
MPRINT(EM_ASSESS):   IF TYPE = "C" OR UPCASE (LEVEL) IN ("NOMINAL", "BINARY" , "ORDINAL") THEN DO;
MPRINT(EM_ASSESS):   IF UPCASE (NAME) NE UPCASE ("median_house_value") THEN DO;
MPRINT(EM_ASSESS):   NUMCTOREPORT + 1;
MPRINT(EM_ASSESS):   CALL SYMPUTX ("REPORTC" || LEFT (PUT (NUMCTOREPORT, 5.)), NAME);
MPRINT(EM_ASSESS):   END;
MPRINT(EM_ASSESS):   ELSE CALL SYMPUTX ("RPRT_TRGT", "C");
MPRINT(EM_ASSESS):   END;
MPRINT(EM_ASSESS):   ELSE IF TYPE = "N" THEN DO;
MPRINT(EM_ASSESS):   IF UPCASE(NAME) NE UPCASE ("median_house_value") THEN DO;
MPRINT(EM_ASSESS):   NUMNTOREPORT + 1;
MPRINT(EM_ASSESS):   CALL SYMPUTX ("REPORTN" || LEFT (PUT (NUMNTOREPORT, 5.)), NAME);
MPRINT(EM_ASSESS):   END;
MPRINT(EM_ASSESS):   ELSE CALL SYMPUTX ("RPRT_TRGT", "N");
MPRINT(EM_ASSESS):   END;
MPRINT(EM_ASSESS):   IF EOF THEN DO;
MPRINT(EM_ASSESS):   CALL SYMPUTX ("NUMNTOREPORT", NUMNTOREPORT);
MPRINT(EM_ASSESS):   CALL SYMPUTX ("NUMCTOREPORT", NUMCTOREPORT);
MPRINT(EM_ASSESS):   CALL SYMPUTX ("NUMTOREPORT", SUM (NUMNTOREPORT, NUMCTOREPORT));
MPRINT(EM_ASSESS):   END;
MPRINT(EM_ASSESS):   RUN;
MPRINT(EM_ASSESS):   PROC DMDB DATA = _ea_tmpdata VAROUT = VAROUT DMDBCAT = _D ;


MPRINT(EM_ASSESS):   VAR P_median_house_value _tmpfreqvar_ ;
MPRINT(EM_ASSESS):   FREQ _tmpfreqvar_;
MPRINT(EM_ASSESS):   RUN ;
MPRINT(EM_ASSESS):   QUIT;
MPRINT(EM_ASSESS):   DATA _NULL_ ;
MPRINT(EM_ASSESS):   * ;
MPRINT(EM_ASSESS):   * ...FLAG0_1 = ..... TARGET IS 0, 1 & EVENT = 1;

MPRINT(EM_ASSESS):   ;
MPRINT(EM_ASSESS):   length __event__ $ 32;
MPRINT(EM_ASSESS):   RETAIN FLAG0_1 1 NUM1 . NUM0 . __event__ "_missing_" ;

MPRINT(EM_ASSESS):   SET VAROUT END = EOF;

MPRINT(EM_ASSESS):   RETAIN CUMFREQ 0;
MPRINT(EM_ASSESS):   IF UPCASE(NAME) = UPCASE("P_median_house_value") THEN CUMFREQ + N ;
MPRINT(EM_ASSESS):   CALL SYMPUTX ("D_TARGET", " " );
MPRINT(EM_ASSESS):   IF EOF THEN DO;
MPRINT(EM_ASSESS):   CALL SYMPUTX ("NUMDECISIONS", 0 );
MPRINT(EM_ASSESS):   CALL SYMPUTX ("NUMOBS", CUMFREQ);
MPRINT(EM_ASSESS):   CALL SYMPUTX ("FLAG0_1", "INTERVAL");
MPRINT(EM_ASSESS):   CALL SYMPUTX ("TARGETTYPE", "N");
MPRINT(EM_ASSESS):   END;
MPRINT(EM_ASSESS):   RUN;
MPRINT(EM_ASSESS):   DATA _NULL_;
MPRINT(EM_ASSESS):   SET VAROUT END = EOF;
MPRINT(EM_ASSESS):   IF UPCASE (NAME) = UPCASE ("P_median_house_value") THEN DO;
MPRINT(EM_ASSESS):   IF N = 0 THEN DO;
MPRINT(EM_ASSESS):   PUT //// "          Warning: All posterior probabilities are missing values ";
MPRINT(EM_ASSESS):   PUT ///;
MPRINT(EM_ASSESS):   CALL SYMPUTX ("ALLMISS", 1);
MPRINT(EM_ASSESS):   STOP;
MPRINT(EM_ASSESS):   END;
MPRINT(EM_ASSESS):   ELSE CALL SYMPUTX ("ALLMISS", 0);
MPRINT(EM_ASSESS):   CALL SYMPUTX ("MINPROB", MIN);
MPRINT(EM_ASSESS):   CALL SYMPUTX ("MAXPROB", MAX);
MPRINT(EM_ASSESS):   CALL SYMPUTX ("DIFF", MAX - MIN);
MPRINT(EM_ASSESS):   CALL SYMPUTX ("NMISSPROB", NMISS);
MPRINT(EM_ASSESS):   END;
MPRINT(EM_ASSESS):   ELSE IF UPCASE (NAME) = UPCASE ("_tmpfreqvar_") THEN DO;
MPRINT(EM_ASSESS):   AUXMIN = MIN - INT (MIN);
MPRINT(EM_ASSESS):   AUXMAX = MAX - INT (MAX);
MPRINT(EM_ASSESS):   IF AUXMIN > 0 OR AUXMAX > 0 THEN CALL SYMPUTX ("USEWEIGHT", "Y");
MPRINT(EM_ASSESS):   ELSE CALL SYMPUTX ("USEWEIGHT", "N");
MPRINT(EM_ASSESS):   END;
MPRINT(EM_ASSESS):   RUN;
MPRINT(EM_ASSESS):   *;
MPRINT(EM_ASSESS):   *... Start of Interval Depvar Case;
MPRINT(EM_ASSESS):   *;
MPRINT(EM_ASSESS):   *;
MPRINT(EM_ASSESS):   *;
MPRINT(EM_ASSESS):   * ............. IF THERE IS FREQ VARIABLE OUTDIST INTERVAL;
MPRINT(EM_ASSESS):   *;
MPRINT(EM_ASSESS):   PROC SUMMARY DATA = _ea_tmpdata (KEEP = P_median_house_value median_house_value _tmpfreqvar_ WHERE = (median_house_value > .)) NWAY;
MPRINT(EM_ASSESS):   CLASS P_median_house_value ;
MPRINT(EM_ASSESS):   VAR median_house_value ;
MPRINT(EM_ASSESS):   FREQ _tmpfreqvar_ ;
MPRINT(EM_ASSESS):   OUTPUT OUT = ANYSUM (DROP = _TYPE_) MEAN = _MEANTARGET MIN = _MINTARGET MAX = _MAXTARGET ;
MPRINT(EM_ASSESS):   RUN;
MPRINT(EM_ASSESS):   *;
MPRINT(EM_ASSESS):   * ...... ADD BINS TO DATA ;
MPRINT(EM_ASSESS):   *;
MPRINT(EM_ASSESS):   *;
MPRINT(EM_ASSESS):   * ..... INTERVAL TARGET CASE ;
MPRINT(EM_ASSESS):   *;
MPRINT(EM_ASSESS):   DATA WORK._TEMPSCOREDIST ( KEEP = TARGET P_LABEL LOWP UPP SCORE N _TARGETMEAN_ BIN _TARGETMIN_ _TARGETMAX_ _MEANP_ _MINP_ _MAXP_ ) WORK._TEMPRANK (KEEP = BIN TARGET DATAROLE DECILE N _TARGETMEAN_ _TARGETMIN_ _TARGETMAX_ _MEANP_ _MINP_ 
_MAXP_ ) ;
MPRINT(EM_ASSESS):   SET ANYSUM END = EOF;
MPRINT(EM_ASSESS):   *;
MPRINT(EM_ASSESS):   * ................... START OF RETAIN AREA. CONTINOUS DEP VAR ;
MPRINT(EM_ASSESS):   *;
MPRINT(EM_ASSESS):   RETAIN TARGET "median_house_value" DATAROLE "VALIDATE" NUMOBS1 - NUMOBS20 0 MAXTGT1 - MAXTGT20 . MINTGT1 - MINTGT20 . MNTGT1 - MNTGT20 0 MAXPTGT1 - MAXPTGT20 . MINPTGT1 - MINPTGT20 . MNPTGT1 - MNPTGT20 0 RNUMOBS1 - RNUMOBS20 0 
RMAXTGT1 - RMAXTGT20 . RMINTGT1 - RMINTGT20 . RMNTGT1 - RMNTGT20 0 RMAXPTGT1 - RMAXPTGT20 . RMINPTGT1 - RMINPTGT20 . RMNPTGT1 - RMNPTGT20 0 ;
MPRINT(EM_ASSESS):   DROP _FREQ_ N1 NUMOBS1 - NUMOBS20 MAXTGT1 - MAXTGT20 MINTGT1 - MINTGT20 MNTGT1 - MNTGT20 MAXPTGT1 - MAXPTGT20 MINPTGT1 - MINPTGT20 MNPTGT1 - MNPTGT20 RNUMOBS1 - RNUMOBS20 RMAXTGT1 - RMAXTGT20 RMINTGT1 - RMINTGT20 RMNTGT1 - RMNTGT20 
RMAXPTGT1 - RMAXPTGT20 RMINPTGT1 - RMINPTGT20 RMNPTGT1 - RMNPTGT20 ;
MPRINT(EM_ASSESS):   ARRAY NUMOBSS (20) NUMOBS1 - NUMOBS20;
MPRINT(EM_ASSESS):   ARRAY MAXTGTS (20) MAXTGT1 - MAXTGT20;
MPRINT(EM_ASSESS):   ARRAY MINTGTS (20) MINTGT1 - MINTGT20;
MPRINT(EM_ASSESS):   ARRAY MNTGTS (20) MNTGT1 - MNTGT20;
MPRINT(EM_ASSESS):   ARRAY MAXPTGTS (20) MAXPTGT1 - MAXPTGT20;
MPRINT(EM_ASSESS):   ARRAY MINPTGTS (20) MINPTGT1 - MINPTGT20;
MPRINT(EM_ASSESS):   ARRAY MNPTGTS (20) MNPTGT1 - MNPTGT20;
MPRINT(EM_ASSESS):   ARRAY RNUMOBSS (20) RNUMOBS1 - RNUMOBS20;
MPRINT(EM_ASSESS):   ARRAY RMAXTGTS (20) RMAXTGT1 - RMAXTGT20;
MPRINT(EM_ASSESS):   ARRAY RMINTGTS (20) RMINTGT1 - RMINTGT20;
MPRINT(EM_ASSESS):   ARRAY RMNTGTS (20) RMNTGT1 - RMNTGT20;
MPRINT(EM_ASSESS):   ARRAY RMAXPTGTS (20) RMAXPTGT1 - RMAXPTGT20;
MPRINT(EM_ASSESS):   ARRAY RMINPTGTS (20) RMINPTGT1 - RMINPTGT20;
MPRINT(EM_ASSESS):   ARRAY RMNPTGTS (20) RMNPTGT1 - RMNPTGT20;
MPRINT(EM_ASSESS):   IF _MEANTARGET > . THEN median_house_value = _MEANTARGET ;
MPRINT(EM_ASSESS):   ;
MPRINT(EM_ASSESS):   N1 + _FREQ_;
MPRINT(EM_ASSESS):   *;
MPRINT(EM_ASSESS):   * .......... Outdist Processing For Interval Target;
MPRINT(EM_ASSESS):   *;
MPRINT(EM_ASSESS):   SCRBIN = MIN (CEIL (( P_median_house_value - -249295.990936488) / 46715.5634993244), 20);
MPRINT(EM_ASSESS):   IF SCRBIN <= 0 THEN SCRBIN = 1;
MPRINT(EM_ASSESS):   SCRBIN = 20 + 1 - SCRBIN;
MPRINT(EM_ASSESS):   NUMOBSS ( SCRBIN) = SUM (NUMOBSS ( SCRBIN) , _FREQ_ );
MPRINT(EM_ASSESS):   MNTGTS ( SCRBIN) = SUM (MNTGTS ( SCRBIN), median_house_value * _FREQ_);
MPRINT(EM_ASSESS):   MAXTGTS ( SCRBIN) = MAX (MAXTGTS (SCRBIN), _MAXTARGET);
MPRINT(EM_ASSESS):   MINTGTS ( SCRBIN) = MIN (MINTGTS (SCRBIN), _MINTARGET);
MPRINT(EM_ASSESS):   MAXPTGTS ( SCRBIN) = MAX (MAXPTGTS ( SCRBIN), P_median_house_value);
MPRINT(EM_ASSESS):   MINPTGTS ( SCRBIN) = MIN (MINPTGTS ( SCRBIN), P_median_house_value);
MPRINT(EM_ASSESS):   MNPTGTS ( SCRBIN) = SUM (MNPTGTS ( SCRBIN), P_median_house_value * _FREQ_);
MPRINT(EM_ASSESS):   BIN = CEIL (N1 * 20 / 4954);
MPRINT(EM_ASSESS):   IF BIN <= 0 THEN BIN = 1;
MPRINT(EM_ASSESS):   IF BIN > 20 THEN BIN = 20;
MPRINT(EM_ASSESS):   IF BIN < 1 THEN BIN = 1;
MPRINT(EM_ASSESS):   BIN = 21 - BIN;
MPRINT(EM_ASSESS):   RNUMOBSS ( BIN) = SUM (RNUMOBSS ( BIN) , _FREQ_ );
MPRINT(EM_ASSESS):   RMNTGTS ( BIN) = SUM (RMNTGTS ( BIN), median_house_value * _FREQ_);
MPRINT(EM_ASSESS):   RMAXTGTS ( BIN) = MAX (RMAXTGTS (BIN), _MAXTARGET);
MPRINT(EM_ASSESS):   RMINTGTS ( BIN) = MIN (RMINTGTS (BIN), _MINTARGET);
MPRINT(EM_ASSESS):   RMAXPTGTS ( BIN) = MAX (RMAXPTGTS ( BIN), P_median_house_value);
MPRINT(EM_ASSESS):   RMINPTGTS ( BIN) = MIN (RMINPTGTS ( BIN), P_median_house_value);
MPRINT(EM_ASSESS):   RMNPTGTS ( BIN) = SUM (RMNPTGTS ( BIN), P_median_house_value * _FREQ_);
MPRINT(EM_ASSESS):   IF EOF THEN DO;
MPRINT(EM_ASSESS):   *;
MPRINT(EM_ASSESS):   * Start of Outdist Area, Continuous Dep Var;
MPRINT(EM_ASSESS):   *;
MPRINT(EM_ASSESS):   UPP = 685015.27905;
MPRINT(EM_ASSESS):   DO SCRBIN = 1 TO 20;
MPRINT(EM_ASSESS):   LOWP = UPP - 46715.5634993244;
MPRINT(EM_ASSESS):   N = NUMOBSS (SCRBIN);
MPRINT(EM_ASSESS):   IF N > 0 THEN DO;
MPRINT(EM_ASSESS):   _TARGETMEAN_ = MNTGTS (SCRBIN) / N ;
MPRINT(EM_ASSESS):   _MEANP_ = MNPTGTS (SCRBIN) / N ;
MPRINT(EM_ASSESS):   END;
MPRINT(EM_ASSESS):   ELSE DO;
MPRINT(EM_ASSESS):   _TARGETMEAN_ = .;
MPRINT(EM_ASSESS):   _MEANP_ = .;
MPRINT(EM_ASSESS):   END;
MPRINT(EM_ASSESS):   _TARGETMIN_ = MINTGTS (SCRBIN);
MPRINT(EM_ASSESS):   _TARGETMAX_ = MAXTGTS (SCRBIN);
MPRINT(EM_ASSESS):   _MINP_ = MINPTGTS (SCRBIN);
MPRINT(EM_ASSESS):   _MAXP_ = MAXPTGTS (SCRBIN);
MPRINT(EM_ASSESS):   SCORE = MEAN (UPP, LOWP);
MPRINT(EM_ASSESS):   P_LABEL = COMPBL (PUT (LOWP, 12.3)) || " - " || COMPBL (PUT (UPP, 12.3));
MPRINT(EM_ASSESS):   BIN = SCRBIN;
MPRINT(EM_ASSESS):   OUTPUT WORK._TEMPSCOREDIST;
MPRINT(EM_ASSESS):   UPP = LOWP;
MPRINT(EM_ASSESS):   END;
MPRINT(EM_ASSESS):   * ..... DO SCRBIN = .... ;
MPRINT(EM_ASSESS):   *;
MPRINT(EM_ASSESS):   * ...... Output Outranks Continuous Case ;
MPRINT(EM_ASSESS):   *;
MPRINT(EM_ASSESS):   DO BIN = 1 TO 20;
MPRINT(EM_ASSESS):   N = RNUMOBSS (BIN);
MPRINT(EM_ASSESS):   DECILE = BIN * 100 / 20;
MPRINT(EM_ASSESS):   IF N > 0 THEN DO;
MPRINT(EM_ASSESS):   _TARGETMEAN_ = RMNTGTS (BIN) / N ;
MPRINT(EM_ASSESS):   _MEANP_ = RMNPTGTS (BIN) / N ;
MPRINT(EM_ASSESS):   END;
MPRINT(EM_ASSESS):   ELSE DO;
MPRINT(EM_ASSESS):   _TARGETMEAN_ = .;
MPRINT(EM_ASSESS):   _MEANP_ = .;
MPRINT(EM_ASSESS):   END;
MPRINT(EM_ASSESS):   _TARGETMIN_ = RMINTGTS (BIN);
MPRINT(EM_ASSESS):   _TARGETMAX_ = RMAXTGTS (BIN);
MPRINT(EM_ASSESS):   _MINP_ = RMINPTGTS (BIN);
MPRINT(EM_ASSESS):   _MAXP_ = RMAXPTGTS (BIN);
MPRINT(EM_ASSESS):   P_LABEL = COMPBL (PUT (_MINP_, 12.3)) || " - " || COMPBL (PUT (_MAXP_, 12.3));
MPRINT(EM_ASSESS):   OUTPUT WORK._TEMPRANK;
MPRINT(EM_ASSESS):   END;
MPRINT(EM_ASSESS):   * ..... DO _K = 1 TO DECILEBIN ;
MPRINT(EM_ASSESS):   END;
MPRINT(EM_ASSESS):   * ..... IF EOF ;
MPRINT(EM_ASSESS):   LABEL BIN = "Bin" _MEANP_ = "Mean Predicted" _MINP_ = "Min Predicted" _MAXP_ = "Max Predicted" _TARGETMAX_ = "Max Target" _TARGETMEAN_= "Mean Target" _TARGETMIN_ = "Min Target" DATAROLE = "Data Role" N = "Number of Observations" 
TARGET = "Target Variable" LOWP = "Lower Bound" UPP = "Upper Bound" score = "Model Score" scrbin = "Bin" DECILE = "Depth" ;
MPRINT(EM_ASSESS):   RUN;
MPRINT(EM_ASSESS):   *;
MPRINT(EM_ASSESS):   *;
MPRINT(EM_ASSESS):   * ...................... End Of Interval Processing;
MPRINT(EM_ASSESS):   *;
MPRINT(EM_ASSESS):   *;
MPRINT(EM_ASSESS):   *;
MPRINT(EM_ASSESS):   * ...........Start OF Outdist Modification;
MPRINT(EM_ASSESS):   *;

MPRINT(EM_ASSESS):   PROC DATASETS NOLIST LIB = WORK;
MPRINT(EM_ASSESS):   MODIFY _TEMPSCOREDIST;
MPRINT(EM_ASSESS):   ;
MPRINT(EM_ASSESS):   *;
MPRINT(EM_ASSESS):   * .................... OUTDIST MODIFICATION LABEL AREA;
MPRINT(EM_ASSESS):   *;
MPRINT(EM_ASSESS):   LABEL BIN = "Bin" N = "Number of Observations" P_LABEL = "Range for Predicted" _MEANP_ = "Mean Predicted" _MINP_ = "Min Predicted" _MAXP_ = "Max Predicted" SCORE = "Model Score" ;
MPRINT(EM_ASSESS):   RUN;
MPRINT(EM_ASSESS):   QUIT;
MPRINT(EM_ASSESS):   DATA WORK._TEMPSCOREDIST;
MPRINT(EM_ASSESS):   SET WORK._TEMPSCOREDIST (WHERE = (_MEANP_ > .));
MPRINT(EM_ASSESS):   RUN;
MPRINT(EM_ASSESS):   *;
MPRINT(EM_ASSESS):   * ........... END OF OUTDIST MODIFICATION;
MPRINT(EM_ASSESS):   *;
MPRINT(EM_ASSESS):   *;
MPRINT(EM_ASSESS):   * ...........Start of OUTRANKS Modification;
MPRINT(EM_ASSESS):   *;

MPRINT(EM_ASSESS):   PROC DATASETS NOLIST LIB = WORK;
MPRINT(EM_ASSESS):   MODIFY _TEMPRANK;
MPRINT(EM_ASSESS):   RUN;
MPRINT(EM_ASSESS):   QUIT;
MPRINT(EM_ASSESS):   DATA WORK._TEMPRANK;
MPRINT(EM_ASSESS):   SET WORK._TEMPRANK (WHERE = (_MEANP_ > .));
MPRINT(EM_ASSESS):   RUN;
MPRINT(EM_ASSESS):   proc datasets lib=work nolist;
MPRINT(EM_ASSESS):   delete _ea_tmpdata;
MPRINT(EM_ASSESS):   run;
MPRINT(EM_ASSESS):   quit;
MPRINT(EM_ASSESS):  ;
MPRINT(EM_ASSESS):   OPTION ERRORS = 20;
MPRINT(EM_DIAGRAM):  ;
MPRINT(EM_DIAGRAM):    data WORK._TEMPRANK;
MPRINT(EM_DIAGRAM):   length target $32 TARGETLABEL $200 dataRole $20;
MPRINT(EM_DIAGRAM):   label TARGETLABEL = "Target Label";
MPRINT(EM_DIAGRAM):   set WORK._TEMPRANK;
MPRINT(EM_DIAGRAM):   retain target "median_house_value";
MPRINT(EM_DIAGRAM):   retain dataRole "VALIDATE";
MPRINT(EM_DIAGRAM):   run;
MPRINT(EM_DIAGRAM):   data EMWS2.Reg_EMRANK;
MPRINT(EM_DIAGRAM):   length target $32;
MPRINT(EM_DIAGRAM):   length TARGETLABEL $200;
MPRINT(EM_DIAGRAM):   length dataRole $20;
MPRINT(EM_DIAGRAM):   set EMWS2.Reg_EMRANK WORK._TEMPRANK;
MPRINT(EM_DIAGRAM):   run;
MPRINT(EM_DIAGRAM):    data WORK._TEMPSCOREDIST;
MPRINT(EM_DIAGRAM):   length target $32 TARGETLABEL $200 dataRole $20;
MPRINT(EM_DIAGRAM):   label TARGETLABEL = "Target Label";
MPRINT(EM_DIAGRAM):   set WORK._TEMPSCOREDIST;
MPRINT(EM_DIAGRAM):   retain target "median_house_value";
MPRINT(EM_DIAGRAM):   retain dataRole "VALIDATE";
MPRINT(EM_DIAGRAM):   run;
MPRINT(EM_DIAGRAM):   data EMWS2.Reg_EMSCOREDIST;
MPRINT(EM_DIAGRAM):   length target $32;
MPRINT(EM_DIAGRAM):   length TARGETLABEL $200;
MPRINT(EM_DIAGRAM):   length dataRole $20;
MPRINT(EM_DIAGRAM):   length P_LABEL $27;
MPRINT(EM_DIAGRAM):   set EMWS2.Reg_EMSCOREDIST WORK._TEMPSCOREDIST;
MPRINT(EM_DIAGRAM):   run;
90873      %let _cn = %sysfunc(getoption(CENTER));
90874      options nocenter;
MPRINT(EM_DIAGRAM):    options nocenter;
90875      proc print data=EMWS2.Reg_EMREPORTFIT noobs label;
MPRINT(EM_DIAGRAM):   proc print data=EMWS2.Reg_EMREPORTFIT noobs label;
90876      var STAT LABEL TRAIN
90877      VALIDATE
90878      TEST
90879      ;
MPRINT(EM_DIAGRAM):   var STAT LABEL TRAIN VALIDATE TEST ;
90880      by TARGET TARGETLABEL;
MPRINT(EM_DIAGRAM):   by TARGET TARGETLABEL;
90881      title9 ' ';
MPRINT(EM_DIAGRAM):   title9 ' ';
90882      title10 "%sysfunc(sasmsg(sashelp.dmine, rpt_fitstat_title  , NOQUOTE))";
MPRINT(EM_DIAGRAM):   title10 "Fit Statistics";
MPRINT(EM_DIAGRAM):   run;
90883      run;

NOTE: There were 19 observations read from the data set EMWS2.REG_EMREPORTFIT.
NOTE: At least one W.D format was too small for the number to be printed. The decimal may be shifted by the "BEST" format.
NOTE: The PROCEDURE PRINT printed page 28.
NOTE: PROCEDURE PRINT used (Total process time):
      real time           0.01 seconds
      cpu time            0.00 seconds
      

90884      title10;
MPRINT(EM_DIAGRAM):   title10;
90885      options &_cn;
MPRINT(EM_DIAGRAM):   options NOCENTER;
90886      proc datasets library=EMWS2 nolist;
MPRINT(EM_DIAGRAM):    proc datasets library=EMWS2 nolist;
90887      modify Reg_EMRANK;
MPRINT(EM_DIAGRAM):   modify Reg_EMRANK;
MPRINT(EM_DIAGRAM):   label target = "Target Variable";
90888      label target = "%sysfunc(sasmsg(sashelp.dmine, rpt_targetvar_vlabel ,   NOQUOTE))";
MPRINT(EM_DIAGRAM):   label datarole = "Data Role";
90889      label datarole = "%sysfunc(sasmsg(sashelp.dmine, rpt_datarole_vlabel ,    NOQUOTE))";
MPRINT(EM_DIAGRAM):   run;
90890      run;

NOTE: MODIFY was successful for EMWS2.REG_EMRANK.DATA.
90891      quit;
MPRINT(EM_DIAGRAM):   quit;

NOTE: PROCEDURE DATASETS used (Total process time):
      real time           0.21 seconds
      cpu time            0.07 seconds
      

90892      %let _cn = %sysfunc(getoption(CENTER));
90893      options nocenter;
MPRINT(EM_DIAGRAM):    options nocenter;
90894      proc print data=EMWS2.Reg_EMRANK label noobs;
MPRINT(EM_DIAGRAM):   proc print data=EMWS2.Reg_EMRANK label noobs;
90895      var
90896      decile N _targetMean_ _meanP_;
MPRINT(EM_DIAGRAM):   var decile N _targetMean_ _meanP_;
90897      by
90898      notsorted DATAROLE
90899      notsorted TARGET
90900      notsorted TARGETLABEL
90901      ;
MPRINT(EM_DIAGRAM):   by notsorted DATAROLE notsorted TARGET notsorted TARGETLABEL ;
90902      title9 ' ';
MPRINT(EM_DIAGRAM):   title9 ' ';
90903      title10 "%sysfunc(sasmsg(sashelp.dmine, rpt_scoreranking_title , NOQUOTE))";
MPRINT(EM_DIAGRAM):   title10 "Assessment Score Rankings";
MPRINT(EM_DIAGRAM):   run;
90904      run;

NOTE: There were 40 observations read from the data set EMWS2.REG_EMRANK.
NOTE: The PROCEDURE PRINT printed page 29.
NOTE: PROCEDURE PRINT used (Total process time):
      real time           0.01 seconds
      cpu time            0.00 seconds
      

90905      title10;
MPRINT(EM_DIAGRAM):   title10;
90906      options &_cn;
MPRINT(EM_DIAGRAM):   options NOCENTER;
90907      proc datasets library=EMWS2 nolist;
MPRINT(EM_DIAGRAM):    proc datasets library=EMWS2 nolist;
90908      modify Reg_EMSCOREDIST;
MPRINT(EM_DIAGRAM):   modify Reg_EMSCOREDIST;
MPRINT(EM_DIAGRAM):   label target = "Target Variable";
90909      label target = "%sysfunc(sasmsg(sashelp.dmine, rpt_targetvar_vlabel ,      NOQUOTE))";
MPRINT(EM_DIAGRAM):   label datarole = "Data Role";
90910      label datarole = "%sysfunc(sasmsg(sashelp.dmine, rpt_datarole_vlabel ,    NOQUOTE))";
MPRINT(EM_DIAGRAM):   run;
90911      run;

NOTE: MODIFY was successful for EMWS2.REG_EMSCOREDIST.DATA.
90912      quit;
MPRINT(EM_DIAGRAM):   quit;

NOTE: PROCEDURE DATASETS used (Total process time):
      real time           0.21 seconds
      cpu time            0.01 seconds
      

MPRINT(EM_DIAGRAM):    options nocenter;
MPRINT(EM_DIAGRAM):   proc print data=EMWS2.Reg_EMSCOREDIST label noobs;
MPRINT(EM_DIAGRAM):   var p_label _targetMean_ _meanp_ n score;
MPRINT(EM_DIAGRAM):   by notsorted DATAROLE notsorted TARGET notsorted TARGETLABEL ;
MPRINT(EM_DIAGRAM):   where TARGET in( "median_house_value" );
MPRINT(EM_DIAGRAM):   label target = "Target Variable";
MPRINT(EM_DIAGRAM):   label TARGETLABEL = "Target Label";
MPRINT(EM_DIAGRAM):   label datarole = "Data Role";
MPRINT(EM_DIAGRAM):   title9 ' ';
MPRINT(EM_DIAGRAM):   title10 "Assessment Score Distribution";
MPRINT(EM_DIAGRAM):   run;
MPRINT(EM_DIAGRAM):   title10;
MPRINT(EM_DIAGRAM):   options NOCENTER;
MPRINT(EM_DIAGRAM):   proc printto;
MPRINT(EM_DIAGRAM):   run;
