NOTE: PROCEDURE PRINTTO used (Total process time):
      real time           0.00 seconds
      cpu time            0.00 seconds
      

Traverser: Traverser invoked.  MPCONNECT command is !sascmdv -nosyntaxcheck -noasynchio -noobjectserver. 
Traverser: Beginning flow traversal 
17187      data _null_;
MPRINT(EM_DIAGRAM):    data _null_;
17188      file emwipmsg;
MPRINT(EM_DIAGRAM):   file emwipmsg;
17189      put '<Node Id="FIMPORT" Event="Run" Pid="1304" Gridid=""/>';
MPRINT(EM_DIAGRAM):   put '<Node Id="FIMPORT" Event="Run" Pid="1304" Gridid=""/>';
17190      run;
MPRINT(EM_DIAGRAM):   run;

NOTE: The file EMWIPMSG is:
      Local Host Name=vdiwin11g-47,
      Local Host IP addr=fe80::20b7:5671:f505:7078%15,
      Peer Hostname Name=vdiwin11g-47.uisad.uis.edu,
      Peer IP addr=127.0.0.1,Peer Name=N/A,
      Peer Portno=59148,Lrecl=32767,Recfm=Variable

NOTE: 1 record was written to the file EMWIPMSG.
      The minimum record length was 53.
      The maximum record length was 53.
NOTE: DATA statement used (Total process time):
      real time           0.01 seconds
      cpu time            0.01 seconds
      

17191      %let emloopmode =;
*------------------------------------------------------------* 
* 
* FIMPORT : Beginning update before running 
* datetime : 09DEC2024:01:23:54 
* 
*------------------------------------------------------------* 
MPRINT(EM_DIAGRAM):     *------------------------------------------------------------*;
MPRINT(EM_DIAGRAM):   * FIMPORT: Generation of macros and macro variables;
MPRINT(EM_DIAGRAM):   * To see the code generated, set the EM_DEBUG macro variable to SOURCE or _ALL_;
MPRINT(EM_DIAGRAM):   *------------------------------------------------------------*;
MPRINT(EM_DIAGRAM):   *------------------------------------------------------------*;
MPRINT(EM_DIAGRAM):   * FIMPORT: EM Macro Variables and Macros;
MPRINT(EM_DIAGRAM):   *------------------------------------------------------------*;
MPRINT(EM_DIAGRAM):   *------------------------------------------------------------* ;
MPRINT(EM_DIAGRAM):   * System Macro Variables;
MPRINT(EM_DIAGRAM):   *------------------------------------------------------------* ;
MPRINT(EM_DIAGRAM):   data _null_;
MPRINT(EM_DIAGRAM):   length string $2000;
MPRINT(EM_DIAGRAM):   string = 'MC.ClusterAnalysis';
MPRINT(EM_DIAGRAM):   call symput('EM_PROJECTNAME', trim(string));
MPRINT(EM_DIAGRAM):   string = 'DATA';
MPRINT(EM_DIAGRAM):   call symput('EM_WSNAME', trim(string));
MPRINT(EM_DIAGRAM):   run;
MPRINT(EM_DIAGRAM):   *------------------------------------------------------------* ;
MPRINT(EM_DIAGRAM):   * Properties Macro Variables ;
MPRINT(EM_DIAGRAM):   *------------------------------------------------------------* ;
MPRINT(EM_DIAGRAM):   *------------------------------------------------------------*;
MPRINT(EM_DIAGRAM):   * Files Macro Variables;
MPRINT(EM_DIAGRAM):   *------------------------------------------------------------*;
MPRINT(EM_DIAGRAM):   *------------------------------------------------------------*;
MPRINT(EM_DIAGRAM):   * Import Macro Variables;
MPRINT(EM_DIAGRAM):   *------------------------------------------------------------*;
MPRINT(EM_DIAGRAM):   *------------------------------------------------------------*;
MPRINT(EM_DIAGRAM):   * Export Macro Variables;
MPRINT(EM_DIAGRAM):   *------------------------------------------------------------*;
MPRINT(EM_DIAGRAM):   *------------------------------------------------------------*;
MPRINT(EM_DIAGRAM):   * Decision Macro Variables;
MPRINT(EM_DIAGRAM):   *------------------------------------------------------------*;
MPRINT(EM_DIAGRAM):   *------------------------------------------------------------*;
MPRINT(EM_DIAGRAM):   * Statement Macro Variables;
MPRINT(EM_DIAGRAM):   *------------------------------------------------------------*;
17395      %let emexceptionString =;
17396      %let EMEXCEPTIONSTRING=;
17397      *------------------------------------------------------------*;
MPRINT(EM_DIAGRAM):    *------------------------------------------------------------*;
17398      * UPDATE: FIMPORT;
MPRINT(EM_DIAGRAM):   * UPDATE: FIMPORT;
17399      *------------------------------------------------------------*;
MPRINT(EM_DIAGRAM):   *------------------------------------------------------------*;
17400      %let EM_ACTION = UPDATE;
17401      %let syscc = 0;
17402      /* Fimport.source */
17403      %macro main;
17404            %if %upcase(&EM_ACTION) = CREATE %then %do;
17405               filename temp catalog 'sashelp.emsamp.Fimport_create.source';
17406               %include temp;
17407               filename temp;
17408               %create;
17409            %end;
17410            %else
17411            %if %upcase(&EM_ACTION) = TRAIN %then %do;
17412               filename temp catalog 'sashelp.emsamp.Fimport_train.source';
17413               %include temp;
17414               filename temp;
17415               %train;
17416            %end;
17417            %else
17418            %if %upcase(&EM_ACTION) = UPDATE %then %do;
17419               filename temp catalog 'sashelp.emsamp.Fimport_update.source';
17420               %include temp;
17421               filename temp;
17422               %update;
17423            %end;
17424            %else
17425            %if %upcase(&EM_ACTION) = PROPERTY %then %do;
17426               filename temp catalog 'sashelp.emsamp.Fimport_actions.source';
17427               %include temp;
17428               filename temp;
17429               %property;
17430            %end;
17431             %else
17432            %if %upcase(&EM_ACTION) = SCORE %then %do;
17433               filename temp catalog 'sashelp.emsamp.Fimport_score.source';
17434               %include temp;
17435               filename temp;
17436               %score;
17437            %end;
17438            %else
17439            %if %upcase(&EM_ACTION) = REPORT %then %do;
17440               filename temp catalog 'sashelp.emsamp.Fimport_report.source';
17441               %include temp;
17442               filename temp;
17443               %report;
17444            %end;
17445            %else
17446            %if %upcase(&EM_ACTION) = OPENVARIABLESET %then %do;
17447               filename temp catalog 'sashelp.emsamp.Fimport_actions.source';
17448               %include temp;
17449               filename temp;
17450               %openvariableset;
17451            %end;
17452            %else
17453            %if %upcase(&EM_ACTION) = CLOSEVARIABLESET %then %do;
17454               filename temp catalog 'sashelp.emsamp.Fimport_actions.source';
17455               %include temp;
17456               filename temp;
17457               %closevariableset;
17458            %end;
17459      %mend main;
17460      %main;
MPRINT(EM_DIAGRAM):    
MPRINT(MAIN):   filename temp catalog 'sashelp.emsamp.Fimport_update.source';
NOTE: %INCLUDE (level 1) file TEMP is file SASHELP.EMSAMP.FIMPORT_UPDATE.SOURCE.
17461     +%macro update;
17462     +    %let oldrole = %str();
17463     +    data _null_;
17464     +       set &em_data_exportset;
17465     +       where NODEPORT='TRAIN';
17466     +       call symput('oldrole', ROLE);
17467     +    run;
17468     +    %if &oldrole ne &em_property_role %then %do;
17469     +        data &em_data_exportset;
17470     +           set &em_data_exportset;
17471     +           if NODEPORT='TRAIN' then do;
17472     +              ROLE="&em_property_role";
17473     +              NEEDUPDATE='Y';
17474     +              EXPORT='Y';
17475     +           end;
17476     +        run;
17477     +        filename x "&EM_NODEDIR.&EM_DSEP._updatePath.st";
17478     +        data _null_;
17479     +           file x;
17480     +           put ' ';
17481     +        run;
17482     +        filename x;
17483     +    %end;
17484     +    %else %do;
17485     +        data &em_data_exportset;
17486     +           set &em_data_exportset;
17487     +           if NODEPORT='TRAIN' then do;
17488     +              ROLE="&em_property_role";
17489     +              NEEDUPDATE='Y';
17490     +              EXPORT='Y';
17491     +           end;
17492     +        run;
17493     +    %end;
17494     +
17495     +    %em_getname(key=EMCMETADEFAULT, type=DATA);
17496     +    %if %sysfunc(exist(&em_user_emcmetadefault)) and ^%sysfunc(exist(&em_lib..&em_nodeid._CMETA_TRAIN)) %then %do;
17497     +        data &em_lib..&em_nodeid._CMETA_TRAIN;
17498     +           set &em_user_emcmetadefault;
17499     +           drop DROP;
17500     +           where DROP='N';
17501     +        run;
17502     +    %end;
17503     +
17504     +%mend update;
17505     +
17506     +
17507     +
17508     +
NOTE: %INCLUDE (level 1) ending.
MPRINT(MAIN):   filename temp;
NOTE: Fileref TEMP has been deassigned.
MPRINT(UPDATE):   data _null_;
MPRINT(UPDATE):   set EMWS2.FIMPORT_ExportSet;
MPRINT(UPDATE):   where NODEPORT='TRAIN';
MPRINT(UPDATE):   call symput('oldrole', ROLE);
MPRINT(UPDATE):   run;

NOTE: There were 1 observations read from the data set EMWS2.FIMPORT_EXPORTSET.
      WHERE NODEPORT='TRAIN';
NOTE: DATA statement used (Total process time):
      real time           0.00 seconds
      cpu time            0.00 seconds
      

MPRINT(UPDATE):   data EMWS2.FIMPORT_ExportSet;
MPRINT(UPDATE):   set EMWS2.FIMPORT_ExportSet;
MPRINT(UPDATE):   if NODEPORT='TRAIN' then do;
MPRINT(UPDATE):   ROLE="TRAIN";
MPRINT(UPDATE):   NEEDUPDATE='Y';
MPRINT(UPDATE):   EXPORT='Y';
MPRINT(UPDATE):   end;
MPRINT(UPDATE):   run;

NOTE: There were 6 observations read from the data set EMWS2.FIMPORT_EXPORTSET.
NOTE: The data set EMWS2.FIMPORT_EXPORTSET has 6 observations and 18 variables.
NOTE: DATA statement used (Total process time):
      real time           0.02 seconds
      cpu time            0.03 seconds
      

MPRINT(UPDATE):  ;
MPRINT(MAIN):  ;
MPRINT(EM_DIAGRAM):  ;
MPRINT(EM_DIAGRAM):   *------------------------------------------------------------*;
MPRINT(EM_DIAGRAM):   * End UPDATE: FIMPORT;
MPRINT(EM_DIAGRAM):   *------------------------------------------------------------*;
17509      *------------------------------------------------------------*;
17510      * End UPDATE: FIMPORT;
17511      *------------------------------------------------------------*;

17512      %em_delMacro;
MPRINT(EM_DIAGRAM):   
MPRINT(EM_DIAGRAM):  ;

MPRINT(EM_DIAGRAM):    filename _emtool_ 'C:\Users\skunt\Downloads\HU.Exploratory Analysis\HU.ClusterAnalysis\Workspaces\EMWS2\FIMPORT\PROPERTIES.xml' encoding="UTF-8" NOBOM;
17514      %let _HPDMGRIDHOST=;
17515      %let _HPDMGRIDINSTALLLOC=;
17516      %let _HPDMGRIDDATASERVER=;
17517      %hpdm_gridSetOPtions;
MPRINT(EM_DIAGRAM):   
MPRINT(HPDM_GRIDSETOPTIONS):   data _null_;
MPRINT(HPDM_GRIDSETOPTIONS):   length optionString string $2000;
MPRINT(HPDM_GRIDSETOPTIONS):   optionString = reverse(getoption('SET'));
MPRINT(HPDM_GRIDSETOPTIONS):   index = index(optionString, reverse('GRIDHOST'));
MPRINT(HPDM_GRIDSETOPTIONS):   if index then do;
MPRINT(HPDM_GRIDSETOPTIONS):   string = reverse(substr(optionString, 1, index-4));
MPRINT(HPDM_GRIDSETOPTIONS):   host = '"'!!strip(tranwrd(scan(string, 1, ']'), '"', ''))!!'"';
MPRINT(HPDM_GRIDSETOPTIONS):   call symput('_HPDMGRIDHOST', strip(host));
MPRINT(HPDM_GRIDSETOPTIONS):   end;
MPRINT(HPDM_GRIDSETOPTIONS):   index = index(optionString, reverse('GRIDINSTALLLOC'));
MPRINT(HPDM_GRIDSETOPTIONS):   if index then do;
MPRINT(HPDM_GRIDSETOPTIONS):   string = reverse(substr(optionString, 1, index-4));
MPRINT(HPDM_GRIDSETOPTIONS):   install = '"'!!strip(tranwrd(scan(string, 1, ']'), '"', ''))!!'"';
MPRINT(HPDM_GRIDSETOPTIONS):   call symput('_HPDMGRIDINSTALLLOC', strip(install));
MPRINT(HPDM_GRIDSETOPTIONS):   end;
MPRINT(HPDM_GRIDSETOPTIONS):   index = index(optionString, reverse('GRIDDATASERVER'));
MPRINT(HPDM_GRIDSETOPTIONS):   if index then do;
MPRINT(HPDM_GRIDSETOPTIONS):   string = reverse(substr(optionString, 1, index-4));
MPRINT(HPDM_GRIDSETOPTIONS):   server = '"'!!strip(tranwrd(scan(string, 1, ']'), '"', ''))!!'"';
MPRINT(HPDM_GRIDSETOPTIONS):   call symput('_HPDMGRIDDATASERVER', strip(server));
MPRINT(HPDM_GRIDSETOPTIONS):   end;
MPRINT(HPDM_GRIDSETOPTIONS):   run;

NOTE: DATA statement used (Total process time):
      real time           0.00 seconds
      cpu time            0.00 seconds
      

MPRINT(EM_DIAGRAM):  ;

*------------------------------------------------------------* 
* 
* FIMPORT : End update 
* datetime : 09DEC2024:01:23:54 
* 
*------------------------------------------------------------* 
17518      %em_getactionstatus(emlib =EMWS2, nodeid=FIMPORT);
MPRINT(EM_DIAGRAM):   
MPRINT(EM_GETACTIONSTATUS):   proc display c=sashelp.emutil.getactionstatus.scl;
MPRINT(EM_GETACTIONSTATUS):   run;

17519      %let em_Train = Y;
17520      %let em_Report = Y;
17521      %let em_Score = Y;
17522      %let em_Run = Y;
NOTE: PROCEDURE DISPLAY used (Total process time):
      real time           0.06 seconds
      cpu time            0.01 seconds
      

MPRINT(EM_GETACTIONSTATUS):   
MPRINT(EM_DIAGRAM):  ;

17523      %let emloopmode =;
17524      %let emloopnumber =0;
17525      %let emloopId =FIMPORT;
*------------------------------------------------------------* 
* 
* FIMPORT : Running 
* datetime : 09DEC2024:01:23:54 
* 
*------------------------------------------------------------* 
17526      %let SYSCC =0;
17527      %let EMGROUPMODE =;
17528      %let EMGROUPID =;
MPRINT(EM_DIAGRAM):      filename temp catalog 'sashelp.emutil.em_vardist.source';
MPRINT(EM_DIAGRAM):   filename temp;
MPRINT(EM_DIAGRAM):   filename temp catalog 'sashelp.emutil.em_classdist.source';
MPRINT(EM_DIAGRAM):   filename temp;
MPRINT(EM_DIAGRAM):   filename temp catalog 'sashelp.emutil.em_checksetinit.source';
MPRINT(EM_DIAGRAM):   filename temp;
MPRINT(EM_DIAGRAM):   filename temp catalog 'sashelp.emutil.em_checkerror.source';
MPRINT(EM_DIAGRAM):   filename temp;
MPRINT(EM_DIAGRAM):   filename temp catalog 'sashelp.emutil.em_odsliston.source';
MPRINT(EM_DIAGRAM):   filename temp;
MPRINT(EM_DIAGRAM):   filename temp catalog 'sashelp.emutil.em_odslistoff.source';
MPRINT(EM_DIAGRAM):   filename temp;
MPRINT(EM_DIAGRAM):   filename temp catalog 'sashelp.emutil.em_getvarname.source';
MPRINT(EM_DIAGRAM):   filename temp;
MPRINT(EM_DIAGRAM):   filename temp catalog 'sashelp.emassmt.em_assess.source';
MPRINT(EM_DIAGRAM):   filename temp;
MPRINT(EM_DIAGRAM):    filename L05ETAUD "C:\Users\skunt\Downloads\HU.Exploratory Analysis\HU.ClusterAnalysis\Workspaces\EMWS2\FIMPORT\EMTRAIN.log" encoding="UTF-8" NOBOM;
MPRINT(EM_DIAGRAM):   proc printto log=L05ETAUD new;
MPRINT(EM_DIAGRAM):   run;
