MPRINT(EM_DIAGRAM):    data _null_;
MPRINT(EM_DIAGRAM):   call symput('NLDATE', strip(put(date(), NLDATE.)));
MPRINT(EM_DIAGRAM):   call symput('NLTIME', strip(put(datetime(), NLTIME.)));
MPRINT(EM_DIAGRAM):   run;
MPRINT(EM_DIAGRAM):   data _null_;
MPRINT(EM_DIAGRAM):   nldate= sasmsg("sashelp.dmine", "log_date_note", 'N', "December 11, 2024" );
MPRINT(EM_DIAGRAM):   nltime= sasmsg("sashelp.dmine", "log_time_note", 'N', "00:14:54" );
MPRINT(EM_DIAGRAM):   put "*------------------------------------------------------------*";
MPRINT(EM_DIAGRAM):   put "* Training Log";
MPRINT(EM_DIAGRAM):   put nldate;
MPRINT(EM_DIAGRAM):   put nltime;
MPRINT(EM_DIAGRAM):   put "*------------------------------------------------------------*";
MPRINT(EM_DIAGRAM):   run;
*------------------------------------------------------------*
* Training Log
Date:                December 11, 2024
Time:                00:14:54
*------------------------------------------------------------*
MPRINT(EM_DIAGRAM):    filename O21QA26W "\\uisnutvdiprof1a\redirected$\smupp\Documents\HU.PREDICTIVEANALYSIS\Workspaces\EMWS3\EMSave\EMTRAIN.out" encoding="UTF-8" NOBOM;
MPRINT(EM_DIAGRAM):   proc printto print=O21QA26W new;
MPRINT(EM_DIAGRAM):   run;
MPRINT(EM_DIAGRAM):    filename _LOG "\\uisnutvdiprof1a\redirected$\smupp\Documents\HU.PREDICTIVEANALYSIS\Workspaces\EMWS3\EMSave\EMLOG.log" encoding="UTF-8" NOBOM;
MPRINT(EM_DIAGRAM):    data _null_;
MPRINT(EM_DIAGRAM):   call symput('NLDATE', strip(put(date(), NLDATE.)));
MPRINT(EM_DIAGRAM):   call symput('NLTIME', strip(put(datetime(), NLTIME.)));
MPRINT(EM_DIAGRAM):   run;
MPRINT(EM_DIAGRAM):   data _null_;
MPRINT(EM_DIAGRAM):   nldate= sasmsg("sashelp.dmine", "log_date_note", 'N', "December 11, 2024" );
MPRINT(EM_DIAGRAM):   nltime= sasmsg("sashelp.dmine", "log_time_note", 'N', "00:14:54" );
MPRINT(EM_DIAGRAM):   file _LOG;
MPRINT(EM_DIAGRAM):   put "*------------------------------------------------------------*";
MPRINT(EM_DIAGRAM):   put "User:                smupp";
MPRINT(EM_DIAGRAM):   put nldate;
MPRINT(EM_DIAGRAM):   put nltime;
MPRINT(EM_DIAGRAM):   put "Site:                70080107";
MPRINT(EM_DIAGRAM):   put "Platform:            X64_10PRO";
MPRINT(EM_DIAGRAM):   put "Maintenance Release: 9.04.01M7P080520";
MPRINT(EM_DIAGRAM):   put "EM Version:          15.2";
MPRINT(EM_DIAGRAM):   put "* ";
MPRINT(EM_DIAGRAM):   run;
MPRINT(EM_DIAGRAM):    filename _LOGIN "\\uisnutvdiprof1a\redirected$\smupp\Documents\HU.PREDICTIVEANALYSIS\Workspaces\EMWS3\EMSave\EMTRAIN.log" encoding="UTF-8" NOBOM;
MPRINT(EM_COPYFILE):   data _null_;
MPRINT(EM_COPYFILE):   length line $20000;
MPRINT(EM_COPYFILE):   file _LOG MOD lrecl=20000;
MPRINT(EM_COPYFILE):   fid=fopen("_LOGIN",'i',20000,'v');
MPRINT(EM_COPYFILE):   if fid > 0 then do;
MPRINT(EM_COPYFILE):   do while(^fread(fid));
MPRINT(EM_COPYFILE):   rlen = frlen(fid);
MPRINT(EM_COPYFILE):   rc= fget(fid,line,20000);
MPRINT(EM_COPYFILE):   start = length(line)-length(left(line))+1;
MPRINT(EM_COPYFILE):   line=strip(line);
MPRINT(EM_COPYFILE):   put @start line;
MPRINT(EM_COPYFILE):   end;
MPRINT(EM_COPYFILE):   if fid > 0 then rc=fclose(fid);
MPRINT(EM_COPYFILE):   end;
MPRINT(EM_COPYFILE):   run;
MPRINT(EM_DIAGRAM):  ;
MPRINT(EM_DIAGRAM):   filename _LOGIN;
MPRINT(EM_DIAGRAM):    data _null_;
MPRINT(EM_DIAGRAM):   file _LOG mod;
MPRINT(EM_DIAGRAM):   put _page_;
MPRINT(EM_DIAGRAM):   run;
MPRINT(EM_DIAGRAM):   filename _LOGIN "\\uisnutvdiprof1a\redirected$\smupp\Documents\HU.PREDICTIVEANALYSIS\Workspaces\EMWS3\EMSave\EMSCORE.log" encoding="UTF-8" NOBOM;
MPRINT(EM_DIAGRAM):  ;
MPRINT(EM_DIAGRAM):   data _null_;
MPRINT(EM_DIAGRAM):   file _LOG mod;
MPRINT(EM_DIAGRAM):   put _page_;
MPRINT(EM_DIAGRAM):   run;
MPRINT(EM_DIAGRAM):    filename _LOGIN "\\uisnutvdiprof1a\redirected$\smupp\Documents\HU.PREDICTIVEANALYSIS\Workspaces\EMWS3\EMSave\EMREPORT.log" encoding="UTF-8" NOBOM;
MPRINT(EM_DIAGRAM):  ;
MPRINT(EM_DIAGRAM):   filename _LOGIN;
MPRINT(EM_DIAGRAM):    filename _LOG;
MPRINT(EM_DIAGRAM):    filename _OUT "\\uisnutvdiprof1a\redirected$\smupp\Documents\HU.PREDICTIVEANALYSIS\Workspaces\EMWS3\EMSave\EMOUTPUT.out" encoding="UTF-8" NOBOM;
MPRINT(EM_DIAGRAM):    data _null_;
MPRINT(EM_DIAGRAM):   call symput('NLDATE', strip(put(date(), NLDATE.)));
MPRINT(EM_DIAGRAM):   call symput('NLTIME', strip(put(datetime(), NLTIME.)));
MPRINT(EM_DIAGRAM):   run;
MPRINT(EM_DIAGRAM):   data _null_;
MPRINT(EM_DIAGRAM):   nldate= sasmsg("sashelp.dmine", "log_date_note", 'N', "December 11, 2024" );
MPRINT(EM_DIAGRAM):   nltime= sasmsg("sashelp.dmine", "log_time_note", 'N', "00:14:54" );
MPRINT(EM_DIAGRAM):   file _OUT;
MPRINT(EM_DIAGRAM):   put "*------------------------------------------------------------*";
MPRINT(EM_DIAGRAM):   put "User:                smupp";
MPRINT(EM_DIAGRAM):   put nldate;
MPRINT(EM_DIAGRAM):   put nltime;
MPRINT(EM_DIAGRAM):   put "*------------------------------------------------------------*";
MPRINT(EM_DIAGRAM):   put "* Training Output";
MPRINT(EM_DIAGRAM):   put "*------------------------------------------------------------*";
MPRINT(EM_DIAGRAM):   run;
MPRINT(EM_DIAGRAM):    filename _OUTIN "\\uisnutvdiprof1a\redirected$\smupp\Documents\HU.PREDICTIVEANALYSIS\Workspaces\EMWS3\EMSave\EMTRAIN.out" encoding="UTF-8" NOBOM;
MPRINT(EM_DIAGRAM):   ;
MPRINT(EM_COPYFILE):   data _null_;
MPRINT(EM_COPYFILE):   length line $20000;
MPRINT(EM_COPYFILE):   file _OUT MOD lrecl=20000;
MPRINT(EM_COPYFILE):   fid=fopen("_OUTIN",'i',20000,'v');
MPRINT(EM_COPYFILE):   if fid > 0 then do;
MPRINT(EM_COPYFILE):   do while(^fread(fid));
MPRINT(EM_COPYFILE):   rlen = frlen(fid);
MPRINT(EM_COPYFILE):   rc= fget(fid,line,20000);
MPRINT(EM_COPYFILE):   start = length(line)-length(left(line))+1;
MPRINT(EM_COPYFILE):   line=strip(line);
MPRINT(EM_COPYFILE):   put @start line;
MPRINT(EM_COPYFILE):   end;
MPRINT(EM_COPYFILE):   if fid > 0 then rc=fclose(fid);
MPRINT(EM_COPYFILE):   end;
MPRINT(EM_COPYFILE):   run;
MPRINT(EM_DIAGRAM):  ;
MPRINT(EM_DIAGRAM):   filename _OUTIN;
MPRINT(EM_DIAGRAM):    data _null_;
MPRINT(EM_DIAGRAM):   file _OUT mod;
MPRINT(EM_DIAGRAM):   put _page_;
MPRINT(EM_DIAGRAM):   put // "*------------------------------------------------------------*";
MPRINT(EM_DIAGRAM):   put "* Score Output";
MPRINT(EM_DIAGRAM):   put "*------------------------------------------------------------*";
MPRINT(EM_DIAGRAM):   run;
MPRINT(EM_DIAGRAM):    filename _OUTIN "\\uisnutvdiprof1a\redirected$\smupp\Documents\HU.PREDICTIVEANALYSIS\Workspaces\EMWS3\EMSave\EMSCORE.out" encoding="UTF-8" NOBOM;
MPRINT(EM_DIAGRAM):  ;
MPRINT(EM_DIAGRAM):   filename _OUTIN;
MPRINT(EM_DIAGRAM):    data _null_;
MPRINT(EM_DIAGRAM):   file _OUT mod;
MPRINT(EM_DIAGRAM):   put _page_;
MPRINT(EM_DIAGRAM):   put // "*------------------------------------------------------------*";
MPRINT(EM_DIAGRAM):   put "* Report Output";
MPRINT(EM_DIAGRAM):   put "*------------------------------------------------------------*";
MPRINT(EM_DIAGRAM):   run;
MPRINT(EM_DIAGRAM):    filename _OUTIN "\\uisnutvdiprof1a\redirected$\smupp\Documents\HU.PREDICTIVEANALYSIS\Workspaces\EMWS3\EMSave\EMREPORT.out" encoding="UTF-8" NOBOM;
MPRINT(EM_DIAGRAM):  ;
MPRINT(EM_DIAGRAM):   filename _OUTIN;
MPRINT(EM_DIAGRAM):    filename _OUT;
MPRINT(EM_DIAGRAM):    filename _emtool_ '\\uisnutvdiprof1a\redirected$\smupp\Documents\HU.PREDICTIVEANALYSIS\Workspaces\EMWS3\EMSave\EMRUNSTATUS.xml' encoding="UTF-8" NOBOM;
48819      proc freq data=EMWS3.EMSave_VariableSet noprint;
MPRINT(EM_DIAGRAM):    proc freq data=EMWS3.EMSave_VariableSet noprint;
48820      table ROLE*LEVEL/out=WORK.EMSaveMETA;
MPRINT(EM_DIAGRAM):   table ROLE*LEVEL/out=WORK.EMSaveMETA;
48821      run;
MPRINT(EM_DIAGRAM):   run;

NOTE: There were 11 observations read from the data set EMWS3.EMSAVE_VARIABLESET.
NOTE: The data set WORK.EMSAVEMETA has 3 observations and 4 variables.
NOTE: PROCEDURE FREQ used (Total process time):
      real time           0.02 seconds
      cpu time            0.01 seconds
      

48822      proc print data=WORK.EMSaveMETA label noobs;
MPRINT(EM_DIAGRAM):   proc print data=WORK.EMSaveMETA label noobs;
48823      var ROLE LEVEL COUNT;
MPRINT(EM_DIAGRAM):   var ROLE LEVEL COUNT;
48824      label ROLE = "%sysfunc(sasmsg(sashelp.dmine, meta_role_vlabel, NOQUOTE))" LEVEL = "%sysfunc(sasmsg(sashelp.dmine, meta_level_vlabel, NOQUOTE))" COUNT = "%sysfunc(sasmsg(sashelp.dmine, rpt_count_vlabel, NOQUOTE))";
MPRINT(EM_DIAGRAM):   label ROLE = "Role" LEVEL = "Measurement Level" COUNT = "Frequency Count";
48825      title9 ' ';
MPRINT(EM_DIAGRAM):   title9 ' ';
48826      title10 "%sysfunc(sasmsg(sashelp.dmine, rpt_varSummary_title  , NOQUOTE))";
MPRINT(EM_DIAGRAM):   title10 "Variable Summary";
MPRINT(EM_DIAGRAM):   run;
48827      run;

NOTE: There were 3 observations read from the data set WORK.EMSAVEMETA.
NOTE: The PROCEDURE PRINT printed page 10.
NOTE: PROCEDURE PRINT used (Total process time):
      real time           0.00 seconds
      cpu time            0.01 seconds
      

48828      title10;
MPRINT(EM_DIAGRAM):   title10;
48829      %let EMEXCEPTIONSTRING=;
MPRINT(EM_DIAGRAM):     *------------------------------------------------------------*;
MPRINT(EM_DIAGRAM):   * EMSave: Generation of macros and macro variables;
MPRINT(EM_DIAGRAM):   * To see the code generated, set the EM_DEBUG macro variable to SOURCE or _ALL_;
MPRINT(EM_DIAGRAM):   *------------------------------------------------------------*;
MPRINT(EM_DIAGRAM):   *------------------------------------------------------------*;
MPRINT(EM_DIAGRAM):   * EMSave: EM Macro Variables and Macros;
MPRINT(EM_DIAGRAM):   *------------------------------------------------------------*;
MPRINT(EM_DIAGRAM):   *------------------------------------------------------------* ;
MPRINT(EM_DIAGRAM):   * System Macro Variables;
MPRINT(EM_DIAGRAM):   *------------------------------------------------------------* ;
MPRINT(EM_DIAGRAM):   data _null_;
MPRINT(EM_DIAGRAM):   length string $2000;
MPRINT(EM_DIAGRAM):   string = 'VV.PREDICTIVEANALYSIS';
MPRINT(EM_DIAGRAM):   call symput('EM_PROJECTNAME', trim(string));
MPRINT(EM_DIAGRAM):   string = 'DATA SAVE';
MPRINT(EM_DIAGRAM):   call symput('EM_WSNAME', trim(string));
MPRINT(EM_DIAGRAM):   run;
MPRINT(EM_DIAGRAM):   *------------------------------------------------------------* ;
MPRINT(EM_DIAGRAM):   * Properties Macro Variables ;
MPRINT(EM_DIAGRAM):   *------------------------------------------------------------* ;
MPRINT(EM_DIAGRAM):   *------------------------------------------------------------*;
MPRINT(EM_DIAGRAM):   * Files Macro Variables;
MPRINT(EM_DIAGRAM):   *------------------------------------------------------------*;
MPRINT(EM_DIAGRAM):   *------------------------------------------------------------*;
MPRINT(EM_DIAGRAM):   * Import Macro Variables;
MPRINT(EM_DIAGRAM):   *------------------------------------------------------------*;
MPRINT(EM_DIAGRAM):   *------------------------------------------------------------*;
MPRINT(EM_DIAGRAM):   * Export Macro Variables;
MPRINT(EM_DIAGRAM):   *------------------------------------------------------------*;
MPRINT(EM_DIAGRAM):   *------------------------------------------------------------*;
MPRINT(EM_DIAGRAM):   * Decision Macro Variables;
MPRINT(EM_DIAGRAM):   *------------------------------------------------------------*;
MPRINT(EM_DIAGRAM):   *------------------------------------------------------------*;
MPRINT(EM_DIAGRAM):   * Statement Macro Variables;
MPRINT(EM_DIAGRAM):   *------------------------------------------------------------*;
MPRINT(EM_DIAGRAM):   *------------------------------------------------------------*;
MPRINT(EM_DIAGRAM):   * Variable Macros;
MPRINT(EM_DIAGRAM):   *------------------------------------------------------------*;
MPRINT(EM_DIAGRAM):   *------------------------------------------------------------*;
MPRINT(EM_DIAGRAM):   * General Variable Macros;
MPRINT(EM_DIAGRAM):   *------------------------------------------------------------*;
MPRINT(EM_DIAGRAM):   *------------------------------------------------------------*;
MPRINT(EM_DIAGRAM):   * Target Variable Macros;
MPRINT(EM_DIAGRAM):   *------------------------------------------------------------*;
MPRINT(EM_DIAGRAM):   *------------------------------------------------------------*;
MPRINT(EM_DIAGRAM):   * Input Variable Macros;
MPRINT(EM_DIAGRAM):   *------------------------------------------------------------*;
MPRINT(EM_DIAGRAM):   *------------------------------------------------------------*;
MPRINT(EM_DIAGRAM):   * Rejected Variable Macros;
MPRINT(EM_DIAGRAM):   *------------------------------------------------------------*;
MPRINT(EM_DIAGRAM):   *------------------------------------------------------------*;
MPRINT(EM_DIAGRAM):   * Misc Variable Macros;
MPRINT(EM_DIAGRAM):   *------------------------------------------------------------*;
MPRINT(EM_DIAGRAM):   *------------------------------------------------------------*;
MPRINT(EM_DIAGRAM):   * End Create EM Macro Variables and Macros;
MPRINT(EM_DIAGRAM):   *------------------------------------------------------------*;
49145      *------------------------------------------------------------*;
MPRINT(EM_DIAGRAM):    *------------------------------------------------------------*;
49146      * EMSave: Generation of macros and macro variables;
MPRINT(EM_DIAGRAM):   * EMSave: Generation of macros and macro variables;
49147      * To see the code generated, set the EM_DEBUG macro variable to SOURCE or _ALL_;
MPRINT(EM_DIAGRAM):   * To see the code generated, set the EM_DEBUG macro variable to SOURCE or _ALL_;
49148      *------------------------------------------------------------*;
MPRINT(EM_DIAGRAM):   *------------------------------------------------------------*;

49149      %let EMEXCEPTIONSTRING=;
49150      *------------------------------------------------------------*;
MPRINT(EM_DIAGRAM):    *------------------------------------------------------------*;
49151      * TRAIN: EMSave;
MPRINT(EM_DIAGRAM):   * TRAIN: EMSave;
49152      *------------------------------------------------------------*;
MPRINT(EM_DIAGRAM):   *------------------------------------------------------------*;
49153      %let EM_ACTION = TRAIN;
49154      %let syscc = 0;
49155      *** MAIN MACRO FOR EMSAVE EXTENSION NODE;
MPRINT(EM_DIAGRAM):     *** MAIN MACRO FOR EMSAVE EXTENSION NODE;
49156      
49157      %macro EM_SAVEXT_MAIN;
49158      
49159         %if %upcase("&EM_ACTION") = "CREATE" %then %do;
49160             filename _create catalog 'sashelp.emutil.savext_create.source';
49161             %include _create;
49162             filename _create;
49163             %EM_SAVEXT_CREATE;
49164         %end;
49165         %else
49166         %if %upcase("&EM_ACTION") = "TRAIN" %then %do;
49167             filename _train catalog 'sashelp.emutil.savext_train.source';
49168             %include _train;
49169             filename _train;
49170             %EM_SAVEXT_TRAIN;
49171         %end;
49172      
49173      %mend EM_SAVEXT_MAIN;
49174      
49175      %EM_SAVEXT_MAIN;
MPRINT(EM_SAVEXT_MAIN):   filename _train catalog 'sashelp.emutil.savext_train.source';
NOTE: %INCLUDE (level 1) file _TRAIN is file SASHELP.EMUTIL.SAVEXT_TRAIN.SOURCE.
49176     +*** TRAINING MACRO FOR EM_SAVEXT EXTENSION NODE;
MPRINT(EM_SAVEXT_MAIN):   *** TRAINING MACRO FOR EM_SAVEXT EXTENSION NODE;
49178     +%macro EM_SAVEXT_TRAIN;
49180     +    *** IMPORT UTILITY MACROS;
49182     +    filename _savutil catalog 'sashelp.emutil.savext_macros.source';
49183     +    %include _savutil;
49184     +    filename _savutil;
49186     +    *** CHECK FOR IMPORT DATA SOURCES WITHOUT READING PROJECT SETS ************;
49187     +    *** POPULATE MACRO ARRAY TO HOLD ONLY EXISTING AND REQUESTED PARTITIONS ***;
49188     +    *** GET NUMBER OF EXISTING AND REQUESTED PARTITIONS ***********************;
49190     +    data _null_;
49191     +        length _save_set $50 _save_role $20 _save_set_index $12 _save_role_index $14 _i 3;
49192     +        _i=0;
49194     +        *** TRAIN;
49195     +        %if (%EM_SAVEXT_SET_EXISTS(&EM_IMPORT_DATA) and (("&EM_PROPERTY_TRAIN"="Y") or ("&EM_PROPERTY_ALLROLES"="Y"))) %then %do;
49196     +            _i=_i+1;                                                        /* INCREMENT ARRAY INDEX */
49197     +            %EM_SAVEXT_REGISTER(&EM_IMPORT_DATA, TRAIN, _i);                /* INSERT INTO MACRO ARRAY */
49198     +        %end;
49200     +        *** VALIDATE;
49201     +        %if (%EM_SAVEXT_SET_EXISTS(&EM_IMPORT_VALIDATE) and (("&EM_PROPERTY_VALIDATE"="Y") or ("&EM_PROPERTY_ALLROLES"="Y"))) %then %do;
49202     +            _i=_i+1;
49203     +            %EM_SAVEXT_REGISTER(&EM_IMPORT_VALIDATE, VALIDATE, _i);
49204     +        %end;
49206     +        *** TEST;
49207     +        %if (%EM_SAVEXT_SET_EXISTS(&EM_IMPORT_TEST) and (("&EM_PROPERTY_TEST"="Y") or ("&EM_PROPERTY_ALLROLES"="Y"))) %then %do;
49208     +            _i=_i+1;
49209     +            %EM_SAVEXT_REGISTER(&EM_IMPORT_TEST, TEST, _i);
49210     +        %end;
49212     +        *** SCORE;
49213     +        %if (%EM_SAVEXT_SET_EXISTS(&EM_IMPORT_SCORE) and (("&EM_PROPERTY_SCORE"="Y") or ("&EM_PROPERTY_ALLROLES"="Y"))) %then %do;
49214     +            _i=_i+1;
49215     +            %EM_SAVEXT_REGISTER(&EM_IMPORT_SCORE, SCORE, _i);
49216     +        %end;
49218     +        *** TRANSACTION;
49219     +        %if (%EM_SAVEXT_SET_EXISTS(&EM_IMPORT_TRANSACTION) and (("&EM_PROPERTY_TRANSACTION"="Y") or ("&EM_PROPERTY_ALLROLES"="Y"))) %then %do;
49220     +            _i=_i+1;
49221     +            %EM_SAVEXT_REGISTER(&EM_IMPORT_TRANSACTION, TRANSACTION, _i);
49222     +        %end;
49224     +        *** ESTABLISH NUMBER OF SETS TO SAVE;
49225     +        call symput('_NUM_SAVE_SETS', strip(put(_i,1.)));
49227     +    run;
49229     +    *** EXIT IF NO PARTITIONS TO SAVE;
49231     +    %if ^(&_NUM_SAVE_SETS) %then %do;
49232     +        %put &EM_CODEBAR;
49233     +        %let WARNING = %sysfunc(sasmsg(sashelp.dmine, save_nodata_warn, NOQUOTE));
49234     +        %put &WARNING;
49235     +        %put &EM_CODEBAR;
49236     +        %goto quit;
49237     +    %end;
49239     +    *** FOR FILE PREFIXES CONTAINING PROBLEMATIC CHARACTERS;
49240     +    *** REVERT TO DEFAULT NAME;
49242     +    %if ^(%nrbquote(%sysfunc(compress("&EM_PROPERTY_NAME")))="") %then %do;
49243     +        %let _BAD_CHARS= <>:%str(%")%str(%')/\|?* %nrstr(&)%nrstr(%%);
49244     +        %let _BAD_CHAR_FLAG= 0;
49245     +        %do _i= 1 %to %length(%nrbquote(&_BAD_CHARS));
49246     +            %if %index(%nrbquote(&EM_PROPERTY_NAME), %nrbquote(%substr(%nrbquote(&_BAD_CHARS), &_i, 1)))
49247     +                %then %let _BAD_CHAR_FLAG= 1;
49248     +        %end;
49249     +        %if %sysfunc(kcount(%nrbquote(&EM_PROPERTY_NAME))) %then %let _BAD_CHAR_FLAG= 1;
49251     +        %if &_BAD_CHAR_FLAG %then %do;
49252     +           %put &EM_CODEBAR;
49253     +           %let WARNING= %sysfunc(sasmsg(sashelp.dmine, save_bad_char_err, NOQUOTE));
49254     +           %put &WARNING;
49255     +           %put &EM_CODEBAR;
49256     +           *** REVERT TO DEFAULT NAME;
49257     +           %let EM_PROPERTY_NAME = em_save;
49258     +        %end;
49259     +    %end;
49260     +    *** ACCOUNT FOR LIB ISSUES;
49262     +    %if (%upcase(%sysfunc(compress("&EM_PROPERTY_LIB"))) = "WORK") %then %do;
49263     +        %put &EM_CODEBAR;
49264     +        %let WARNING= %sysfunc(sasmsg(sashelp.dmine, save_work_lib_warn, NOQUOTE));
49265     +        %put &WARNING;                                                      /* WORK IS A TEMPORARY LIBRARY */
49266     +        %put &EM_CODEBAR;                                                   /* IT DISAPPEARS AFTER THE FLOW COMPLETES ALONG WITH DATA SAVED THERE */
49267     +    %end;
49270     +    %if (%sysfunc(compress("&EM_PROPERTY_LIB")) = "") %then %do;            /* IN SOME CASES THIS IS BEING INITIALIZED AS " " */
49271     +        libname _em_save "%nrbquote(&EM_NODEDIR)";                          /* AND IN OTHERS AS "" */
49272     +        %let EM_PROPERTY_LIB = _em_save;
49273     +    %end;
49275     +    *** CHECK FOR EXISTING LIB;
49277     +    %let _rc = %sysfunc(libref(&EM_PROPERTY_LIB));
49278     +    %if &_rc %then %do;
49279     +        %let EMEXCEPTIONSTRING=exception.server.DATASOURCE.LIBRARY.NOTASSIGNED,&EM_PROPERTY_LIB;
49280     +        %put &EM_CODEBAR;
49281     +        %let ERROR1 = %sysfunc(sasmsg(sashelp.dmine, DATASOURCE.LIBRARY.NOTASSIGNED_ERR, NOQUOTE, &EM_PROPERTY_LIB));
49282     +        %put &ERROR1;
49283     +        %put &EM_CODEBAR;
49284     +        %goto quit;
49285     +    %end;
49287     +    *** ACCOUNT FOR DEFAULT NAME;                                           /* IN SOME CASES THIS IS BEING INITIALIZED AS " " */
49288     +                                                                            /* AND IN OTHERS AS "" */
49289     +    %if (%sysfunc(compress("&EM_PROPERTY_NAME"))="") %then %let EM_PROPERTY_NAME = em_save;
49291     +    *** CALL UTILITY MACROS TO SAVE SETS *************************************;
49293     +    %if ("&EM_PROPERTY_TYPE"="SAS7BDAT") %then %do;                         /* OUTPUT SAS DATA SET */
49294     +        %do _i=1 %to &_num_save_sets;
49295     +            %EM_SAVEXT_GET_VARS(&&_SAVE_ROLE&_i, &&_SAVE_SET&_i);           /* GET EXACT INPUT VARS FOR EACH INPUT SET */
49296     +            %if ("&EM_NUM_SAVEXT_VARS"= "0") %then %do;                     /* IF NO VARIABLES WERE SELECTED CONTINUE TO NEXT PARTITION */
49297     +                %put &EM_CODEBAR;                                           /* REALLY ONLY MATTERS FOR TRANSACTION DATA - OTHERWISE ALL PARTITIONS WILL HAVE SAME NUMBER OF VARS */
49298     +                %let WARNING = %sysfunc(sasmsg(sashelp.dmine, save_novars_warn, NOQUOTE, &EM_NUM_SAVEXT_VARS));
49299     +                %put &WARNING;
49300     +                %put &EM_CODEBAR;
49301     +                %goto continue_sas_loop;
49302     +            %end;
49303     +            %EM_SAVEXT_SAS(&&_SAVE_ROLE&_i, &&_SAVE_SET&_i);                /* CYCLE THROUGH SETS TO SAVE */
49304     +            %continue_sas_loop:
49305     +        %end;
49306     +    %end;
49307     +    %else %do;                                                              /* OUTPUT JMP, EXCEL 2007, CSV OR TAB TABLE */
49308     +        %do _i=1 %to &_num_save_sets;
49309     +            %EM_SAVEXT_GET_VARS(&&_SAVE_ROLE&_i, &&_SAVE_SET&_i);
49310     +            %if ("&EM_NUM_SAVEXT_VARS"= "0") %then %do;
49311     +                %put &EM_CODEBAR;
49312     +                %let WARNING = %sysfunc(sasmsg(sashelp.dmine, save_novars_warn, NOQUOTE, &EM_NUM_SAVEXT_VARS));
49313     +                %put &WARNING;
49314     +                %put &EM_CODEBAR;
49315     +                %goto continue_pxpt_loop;
49316     +            %end;
49317     +            %EM_SAVEXT_PXPT(&&_SAVE_ROLE&_i, &&_SAVE_SET&_i);
49318     +            %continue_pxpt_loop:
49319     +        %end;
49320     +    %end;
49322     +    *** OUTPUT ****************************************************************;
49324     +    %if %sysfunc(exist(_save_output_temp)) %then %do;
49326     +        %EM_GETNAME(key=SAVEOUT, type=DATA);
49328     +        *** SAVE OUTPUT DATA TO PROJECT;
49330     +        data &EM_USER_SAVEOUT;
49331     +            set _save_output_temp;
49332     +            label
49333     +                nobs="%sysfunc(sasmsg(sashelp.dmine, save_numobs_vlabel, NOQUOTE))"
49334     +                outnobs="%sysfunc(sasmsg(sashelp.dmine, save_numoutobs_vlabel, NOQUOTE))"
49335     +                vars="%sysfunc(sasmsg(sashelp.dmine, rpt_varcount_vlabel, NOQUOTE))"
49336     +                name="%sysfunc(sasmsg(sashelp.dmine, save_location_vlabel, NOQUOTE))"
49337     +                %if ("&EM_PROPERTY_TYPE"= "SAS7BDAT") %then %do;
49338     +                    lib= "%sysfunc(sasmsg(sashelp.dmine, rpt_datalib_vlabel, NOQUOTE))"
49339     +                %end;
49340     +                ;
49341     +        run;
49343     +        *** PRINT TO OUTPUT;
49345     +        title "%sysfunc(sasmsg(sashelp.dmine, save_results_title, NOQUOTE))";
49346     +        proc print data=&EM_USER_SAVEOUT label noobs; run;
49347     +        %EM_REPORT(key=SAVEOUT, viewtype=DATA, autodisplay=Y);
49348     +        title;
49350     +    %end;
49352     +    *** SAVE FORMATS **********************************************************;
49354     +    *** CHECK REPLACE CONSTRAINT FOR FORMATS;
49356     +    %if ((%sysfunc(cexist(&EM_PROPERTY_LIB..&EM_PROPERTY_NAME._FORMATS)) and
49357     +        "&EM_PROPERTY_TYPE"="SAS7BDAT") and
49358     +        ("&EM_PROPERTY_REPLACE"="N"))
49359     +            %then %do;
49360     +                %put &EM_CODEBAR;
49361     +                %let WARNING = %sysfunc(sasmsg(sashelp.dmine, save_nocats_warn, NOQUOTE));
49362     +                %put &WARNING;
49363     +                %put &EM_CODEBAR;
49364     +                %goto quit;
49365     +            %end;
49367     +    %if ((%sysfunc(fileexist(&EM_PROPERTY_DIRECTORYSELECTOR.&EM_DSEP.&EM_PROPERTY_NAME._FORMATS.xpt)) and
49368     +        "&EM_PROPERTY_TYPE" ne "SAS7BDAT") and
49369     +        ("&EM_PROPERTY_REPLACE"="N"))
49370     +           %then %do;
49371     +                %put &EM_CODEBAR;
49372     +                %let WARNING = %sysfunc(sasmsg(sashelp.dmine, save_nocats_warn, NOQUOTE));
49373     +                %put &WARNING;
49374     +                %put &EM_CODEBAR;
49375     +                %goto quit;
49376     +            %end;
49378     +    *** WRITE FORMAT CATALOGS OR TRANSPORT FILE TO ACCOMPANY SAVED DATA;
49379     +    *** CONTINGENT ON FORMATS EXISTING;
49380     +    *** PARSE NODE VARIABLE SET FOR FORMATS;
49382     +    %let _FORMAT_FLAG = 0;
49383     +    data _formats;
49384     +        length format $32; /* AVOID MERGE VARIABLE LENGTH WARNING */
49385     +        set &EM_DATA_VARIABLESET(keep=format where=(format ne '')) end=eof;
49386     +        format = tranwrd(format, '.', '');
49387     +        if indexc(format, '$') then fmttype = 'C';
49388     +        else fmttype = 'N';
49389     +        if eof then call symput('_FORMAT_FLAG',strip(put(1,1.)));
49390     +    run;
49391     +    %if (&_FORMAT_FLAG) %then %EM_SAVEXT_CATALOG(_formats);
49392     +    proc delete data=_formats; run;
49394     +    *** HOUSEKEEPING **********************************************************;
49396     +    %quit:
49398     +    %if ^(%sysfunc(libref(_em_save))) %then %do;
49399     +        libname &EM_PROPERTY_LIB clear;
49400     +    %end;
49402     +    %if (%sysfunc(exist(_save_output_temp))) %then %do;
49403     +        proc delete data=_save_output_temp; run;
49404     +    %end;
49406     +%mend EM_SAVEXT_TRAIN;
NOTE: %INCLUDE (level 1) ending.
MPRINT(EM_SAVEXT_MAIN):   filename _train;
NOTE: Fileref _TRAIN has been deassigned.
MPRINT(EM_SAVEXT_TRAIN):   *** IMPORT UTILITY MACROS;
MPRINT(EM_SAVEXT_TRAIN):   filename _savutil catalog 'sashelp.emutil.savext_macros.source';
NOTE: %INCLUDE (level 1) file _SAVUTIL is file SASHELP.EMUTIL.SAVEXT_MACROS.SOURCE.
49407     +*** UTILITY MACROS FOR EMSAVE NODE ********************************************;
MPRINT(EM_SAVEXT_TRAIN):   *** UTILITY MACROS FOR EMSAVE NODE ********************************************;
49409     +*** FUNCTIONALITY TO SAVE SAS DATA SETS ***************************************;
MPRINT(EM_SAVEXT_TRAIN):   *** FUNCTIONALITY TO SAVE SAS DATA SETS ***************************************;
49410     +*** CALLED BY EM_SAVEXT_TRAIN *************************************************;
MPRINT(EM_SAVEXT_TRAIN):   *** CALLED BY EM_SAVEXT_TRAIN *************************************************;
49412     +%macro EM_SAVEXT_SAS(_SAVE_ROLE, _SAVE_SET);
49414     +    *** CHECK SAS SET NAME LENGTH;
49416     +    %if %symexist(EM_SAVEXT_SAS_NAME_LENGTH) %then %do;
49417     +        %if ("&EM_SAVEXT_SAS_NAME_LENGTH"="") %then %let EM_SAVEXT_SAS_NAME_LENGTH=30;
49418     +    %end;
49419     +    %else %let EM_SAVEXT_SAS_NAME_LENGTH=30;                                /* 30 FOR OUTSIDE VENDOR LIBS */
49421     +    %if %eval((%length(&EM_PROPERTY_NAME._&_SAVE_ROLE)) > &EM_SAVEXT_SAS_NAME_LENGTH) %then %do;
49422     +        %put &EM_CODEBAR;
49423     +        %let WARNING = %sysfunc(sasmsg(sashelp.dmine, save_namelengthsas_warn, NOQUOTE, &EM_PROPERTY_NAME._&_SAVE_ROLE));
49424     +        %put &WARNING;
49425     +        %put &EM_CODEBAR;
49426     +        *** REVERTING TO DEFAULT NAME;
49427     +        %let EM_PROPERTY_NAME = em_save;
49428     +    %end;
49430     +    *** CHECK REPLACE CONSTRAINT FOR DATA SET;
49432     +    %if (%sysfunc(exist(&EM_PROPERTY_LIB..&EM_PROPERTY_NAME._&_SAVE_ROLE)) and
49433     +        ("&EM_PROPERTY_REPLACE"="N")) %then %do;
49434     +        %put &EM_CODEBAR;
49435     +        %let WARNING = %sysfunc(sasmsg(sashelp.dmine, save_replace_warn, NOQUOTE, &EM_PROPERTY_LIB..&EM_PROPERTY_NAME._&_SAVE_ROLE));
49436     +        %put &WARNING;
49437     +        %put &EM_CODEBAR;
49438     +        %goto quit;
49439     +    %end;
49441     +    *** WRITE SAVED DATA SET;
49443     +    %if ("&EM_PROPERTY_ALLOBS"="Y") %then %let EM_PROPERTY_OUTOBS=MAX;
49445     +    data &EM_PROPERTY_LIB..&EM_PROPERTY_NAME._&_SAVE_ROLE;
49446     +        set &_SAVE_SET (obs=&EM_PROPERTY_OUTOBS);
49447     +        keep %EM_SAVEXT_VARS;
49448     +    run;
49450     +    *** WRITE RESULTS *********************************************************;
49451     +    *** CONTINGENT ON SAVED FILE EXISTING *************************************;
49453     +    %let _dsid=%sysfunc(open(&_SAVE_SET));
49454     +    %if &_dsid %then %do;
49455     +        %let _SAVE_NOBS=%sysfunc(attrn(&_dsid, NLOBS));
49456     +        %let _rc=%sysfunc(close(&_dsid));
49457     +        %if %eval(&_SAVE_NOBS < 0) %then %do;
49458     +            proc sql noprint;
49459     +                select count(*) into: _SAVE_NOBS
49460     +                from &_SAVE_SET;
49461     +            ;
49462     +            quit;
49463     +        %end;
49464     +    %end;
49465     +    %else %do;
49466     +        %let EMEXCEPTIONSTRING=exception.server.IO.OPEN,&EM_PROPERTY_LIB..&EM_PROPERTY_NAME._&_SAVE_ROLE;
49467     +        %put &EM_CODEBAR;
49468     +        %let ERROR2 = %sysfunc(sasmsg(sashelp.dmine, IO.OPEN_ERR, NOQUOTE, &EM_PROPERTY_LIB..&EM_PROPERTY_NAME._&_SAVE_ROLE));
49469     +        %put &ERROR2;
49470     +        %put &EM_CODEBAR;
49471     +        %goto quit;
49472     +    %end;
49474     +    %if ("&EM_PROPERTY_OUTOBS" ne "MAX") %then %do;
49475     +        %if (%eval(&EM_PROPERTY_OUTOBS > &_SAVE_NOBS)) %then %let EM_PROPERTY_OUTOBS= MAX;
49476     +    %end;
49478     +    data _save_output_temp_record;
49479     +        length lib $20 name $255 nobs $20 outnobs $20 vars $20;
49480     +        vars=left("&EM_NUM_SAVEXT_VARS");
49481     +        outnobs=left("&EM_PROPERTY_OUTOBS");
49482     +        nobs=left("&_SAVE_NOBS");
49483     +        lib= left("&EM_PROPERTY_LIB");
49484     +        name=left("%sysfunc(pathname(&EM_PROPERTY_LIB))&EM_DSEP.&EM_PROPERTY_NAME._&_SAVE_ROLE..%lowcase(&EM_PROPERTY_TYPE)");
49485     +    run;
49487     +    proc append base=_save_output_temp data=_save_output_temp_record force; run; quit;
49488     +    proc delete data=_save_output_temp_record; run;
49490     +    *** HOUSEKEEPING **********************************************************;
49492     +    %quit:
49494     +    %if %symexist(_SAVE_NOBS) %then %do;
49495     +        data _null_;
49496     +            call symdel('_SAVE_NOBS', 'NOWARN');
49497     +        run;
49498     +    %end;
49500     +    %if %symexist(EM_NUM_SAVEXT_VARS) %then %do;
49501     +        data _null_;
49502     +            call symdel('EM_NUM_SAVEXT_VARS', 'NOWARN');
49503     +        run;
49504     +    %end;
49506     +%mend EM_SAVEXT_SAS;
49508     +*** FUNCTIONALITY TO SAVE NON-SAS FORMATS *************************************;
MPRINT(EM_SAVEXT_TRAIN):   *** FUNCTIONALITY TO SAVE NON-SAS FORMATS *************************************;
49509     +*** CALLED BY EM_SAVEXT_TRAIN *************************************************;
MPRINT(EM_SAVEXT_TRAIN):   *** CALLED BY EM_SAVEXT_TRAIN *************************************************;
49511     +%macro EM_SAVEXT_PXPT(_SAVE_ROLE, _SAVE_SET);
49513     +    *** ACCOUNT FOR DEFAULT DIR;
49515     +    %if ("&EM_PROPERTY_DIRECTORYSELECTOR" = "") %then %let EM_PROPERTY_DIRECTORYSELECTOR = %nrbquote(&EM_NODEDIR);
49517     +    *** CHECK JMP NAME LENGTH;
49519     +    %if %symexist(EM_SAVEXT_JMP_NAME_LENGTH) %then %do;
49520     +        %if ("&EM_SAVEXT_JMP_NAME_LENGTH"= "") %then %let EM_SAVEXT_JMP_NAME_LENGTH= 32;
49521     +    %end;
49522     +    %else %let EM_SAVEXT_JMP_NAME_LENGTH= 32;
49524     +    %if ("&EM_PROPERTY_TYPE"="JMP") %then %do;
49525     +        %if %eval((%length(&EM_PROPERTY_NAME._&_SAVE_ROLE)) > &EM_SAVEXT_JMP_NAME_LENGTH) %then %do;
49526     +            %put &EM_CODEBAR;
49527     +            %let WARNING= %sysfunc(sasmsg(sashelp.dmine, save_namelengthjmp_warn, NOQUOTE, &EM_PROPERTY_NAME._&_SAVE_ROLE));
49528     +            %put &WARNING;
49529     +            %put &EM_CODEBAR;
49530     +            *** REVERTING TO DEFAULT NAME;
49531     +            %let EM_PROPERTY_NAME = em_save;
49532     +        %end;
49533     +    %end;
49535     +    *** ESTABLISH FULL SAVE FILE NAME FOR USE BELOW;
49537     +    %let _OUT_FILE_NAME=&EM_PROPERTY_DIRECTORYSELECTOR.&EM_DSEP.&EM_PROPERTY_NAME._&_SAVE_ROLE..%lowcase(&EM_PROPERTY_TYPE);
49539     +    *** CHECK REPLACE CONSTRAINT;
49541     +    %if (%sysfunc(fileexist(&_OUT_FILE_NAME)) and ("&EM_PROPERTY_REPLACE"="N")) %then %do;
49542     +        %put &EM_CODEBAR;
49543     +        %let WARNING = %sysfunc(sasmsg(sashelp.dmine, save_replace_warn, NOQUOTE, &_OUT_FILE_NAME));
49544     +        %put &WARNING;
49545     +        %put &EM_CODEBAR;
49546     +        %goto quit;
49547     +    %end;
49548     +    %else %if (^%sysfunc(fileexist(&_OUT_FILE_NAME)) and ("&EM_PROPERTY_REPLACE"="N")) %then %do;
49549     +        %let _REPLACE= ;
49550     +    %end;
49551     +    %else %do;
49552     +        %let _REPLACE=replace;
49553     +    %end;
49555     +    *** EXCEL 2010 LIMITATIONS;
49556     +    *** CAN BE OVERRIDDEN BY STARTUP CODE;
49558     +    %if %symexist(_EXCEL_MAX_ROWS) %then %do;
49559     +        %if ("&_EXCEL_MAX_ROWS"= "") %then %let _EXCEL_MAX_ROWS= 1048575;
49560     +    %end;
49561     +    %else %let _EXCEL_MAX_ROWS= 1048575;
49563     +    %if %symexist(_EXCEL_MAX_COLS) %then %do;
49564     +        %if ("&_EXCEL_MAX_COLS"="") %then %let _EXCEL_MAX_COLS= 16384;
49565     +    %end;
49566     +    %else %let _EXCEL_MAX_COLS=16384;
49568     +    *** GET INFO FOR EXCEL FILE SIZE LIMITATIONS AND OUTPUT;
49570     +    %let _dsid=%sysfunc(open(&_SAVE_SET));
49571     +    %if &_dsid %then %do;
49572     +        %let _SAVE_NOBS=%sysfunc(attrn(&_dsid, NLOBS));
49573     +        %let _rc=%sysfunc(close(&_dsid));
49574     +        %if %eval(&_SAVE_NOBS < 0) %then %do;
49575     +            proc sql noprint;
49576     +                select count(*) into: _SAVE_NOBS
49577     +                from &_SAVE_SET;
49578     +                ;
49579     +            quit;
49580     +        %end;
49581     +    %end;
49582     +    %else %do;
49583     +        %let EMEXCEPTIONSTRING=exception.server.IO.OPEN,&_SAVE_SET;
49584     +        %put &EM_CODEBAR;
49585     +        %let ERROR3 = %sysfunc(sasmsg(sashelp.dmine, IO.OPEN_ERR, NOQUOTE, &_SAVE_SET));
49586     +        %put &ERROR3;
49587     +        %put &EM_CODEBAR;
49588     +        %goto quit;
49589     +    %end;
49591     +    *** CHECK EXCEL FILE SIZE;
49593     +    %if ("&EM_PROPERTY_TYPE"="XLSX") and (%eval(&_SAVE_NOBS > &_EXCEL_MAX_ROWS) or %eval(&EM_NUM_SAVEXT_VARS > &_EXCEL_MAX_COLS)) %then %do;
49594     +        %put &EM_CODEBAR;
49595     +        %let WARNING = %sysfunc(sasmsg(sashelp.dmine, save_excel_limit_warn, NOQUOTE, &_SAVE_SET));
49596     +        %put &WARNING;
49597     +        %put &EM_CODEBAR;
49598     +    %end;
49600     +    *** EXECUTE EXPORT ********************************************************;
49601     +    *** VIEW USED TO AVOID EMPTY COLUMNS IN EXPORTED TAB AND CSV FILES ********;
49603     +    %if ("&EM_PROPERTY_ALLOBS"="Y") %then %let EM_PROPERTY_OUTOBS=MAX;      /* OTHERWISE ONLY EM_PROPERTY_OUTOBS WILL BE WRITTEN */
49605     +    %if ("&EM_PROPERTY_OUTOBS" ne "MAX") %then %do;
49606     +        %if (%eval(&EM_PROPERTY_OUTOBS > &_SAVE_NOBS)) %then %let EM_PROPERTY_OUTOBS= MAX;
49607     +    %end;
49609     +    %if ("&EM_PROPERTY_TYPE"="TXT" or "&EM_PROPERTY_TYPE"="CSV") %then %do;
49611     +        *** SPECIAL CONDITION FOR TAB PROPERTY;
49613     +        %if ("&EM_PROPERTY_TYPE"="TXT") %then %let EM_PROPERTY_TYPE=tab;
49615     +        data _temp_save_view /view=_temp_save_view;
49616     +            set &_SAVE_SET;
49617     +            keep %EM_SAVEXT_VARS;
49618     +        run;
49620     +        %let SYSCC=0;
49621     +        proc export data=_temp_save_view(obs=&EM_PROPERTY_OUTOBS) outfile="&_OUT_FILE_NAME" &_REPLACE dbms=&EM_PROPERTY_TYPE;
49622     +        run;
49623     +        quit;
49625     +    %end;
49626     +    %else %do;
49628     +        %let SYSCC=0;
49629     +        proc export data=&_SAVE_SET(obs=&EM_PROPERTY_OUTOBS keep=%EM_SAVEXT_VARS) outfile="&_OUT_FILE_NAME" &_REPLACE dbms=&EM_PROPERTY_TYPE;
49630     +        run;
49631     +        quit;
49633     +    %end;
49635     +    %if (^&SYSCC=0) %then %do;
49636     +        %let EMEXCEPTIONSTRING=exception.server.IO.CREATE,&_OUT_FILE_NAME;
49637     +        %put &EM_CODEBAR;
49638     +        %let ERROR4 = %sysfunc(sasmsg(sashelp.dmine, IO.CREATE_ERR, NOQUOTE, &_OUT_FILE_NAME));
49639     +        %put &ERROR4;
49640     +        %put &EM_CODEBAR;
49641     +        %goto quit;
49642     +    %end;
49644     +    *** WRITE RESULTS *********************************************************;
49645     +    *** CONTINGENT ON SAVED FILE EXISTING *************************************;
49647     +    %if %sysfunc(fileexist(&_OUT_FILE_NAME)) %then %do;
49648     +        data _save_output_temp_record;
49649     +            length name $255 nobs $20 outnobs $20 vars $20;
49650     +            vars=left("&EM_NUM_SAVEXT_VARS");
49651     +            outnobs=left("&EM_PROPERTY_OUTOBS");
49652     +            nobs=left("&_SAVE_NOBS");
49653     +            name=left("&_OUT_FILE_NAME");
49654     +        run;
49655     +        proc append base=_save_output_temp data=_save_output_temp_record force; run; quit;
49656     +        proc delete data=_save_output_temp_record; run;
49657     +    %end;
49658     +    %else %do;
49659     +        %let EMEXCEPTIONSTRING=exception.server.IO.CANTREADFILE,&_OUT_FILE_NAME;
49660     +        %put &EM_CODEBAR;
49661     +        %let ERROR5 = %sysfunc(sasmsg(sashelp.dmine, IO.CANTREADFILE_ERR, NOQUOTE, &_OUT_FILE_NAME));
49662     +        %put &ERROR5;
49663     +        %put &EM_CODEBAR;
49664     +        %goto quit;
49665     +    %end;
49667     +    *** HOUSEKEEPING **********************************************************;
49669     +    %quit:
49671     +    %if ("&EM_PROPERTY_TYPE"="tab") %then %let EM_PROPERTY_TYPE=TXT;
49673     +    %if %sysfunc(exist(_temp_save_view, VIEW)) %then %do;
49674     +        proc datasets lib=work memtype=view nolist;
49675     +            delete _temp_save_view;
49676     +        run;
49677     +        quit;
49678     +    %end;
49680     +    %if %symexist(_SAVE_NOBS) %then %do;
49681     +        data _null_;
49682     +            call symdel('_SAVE_NOBS', 'NOWARN');
49683     +        run;
49684     +    %end;
49686     +    %if %symexist(EM_NUM_SAVEXT_VARS) %then %do;
49687     +        data _null_;
49688     +            call symdel('EM_NUM_SAVEXT_VARS', 'NOWARN');
49689     +        run;
49690     +    %end;
49692     +%mend EM_SAVEXT_PXPT;
49694     +*** SAVES SAS CATALOGS FOR OUTPUT DATA SETS ***********************************;
MPRINT(EM_SAVEXT_TRAIN):   *** SAVES SAS CATALOGS FOR OUTPUT DATA SETS ***********************************;
49695     +*** CALLED BY EM_SAVEXT_TRAIN *************************************************;
MPRINT(EM_SAVEXT_TRAIN):   *** CALLED BY EM_SAVEXT_TRAIN *************************************************;
49697     +%macro EM_SAVEXT_CATALOG(_FORMATS);
49699     +    *** SORT AND REMOVE DUPLICATES;
49701     +    proc sort data=&_FORMATS nodupkey;
49702     +        by format;
49703     +    run;
49704     +    quit;
49706     +    *** RETRIEVE FORMAT LOCATION INFO AND ASSIGNED CATALOGS IN ACTIVE SESSION;
49708     +    proc sort data=sashelp.vformat(keep=fmtname libname memname where=(libname ne '' and memname ne ''))
49709     +        out=_formats2(rename=(fmtname=format));
49710     +        by fmtname;
49711     +    run;
49712     +    quit;
49714     +    *** MERGE SAS FORMATS WITH LOCATION;
49716     +    data &_FORMATS;
49717     +        merge &_FORMATS(in=_a) _formats2(in=_b);
49718     +        by format;
49719     +        if _a and _b then output;
49720     +    run;
49722     +    *** IF &_FORMATS IS EMPTY AFTER MERGE THEN NO FORMATS BELONG TO THE SAVED SET;
49724     +    proc contents data=&_FORMATS out=_formats_content_temp noprint; run;
49725     +    data _null_;
49726     +        set _formats_content_temp (obs=1);
49727     +        if nobs > 0 then call symput('_USER_FORMATS_FLAG','1');
49728     +        else call symput('_USER_FORMATS_FLAG','0');
49729     +    run;
49730     +    %if (^&_USER_FORMATS_FLAG) %then %do;
49731     +        %put &EM_CODEBAR;
49732     +        %let WARNING = %sysfunc(sasmsg(sashelp.dmine, save_nocats_warn, NOQUOTE));
49733     +        %put &WARNING;
49734     +        %put &EM_CODEBAR;
49735     +        %goto quit;
49736     +    %end;
49738     +    *** SAVE FORMATS AS CATALOG OR TRANSPORT FORMAT;
49740     +    proc sort data=&_FORMATS;
49741     +        by libname memname;
49742     +    run;
49743     +    quit;
49745     +    *** WRITING CATALOG IN WORK AVOIDS OVERWRITING SAS CATALOG;
49746     +    *** FOR CASE REPLACE=N, TYPE ne SAS7BDAT;
49748     +    data _null_;
49749     +        set &_FORMATS end=eof;
49750     +        by libname memname;
49751     +        if first.libname or first.memname then do;
49752     +            call execute('proc catalog cat='|| strip(libname)||'.'||strip(memname)||';');
49753     +            call execute('copy out=work.&EM_PROPERTY_NAME._FORMATS et=format ;');
49754     +            call execute('select ');
49755     +        end;
49756     +        if strip(fmttype) eq 'C' then do;
49757     +            call execute(' '||strip(tranwrd(format, '$', ''))||'.formatc');
49758     +        end;
49759     +        else call execute(' '||strip(format)||'.format');
49760     +        if last.libname or last.memname then do;
49761     +            call execute(';');
49762     +            call execute('run;');
49763     +        end;
49764     +        if eof then call execute('quit;');
49765     +    run;
49767     +    %if ("&EM_PROPERTY_TYPE" = "SAS7BDAT") %then %do;
49768     +        proc copy in=work out=&EM_PROPERTY_LIB; select &EM_PROPERTY_NAME._FORMATS; run; quit;
49769     +    %end;
49770     +    %else %do;
49771     +        proc cport cat=work.&EM_PROPERTY_NAME._formats file="&EM_PROPERTY_DIRECTORYSELECTOR.&EM_DSEP.&EM_PROPERTY_NAME._FORMATS.xpt"; run;
49772     +    %end;
49774     +    *** HOUSEKEEPING **********************************************************;
49776     +    proc datasets lib=work memtype=catalog nolist;
49777     +        delete &EM_PROPERTY_NAME._FORMATS;
49778     +    run;
49779     +    quit;
49781     +    %quit:
49783     +    proc delete data=_formats_content_temp; run;
49784     +    proc delete data=_formats2; run;
49786     +%mend EM_SAVEXT_CATALOG;
49788     +*** FIND VARIABLES TO KEEP ****************************************************;
MPRINT(EM_SAVEXT_TRAIN):   *** FIND VARIABLES TO KEEP ****************************************************;
49789     +*** CALLED BY EM_SAVEXT_TRAIN *************************************************;
MPRINT(EM_SAVEXT_TRAIN):   *** CALLED BY EM_SAVEXT_TRAIN *************************************************;
49791     +%macro EM_SAVEXT_GET_VARS(_SAVE_ROLE, _SAVE_SET);
49793     +    %if("%sysfunc(strip(%upcase(&_SAVE_ROLE)))" ne "TRANSACTION") %then %do;
49795     +        *** COMPARE INPUT SET AND NODE VARIABLE SET TO GET THE EXACT VARIABLES TO EXPORT;
49797     +        proc contents data=&_SAVE_SET out=_input_vars(keep=name) noprint; run;
49798     +        proc sort data=_input_vars; by name; run;
49800     +        *** EXCLUDE REJECTED OR UNUSED VARIABLES;
49802     +        proc sort data=&EM_DATA_VARIABLESET
49803     +            (where=(use='Y' or (use='D' and role ne 'REJECTED'))) out=_train_vars(keep=name);
49804     +            by name;
49805     +        run;
49807     +        data _em_savext_vars;
49808     +            merge _input_vars(in=_a) _train_vars(in=_b);
49809     +            by name;
49810     +            keep name;
49811     +            if _a and _b then output;
49812     +        run;
49814     +        *** CREATE VARIABLE AND NUMBER MACROS FOR EACH INPUT SET;
49816     +        %em_varMacro(name=EM_SAVEXT_VARS, metadata=_em_savext_vars, key=name, nummacro=EM_NUM_SAVEXT_VARS);
49818     +        *** HOUSEKEEPING;
49820     +        proc delete data=_input_vars; run;
49821     +        proc delete data=_train_vars; run;
49822     +        proc delete data=_em_savext_vars; run;
49824     +    %end;
49825     +    %else %do; /* TRANSCATION TABLE VARIABLES ARE NOT LISTED IN THE TRAINING VARIABLE SET */
49827     +        proc contents data=&_SAVE_SET out=_em_savext_vars(keep=name) noprint; run;
49828     +        %em_varMacro(name=EM_SAVEXT_VARS, metadata=_em_savext_vars, key=name, nummacro=EM_NUM_SAVEXT_VARS);
49829     +        proc delete data=_em_savext_vars; run;
49831     +    %end;
49833     +%mend EM_SAVEXT_GET_VARS;
49835     +*** CHECKS IF A SET OR VIEW EXISTS ********************************************;
MPRINT(EM_SAVEXT_TRAIN):   *** CHECKS IF A SET OR VIEW EXISTS ********************************************;
49836     +*** CALLED BY EM_SAVEXT_TRAIN *************************************************;
MPRINT(EM_SAVEXT_TRAIN):   *** CALLED BY EM_SAVEXT_TRAIN *************************************************;
49838     +%macro EM_SAVEXT_SET_EXISTS(_DATASET);
49840     +    %if (%sysfunc(exist(&_DATASET)) or
49841     +        %sysfunc(exist(&_DATASET, VIEW))) and
49842     +        "&_DATASET" ne "" %then %do;
49843     +            %let _rc=1;
49844     +    %end;
49845     +    %else %do;
49846     +            %let _rc=0;
49847     +    %end;
49849     +    &_rc.
49851     +%mend EM_SAVEXT_SET_EXISTS;
49853     +*** REGISTERS SETS INTO MACRO VARIABLE ARRAY USED IN SAVING PROCESS ***********;
MPRINT(EM_SAVEXT_TRAIN):   *** REGISTERS SETS INTO MACRO VARIABLE ARRAY USED IN SAVING PROCESS ***********;
49854     +*** CALLED BY EM_SAVEXT_TRAIN *************************************************;
MPRINT(EM_SAVEXT_TRAIN):   *** CALLED BY EM_SAVEXT_TRAIN *************************************************;
49856     +%macro EM_SAVEXT_REGISTER(_DATASET, _ROLE, _i);
49858     +    _save_set="&_DATASET";
49859     +    _save_role="&_ROLE";
49860     +    _save_set_index=cats('_save_set', strip(put(&_i,1.)));
49861     +    _save_role_index=cats('_save_role', strip(put(&_i,1.)));
49862     +    call symput(_save_set_index, _save_set);
49863     +    call symput(_save_role_index, _save_role);
49865     +%mend EM_SAVEXT_REGISTER;
NOTE: %INCLUDE (level 1) ending.
MPRINT(EM_SAVEXT_TRAIN):   filename _savutil;
NOTE: Fileref _SAVUTIL has been deassigned.
MPRINT(EM_SAVEXT_TRAIN):   *** CHECK FOR IMPORT DATA SOURCES WITHOUT READING PROJECT SETS ************;
MPRINT(EM_SAVEXT_TRAIN):   *** POPULATE MACRO ARRAY TO HOLD ONLY EXISTING AND REQUESTED PARTITIONS ***;
MPRINT(EM_SAVEXT_TRAIN):   *** GET NUMBER OF EXISTING AND REQUESTED PARTITIONS ***********************;
MPRINT(EM_SAVEXT_TRAIN):   data _null_;
MPRINT(EM_SAVEXT_TRAIN):   length _save_set $50 _save_role $20 _save_set_index $12 _save_role_index $14 _i 3;
MPRINT(EM_SAVEXT_TRAIN):   _i=0;
MPRINT(EM_SAVEXT_TRAIN):   *** TRAIN;
MPRINT(EM_SAVEXT_TRAIN):   _i=_i+1;
MPRINT(EM_SAVEXT_REGISTER):   _save_set="EMWS3.Smpl_DATA";
MPRINT(EM_SAVEXT_REGISTER):   _save_role="TRAIN";
MPRINT(EM_SAVEXT_REGISTER):   _save_set_index=cats('_save_set', strip(put(_i,1.)));
MPRINT(EM_SAVEXT_REGISTER):   _save_role_index=cats('_save_role', strip(put(_i,1.)));
MPRINT(EM_SAVEXT_REGISTER):   call symput(_save_set_index, _save_set);
MPRINT(EM_SAVEXT_REGISTER):   call symput(_save_role_index, _save_role);
MPRINT(EM_SAVEXT_TRAIN):  ;
MPRINT(EM_SAVEXT_TRAIN):   *** VALIDATE;
MPRINT(EM_SAVEXT_TRAIN):   *** TEST;
MPRINT(EM_SAVEXT_TRAIN):   *** SCORE;
MPRINT(EM_SAVEXT_TRAIN):   *** TRANSACTION;
MPRINT(EM_SAVEXT_TRAIN):   *** ESTABLISH NUMBER OF SETS TO SAVE;
MPRINT(EM_SAVEXT_TRAIN):   call symput('_NUM_SAVE_SETS', strip(put(_i,1.)));
MPRINT(EM_SAVEXT_TRAIN):   run;

NOTE: DATA statement used (Total process time):
      real time           0.00 seconds
      cpu time            0.00 seconds
      

MPRINT(EM_SAVEXT_TRAIN):   *** EXIT IF NO PARTITIONS TO SAVE;
MPRINT(EM_SAVEXT_TRAIN):   *** FOR FILE PREFIXES CONTAINING PROBLEMATIC CHARACTERS;
MPRINT(EM_SAVEXT_TRAIN):   *** REVERT TO DEFAULT NAME;
MPRINT(EM_SAVEXT_TRAIN):   *** ACCOUNT FOR LIB ISSUES;
MPRINT(EM_SAVEXT_TRAIN):   *** CHECK FOR EXISTING LIB;
MPRINT(EM_SAVEXT_TRAIN):   *** ACCOUNT FOR DEFAULT NAME;
MPRINT(EM_SAVEXT_TRAIN):   *** CALL UTILITY MACROS TO SAVE SETS *************************************;
MPRINT(EM_SAVEXT_GET_VARS):   *** COMPARE INPUT SET AND NODE VARIABLE SET TO GET THE EXACT VARIABLES TO EXPORT;
MPRINT(EM_SAVEXT_GET_VARS):   proc contents data=EMWS3.Smpl_DATA out=_input_vars(keep=name) noprint;
MPRINT(EM_SAVEXT_GET_VARS):   run;

NOTE: The data set WORK._INPUT_VARS has 11 observations and 1 variables.
NOTE: PROCEDURE CONTENTS used (Total process time):
      real time           0.02 seconds
      cpu time            0.00 seconds
      

MPRINT(EM_SAVEXT_GET_VARS):   proc sort data=_input_vars;
MPRINT(EM_SAVEXT_GET_VARS):   by name;
MPRINT(EM_SAVEXT_GET_VARS):   run;

NOTE: There were 11 observations read from the data set WORK._INPUT_VARS.
NOTE: The data set WORK._INPUT_VARS has 11 observations and 1 variables.
NOTE: PROCEDURE SORT used (Total process time):
      real time           0.00 seconds
      cpu time            0.01 seconds
      

MPRINT(EM_SAVEXT_GET_VARS):   *** EXCLUDE REJECTED OR UNUSED VARIABLES;
MPRINT(EM_SAVEXT_GET_VARS):   proc sort data=EMWS3.EMSave_VariableSet (where=(use='Y' or (use='D' and role ne 'REJECTED'))) out=_train_vars(keep=name);
MPRINT(EM_SAVEXT_GET_VARS):   by name;
MPRINT(EM_SAVEXT_GET_VARS):   run;

NOTE: There were 11 observations read from the data set EMWS3.EMSAVE_VARIABLESET.
      WHERE (use='Y') or ((use='D') and (role not = 'REJECTED'));
NOTE: The data set WORK._TRAIN_VARS has 11 observations and 1 variables.
NOTE: PROCEDURE SORT used (Total process time):
      real time           0.01 seconds
      cpu time            0.00 seconds
      

MPRINT(EM_SAVEXT_GET_VARS):   data _em_savext_vars;
MPRINT(EM_SAVEXT_GET_VARS):   merge _input_vars(in=_a) _train_vars(in=_b);
MPRINT(EM_SAVEXT_GET_VARS):   by name;
MPRINT(EM_SAVEXT_GET_VARS):   keep name;
MPRINT(EM_SAVEXT_GET_VARS):   if _a and _b then output;
MPRINT(EM_SAVEXT_GET_VARS):   run;

WARNING: Multiple lengths were specified for the BY variable NAME by input data sets. This might cause unexpected results.
NOTE: There were 11 observations read from the data set WORK._INPUT_VARS.
NOTE: There were 11 observations read from the data set WORK._TRAIN_VARS.
NOTE: The data set WORK._EM_SAVEXT_VARS has 11 observations and 1 variables.
NOTE: DATA statement used (Total process time):
      real time           0.00 seconds
      cpu time            0.00 seconds
      

MPRINT(EM_SAVEXT_GET_VARS):   *** CREATE VARIABLE AND NUMBER MACROS FOR EACH INPUT SET;
MPRINT(EM_VARMACRO):   filename macFile catalog 'work.emutil.macro.source';
MPRINT(EM_VARMACRO):   data _null_;
MPRINT(EM_VARMACRO):   length _STRING_ $80;
MPRINT(EM_VARMACRO):   retain _STRING_ '' maxvar 0;
MPRINT(EM_VARMACRO):   set _em_savext_vars end=eof;
MPRINT(EM_VARMACRO):   file macFile;
MPRINT(EM_VARMACRO):   if _N_=1 then do;
MPRINT(EM_VARMACRO):   string = "%"!!"macro EM_SAVEXT_VARS;";
MPRINT(EM_VARMACRO):   put string;
MPRINT(EM_VARMACRO):   end;
MPRINT(EM_VARMACRO):   maxvar +1;
MPRINT(EM_VARMACRO):   if (length(_STRING_) + length(trim(name))+ 4 < 80) then do;
MPRINT(EM_VARMACRO):   _STRING_ = trim(_STRING_)!!' "'!!trim(name)!!'"n';
MPRINT(EM_VARMACRO):   if eof then do;
MPRINT(EM_VARMACRO):   put _STRING_;
MPRINT(EM_VARMACRO):   string = "%"!!"mend EM_SAVEXT_VARS;";
MPRINT(EM_VARMACRO):   put string;
MPRINT(EM_VARMACRO):   string = strip(put(_N_, best.));
MPRINT(EM_VARMACRO):   call symput('_METAOBS', string);
MPRINT(EM_VARMACRO):   put "%" "global EM_NUM_SAVEXT_VARS;";
MPRINT(EM_VARMACRO):   put "%" "let EM_NUM_SAVEXT_VARS = " string ";";
MPRINT(EM_VARMACRO):   stop;
MPRINT(EM_VARMACRO):   end;
MPRINT(EM_VARMACRO):   end;
MPRINT(EM_VARMACRO):   else do;
MPRINT(EM_VARMACRO):   put _STRING_;
MPRINT(EM_VARMACRO):   _string_ = '"'!!TRIM(name)!!'"n';
MPRINT(EM_VARMACRO):   if eof then do;
MPRINT(EM_VARMACRO):   put _STRING_;
MPRINT(EM_VARMACRO):   string = "%"!!"mend EM_SAVEXT_VARS;";
MPRINT(EM_VARMACRO):   put string;
MPRINT(EM_VARMACRO):   end;
MPRINT(EM_VARMACRO):   end;
MPRINT(EM_VARMACRO):   if eof then do;
MPRINT(EM_VARMACRO):   string = strip(put(_N_, best.));
MPRINT(EM_VARMACRO):   call symput('_METAOBS', string);
MPRINT(EM_VARMACRO):   put "%" "global EM_NUM_SAVEXT_VARS;";
MPRINT(EM_VARMACRO):   put "%" "let EM_NUM_SAVEXT_VARS = " string ";";
MPRINT(EM_VARMACRO):   stop;
MPRINT(EM_VARMACRO):   end;
MPRINT(EM_VARMACRO):   run;

NOTE: The file MACFILE is:
      Catalog Name=WORK.EMUTIL.MACRO.SOURCE,
      Catalog Page Size=4096,
      Number of Catalog Pages=5,
      Created=Wed, Dec 11, 2024 12:14:49 AM,
      Last Modified=Wed, Dec 11, 2024 12:14:49 AM,
      Filename=C:\Users\smupp\AppData\Local\Temp\SAS Temporary Files\_TD13492_VDIWIN11G-24_\Prc2\emutil.sas7bcat,
      Release Created=9.0401M7,
      Host Created=X64_10PRO,Owner Name=UISAD\smupp,
      File Size=            17KB,
      File Size (bytes)=17408

NOTE: 7 records were written to the file MACFILE.
      The minimum record length was 21.
      The maximum record length was 73.
NOTE: There were 11 observations read from the data set WORK._EM_SAVEXT_VARS.
NOTE: DATA statement used (Total process time):
      real time           0.00 seconds
      cpu time            0.00 seconds
      

NOTE: %INCLUDE (level 1) file MACFILE is file WORK.EMUTIL.MACRO.SOURCE.
49871     +%macro EM_SAVEXT_VARS;
49872     +"_dataobs_"n "households"n "housing_median_age"n "latitude"n "longitude"n
49873     +"median_house_value"n "median_income"n "ocean_proximity"n "population"n
49874     +"total_bedrooms"n "total_rooms"n
49875     +%mend EM_SAVEXT_VARS;
49876     +%global EM_NUM_SAVEXT_VARS;
49877     +%let EM_NUM_SAVEXT_VARS = 11 ;
NOTE: %INCLUDE (level 1) ending.
MPRINT(EM_VARMACRO):   filename macFile;
NOTE: Fileref MACFILE has been deassigned.
MPRINT(EM_SAVEXT_GET_VARS):  ;
MPRINT(EM_SAVEXT_GET_VARS):   *** HOUSEKEEPING;
MPRINT(EM_SAVEXT_GET_VARS):   proc delete data=_input_vars;
MPRINT(EM_SAVEXT_GET_VARS):   run;

NOTE: Deleting WORK._INPUT_VARS (memtype=DATA).
NOTE: PROCEDURE DELETE used (Total process time):
      real time           0.01 seconds
      cpu time            0.00 seconds
      

MPRINT(EM_SAVEXT_GET_VARS):   proc delete data=_train_vars;
MPRINT(EM_SAVEXT_GET_VARS):   run;

NOTE: Deleting WORK._TRAIN_VARS (memtype=DATA).
NOTE: PROCEDURE DELETE used (Total process time):
      real time           0.00 seconds
      cpu time            0.00 seconds
      

MPRINT(EM_SAVEXT_GET_VARS):   proc delete data=_em_savext_vars;
MPRINT(EM_SAVEXT_GET_VARS):   run;

NOTE: Deleting WORK._EM_SAVEXT_VARS (memtype=DATA).
NOTE: PROCEDURE DELETE used (Total process time):
      real time           0.00 seconds
      cpu time            0.00 seconds
      

MPRINT(EM_SAVEXT_TRAIN):  ;
MPRINT(EM_SAVEXT_SAS):   *** CHECK SAS SET NAME LENGTH;
MPRINT(EM_SAVEXT_SAS):   *** CHECK REPLACE CONSTRAINT FOR DATA SET;
MPRINT(EM_SAVEXT_SAS):   *** WRITE SAVED DATA SET;
MPRINT(EM_SAVEXT_SAS):   data HUDATA.HOUSING_80_TRAIN;
MPRINT(EM_SAVEXT_SAS):   set EMWS3.Smpl_DATA (obs=MAX);
MPRINT(EM_SAVEXT_SAS):   keep
MPRINT(EM_SAVEXT_VARS):   "_dataobs_"n "households"n "housing_median_age"n "latitude"n "longitude"n "median_house_value"n "median_income"n "ocean_proximity"n "population"n
MPRINT(EM_SAVEXT_SAS):   "total_bedrooms"n "total_rooms"n;
MPRINT(EM_SAVEXT_SAS):   run;

NOTE: There were 16512 observations read from the data set EMWS3.SMPL_DATA.
NOTE: The data set HUDATA.HOUSING_80_TRAIN has 16512 observations and 11 variables.
NOTE: DATA statement used (Total process time):
      real time           0.05 seconds
      cpu time            0.01 seconds
      

MPRINT(EM_SAVEXT_SAS):   *** WRITE RESULTS *********************************************************;
MPRINT(EM_SAVEXT_SAS):   *** CONTINGENT ON SAVED FILE EXISTING *************************************;
MPRINT(EM_SAVEXT_SAS):   data _save_output_temp_record;
MPRINT(EM_SAVEXT_SAS):   length lib $20 name $255 nobs $20 outnobs $20 vars $20;
MPRINT(EM_SAVEXT_SAS):   vars=left("11");
MPRINT(EM_SAVEXT_SAS):   outnobs=left("MAX");
MPRINT(EM_SAVEXT_SAS):   nobs=left("16512");
MPRINT(EM_SAVEXT_SAS):   lib= left("HUDATA");
MPRINT(EM_SAVEXT_SAS):   name=left(
MPRINT(EM_SAVEXT_SAS):  "\\uisnutvdiprof1a\redirected$\smupp\Documents\HU.PREDICTIVEANALYSIS\HOUSING_80_TRAIN.sas7bdat");
MPRINT(EM_SAVEXT_SAS):   run;

NOTE: The data set WORK._SAVE_OUTPUT_TEMP_RECORD has 1 observations and 5 variables.
NOTE: DATA statement used (Total process time):
      real time           0.01 seconds
      cpu time            0.00 seconds
      

MPRINT(EM_SAVEXT_SAS):   proc append base=_save_output_temp data=_save_output_temp_record force;
MPRINT(EM_SAVEXT_SAS):   run;

NOTE: Appending WORK._SAVE_OUTPUT_TEMP_RECORD to WORK._SAVE_OUTPUT_TEMP.
NOTE: BASE data set does not exist. DATA file is being copied to BASE file.
NOTE: There were 1 observations read from the data set WORK._SAVE_OUTPUT_TEMP_RECORD.
NOTE: The data set WORK._SAVE_OUTPUT_TEMP has 1 observations and 5 variables.
NOTE: PROCEDURE APPEND used (Total process time):
      real time           0.01 seconds
      cpu time            0.01 seconds
      

MPRINT(EM_SAVEXT_SAS):   quit;
MPRINT(EM_SAVEXT_SAS):   proc delete data=_save_output_temp_record;
MPRINT(EM_SAVEXT_SAS):   run;

NOTE: Deleting WORK._SAVE_OUTPUT_TEMP_RECORD (memtype=DATA).
NOTE: PROCEDURE DELETE used (Total process time):
      real time           0.00 seconds
      cpu time            0.00 seconds
      

MPRINT(EM_SAVEXT_SAS):   *** HOUSEKEEPING **********************************************************;
MPRINT(EM_SAVEXT_SAS):   data _null_;
MPRINT(EM_SAVEXT_SAS):   call symdel('_SAVE_NOBS', 'NOWARN');
MPRINT(EM_SAVEXT_SAS):   run;

NOTE: DATA statement used (Total process time):
      real time           0.00 seconds
      cpu time            0.00 seconds
      

MPRINT(EM_SAVEXT_SAS):   data _null_;
MPRINT(EM_SAVEXT_SAS):   call symdel('EM_NUM_SAVEXT_VARS', 'NOWARN');
MPRINT(EM_SAVEXT_SAS):   run;

NOTE: DATA statement used (Total process time):
      real time           0.00 seconds
      cpu time            0.00 seconds
      

MPRINT(EM_SAVEXT_TRAIN):  ;
MPRINT(EM_SAVEXT_TRAIN):   *** OUTPUT ****************************************************************;
MPRINT(EM_SAVEXT_TRAIN):  ;
MPRINT(EM_SAVEXT_TRAIN):   *** SAVE OUTPUT DATA TO PROJECT;
MPRINT(EM_SAVEXT_TRAIN):   data EMWS3.EMSave_SAVEOUT;
MPRINT(EM_SAVEXT_TRAIN):   set _save_output_temp;
MPRINT(EM_SAVEXT_TRAIN):   label nobs= "Total Observations" outnobs= "Saved Observations" vars= "Number of Variables" name= "Output Location" lib= "Data Library" ;
MPRINT(EM_SAVEXT_TRAIN):   run;

NOTE: There were 1 observations read from the data set WORK._SAVE_OUTPUT_TEMP.
NOTE: The data set EMWS3.EMSAVE_SAVEOUT has 1 observations and 5 variables.
NOTE: DATA statement used (Total process time):
      real time           0.02 seconds
      cpu time            0.03 seconds
      

MPRINT(EM_SAVEXT_TRAIN):   *** PRINT TO OUTPUT;
MPRINT(EM_SAVEXT_TRAIN):   title "Saved Data Properties";
MPRINT(EM_SAVEXT_TRAIN):   proc print data=EMWS3.EMSave_SAVEOUT label noobs;
MPRINT(EM_SAVEXT_TRAIN):   run;

NOTE: There were 1 observations read from the data set EMWS3.EMSAVE_SAVEOUT.
NOTE: The PROCEDURE PRINT printed page 11.
NOTE: PROCEDURE PRINT used (Total process time):
      real time           0.02 seconds
      cpu time            0.00 seconds
      

MPRINT(EM_REPORT):   data WORK.EM_USER_REPORT;
MPRINT(EM_REPORT):   retain id 0;
MPRINT(EM_REPORT):   id + 1;
MPRINT(EM_REPORT):   length VIEW 8 NAME $32 VALUE $400;
MPRINT(EM_REPORT):   NAME = "KEY";
MPRINT(EM_REPORT):   VALUE = "SAVEOUT";
MPRINT(EM_REPORT):   VIEW = 0.17087726302951;
MPRINT(EM_REPORT):   output;
MPRINT(EM_REPORT):   NAME = "VIEWTYPE";
MPRINT(EM_REPORT):   VALUE = "DATA";
MPRINT(EM_REPORT):   VIEW = 0.17087726302951;
MPRINT(EM_REPORT):   output;
MPRINT(EM_REPORT):   NAME = "AUTODISPLAY";
MPRINT(EM_REPORT):   VALUE = "Y";
MPRINT(EM_REPORT):   VIEW = 0.17087726302951;
MPRINT(EM_REPORT):   output;
MPRINT(EM_REPORT):   NAME = "SPK";
MPRINT(EM_REPORT):   VALUE = "Y";
MPRINT(EM_REPORT):   VIEW = 0.17087726302951;
MPRINT(EM_REPORT):   output;
MPRINT(EM_REPORT):   NAME = "COMPARE";
MPRINT(EM_REPORT):   VALUE = "N";
MPRINT(EM_REPORT):   VIEW = 0.17087726302951;
MPRINT(EM_REPORT):   output;
MPRINT(EM_REPORT):   NAME = "LOCALIZE";
MPRINT(EM_REPORT):   VALUE = "N";
MPRINT(EM_REPORT):   VIEW = 0.17087726302951;
MPRINT(EM_REPORT):   output;
MPRINT(EM_REPORT):   NAME = "EQUALIZEROWX";
MPRINT(EM_REPORT):   VALUE = "N";
MPRINT(EM_REPORT):   VIEW = 0.17087726302951;
MPRINT(EM_REPORT):   output;
MPRINT(EM_REPORT):   NAME = "EQUALIZEROWY";
MPRINT(EM_REPORT):   VALUE = "N";
MPRINT(EM_REPORT):   VIEW = 0.17087726302951;
MPRINT(EM_REPORT):   output;
MPRINT(EM_REPORT):   NAME = "EQUALIZECOLX";
MPRINT(EM_REPORT):   VALUE = "N";
MPRINT(EM_REPORT):   VIEW = 0.17087726302951;
MPRINT(EM_REPORT):   output;
MPRINT(EM_REPORT):   NAME = "EQUALIZECOLY";
MPRINT(EM_REPORT):   VALUE = "N";
MPRINT(EM_REPORT):   VIEW = 0.17087726302951;
MPRINT(EM_REPORT):   output;
MPRINT(EM_REPORT):   NAME = "NROWS";
MPRINT(EM_REPORT):   VALUE = "";
MPRINT(EM_REPORT):   VIEW = 0.17087726302951;
MPRINT(EM_REPORT):   output;
MPRINT(EM_REPORT):   NAME = "NCOLS";
MPRINT(EM_REPORT):   VALUE = "";
MPRINT(EM_REPORT):   VIEW = 0.17087726302951;
MPRINT(EM_REPORT):   output;
MPRINT(EM_REPORT):   NAME = "DISCRETEX";
MPRINT(EM_REPORT):   VALUE = "";
MPRINT(EM_REPORT):   VIEW = 0.17087726302951;
MPRINT(EM_REPORT):   output;
MPRINT(EM_REPORT):   NAME = "DISCRETEY";
MPRINT(EM_REPORT):   VALUE = "";
MPRINT(EM_REPORT):   VIEW = 0.17087726302951;
MPRINT(EM_REPORT):   output;
MPRINT(EM_REPORT):   NAME = "LATTICEX";
MPRINT(EM_REPORT):   VALUE = "";
MPRINT(EM_REPORT):   VIEW = 0.17087726302951;
MPRINT(EM_REPORT):   output;
MPRINT(EM_REPORT):   NAME = "LATTICEY";
MPRINT(EM_REPORT):   VALUE = "";
MPRINT(EM_REPORT):   VIEW = 0.17087726302951;
MPRINT(EM_REPORT):   output;
MPRINT(EM_REPORT):   NAME = "LATTICETYPE";
MPRINT(EM_REPORT):   VALUE = "";
MPRINT(EM_REPORT):   VIEW = 0.17087726302951;
MPRINT(EM_REPORT):   output;
MPRINT(EM_REPORT):   NAME = "ABSOLUTEVALUE";
MPRINT(EM_REPORT):   VALUE = "";
MPRINT(EM_REPORT):   VIEW = 0.17087726302951;
MPRINT(EM_REPORT):   output;
MPRINT(EM_REPORT):   NAME = "SORTORDER";
MPRINT(EM_REPORT):   VALUE = "";
MPRINT(EM_REPORT):   VIEW = 0.17087726302951;
MPRINT(EM_REPORT):   output;
MPRINT(EM_REPORT):   NAME = "SORTORDERY";
MPRINT(EM_REPORT):   VALUE = "";
MPRINT(EM_REPORT):   VIEW = 0.17087726302951;
MPRINT(EM_REPORT):   output;
MPRINT(EM_REPORT):   NAME = "ORIENTATION";
MPRINT(EM_REPORT):   VALUE = "";
MPRINT(EM_REPORT):   VIEW = 0.17087726302951;
MPRINT(EM_REPORT):   output;
MPRINT(EM_REPORT):   NAME = "METHOD";
MPRINT(EM_REPORT):   VALUE = "";
MPRINT(EM_REPORT):   VIEW = 0.17087726302951;
MPRINT(EM_REPORT):   output;
MPRINT(EM_REPORT):   NAME = "DIRECTION";
MPRINT(EM_REPORT):   VALUE = "";
MPRINT(EM_REPORT):   VIEW = 0.17087726302951;
MPRINT(EM_REPORT):   output;
MPRINT(EM_REPORT):   NAME = "BYSET";
MPRINT(EM_REPORT):   VALUE = "";
MPRINT(EM_REPORT):   VIEW = 0.17087726302951;
MPRINT(EM_REPORT):   output;
MPRINT(EM_REPORT):   NAME = "RENDERMODE";
MPRINT(EM_REPORT):   VALUE = "";
MPRINT(EM_REPORT):   VIEW = 0.17087726302951;
MPRINT(EM_REPORT):   output;
MPRINT(EM_REPORT):   NAME = "DESCRIPTION";
MPRINT(EM_REPORT):   VALUE = "";
MPRINT(EM_REPORT):   VIEW = 0.17087726302951;
MPRINT(EM_REPORT):   output;
MPRINT(EM_REPORT):   NAME = "X";
MPRINT(EM_REPORT):   VALUE = "";
MPRINT(EM_REPORT):   VIEW = 0.17087726302951;
MPRINT(EM_REPORT):   output;
MPRINT(EM_REPORT):   NAME = "EXCLUDEVARS";
MPRINT(EM_REPORT):   VALUE = "";
MPRINT(EM_REPORT):   VIEW = 0.17087726302951;
MPRINT(EM_REPORT):   output;
MPRINT(EM_REPORT):   NAME = "Z";
MPRINT(EM_REPORT):   VALUE = "";
MPRINT(EM_REPORT):   VIEW = 0.17087726302951;
MPRINT(EM_REPORT):   output;
MPRINT(EM_REPORT):   NAME = "YVARS";
MPRINT(EM_REPORT):   VALUE = "";
MPRINT(EM_REPORT):   VIEW = 0.17087726302951;
MPRINT(EM_REPORT):   output;
MPRINT(EM_REPORT):   NAME = "FREQVARS";
MPRINT(EM_REPORT):   VALUE = "";
MPRINT(EM_REPORT):   VIEW = 0.17087726302951;
MPRINT(EM_REPORT):   output;
MPRINT(EM_REPORT):   NAME = "AXIS";
MPRINT(EM_REPORT):   VALUE = "";
MPRINT(EM_REPORT):   VIEW = 0.17087726302951;
MPRINT(EM_REPORT):   output;
MPRINT(EM_REPORT):   NAME = "FREQ";
MPRINT(EM_REPORT):   VALUE = "";
MPRINT(EM_REPORT):   VIEW = 0.17087726302951;
MPRINT(EM_REPORT):   output;
MPRINT(EM_REPORT):   NAME = "GROUP";
MPRINT(EM_REPORT):   VALUE = "";
MPRINT(EM_REPORT):   VIEW = 0.17087726302951;
MPRINT(EM_REPORT):   output;
MPRINT(EM_REPORT):   NAME = "SUBGROUP";
MPRINT(EM_REPORT):   VALUE = "";
MPRINT(EM_REPORT):   VIEW = 0.17087726302951;
MPRINT(EM_REPORT):   output;
MPRINT(EM_REPORT):   NAME = "BLOCK";
MPRINT(EM_REPORT):   VALUE = "CUSTOM";
MPRINT(EM_REPORT):   VIEW = 0.17087726302951;
MPRINT(EM_REPORT):   output;
MPRINT(EM_REPORT):   NAME = "COLOR";
MPRINT(EM_REPORT):   VALUE = "";
MPRINT(EM_REPORT):   VIEW = 0.17087726302951;
MPRINT(EM_REPORT):   output;
MPRINT(EM_REPORT):   NAME = "COLORINDEX";
MPRINT(EM_REPORT):   VALUE = "";
MPRINT(EM_REPORT):   VIEW = 0.17087726302951;
MPRINT(EM_REPORT):   output;
MPRINT(EM_REPORT):   NAME = "TIPTEXT";
MPRINT(EM_REPORT):   VALUE = "";
MPRINT(EM_REPORT):   VIEW = 0.17087726302951;
MPRINT(EM_REPORT):   output;
MPRINT(EM_REPORT):   NAME = "TIP";
MPRINT(EM_REPORT):   VALUE = "";
MPRINT(EM_REPORT):   VIEW = 0.17087726302951;
MPRINT(EM_REPORT):   output;
MPRINT(EM_REPORT):   NAME = "TOOLTIP";
MPRINT(EM_REPORT):   VALUE = "";
MPRINT(EM_REPORT):   VIEW = 0.17087726302951;
MPRINT(EM_REPORT):   output;
MPRINT(EM_REPORT):   NAME = "REPORTID";
MPRINT(EM_REPORT):   VALUE = "";
MPRINT(EM_REPORT):   VIEW = 0.17087726302951;
MPRINT(EM_REPORT):   output;
MPRINT(EM_REPORT):   NAME = "IDVALUE";
MPRINT(EM_REPORT):   VALUE = "";
MPRINT(EM_REPORT):   VIEW = 0.17087726302951;
MPRINT(EM_REPORT):   output;
MPRINT(EM_REPORT):   NAME = "ID";
MPRINT(EM_REPORT):   VALUE = "";
MPRINT(EM_REPORT):   VIEW = 0.17087726302951;
MPRINT(EM_REPORT):   output;
MPRINT(EM_REPORT):   NAME = "SIZE";
MPRINT(EM_REPORT):   VALUE = "";
MPRINT(EM_REPORT):   VIEW = 0.17087726302951;
MPRINT(EM_REPORT):   output;
MPRINT(EM_REPORT):   NAME = "FROM";
MPRINT(EM_REPORT):   VALUE = "";
MPRINT(EM_REPORT):   VIEW = 0.17087726302951;
MPRINT(EM_REPORT):   output;
MPRINT(EM_REPORT):   NAME = "TO";
MPRINT(EM_REPORT):   VALUE = "";
MPRINT(EM_REPORT):   VIEW = 0.17087726302951;
MPRINT(EM_REPORT):   output;
MPRINT(EM_REPORT):   NAME = "VALUE";
MPRINT(EM_REPORT):   VALUE = "";
MPRINT(EM_REPORT):   VIEW = 0.17087726302951;
MPRINT(EM_REPORT):   output;
MPRINT(EM_REPORT):   NAME = "VIEWS";
MPRINT(EM_REPORT):   VALUE = "";
MPRINT(EM_REPORT):   VIEW = 0.17087726302951;
MPRINT(EM_REPORT):   output;
MPRINT(EM_REPORT):   NAME = "PARENT";
MPRINT(EM_REPORT):   VALUE = "";
MPRINT(EM_REPORT):   VIEW = 0.17087726302951;
MPRINT(EM_REPORT):   output;
MPRINT(EM_REPORT):   NAME = "NODETEXT";
MPRINT(EM_REPORT):   VALUE = "";
MPRINT(EM_REPORT):   VIEW = 0.17087726302951;
MPRINT(EM_REPORT):   output;
MPRINT(EM_REPORT):   NAME = "ABOVETEXT";
MPRINT(EM_REPORT):   VALUE = "";
MPRINT(EM_REPORT):   VIEW = 0.17087726302951;
MPRINT(EM_REPORT):   output;
MPRINT(EM_REPORT):   NAME = "BELOWTEXT";
MPRINT(EM_REPORT):   VALUE = "";
MPRINT(EM_REPORT):   VIEW = 0.17087726302951;
MPRINT(EM_REPORT):   output;
MPRINT(EM_REPORT):   NAME = "NODESIZE";
MPRINT(EM_REPORT):   VALUE = "";
MPRINT(EM_REPORT):   VIEW = 0.17087726302951;
MPRINT(EM_REPORT):   output;
MPRINT(EM_REPORT):   NAME = "STATS";
MPRINT(EM_REPORT):   VALUE = "";
MPRINT(EM_REPORT):   VIEW = 0.17087726302951;
MPRINT(EM_REPORT):   output;
MPRINT(EM_REPORT):   NAME = "CLASSDIST";
MPRINT(EM_REPORT):   VALUE = "";
MPRINT(EM_REPORT):   VIEW = 0.17087726302951;
MPRINT(EM_REPORT):   output;
MPRINT(EM_REPORT):   NAME = "INTDIST";
MPRINT(EM_REPORT):   VALUE = "";
MPRINT(EM_REPORT):   VIEW = 0.17087726302951;
MPRINT(EM_REPORT):   output;
MPRINT(EM_REPORT):   NAME = "FOLDER";
MPRINT(EM_REPORT):   VALUE = "";
MPRINT(EM_REPORT):   VIEW = 0.17087726302951;
MPRINT(EM_REPORT):   output;
MPRINT(EM_REPORT):   NAME = "YPLOTTYPE";
MPRINT(EM_REPORT):   VALUE = "";
MPRINT(EM_REPORT):   VIEW = 0.17087726302951;
MPRINT(EM_REPORT):   output;
MPRINT(EM_REPORT):   NAME = "XREF";
MPRINT(EM_REPORT):   VALUE = "";
MPRINT(EM_REPORT):   VIEW = 0.17087726302951;
MPRINT(EM_REPORT):   output;
MPRINT(EM_REPORT):   NAME = "XREF2";
MPRINT(EM_REPORT):   VALUE = "";
MPRINT(EM_REPORT):   VIEW = 0.17087726302951;
MPRINT(EM_REPORT):   output;
MPRINT(EM_REPORT):   NAME = "YREF";
MPRINT(EM_REPORT):   VALUE = "";
MPRINT(EM_REPORT):   VIEW = 0.17087726302951;
MPRINT(EM_REPORT):   output;
MPRINT(EM_REPORT):   NAME = "Y2REF";
MPRINT(EM_REPORT):   VALUE = "";
MPRINT(EM_REPORT):   VIEW = 0.17087726302951;
MPRINT(EM_REPORT):   output;
MPRINT(EM_REPORT):   NAME = "YREF2";
MPRINT(EM_REPORT):   VALUE = "";
MPRINT(EM_REPORT):   VIEW = 0.17087726302951;
MPRINT(EM_REPORT):   output;
MPRINT(EM_REPORT):   NAME = "Y2REF2";
MPRINT(EM_REPORT):   VALUE = "";
MPRINT(EM_REPORT):   VIEW = 0.17087726302951;
MPRINT(EM_REPORT):   output;
MPRINT(EM_REPORT):   NAME = "GROUPINDEX";
MPRINT(EM_REPORT):   VALUE = "";
MPRINT(EM_REPORT):   VIEW = 0.17087726302951;
MPRINT(EM_REPORT):   output;
MPRINT(EM_REPORT):   NAME = "JOIN";
MPRINT(EM_REPORT):   VALUE = "";
MPRINT(EM_REPORT):   VIEW = 0.17087726302951;
MPRINT(EM_REPORT):   output;
MPRINT(EM_REPORT):   NAME = "XEXCLUDE";
MPRINT(EM_REPORT):   VALUE = "";
MPRINT(EM_REPORT):   VIEW = 0.17087726302951;
MPRINT(EM_REPORT):   output;
MPRINT(EM_REPORT):   NAME = "FREQEXCLUDE";
MPRINT(EM_REPORT):   VALUE = "";
MPRINT(EM_REPORT):   VIEW = 0.17087726302951;
MPRINT(EM_REPORT):   output;
MPRINT(EM_REPORT):   NAME = "YEXCLUDE";
MPRINT(EM_REPORT):   VALUE = "";
MPRINT(EM_REPORT):   VIEW = 0.17087726302951;
MPRINT(EM_REPORT):   output;
MPRINT(EM_REPORT):   NAME = "NAME";
MPRINT(EM_REPORT):   VALUE = "";
MPRINT(EM_REPORT):   VIEW = 0.17087726302951;
MPRINT(EM_REPORT):   output;
MPRINT(EM_REPORT):   NAME = "HEIGHT";
MPRINT(EM_REPORT):   VALUE = "";
MPRINT(EM_REPORT):   VIEW = 0.17087726302951;
MPRINT(EM_REPORT):   output;
MPRINT(EM_REPORT):   NAME = "WIDTH";
MPRINT(EM_REPORT):   VALUE = "";
MPRINT(EM_REPORT):   VIEW = 0.17087726302951;
MPRINT(EM_REPORT):   output;
MPRINT(EM_REPORT):   NAME = "XAXISLABEL";
MPRINT(EM_REPORT):   VALUE = "";
MPRINT(EM_REPORT):   VIEW = 0.17087726302951;
MPRINT(EM_REPORT):   output;
MPRINT(EM_REPORT):   NAME = "Y2AXISLABEL";
MPRINT(EM_REPORT):   VALUE = "";
MPRINT(EM_REPORT):   VIEW = 0.17087726302951;
MPRINT(EM_REPORT):   output;
MPRINT(EM_REPORT):   NAME = "YAXISLABEL";
MPRINT(EM_REPORT):   VALUE = "";
MPRINT(EM_REPORT):   VIEW = 0.17087726302951;
MPRINT(EM_REPORT):   output;
MPRINT(EM_REPORT):   NAME = "DISPLAYXLABEL";
MPRINT(EM_REPORT):   VALUE = "Y";
MPRINT(EM_REPORT):   VIEW = 0.17087726302951;
MPRINT(EM_REPORT):   output;
MPRINT(EM_REPORT):   NAME = "DISPLAYYLABEL";
MPRINT(EM_REPORT):   VALUE = "Y";
MPRINT(EM_REPORT):   VIEW = 0.17087726302951;
MPRINT(EM_REPORT):   output;
MPRINT(EM_REPORT):   NAME = "CHOICETEXT";
MPRINT(EM_REPORT):   VALUE = "";
MPRINT(EM_REPORT):   VIEW = 0.17087726302951;
MPRINT(EM_REPORT):   output;
MPRINT(EM_REPORT):   NAME = "SEGMENTVALUE";
MPRINT(EM_REPORT):   VALUE = "";
MPRINT(EM_REPORT):   VIEW = 0.17087726302951;
MPRINT(EM_REPORT):   output;
MPRINT(EM_REPORT):   NAME = "LOWERBAND";
MPRINT(EM_REPORT):   VALUE = "";
MPRINT(EM_REPORT):   VIEW = 0.17087726302951;
MPRINT(EM_REPORT):   output;
MPRINT(EM_REPORT):   NAME = "UPPERBAND";
MPRINT(EM_REPORT):   VALUE = "";
MPRINT(EM_REPORT):   VIEW = 0.17087726302951;
MPRINT(EM_REPORT):   output;
MPRINT(EM_REPORT):   NAME = "YLINE";
MPRINT(EM_REPORT):   VALUE = "";
MPRINT(EM_REPORT):   VIEW = 0.17087726302951;
MPRINT(EM_REPORT):   output;
MPRINT(EM_REPORT):   NAME = "LINKKEY";
MPRINT(EM_REPORT):   VALUE = "";
MPRINT(EM_REPORT):   VIEW = 0.17087726302951;
MPRINT(EM_REPORT):   output;
MPRINT(EM_REPORT):   NAME = "NODEKEY";
MPRINT(EM_REPORT):   VALUE = "";
MPRINT(EM_REPORT):   VIEW = 0.17087726302951;
MPRINT(EM_REPORT):   output;
MPRINT(EM_REPORT):   NAME = "NODEID";
MPRINT(EM_REPORT):   VALUE = "";
MPRINT(EM_REPORT):   VIEW = 0.17087726302951;
MPRINT(EM_REPORT):   output;
MPRINT(EM_REPORT):   NAME = "NODEVALUE";
MPRINT(EM_REPORT):   VALUE = "";
MPRINT(EM_REPORT):   VIEW = 0.17087726302951;
MPRINT(EM_REPORT):   output;
MPRINT(EM_REPORT):   NAME = "NODECOLOR";
MPRINT(EM_REPORT):   VALUE = "";
MPRINT(EM_REPORT):   VIEW = 0.17087726302951;
MPRINT(EM_REPORT):   output;
MPRINT(EM_REPORT):   NAME = "NODESHAPE";
MPRINT(EM_REPORT):   VALUE = "";
MPRINT(EM_REPORT):   VIEW = 0.17087726302951;
MPRINT(EM_REPORT):   output;
MPRINT(EM_REPORT):   NAME = "NODESHAPEVAR";
MPRINT(EM_REPORT):   VALUE = "";
MPRINT(EM_REPORT):   VIEW = 0.17087726302951;
MPRINT(EM_REPORT):   output;
MPRINT(EM_REPORT):   NAME = "NODELABEL";
MPRINT(EM_REPORT):   VALUE = "";
MPRINT(EM_REPORT):   VIEW = 0.17087726302951;
MPRINT(EM_REPORT):   output;
MPRINT(EM_REPORT):   NAME = "NODETIP";
MPRINT(EM_REPORT):   VALUE = "";
MPRINT(EM_REPORT):   VIEW = 0.17087726302951;
MPRINT(EM_REPORT):   output;
MPRINT(EM_REPORT):   NAME = "LINKID";
MPRINT(EM_REPORT):   VALUE = "";
MPRINT(EM_REPORT):   VIEW = 0.17087726302951;
MPRINT(EM_REPORT):   output;
MPRINT(EM_REPORT):   NAME = "LINKVALUE";
MPRINT(EM_REPORT):   VALUE = "";
MPRINT(EM_REPORT):   VIEW = 0.17087726302951;
MPRINT(EM_REPORT):   output;
MPRINT(EM_REPORT):   NAME = "LINKFROM";
MPRINT(EM_REPORT):   VALUE = "";
MPRINT(EM_REPORT):   VIEW = 0.17087726302951;
MPRINT(EM_REPORT):   output;
MPRINT(EM_REPORT):   NAME = "LINKTO";
MPRINT(EM_REPORT):   VALUE = "";
MPRINT(EM_REPORT):   VIEW = 0.17087726302951;
MPRINT(EM_REPORT):   output;
MPRINT(EM_REPORT):   NAME = "LINKCOLOR";
MPRINT(EM_REPORT):   VALUE = "";
MPRINT(EM_REPORT):   VIEW = 0.17087726302951;
MPRINT(EM_REPORT):   output;
MPRINT(EM_REPORT):   NAME = "LINKWIDTH";
MPRINT(EM_REPORT):   VALUE = "";
MPRINT(EM_REPORT):   VIEW = 0.17087726302951;
MPRINT(EM_REPORT):   output;
MPRINT(EM_REPORT):   NAME = "LINKTIP";
MPRINT(EM_REPORT):   VALUE = "";
MPRINT(EM_REPORT):   VIEW = 0.17087726302951;
MPRINT(EM_REPORT):   output;
MPRINT(EM_REPORT):   NAME = "XFROM";
MPRINT(EM_REPORT):   VALUE = "";
MPRINT(EM_REPORT):   VIEW = 0.17087726302951;
MPRINT(EM_REPORT):   output;
MPRINT(EM_REPORT):   NAME = "XTO";
MPRINT(EM_REPORT):   VALUE = "";
MPRINT(EM_REPORT):   VIEW = 0.17087726302951;
MPRINT(EM_REPORT):   output;
MPRINT(EM_REPORT):   NAME = "YFROM";
MPRINT(EM_REPORT):   VALUE = "";
MPRINT(EM_REPORT):   VIEW = 0.17087726302951;
MPRINT(EM_REPORT):   output;
MPRINT(EM_REPORT):   NAME = "YTO";
MPRINT(EM_REPORT):   VALUE = "";
MPRINT(EM_REPORT):   VIEW = 0.17087726302951;
MPRINT(EM_REPORT):   output;
MPRINT(EM_REPORT):   NAME = "MATRIXVAR";
MPRINT(EM_REPORT):   VALUE = "";
MPRINT(EM_REPORT):   VIEW = 0.17087726302951;
MPRINT(EM_REPORT):   output;
MPRINT(EM_REPORT):   NAME = "RESPONSE";
MPRINT(EM_REPORT):   VALUE = "";
MPRINT(EM_REPORT):   VIEW = 0.17087726302951;
MPRINT(EM_REPORT):   output;
MPRINT(EM_REPORT):   NAME = "SERIES";
MPRINT(EM_REPORT):   VALUE = "";
MPRINT(EM_REPORT):   VIEW = 0.17087726302951;
MPRINT(EM_REPORT):   output;
MPRINT(EM_REPORT):   NAME = "DESCARG";
MPRINT(EM_REPORT):   VALUE = "";
MPRINT(EM_REPORT):   VIEW = 0.17087726302951;
MPRINT(EM_REPORT):   output;
MPRINT(EM_REPORT):   NAME = "SLIDER";
MPRINT(EM_REPORT):   VALUE = "";
MPRINT(EM_REPORT):   VIEW = 0.17087726302951;
MPRINT(EM_REPORT):   output;
MPRINT(EM_REPORT):   NAME = "MarkerSize";
MPRINT(EM_REPORT):   VALUE = "";
MPRINT(EM_REPORT):   VIEW = 0.17087726302951;
MPRINT(EM_REPORT):   output;
MPRINT(EM_REPORT):   NAME = "Marker";
MPRINT(EM_REPORT):   VALUE = "";
MPRINT(EM_REPORT):   VIEW = 0.17087726302951;
MPRINT(EM_REPORT):   output;
MPRINT(EM_REPORT):   NAME = "Y1";
MPRINT(EM_REPORT):   VALUE = "";
MPRINT(EM_REPORT):   VIEW = 0.17087726302951;
MPRINT(EM_REPORT):   output;
MPRINT(EM_REPORT):   NAME = "Y2";
MPRINT(EM_REPORT):   VALUE = "";
MPRINT(EM_REPORT):   VIEW = 0.17087726302951;
MPRINT(EM_REPORT):   output;
MPRINT(EM_REPORT):   NAME = "Y3";
MPRINT(EM_REPORT):   VALUE = "";
MPRINT(EM_REPORT):   VIEW = 0.17087726302951;
MPRINT(EM_REPORT):   output;
MPRINT(EM_REPORT):   NAME = "Y4";
MPRINT(EM_REPORT):   VALUE = "";
MPRINT(EM_REPORT):   VIEW = 0.17087726302951;
MPRINT(EM_REPORT):   output;
MPRINT(EM_REPORT):   NAME = "Y5";
MPRINT(EM_REPORT):   VALUE = "";
MPRINT(EM_REPORT):   VIEW = 0.17087726302951;
MPRINT(EM_REPORT):   output;
MPRINT(EM_REPORT):   NAME = "Y6";
MPRINT(EM_REPORT):   VALUE = "";
MPRINT(EM_REPORT):   VIEW = 0.17087726302951;
MPRINT(EM_REPORT):   output;
MPRINT(EM_REPORT):   NAME = "Y7";
MPRINT(EM_REPORT):   VALUE = "";
MPRINT(EM_REPORT):   VIEW = 0.17087726302951;
MPRINT(EM_REPORT):   output;
MPRINT(EM_REPORT):   NAME = "Y8";
MPRINT(EM_REPORT):   VALUE = "";
MPRINT(EM_REPORT):   VIEW = 0.17087726302951;
MPRINT(EM_REPORT):   output;
MPRINT(EM_REPORT):   NAME = "Y9";
MPRINT(EM_REPORT):   VALUE = "";
MPRINT(EM_REPORT):   VIEW = 0.17087726302951;
MPRINT(EM_REPORT):   output;
MPRINT(EM_REPORT):   NAME = "Y10";
MPRINT(EM_REPORT):   VALUE = "";
MPRINT(EM_REPORT):   VIEW = 0.17087726302951;
MPRINT(EM_REPORT):   output;
MPRINT(EM_REPORT):   NAME = "Y11";
MPRINT(EM_REPORT):   VALUE = "";
MPRINT(EM_REPORT):   VIEW = 0.17087726302951;
MPRINT(EM_REPORT):   output;
MPRINT(EM_REPORT):   NAME = "Y12";
MPRINT(EM_REPORT):   VALUE = "";
MPRINT(EM_REPORT):   VIEW = 0.17087726302951;
MPRINT(EM_REPORT):   output;
MPRINT(EM_REPORT):   NAME = "Y13";
MPRINT(EM_REPORT):   VALUE = "";
MPRINT(EM_REPORT):   VIEW = 0.17087726302951;
MPRINT(EM_REPORT):   output;
MPRINT(EM_REPORT):   NAME = "Y14";
MPRINT(EM_REPORT):   VALUE = "";
MPRINT(EM_REPORT):   VIEW = 0.17087726302951;
MPRINT(EM_REPORT):   output;
MPRINT(EM_REPORT):   NAME = "Y15";
MPRINT(EM_REPORT):   VALUE = "";
MPRINT(EM_REPORT):   VIEW = 0.17087726302951;
MPRINT(EM_REPORT):   output;
MPRINT(EM_REPORT):   NAME = "Y16";
MPRINT(EM_REPORT):   VALUE = "";
MPRINT(EM_REPORT):   VIEW = 0.17087726302951;
MPRINT(EM_REPORT):   output;
MPRINT(EM_REPORT):   NAME = "TITLE";
MPRINT(EM_REPORT):   VALUE = "";
MPRINT(EM_REPORT):   VIEW = 0.17087726302951;
MPRINT(EM_REPORT):   output;
MPRINT(EM_REPORT):   NAME = "LEGEND";
MPRINT(EM_REPORT):   VALUE = "";
MPRINT(EM_REPORT):   VIEW = 0.17087726302951;
MPRINT(EM_REPORT):   output;
MPRINT(EM_REPORT):   NAME = "LEGENDTITLE";
MPRINT(EM_REPORT):   VALUE = "";
MPRINT(EM_REPORT):   VIEW = 0.17087726302951;
MPRINT(EM_REPORT):   output;
MPRINT(EM_REPORT):   NAME = "SHAPE";
MPRINT(EM_REPORT):   VALUE = "";
MPRINT(EM_REPORT):   VIEW = 0.17087726302951;
MPRINT(EM_REPORT):   output;
MPRINT(EM_REPORT):   NAME = "METHOD";
MPRINT(EM_REPORT):   VALUE = "";
MPRINT(EM_REPORT):   VIEW = 0.17087726302951;
MPRINT(EM_REPORT):   output;
MPRINT(EM_REPORT):   NAME = "NOBINMISS";
MPRINT(EM_REPORT):   VALUE = "";
MPRINT(EM_REPORT):   VIEW = 0.17087726302951;
MPRINT(EM_REPORT):   output;
MPRINT(EM_REPORT):   run;

NOTE: The data set WORK.EM_USER_REPORT has 132 observations and 4 variables.
NOTE: DATA statement used (Total process time):
      real time           0.03 seconds
      cpu time            0.03 seconds
      

MPRINT(EM_SAVEXT_TRAIN):  ;
MPRINT(EM_SAVEXT_TRAIN):   title;
MPRINT(EM_SAVEXT_TRAIN):   *** SAVE FORMATS **********************************************************;
MPRINT(EM_SAVEXT_TRAIN):   *** CHECK REPLACE CONSTRAINT FOR FORMATS;
MPRINT(EM_SAVEXT_TRAIN):   *** WRITE FORMAT CATALOGS OR TRANSPORT FILE TO ACCOMPANY SAVED DATA;
MPRINT(EM_SAVEXT_TRAIN):   *** CONTINGENT ON FORMATS EXISTING;
MPRINT(EM_SAVEXT_TRAIN):   *** PARSE NODE VARIABLE SET FOR FORMATS;
MPRINT(EM_SAVEXT_TRAIN):   data _formats;
MPRINT(EM_SAVEXT_TRAIN):   length format $32;
MPRINT(EM_SAVEXT_TRAIN):   set EMWS3.EMSave_VariableSet(keep=format where=(format ne '')) end=eof;
MPRINT(EM_SAVEXT_TRAIN):   format = tranwrd(format, '.', '');
MPRINT(EM_SAVEXT_TRAIN):   if indexc(format, '$') then fmttype = 'C';
MPRINT(EM_SAVEXT_TRAIN):   else fmttype = 'N';
MPRINT(EM_SAVEXT_TRAIN):   if eof then call symput('_FORMAT_FLAG',strip(put(1,1.)));
MPRINT(EM_SAVEXT_TRAIN):   run;

NOTE: There were 10 observations read from the data set EMWS3.EMSAVE_VARIABLESET.
      WHERE format not = ' ';
NOTE: The data set WORK._FORMATS has 10 observations and 2 variables.
NOTE: DATA statement used (Total process time):
      real time           0.01 seconds
      cpu time            0.04 seconds
      

MPRINT(EM_SAVEXT_CATALOG):   *** SORT AND REMOVE DUPLICATES;
MPRINT(EM_SAVEXT_CATALOG):   proc sort data=_formats nodupkey;
MPRINT(EM_SAVEXT_CATALOG):   by format;
MPRINT(EM_SAVEXT_CATALOG):   run;

NOTE: There were 10 observations read from the data set WORK._FORMATS.
NOTE: 8 observations with duplicate key values were deleted.
NOTE: The data set WORK._FORMATS has 2 observations and 2 variables.
NOTE: PROCEDURE SORT used (Total process time):
      real time           0.01 seconds
      cpu time            0.00 seconds
      

MPRINT(EM_SAVEXT_CATALOG):   quit;
MPRINT(EM_SAVEXT_CATALOG):   *** RETRIEVE FORMAT LOCATION INFO AND ASSIGNED CATALOGS IN ACTIVE SESSION;
MPRINT(EM_SAVEXT_CATALOG):   proc sort data=sashelp.vformat(keep=fmtname libname memname where=(libname ne '' and memname ne '')) out=_formats2(rename=(fmtname=format));
MPRINT(EM_SAVEXT_CATALOG):   by fmtname;
MPRINT(EM_SAVEXT_CATALOG):   run;

NOTE: There were 9 observations read from the data set SASHELP.VFORMAT.
      WHERE (libname not = ' ') and (memname not = ' ');
NOTE: The data set WORK._FORMATS2 has 9 observations and 3 variables.
NOTE: PROCEDURE SORT used (Total process time):
      real time           0.30 seconds
      cpu time            0.32 seconds
      

MPRINT(EM_SAVEXT_CATALOG):   quit;
MPRINT(EM_SAVEXT_CATALOG):   *** MERGE SAS FORMATS WITH LOCATION;
MPRINT(EM_SAVEXT_CATALOG):   data _formats;
MPRINT(EM_SAVEXT_CATALOG):   merge _formats(in=_a) _formats2(in=_b);
MPRINT(EM_SAVEXT_CATALOG):   by format;
MPRINT(EM_SAVEXT_CATALOG):   if _a and _b then output;
MPRINT(EM_SAVEXT_CATALOG):   run;

NOTE: There were 2 observations read from the data set WORK._FORMATS.
NOTE: There were 9 observations read from the data set WORK._FORMATS2.
NOTE: The data set WORK._FORMATS has 0 observations and 4 variables.
NOTE: DATA statement used (Total process time):
      real time           0.01 seconds
      cpu time            0.00 seconds
      

MPRINT(EM_SAVEXT_CATALOG):   *** IF &_FORMATS IS EMPTY AFTER MERGE THEN NO FORMATS BELONG TO THE SAVED SET;
MPRINT(EM_SAVEXT_CATALOG):   proc contents data=_formats out=_formats_content_temp noprint;
MPRINT(EM_SAVEXT_CATALOG):   run;

NOTE: The data set WORK._FORMATS_CONTENT_TEMP has 4 observations and 41 variables.
NOTE: PROCEDURE CONTENTS used (Total process time):
      real time           0.03 seconds
      cpu time            0.00 seconds
      

MPRINT(EM_SAVEXT_CATALOG):   data _null_;
MPRINT(EM_SAVEXT_CATALOG):   set _formats_content_temp (obs=1);
MPRINT(EM_SAVEXT_CATALOG):   if nobs > 0 then call symput('_USER_FORMATS_FLAG','1');
MPRINT(EM_SAVEXT_CATALOG):   else call symput('_USER_FORMATS_FLAG','0');
MPRINT(EM_SAVEXT_CATALOG):   run;

NOTE: There were 1 observations read from the data set WORK._FORMATS_CONTENT_TEMP.
NOTE: DATA statement used (Total process time):
      real time           0.00 seconds
      cpu time            0.00 seconds
      

*------------------------------------------------------------*
WARNING: Format catalogs will not be overwritten.
*------------------------------------------------------------*
MPRINT(EM_SAVEXT_CATALOG):   proc delete data=_formats_content_temp;
MPRINT(EM_SAVEXT_CATALOG):   run;

NOTE: Deleting WORK._FORMATS_CONTENT_TEMP (memtype=DATA).
NOTE: PROCEDURE DELETE used (Total process time):
      real time           0.00 seconds
      cpu time            0.00 seconds
      

MPRINT(EM_SAVEXT_CATALOG):   proc delete data=_formats2;
MPRINT(EM_SAVEXT_CATALOG):   run;

NOTE: Deleting WORK._FORMATS2 (memtype=DATA).
NOTE: PROCEDURE DELETE used (Total process time):
      real time           0.00 seconds
      cpu time            0.00 seconds
      

MPRINT(EM_SAVEXT_TRAIN):   proc delete data=_formats;
MPRINT(EM_SAVEXT_TRAIN):   run;

NOTE: Deleting WORK._FORMATS (memtype=DATA).
NOTE: PROCEDURE DELETE used (Total process time):
      real time           0.00 seconds
      cpu time            0.00 seconds
      

MPRINT(EM_SAVEXT_TRAIN):   *** HOUSEKEEPING **********************************************************;
MPRINT(EM_SAVEXT_TRAIN):   proc delete data=_save_output_temp;
MPRINT(EM_SAVEXT_TRAIN):   run;

NOTE: Deleting WORK._SAVE_OUTPUT_TEMP (memtype=DATA).
NOTE: PROCEDURE DELETE used (Total process time):
      real time           0.00 seconds
      cpu time            0.00 seconds
      

MPRINT(EM_SAVEXT_MAIN):  ;
MPRINT(EM_DIAGRAM):  ;
MPRINT(EM_DIAGRAM):   *------------------------------------------------------------*;
MPRINT(EM_DIAGRAM):   * End TRAIN: EMSave;
MPRINT(EM_DIAGRAM):   *------------------------------------------------------------*;
49878      
49879      *------------------------------------------------------------*;
49880      * End TRAIN: EMSave;
49881      *------------------------------------------------------------*;

49882      *------------------------------------------------------------*;
MPRINT(EM_DIAGRAM):    *------------------------------------------------------------*;
49883      * Close any missing semi colons;
MPRINT(EM_DIAGRAM):   * Close any missing semi colons;
49884      *------------------------------------------------------------*;
MPRINT(EM_DIAGRAM):   *------------------------------------------------------------*;
49885      ;
MPRINT(EM_DIAGRAM):   ;
49886      ;
MPRINT(EM_DIAGRAM):   ;
49887      ;
MPRINT(EM_DIAGRAM):   ;
49888      ;
MPRINT(EM_DIAGRAM):   ;
49889      quit;
MPRINT(EM_DIAGRAM):   quit;
49890      *------------------------------------------------------------*;
MPRINT(EM_DIAGRAM):   *------------------------------------------------------------*;
49891      * Close any unbalanced quotes;
MPRINT(EM_DIAGRAM):   * Close any unbalanced quotes;
49892      *------------------------------------------------------------*;
MPRINT(EM_DIAGRAM):   *------------------------------------------------------------*;
49893      /*; *"; *'; */
49894      ;
MPRINT(EM_DIAGRAM):   ;
49895      run;
MPRINT(EM_DIAGRAM):   run;
49896      quit;
MPRINT(EM_DIAGRAM):   quit;
49897      /* Reset EM Options */
49898      options formchar="|----|+|---+=|-/\<>*";
MPRINT(EM_DIAGRAM):   options formchar="|----|+|---+=|-/\<>*";
49899      options nocenter ls=256 ps=10000;
MPRINT(EM_DIAGRAM):   options nocenter ls=256 ps=10000;
49900      goptions reset=all device=GIF NODISPLAY;
MPRINT(EM_DIAGRAM):   goptions reset=all device=GIF NODISPLAY;
49901      proc sort data=WORK.EM_USER_REPORT;
MPRINT(EM_DIAGRAM):    proc sort data=WORK.EM_USER_REPORT;
49902      by ID VIEW;
MPRINT(EM_DIAGRAM):   by ID VIEW;
49903      run;
MPRINT(EM_DIAGRAM):   run;

NOTE: There were 132 observations read from the data set WORK.EM_USER_REPORT.
NOTE: The data set WORK.EM_USER_REPORT has 132 observations and 4 variables.
NOTE: PROCEDURE SORT used (Total process time):
      real time           0.01 seconds
      cpu time            0.01 seconds
      

MPRINT(EM_DIAGRAM):    proc printto;
MPRINT(EM_DIAGRAM):   run;
