MPRINT(EM_DIAGRAM):    data _null_;
MPRINT(EM_DIAGRAM):   call symput('NLDATE', strip(put(date(), NLDATE.)));
MPRINT(EM_DIAGRAM):   call symput('NLTIME', strip(put(datetime(), NLTIME.)));
MPRINT(EM_DIAGRAM):   run;
MPRINT(EM_DIAGRAM):   data _null_;
MPRINT(EM_DIAGRAM):   nldate= sasmsg("sashelp.dmine", "log_date_note", 'N', "December 09, 2024" );
MPRINT(EM_DIAGRAM):   nltime= sasmsg("sashelp.dmine", "log_time_note", 'N', "01:26:16" );
MPRINT(EM_DIAGRAM):   put "*------------------------------------------------------------*";
MPRINT(EM_DIAGRAM):   put "* Score Log";
MPRINT(EM_DIAGRAM):   put nldate;
MPRINT(EM_DIAGRAM):   put nltime;
MPRINT(EM_DIAGRAM):   put "*------------------------------------------------------------*";
MPRINT(EM_DIAGRAM):   run;
*------------------------------------------------------------*
* Score Log
Date:                December 09, 2024
Time:                01:26:16
*------------------------------------------------------------*
MPRINT(EM_DIAGRAM):    filename O30DLCNV "C:\Users\skunt\Downloads\HU.Exploratory Analysis\HU.ClusterAnalysis\Workspaces\EMWS1\Clus3\EMSCORE.out" encoding="UTF-8" NOBOM;
MPRINT(EM_DIAGRAM):   proc printto print=O30DLCNV new;
MPRINT(EM_DIAGRAM):   run;
MPRINT(EM_DIAGRAM):    proc transpose data=EMWS1.Clus3_OUTVAR out=WORK.Clus3_OUTVAR(rename=(COl2=NAME) where=(COL1='IMPUTED'));
MPRINT(EM_DIAGRAM):   var households--ocean_proximityNEAR_OCE;
MPRINT(EM_DIAGRAM):   where _TYPE_ in('TYPE' 'VARIABLE');
MPRINT(EM_DIAGRAM):   run;
MPRINT(EM_DIAGRAM):   proc sort data=WORK.Clus3_OUTVAR;
MPRINT(EM_DIAGRAM):   by NAME;
MPRINT(EM_DIAGRAM):   run;
MPRINT(EM_DIAGRAM):   proc sort data=EMWS1.Clus3_VariableSet(KEEP=NAME ROLE LEVEL) out=WORK.Clus3_SORTEDVARS;
MPRINT(EM_DIAGRAM):   by NAME;
MPRINT(EM_DIAGRAM):   run;
MPRINT(EM_DIAGRAM):   data WORK.Clus3_OUTVAR;
MPRINT(EM_DIAGRAM):   merge WORK.Clus3_OUTVAR(in=INVAR) WORK.Clus3_SORTEDVARS;
MPRINT(EM_DIAGRAM):   by NAME;
MPRINT(EM_DIAGRAM):   if INVAR then output;
MPRINT(EM_DIAGRAM):   run;
WARNING: Multiple lengths were specified for the BY variable NAME by input data sets. This might cause unexpected results.
MPRINT(EM_DIAGRAM):    filename emflow "C:\Users\skunt\Downloads\HU.Exploratory Analysis\HU.ClusterAnalysis\Workspaces\EMWS1\Clus3\EMFLOWSCORE.sas";
MPRINT(EM_DIAGRAM):   *------------------------------------------------------------*;
MPRINT(EM_DIAGRAM):   * Clus3: Scoring DATA data;
MPRINT(EM_DIAGRAM):   *------------------------------------------------------------*;
MPRINT(EM_DIAGRAM):   data EMWS1.Clus3_TRAIN / view=EMWS1.Clus3_TRAIN ;
MPRINT(EM_DIAGRAM):   set EMWS1.Filter_TRAIN ;
MPRINT(EM_DIAGRAM):   *****************************************;
MPRINT(EM_DIAGRAM):   *** Begin Scoring Code from PROC DMVQ ***;
MPRINT(EM_DIAGRAM):   *****************************************;
MPRINT(EM_DIAGRAM):   *** Begin Class Look-up, Standardization, Replacement ;
MPRINT(EM_DIAGRAM):   drop _dm_bad;
MPRINT(EM_DIAGRAM):   _dm_bad = 0;
MPRINT(EM_DIAGRAM):   *** Standardize households ;
MPRINT(EM_DIAGRAM):   drop T_households ;
MPRINT(EM_DIAGRAM):   if missing( households ) then T_households = .;
MPRINT(EM_DIAGRAM):   else T_households = (households - 460.667173175302) * 0.00373346618036;
MPRINT(EM_DIAGRAM):   *** Standardize housing_median_age ;
MPRINT(EM_DIAGRAM):   drop T_housing_median_age ;
MPRINT(EM_DIAGRAM):   if missing( housing_median_age ) then T_housing_median_age = .;
MPRINT(EM_DIAGRAM):   else T_housing_median_age = (housing_median_age - 29.0152965608063) * 0.08054514381116;
MPRINT(EM_DIAGRAM):   *** Standardize latitude ;
MPRINT(EM_DIAGRAM):   drop T_latitude ;
MPRINT(EM_DIAGRAM):   if missing( latitude ) then T_latitude = .;
MPRINT(EM_DIAGRAM):   else T_latitude = (latitude - 35.6522109101961) * 0.46629910149133;
MPRINT(EM_DIAGRAM):   *** Standardize longitude ;
MPRINT(EM_DIAGRAM):   drop T_longitude ;
MPRINT(EM_DIAGRAM):   if missing( longitude ) then T_longitude = .;
MPRINT(EM_DIAGRAM):   else T_longitude = (longitude - -119.585392290936) * 0.49921170523417;
MPRINT(EM_DIAGRAM):   *** Standardize median_house_value ;
MPRINT(EM_DIAGRAM):   drop T_median_house_value ;
MPRINT(EM_DIAGRAM):   if missing( median_house_value ) then T_median_house_value = .;
MPRINT(EM_DIAGRAM):   else T_median_house_value = (median_house_value - 201774.895355315) * 9.0404194412757E-6;
MPRINT(EM_DIAGRAM):   *** Standardize median_income ;
MPRINT(EM_DIAGRAM):   drop T_median_income ;
MPRINT(EM_DIAGRAM):   if missing( median_income ) then T_median_income = .;
MPRINT(EM_DIAGRAM):   else T_median_income = (median_income - 3.72515609076639) * 0.62428040828707;
MPRINT(EM_DIAGRAM):   *** Standardize population ;
MPRINT(EM_DIAGRAM):   drop T_population ;
MPRINT(EM_DIAGRAM):   if missing( population ) then T_population = .;
MPRINT(EM_DIAGRAM):   else T_population = (population - 1312.21840652383) * 0.00129327358299;
MPRINT(EM_DIAGRAM):   *** Standardize total_bedrooms ;
MPRINT(EM_DIAGRAM):   drop T_total_bedrooms ;
MPRINT(EM_DIAGRAM):   if missing( total_bedrooms ) then T_total_bedrooms = .;
MPRINT(EM_DIAGRAM):   else T_total_bedrooms = (total_bedrooms - 493.8815493246) * 0.00343596145552;
MPRINT(EM_DIAGRAM):   *** Standardize total_rooms ;
MPRINT(EM_DIAGRAM):   drop T_total_rooms ;
MPRINT(EM_DIAGRAM):   if missing( total_rooms ) then T_total_rooms = .;
MPRINT(EM_DIAGRAM):   else T_total_rooms = (total_rooms - 2391.7644228334) * 0.0006967173091;
MPRINT(EM_DIAGRAM):   *** Generate dummy variables for ocean_proximity ;
MPRINT(EM_DIAGRAM):   drop ocean_proximity_1H_OCEA ocean_proximityINLAND ocean_proximityNEAR_BAY ocean_proximityNEAR_OCE ;
MPRINT(EM_DIAGRAM):   if missing( ocean_proximity ) then do;
MPRINT(EM_DIAGRAM):   ocean_proximity_1H_OCEA = .;
MPRINT(EM_DIAGRAM):   ocean_proximityINLAND = .;
MPRINT(EM_DIAGRAM):   ocean_proximityNEAR_BAY = .;
MPRINT(EM_DIAGRAM):   ocean_proximityNEAR_OCE = .;
MPRINT(EM_DIAGRAM):   end;
MPRINT(EM_DIAGRAM):   else do;
MPRINT(EM_DIAGRAM):   length _dm8 $ 8;
MPRINT(EM_DIAGRAM):   drop _dm8 ;
MPRINT(EM_DIAGRAM):   _dm8 = put( ocean_proximity , $8. );
MPRINT(DMNORMIP):   call dmnorm(_dm8,
MPRINT(DMNORLEN):  32
MPRINT(DMNORMIP):  );
MPRINT(EM_DIAGRAM):   if _dm8 = '<1H OCEA' then do;
MPRINT(EM_DIAGRAM):   ocean_proximity_1H_OCEA = 0.5630148015253;
MPRINT(EM_DIAGRAM):   ocean_proximityINLAND = -0.34239942333019;
MPRINT(EM_DIAGRAM):   ocean_proximityNEAR_BAY = -0.17687796590212;
MPRINT(EM_DIAGRAM):   ocean_proximityNEAR_OCE = -0.19207712157532;
MPRINT(EM_DIAGRAM):   end;
MPRINT(EM_DIAGRAM):   else if _dm8 = 'INLAND' then do;
MPRINT(EM_DIAGRAM):   ocean_proximity_1H_OCEA = -0.44401556869702;
MPRINT(EM_DIAGRAM):   ocean_proximityINLAND = 0.73010443432617;
MPRINT(EM_DIAGRAM):   ocean_proximityNEAR_BAY = -0.17687796590212;
MPRINT(EM_DIAGRAM):   ocean_proximityNEAR_OCE = -0.19207712157532;
MPRINT(EM_DIAGRAM):   end;
MPRINT(EM_DIAGRAM):   else if _dm8 = 'NEAR OCE' then do;
MPRINT(EM_DIAGRAM):   ocean_proximity_1H_OCEA = -0.44401556869702;
MPRINT(EM_DIAGRAM):   ocean_proximityINLAND = -0.34239942333019;
MPRINT(EM_DIAGRAM):   ocean_proximityNEAR_BAY = -0.17687796590212;
MPRINT(EM_DIAGRAM):   ocean_proximityNEAR_OCE = 1.3014946040102;
MPRINT(EM_DIAGRAM):   end;
MPRINT(EM_DIAGRAM):   else if _dm8 = 'NEAR BAY' then do;
MPRINT(EM_DIAGRAM):   ocean_proximity_1H_OCEA = -0.44401556869702;
MPRINT(EM_DIAGRAM):   ocean_proximityINLAND = -0.34239942333019;
MPRINT(EM_DIAGRAM):   ocean_proximityNEAR_BAY = 1.41333227125889;
MPRINT(EM_DIAGRAM):   ocean_proximityNEAR_OCE = -0.19207712157532;
MPRINT(EM_DIAGRAM):   end;
MPRINT(EM_DIAGRAM):   else do;
MPRINT(EM_DIAGRAM):   ocean_proximity_1H_OCEA = .;
MPRINT(EM_DIAGRAM):   ocean_proximityINLAND = .;
MPRINT(EM_DIAGRAM):   ocean_proximityNEAR_BAY = .;
MPRINT(EM_DIAGRAM):   ocean_proximityNEAR_OCE = .;
MPRINT(EM_DIAGRAM):   _DM_BAD = 1;
MPRINT(EM_DIAGRAM):   end;
MPRINT(EM_DIAGRAM):   end;
MPRINT(EM_DIAGRAM):   *** End Class Look-up, Standardization, Replacement ;
MPRINT(EM_DIAGRAM):   *** Omitted Cases;
MPRINT(EM_DIAGRAM):   if _dm_bad then do;
MPRINT(EM_DIAGRAM):   _SEGMENT_ = .;
MPRINT(EM_DIAGRAM):   Distance = .;
MPRINT(EM_DIAGRAM):   goto CLUS3vlex ;
MPRINT(EM_DIAGRAM):   end;
MPRINT(EM_DIAGRAM):   *** omitted;
MPRINT(EM_DIAGRAM):   *** Compute Distances and Cluster Membership;
MPRINT(EM_DIAGRAM):   label _SEGMENT_ = 'Segment Id' ;
MPRINT(EM_DIAGRAM):   label Distance = 'Distance' ;
MPRINT(EM_DIAGRAM):   array CLUS3vads [6] _temporary_;
MPRINT(EM_DIAGRAM):   drop _vqclus _vqmvar _vqnvar;
MPRINT(EM_DIAGRAM):   _vqmvar = 0;
MPRINT(EM_DIAGRAM):   do _vqclus = 1 to 6;
MPRINT(EM_DIAGRAM):   CLUS3vads [_vqclus] = 0;
MPRINT(EM_DIAGRAM):   end;
MPRINT(EM_DIAGRAM):   if not missing( T_households ) then do;
MPRINT(EM_DIAGRAM):   CLUS3vads [1] + ( T_households - -0.39887012310084 )**2;
MPRINT(EM_DIAGRAM):   CLUS3vads [2] + ( T_households - -0.60413132785096 )**2;
MPRINT(EM_DIAGRAM):   CLUS3vads [3] + ( T_households - -0.61360037316883 )**2;
MPRINT(EM_DIAGRAM):   CLUS3vads [4] + ( T_households - 0.59685575545403 )**2;
MPRINT(EM_DIAGRAM):   CLUS3vads [5] + ( T_households - 0.72304004456594 )**2;
MPRINT(EM_DIAGRAM):   CLUS3vads [6] + ( T_households - 2.4330793693092 )**2;
MPRINT(EM_DIAGRAM):   end;
MPRINT(EM_DIAGRAM):   else _vqmvar + 1;
MPRINT(EM_DIAGRAM):   if not missing( T_housing_median_age ) then do;
MPRINT(EM_DIAGRAM):   CLUS3vads [1] + ( T_housing_median_age - 0.19749149852725 )**2;
MPRINT(EM_DIAGRAM):   CLUS3vads [2] + ( T_housing_median_age - 0.34294395488709 )**2;
MPRINT(EM_DIAGRAM):   CLUS3vads [3] + ( T_housing_median_age - 0.16973374454777 )**2;
MPRINT(EM_DIAGRAM):   CLUS3vads [4] + ( T_housing_median_age - -0.3434051353562 )**2;
MPRINT(EM_DIAGRAM):   CLUS3vads [5] + ( T_housing_median_age - -0.31102652279496 )**2;
MPRINT(EM_DIAGRAM):   CLUS3vads [6] + ( T_housing_median_age - -0.85310721581385 )**2;
MPRINT(EM_DIAGRAM):   end;
MPRINT(EM_DIAGRAM):   else _vqmvar + 1;
MPRINT(EM_DIAGRAM):   if not missing( T_latitude ) then do;
MPRINT(EM_DIAGRAM):   CLUS3vads [1] + ( T_latitude - -0.19361391243899 )**2;
MPRINT(EM_DIAGRAM):   CLUS3vads [2] + ( T_latitude - -0.81497910084126 )**2;
MPRINT(EM_DIAGRAM):   CLUS3vads [3] + ( T_latitude - 1.11098929054624 )**2;
MPRINT(EM_DIAGRAM):   CLUS3vads [4] + ( T_latitude - -0.80609281462083 )**2;
MPRINT(EM_DIAGRAM):   CLUS3vads [5] + ( T_latitude - 1.05973804748011 )**2;
MPRINT(EM_DIAGRAM):   CLUS3vads [6] + ( T_latitude - -0.22548946033665 )**2;
MPRINT(EM_DIAGRAM):   end;
MPRINT(EM_DIAGRAM):   else _vqmvar + 1;
MPRINT(EM_DIAGRAM):   if not missing( T_longitude ) then do;
MPRINT(EM_DIAGRAM):   CLUS3vads [1] + ( T_longitude - -0.03044968109792 )**2;
MPRINT(EM_DIAGRAM):   CLUS3vads [2] + ( T_longitude - 0.80788149466556 )**2;
MPRINT(EM_DIAGRAM):   CLUS3vads [3] + ( T_longitude - -0.95406207539426 )**2;
MPRINT(EM_DIAGRAM):   CLUS3vads [4] + ( T_longitude - 0.80811814925647 )**2;
MPRINT(EM_DIAGRAM):   CLUS3vads [5] + ( T_longitude - -1.12569544880035 )**2;
MPRINT(EM_DIAGRAM):   CLUS3vads [6] + ( T_longitude - 0.22389519091348 )**2;
MPRINT(EM_DIAGRAM):   end;
MPRINT(EM_DIAGRAM):   else _vqmvar + 1;
MPRINT(EM_DIAGRAM):   if not missing( T_median_house_value ) then do;
MPRINT(EM_DIAGRAM):   CLUS3vads [1] + ( T_median_house_value - 1.6590085302931 )**2;
MPRINT(EM_DIAGRAM):   CLUS3vads [2] + ( T_median_house_value - -0.30563673915991 )**2;
MPRINT(EM_DIAGRAM):   CLUS3vads [3] + ( T_median_house_value - -0.56246857110565 )**2;
MPRINT(EM_DIAGRAM):   CLUS3vads [4] + ( T_median_house_value - -0.12664304921079 )**2;
MPRINT(EM_DIAGRAM):   CLUS3vads [5] + ( T_median_house_value - 0.0853409127595 )**2;
MPRINT(EM_DIAGRAM):   CLUS3vads [6] + ( T_median_house_value - 0.17695245614331 )**2;
MPRINT(EM_DIAGRAM):   end;
MPRINT(EM_DIAGRAM):   else _vqmvar + 1;
MPRINT(EM_DIAGRAM):   if not missing( T_median_income ) then do;
MPRINT(EM_DIAGRAM):   CLUS3vads [1] + ( T_median_income - 1.50659321313798 )**2;
MPRINT(EM_DIAGRAM):   CLUS3vads [2] + ( T_median_income - -0.31122590728254 )**2;
MPRINT(EM_DIAGRAM):   CLUS3vads [3] + ( T_median_income - -0.45128331181269 )**2;
MPRINT(EM_DIAGRAM):   CLUS3vads [4] + ( T_median_income - -0.16750798079795 )**2;
MPRINT(EM_DIAGRAM):   CLUS3vads [5] + ( T_median_income - 0.09047472615658 )**2;
MPRINT(EM_DIAGRAM):   CLUS3vads [6] + ( T_median_income - 0.18769500784636 )**2;
MPRINT(EM_DIAGRAM):   end;
MPRINT(EM_DIAGRAM):   else _vqmvar + 1;
MPRINT(EM_DIAGRAM):   if not missing( T_population ) then do;
MPRINT(EM_DIAGRAM):   CLUS3vads [1] + ( T_population - -0.50148081477698 )**2;
MPRINT(EM_DIAGRAM):   CLUS3vads [2] + ( T_population - -0.48127344820403 )**2;
MPRINT(EM_DIAGRAM):   CLUS3vads [3] + ( T_population - -0.62004464803763 )**2;
MPRINT(EM_DIAGRAM):   CLUS3vads [4] + ( T_population - 0.6764457534377 )**2;
MPRINT(EM_DIAGRAM):   CLUS3vads [5] + ( T_population - 0.57716021786419 )**2;
MPRINT(EM_DIAGRAM):   CLUS3vads [6] + ( T_population - 2.23241275514944 )**2;
MPRINT(EM_DIAGRAM):   end;
MPRINT(EM_DIAGRAM):   else _vqmvar + 1;
MPRINT(EM_DIAGRAM):   if not missing( T_total_bedrooms ) then do;
MPRINT(EM_DIAGRAM):   CLUS3vads [1] + ( T_total_bedrooms - -0.42547623050486 )**2;
MPRINT(EM_DIAGRAM):   CLUS3vads [2] + ( T_total_bedrooms - -0.61424336819606 )**2;
MPRINT(EM_DIAGRAM):   CLUS3vads [3] + ( T_total_bedrooms - -0.58492364108254 )**2;
MPRINT(EM_DIAGRAM):   CLUS3vads [4] + ( T_total_bedrooms - 0.60449091054185 )**2;
MPRINT(EM_DIAGRAM):   CLUS3vads [5] + ( T_total_bedrooms - 0.71129719919818 )**2;
MPRINT(EM_DIAGRAM):   CLUS3vads [6] + ( T_total_bedrooms - 2.43822290140533 )**2;
MPRINT(EM_DIAGRAM):   end;
MPRINT(EM_DIAGRAM):   else _vqmvar + 1;
MPRINT(EM_DIAGRAM):   if not missing( T_total_rooms ) then do;
MPRINT(EM_DIAGRAM):   CLUS3vads [1] + ( T_total_rooms - -0.12258757513547 )**2;
MPRINT(EM_DIAGRAM):   CLUS3vads [2] + ( T_total_rooms - -0.67207178607251 )**2;
MPRINT(EM_DIAGRAM):   CLUS3vads [3] + ( T_total_rooms - -0.58188319830667 )**2;
MPRINT(EM_DIAGRAM):   CLUS3vads [4] + ( T_total_rooms - 0.45010599975657 )**2;
MPRINT(EM_DIAGRAM):   CLUS3vads [5] + ( T_total_rooms - 0.75330880730435 )**2;
MPRINT(EM_DIAGRAM):   CLUS3vads [6] + ( T_total_rooms - 2.37694395269969 )**2;
MPRINT(EM_DIAGRAM):   end;
MPRINT(EM_DIAGRAM):   else _vqmvar + 1;
MPRINT(EM_DIAGRAM):   if not missing( ocean_proximity_1H_OCEA ) then do;
MPRINT(EM_DIAGRAM):   CLUS3vads [1] + ( ocean_proximity_1H_OCEA - 0.14917734020803 )**2;
MPRINT(EM_DIAGRAM):   CLUS3vads [2] + ( ocean_proximity_1H_OCEA - 0.21370912752859 )**2;
MPRINT(EM_DIAGRAM):   CLUS3vads [3] + ( ocean_proximity_1H_OCEA - -0.33463230692429 )**2;
MPRINT(EM_DIAGRAM):   CLUS3vads [4] + ( ocean_proximity_1H_OCEA - 0.14392218529738 )**2;
MPRINT(EM_DIAGRAM):   CLUS3vads [5] + ( ocean_proximity_1H_OCEA - -0.20154955688601 )**2;
MPRINT(EM_DIAGRAM):   CLUS3vads [6] + ( ocean_proximity_1H_OCEA - 0.07183356187075 )**2;
MPRINT(EM_DIAGRAM):   end;
MPRINT(EM_DIAGRAM):   else _vqmvar + 0.25;
MPRINT(EM_DIAGRAM):   if not missing( ocean_proximityINLAND ) then do;
MPRINT(EM_DIAGRAM):   CLUS3vads [1] + ( ocean_proximityINLAND - -0.26591013510105 )**2;
MPRINT(EM_DIAGRAM):   CLUS3vads [2] + ( ocean_proximityINLAND - -0.11944088177173 )**2;
MPRINT(EM_DIAGRAM):   CLUS3vads [3] + ( ocean_proximityINLAND - 0.30141177943494 )**2;
MPRINT(EM_DIAGRAM):   CLUS3vads [4] + ( ocean_proximityINLAND - -0.08415299316615 )**2;
MPRINT(EM_DIAGRAM):   CLUS3vads [5] + ( ocean_proximityINLAND - 0.06473736621949 )**2;
MPRINT(EM_DIAGRAM):   CLUS3vads [6] + ( ocean_proximityINLAND - -0.01168497730935 )**2;
MPRINT(EM_DIAGRAM):   end;
MPRINT(EM_DIAGRAM):   else _vqmvar + 0.25;
MPRINT(EM_DIAGRAM):   if not missing( ocean_proximityNEAR_BAY ) then do;
MPRINT(EM_DIAGRAM):   CLUS3vads [1] + ( ocean_proximityNEAR_BAY - 0.06097923225457 )**2;
MPRINT(EM_DIAGRAM):   CLUS3vads [2] + ( ocean_proximityNEAR_BAY - -0.17687796590212 )**2;
MPRINT(EM_DIAGRAM):   CLUS3vads [3] + ( ocean_proximityNEAR_BAY - 0.17839220845642 )**2;
MPRINT(EM_DIAGRAM):   CLUS3vads [4] + ( ocean_proximityNEAR_BAY - -0.17687796590212 )**2;
MPRINT(EM_DIAGRAM):   CLUS3vads [5] + ( ocean_proximityNEAR_BAY - 0.25910234516487 )**2;
MPRINT(EM_DIAGRAM):   CLUS3vads [6] + ( ocean_proximityNEAR_BAY - -0.06460087422936 )**2;
MPRINT(EM_DIAGRAM):   end;
MPRINT(EM_DIAGRAM):   else _vqmvar + 0.25;
MPRINT(EM_DIAGRAM):   if not missing( ocean_proximityNEAR_OCE ) then do;
MPRINT(EM_DIAGRAM):   CLUS3vads [1] + ( ocean_proximityNEAR_OCE - 0.09178211539987 )**2;
MPRINT(EM_DIAGRAM):   CLUS3vads [2] + ( ocean_proximityNEAR_OCE - 0.01550106866806 )**2;
MPRINT(EM_DIAGRAM):   CLUS3vads [3] + ( ocean_proximityNEAR_OCE - -0.09098987662209 )**2;
MPRINT(EM_DIAGRAM):   CLUS3vads [4] + ( ocean_proximityNEAR_OCE - 0.06986319248052 )**2;
MPRINT(EM_DIAGRAM):   CLUS3vads [5] + ( ocean_proximityNEAR_OCE - -0.03458273926401 )**2;
MPRINT(EM_DIAGRAM):   CLUS3vads [6] + ( ocean_proximityNEAR_OCE - -0.02959201310024 )**2;
MPRINT(EM_DIAGRAM):   end;
MPRINT(EM_DIAGRAM):   else _vqmvar + 0.25;
MPRINT(EM_DIAGRAM):   _vqnvar = 10 - _vqmvar;
MPRINT(EM_DIAGRAM):   if _vqnvar <= 1.477928890381E-11 then do;
MPRINT(EM_DIAGRAM):   _SEGMENT_ = .;
MPRINT(EM_DIAGRAM):   Distance = .;
MPRINT(EM_DIAGRAM):   end;
MPRINT(EM_DIAGRAM):   else do;
MPRINT(EM_DIAGRAM):   _SEGMENT_ = 1;
MPRINT(EM_DIAGRAM):   Distance = CLUS3vads [1];
MPRINT(EM_DIAGRAM):   _vqfzdst = Distance * 0.99999999999988;
MPRINT(EM_DIAGRAM):   drop _vqfzdst;
MPRINT(EM_DIAGRAM):   do _vqclus = 2 to 6;
MPRINT(EM_DIAGRAM):   if CLUS3vads [_vqclus] < _vqfzdst then do;
MPRINT(EM_DIAGRAM):   _SEGMENT_ = _vqclus;
MPRINT(EM_DIAGRAM):   Distance = CLUS3vads [_vqclus];
MPRINT(EM_DIAGRAM):   _vqfzdst = Distance * 0.99999999999988;
MPRINT(EM_DIAGRAM):   end;
MPRINT(EM_DIAGRAM):   end;
MPRINT(EM_DIAGRAM):   Distance = sqrt(Distance * (10 / _vqnvar));
MPRINT(EM_DIAGRAM):   end;
MPRINT(EM_DIAGRAM):   CLUS3vlex :;
MPRINT(EM_DIAGRAM):   ***************************************;
MPRINT(EM_DIAGRAM):   *** End Scoring Code from PROC DMVQ ***;
MPRINT(EM_DIAGRAM):   ***************************************;
MPRINT(EM_DIAGRAM):   *------------------------------------------------------------*;
MPRINT(EM_DIAGRAM):   * Clus3: Creating Segment Label;
MPRINT(EM_DIAGRAM):   *------------------------------------------------------------*;
MPRINT(EM_DIAGRAM):   length _SEGMENT_LABEL_ $80;
MPRINT(EM_DIAGRAM):   label _SEGMENT_LABEL_= 'Segment Description';
MPRINT(EM_DIAGRAM):   if _SEGMENT_ = 1 then _SEGMENT_LABEL_="Cluster1";
MPRINT(EM_DIAGRAM):   else if _SEGMENT_ = 2 then _SEGMENT_LABEL_="Cluster2";
MPRINT(EM_DIAGRAM):   else if _SEGMENT_ = 3 then _SEGMENT_LABEL_="Cluster3";
MPRINT(EM_DIAGRAM):   else if _SEGMENT_ = 4 then _SEGMENT_LABEL_="Cluster4";
MPRINT(EM_DIAGRAM):   else if _SEGMENT_ = 5 then _SEGMENT_LABEL_="Cluster5";
MPRINT(EM_DIAGRAM):   else if _SEGMENT_ = 6 then _SEGMENT_LABEL_="Cluster6";
MPRINT(EM_DIAGRAM):   run;
MPRINT(EM_DIAGRAM):   quit;
MPRINT(EM_DIAGRAM):   filename emflow;
MPRINT(EM_DIAGRAM):    *------------------------------------------------------------*;
MPRINT(EM_DIAGRAM):   * Clus3: Computing metadata for TRAIN data;
MPRINT(EM_DIAGRAM):   *------------------------------------------------------------*;
MPRINT(EM_DIAGRAM):    *------------------------------------------------------------*;
MPRINT(EM_DIAGRAM):   * &nodeid: Computing Metadata for TRAIN data;
MPRINT(EM_DIAGRAM):   *------------------------------------------------------------*;
MPRINT(EM_DIAGRAM):   filename _delta "C:\Users\skunt\Downloads\HU.Exploratory Analysis\HU.ClusterAnalysis\Workspaces\EMWS1\Clus3\CDELTA_TRAIN.sas";
MPRINT(EMADVISECOLUMNS):   proc display c=sashelp.emmeta.advisecolumns.scl;
MPRINT(EMADVISECOLUMNS):   run;
MPRINT(EMADVISECOLUMNS):    options validvarname=any;
MPRINT(EMADVISECOLUMNS):   proc contents data=EMWS1.Clus3_TRAIN out=_tempAdvisor noprint;
MPRINT(EMADVISECOLUMNS):   run;
MPRINT(EMADVISECOLUMNS):   options validvarname=V7;
MPRINT(EMADVISECOLUMNS):    data _null_;
MPRINT(EMADVISECOLUMNS):   dsid = open('EMWS1.Clus3_TRAIN');
MPRINT(EMADVISECOLUMNS):   call symput('_dsidTable', strip(put(dsid, best.)));
MPRINT(EMADVISECOLUMNS):   if dsid then do;
MPRINT(EMADVISECOLUMNS):   call symput('_engineTable', attrc(dsid, 'ENGINE'));
MPRINT(EMADVISECOLUMNS):   dsid = close(dsid);
MPRINT(EMADVISECOLUMNS):   end;
MPRINT(EMADVISECOLUMNS):   run;
MPRINT(EMADVISECOLUMNS):    proc contents data=EMWS1.Clus3_TRAIN out=WORK.M050X16W noprint;
MPRINT(EMADVISECOLUMNS):   run;
MPRINT(EMADVISECOLUMNS):    data WORK.M050X16W;
MPRINT(EMADVISECOLUMNS):   length NAME $ 64 TYPE $ 1 LABEL $ 200 FORMAT $ 36 INFORMAT $36 INDEX $ 1 INDEXTYPE $ 9;
MPRINT(EMADVISECOLUMNS):   label NAME =;
MPRINT(EMADVISECOLUMNS):   set WORK.M050X16W(keep=name type length label format formatl formatd informat informl informd idxusage rename=(type=itype));
MPRINT(EMADVISECOLUMNS):   if itype = 1 then type = 'N';
MPRINT(EMADVISECOLUMNS):   else type = 'C';
MPRINT(EMADVISECOLUMNS):   if formatl > 0 then do;
MPRINT(EMADVISECOLUMNS):   if format ne '' then do;
MPRINT(EMADVISECOLUMNS):   if type='N' then format = strip(format)!!strip(put(formatl, best12.))!!'.'!!strip(put(formatd, best12.));
MPRINT(EMADVISECOLUMNS):   else format = strip(format)!!strip(put(formatl, best12.))!!'.';
MPRINT(EMADVISECOLUMNS):   end;
MPRINT(EMADVISECOLUMNS):   else format = strip(put(formatl, best12.))!!'.'!!strip(put(formatd, best12.));
MPRINT(EMADVISECOLUMNS):   end;
MPRINT(EMADVISECOLUMNS):   else if format ne '' then format = strip(format)!!'.';
MPRINT(EMADVISECOLUMNS):   if informl > 0 then do;
MPRINT(EMADVISECOLUMNS):   if informat ne ' ' then do;
MPRINT(EMADVISECOLUMNS):   if type='N' then informat = strip(informat)!!strip(put(informl, best12.))!!'.'!!strip(put(informd, best12.));
MPRINT(EMADVISECOLUMNS):   else informat = strip(informat)!!strip(put(informl, best12.))!!'.';
MPRINT(EMADVISECOLUMNS):   end;
MPRINT(EMADVISECOLUMNS):   else informat = strip(put(informl, best12.))!!'.'!!strip(put(informd, best12.));
MPRINT(EMADVISECOLUMNS):   end;
MPRINT(EMADVISECOLUMNS):   else if informat ne '' then informat = strip(informat)!!'.';
MPRINT(EMADVISECOLUMNS):   if idxusage = 'NONE' then index ="N";
MPRINT(EMADVISECOLUMNS):   else index = "Y";
MPRINT(EMADVISECOLUMNS):   indextype = idxusage;
MPRINT(EMADVISECOLUMNS):   drop idxusage itype formatl formatd informl informd;
MPRINT(EMADVISECOLUMNS):   run;
MPRINT(EMADVISECOLUMNS):    data WORK.M050X16W;
MPRINT(EMADVISECOLUMNS):   length UNAME $64;
MPRINT(EMADVISECOLUMNS):   set WORK.M050X16W;
MPRINT(EMADVISECOLUMNS):   UNAME = upcase(NAME);
MPRINT(EMADVISECOLUMNS):   run;
MPRINT(EMADVISECOLUMNS):    proc sort data=WORK.M0QKTS5R NOTHREADS;
MPRINT(EMADVISECOLUMNS):   by UNAME;
MPRINT(EMADVISECOLUMNS):   run;
MPRINT(EMADVISECOLUMNS):    data WORK.M0QKTS5R;
MPRINT(EMADVISECOLUMNS):   drop UNAME;
MPRINT(EMADVISECOLUMNS):   set WORK.M0QKTS5R;
MPRINT(EMADVISECOLUMNS):   run;
MPRINT(EMADVISECOLUMNS):    data WORK.M3M4WTHB(keep=NAME ATTR);
MPRINT(EMADVISECOLUMNS):   length ATTR $ 20;
MPRINT(EMADVISECOLUMNS):   set WORK.M0QKTS5R;
MPRINT(EMADVISECOLUMNS):   if level ne "INTERVAL" then do;
MPRINT(EMADVISECOLUMNS):   if order = ' ' then do;
MPRINT(EMADVISECOLUMNS):   attr = 'ORDER';
MPRINT(EMADVISECOLUMNS):   output;
MPRINT(EMADVISECOLUMNS):   end;
MPRINT(EMADVISECOLUMNS):   end;
MPRINT(EMADVISECOLUMNS):   if format ne ' ' and formattype = ' ' then do;
MPRINT(EMADVISECOLUMNS):   attr = 'FORMATTYPE';
MPRINT(EMADVISECOLUMNS):   output;
MPRINT(EMADVISECOLUMNS):   end;
MPRINT(EMADVISECOLUMNS):   if role = ' ' then do;
MPRINT(EMADVISECOLUMNS):   attr = 'ROLE';
MPRINT(EMADVISECOLUMNS):   output;
MPRINT(EMADVISECOLUMNS):   end;
MPRINT(EMADVISECOLUMNS):   if level = ' ' then do;
MPRINT(EMADVISECOLUMNS):   attr = 'LEVEL';
MPRINT(EMADVISECOLUMNS):   output;
MPRINT(EMADVISECOLUMNS):   end;
MPRINT(EMADVISECOLUMNS):   if type = ' ' then do;
MPRINT(EMADVISECOLUMNS):   attr = 'TYPE';
MPRINT(EMADVISECOLUMNS):   output;
MPRINT(EMADVISECOLUMNS):   end;
MPRINT(EMADVISECOLUMNS):   if index = ' ' then do;
MPRINT(EMADVISECOLUMNS):   attr = 'INDEX';
MPRINT(EMADVISECOLUMNS):   output;
MPRINT(EMADVISECOLUMNS):   end;
MPRINT(EMADVISECOLUMNS):   if report = ' ' then do;
MPRINT(EMADVISECOLUMNS):   attr = 'REPORT';
MPRINT(EMADVISECOLUMNS):   output;
MPRINT(EMADVISECOLUMNS):   end;
MPRINT(EMADVISECOLUMNS):   run;
MPRINT(EMADVISECOLUMNS):   proc sort NOTHREADS;
MPRINT(EMADVISECOLUMNS):   by attr;
MPRINT(EMADVISECOLUMNS):   run;
MPRINT(EMADVISECOLUMNS):    data WORK.M0QKTS5R;
MPRINT(EMADVISECOLUMNS):   length NAME $64 ROLE $ 32 LEVEL $ 10 ORDER $ 8 CREATOR $32 FORMATTYPE $ 10 FAMILY $ 10 LOWERLIMIT 8 UPPERLIMIT 8 REPORT $1 DISTRIBUTION $ 20 COMMENT $64;
MPRINT(EMADVISECOLUMNS):   length levelAssigned 8 roleAssigned 8 PRICE 8;
MPRINT(EMADVISECOLUMNS):   set WORK.M0QKTS5R;
MPRINT(EMADVISECOLUMNS):   if formattype = ' ' then do;
MPRINT(EMADVISECOLUMNS):   if format ne ' ' then do;
MPRINT(EMADVISECOLUMNS):   if type = 'N' then do;
MPRINT(EMADVISECOLUMNS):   pos = indexc(format,'.1234567890');
MPRINT(EMADVISECOLUMNS):   if pos > 1 then tempfmt = substr(format,1, pos-1);
MPRINT(EMADVISECOLUMNS):   else tempfmt = ' ';
MPRINT(EMADVISECOLUMNS):   flen = length(tempfmt);
MPRINT(EMADVISECOLUMNS):   select;
MPRINT(EMADVISECOLUMNS):   when(tempfmt in ("DATE" "DAY" "DDMMYY" "DOWNAME" "JULDAY" "JULIAN" "MMDDYY" "MMDDYYD" "MMDDYYC" "MMDDYYN" "MMDDYYP" "MMDDYYS" "MONNAME" "MONTH" "MONYY" "NENGO" "QTR" "QTRR" "WEEKDATE" "WEEKDATX" "WEEKDAY" "WORDDATE" "WORDDATX" 
"YEAR" "YYMMDD" "YYMON" "YYMMDDC" "YYMMDDD" "YYMMDDN" "YYMMDDP" "YYMMDDS" "EURDFDE" "NJDATE" "NLDATE" "EURDFDD" "EURDFDWN" "EURDFMN" "EURDFMY" "EURDFWK" "EURDFWKX" "EURDFWDX" "EURDFDN" "EURDFDE" )) formattype = 'DATE';
MPRINT(EMADVISECOLUMNS):   when(tempfmt in ("DATETIME" "EURDFDT" "TOD" )) formattype = "DATETIME";
MPRINT(EMADVISECOLUMNS):   when(tempfmt in ("HHMM" "HOUR" "MMSS" "TIME" "TIMEAMPM" )) formattype = "TIME";
MPRINT(EMADVISECOLUMNS):   when(tempfmt in ("COMMA" "COMMAX" "DOLLAR" "DOLLARX" "E" "FRACT" "NEGPAREN" "PERCENT")) formattype="QUANTITY";
MPRINT(EMADVISECOLUMNS):   when(tempfmt in ("BINARY" "HEX" "IB" "OCTAL" "PD" "PIB" "PK" "RB" "SSN" "Z" "ZD")) formattype = "CODING";
MPRINT(EMADVISECOLUMNS):   otherwise do;
MPRINT(EMADVISECOLUMNS):   formattype = "USER";
MPRINT(EMADVISECOLUMNS):   if compress(tempfmt, '0123456789.', '') = '' then formattype='NUM';
MPRINT(EMADVISECOLUMNS):   else if substr(tempfmt, 1, 6)='NLDATE' then formattype = "DATE";
MPRINT(EMADVISECOLUMNS):   else if substr(tempfmt, 1, 6)='NLDATM' then formattype = "DATETIME";
MPRINT(EMADVISECOLUMNS):   else if substr(tempfmt, 1, 4)='NLTIM' then formattype = "TIME";
MPRINT(EMADVISECOLUMNS):   else if flen >= 4 then do;
MPRINT(EMADVISECOLUMNS):   str = substr(tempfmt,1,4);
MPRINT(EMADVISECOLUMNS):   if str in ("MMYY" "YYMM" "YYQR") then formattype ="DATE";
MPRINT(EMADVISECOLUMNS):   else if str = "S370" then formattype = "CODING";
MPRINT(EMADVISECOLUMNS):   else if str = "BEST" then formattype = "NUM";
MPRINT(EMADVISECOLUMNS):   drop str;
MPRINT(EMADVISECOLUMNS):   end;
MPRINT(EMADVISECOLUMNS):   else if flen >=3 and substr(tempfmt,1,3) = "YYQ" then formatType = "DATE";
MPRINT(EMADVISECOLUMNS):   end;
MPRINT(EMADVISECOLUMNS):   end;
MPRINT(EMADVISECOLUMNS):   drop flen tempfmt pos;
MPRINT(EMADVISECOLUMNS):   end;
MPRINT(EMADVISECOLUMNS):   else do;
MPRINT(EMADVISECOLUMNS):   formatType = "CATEGORY";
MPRINT(EMADVISECOLUMNS):   end;
MPRINT(EMADVISECOLUMNS):   end;
MPRINT(EMADVISECOLUMNS):   if formatType = "NUM" then do;
MPRINT(EMADVISECOLUMNS):   if index = "Y" then formatType = "DISCRETE";
MPRINT(EMADVISECOLUMNS):   else formatType = "QUANTITY";
MPRINT(EMADVISECOLUMNS):   end;
MPRINT(EMADVISECOLUMNS):   end;
MPRINT(EMADVISECOLUMNS):   if level = ' ' then do;
MPRINT(EMADVISECOLUMNS):   if formatType in ("CATEGORY", "CODING", "ID") or type = "C" then level = "NOMINAL";
MPRINT(EMADVISECOLUMNS):   else level = "INTERVAL";
MPRINT(EMADVISECOLUMNS):   levelAssigned = 1;
MPRINT(EMADVISECOLUMNS):   end;
MPRINT(EMADVISECOLUMNS):   else level = upcase(level);
MPRINT(EMADVISECOLUMNS):   if role = ' ' then do;
MPRINT(EMADVISECOLUMNS):   length name_prefix $8 _uname $64;
MPRINT(EMADVISECOLUMNS):   drop name_prefix _uname _freqflag;
MPRINT(EMADVISECOLUMNS):   retain _freqflag;
MPRINT(EMADVISECOLUMNS):   if LENGTH> 80 then ROLE = 'TEXT';
MPRINT(EMADVISECOLUMNS):   _uname = upcase(NAME);
MPRINT(EMADVISECOLUMNS):   select(_uname);
MPRINT(EMADVISECOLUMNS):   when('_PARTIND_') do;
MPRINT(EMADVISECOLUMNS):   ROLE = 'ID';
MPRINT(EMADVISECOLUMNS):   LEVEL = 'NOMINAL';
MPRINT(EMADVISECOLUMNS):   end;
MPRINT(EMADVISECOLUMNS):   when('_WARN_') ROLE = 'ASSESS';
MPRINT(EMADVISECOLUMNS):   when('EM_SEGMENT') do;
MPRINT(EMADVISECOLUMNS):   ROLE = 'SEGMENT';
MPRINT(EMADVISECOLUMNS):   LEVEL = 'NOMINAL';
MPRINT(EMADVISECOLUMNS):   end;
MPRINT(EMADVISECOLUMNS):   when('_NODE_') do;
MPRINT(EMADVISECOLUMNS):   ROLE = 'SEGMENT';
MPRINT(EMADVISECOLUMNS):   LEVEL = 'NOMINAL';
MPRINT(EMADVISECOLUMNS):   end;
MPRINT(EMADVISECOLUMNS):   when('EM_CLASSTARGET') ROLE = 'ASSESS';
MPRINT(EMADVISECOLUMNS):   when('EM_VALUETARGET') ROLE = 'ASSESS';
MPRINT(EMADVISECOLUMNS):   when('EM_PREDICTION') ROLE = 'PREDICT';
MPRINT(EMADVISECOLUMNS):   when('EM_PROBABILITY') ROLE = 'PREDICT';
MPRINT(EMADVISECOLUMNS):   when('EM_EVENTPROBABILITY') ROLE = 'PREDICT';
MPRINT(EMADVISECOLUMNS):   when('EM_CLASSIFICATION') ROLE = 'CLASSIFICATION';
MPRINT(EMADVISECOLUMNS):   when('EM_DECISION') ROLE = 'DECISION';
MPRINT(EMADVISECOLUMNS):   when('EM_PROFIT') ROLE = 'ASSESS';
MPRINT(EMADVISECOLUMNS):   when('EM_LOSS') ROLE = 'ASSESS';
MPRINT(EMADVISECOLUMNS):   when('EM_ROI') ROLE = 'ASSESS';
MPRINT(EMADVISECOLUMNS):   when('URI') ROLE = 'URL';
MPRINT(EMADVISECOLUMNS):   when('FILTERED') ROLE = 'TEXTLOC';
MPRINT(EMADVISECOLUMNS):   otherwise do;
MPRINT(EMADVISECOLUMNS):   if upcase(NAME) =: 'ZIP' then do;
MPRINT(EMADVISECOLUMNS):   ROLE = 'REJECTED';
MPRINT(EMADVISECOLUMNS):   LEVEL = 'NOMINAL';
MPRINT(EMADVISECOLUMNS):   COMMENT = 'Rejected by: Exceed the maximum class level of %s';
MPRINT(EMADVISECOLUMNS):   end;
MPRINT(EMADVISECOLUMNS):   else if upcase(NAME) in('FREQ', 'FREQUENCY') then do;
MPRINT(EMADVISECOLUMNS):   ROLE = 'FREQ';
MPRINT(EMADVISECOLUMNS):   if TYPE = 'C' then ROLE = 'INPUT';
MPRINT(EMADVISECOLUMNS):   else if _freqflag =1 then ROLE='REJECTED';
MPRINT(EMADVISECOLUMNS):   end;
MPRINT(EMADVISECOLUMNS):   else do;
MPRINT(EMADVISECOLUMNS):   name_prefix = scan(_uname, 1, '_');
MPRINT(EMADVISECOLUMNS):   if scan(_uname, 2, '_') = '' then name_prefix='';
MPRINT(EMADVISECOLUMNS):   if name_prefix in('F', 'I', 'U') then do;
MPRINT(EMADVISECOLUMNS):   ROLE = 'CLASSIFICATION';
MPRINT(EMADVISECOLUMNS):   LEVEL = 'NOMINAL';
MPRINT(EMADVISECOLUMNS):   end;
MPRINT(EMADVISECOLUMNS):   else if name_prefix in('Q') then ROLE = 'ASSESS';
MPRINT(EMADVISECOLUMNS):   else if name_prefix in('P', 'V') then ROLE = 'PREDICT';
MPRINT(EMADVISECOLUMNS):   else if name_prefix in('R', 'RS', 'RT', 'RD', 'RDS', 'RDT', 'RA', 'RAS', 'RAT') then ROLE = 'RESIDUAL';
MPRINT(EMADVISECOLUMNS):   else if name_prefix ='D' then do;
MPRINT(EMADVISECOLUMNS):   ROLE = 'DECISION';
MPRINT(EMADVISECOLUMNS):   LEVEL = 'NOMINAL';
MPRINT(EMADVISECOLUMNS):   end;
MPRINT(EMADVISECOLUMNS):   else if name_prefix ='B' then do;
MPRINT(EMADVISECOLUMNS):   ROLE = 'SEGMENT';
MPRINT(EMADVISECOLUMNS):   LEVEL = 'NOMINAL';
MPRINT(EMADVISECOLUMNS):   end;
MPRINT(EMADVISECOLUMNS):   else if name_prefix in('EP', 'BP', 'CP', 'EL', 'CL', 'BL', 'ROI', 'IC') then ROLE = 'ASSESS';
MPRINT(EMADVISECOLUMNS):   else do;
MPRINT(EMADVISECOLUMNS):   array _ROLE_ (19) $32 _TEMPORARY_ ('ASSESS','CLASSIFICATION','CENSOR', 'COST', 'CROSSID', 'DECISION', 'ID','INPUT', 'LABEL', 'MISSING','PREDICT','REFERRER','REJECTED', 'RESIDUAL','SEGMENT', 'SEQUENCE','TARGET', 'TEXT', 'TIMEID');
MPRINT(EMADVISECOLUMNS):   drop _found_ i;
MPRINT(EMADVISECOLUMNS):   _found_=0;
MPRINT(EMADVISECOLUMNS):   do i=1 to 19 until(_found_=1);
MPRINT(EMADVISECOLUMNS):   if index(_uname, trim(_ROLE_{i}))=1 then do;
MPRINT(EMADVISECOLUMNS):   ROLE=_ROLE_{i};
MPRINT(EMADVISECOLUMNS):   if ROLE = 'ID' then LEVEL = 'NOMINAL';
MPRINT(EMADVISECOLUMNS):   else if ROLE = 'SEGMENT' then LEVEL = 'NOMINAL';
MPRINT(EMADVISECOLUMNS):   else if ROLE = 'TIMEID' and TYPE='N' then LEVEL = 'INTERVAL';
MPRINT(EMADVISECOLUMNS):   _found_=1;
MPRINT(EMADVISECOLUMNS):   end;
MPRINT(EMADVISECOLUMNS):   end;
MPRINT(EMADVISECOLUMNS):   if length(_uname)>2 then do;
MPRINT(EMADVISECOLUMNS):   if substr(reverse(trim(_uname)), 1, 3) = 'DI_' then do;
MPRINT(EMADVISECOLUMNS):   ROLE = 'ID';
MPRINT(EMADVISECOLUMNS):   LEVEL = 'NOMINAL';
MPRINT(EMADVISECOLUMNS):   end;
MPRINT(EMADVISECOLUMNS):   end;
MPRINT(EMADVISECOLUMNS):   end;
MPRINT(EMADVISECOLUMNS):   end;
MPRINT(EMADVISECOLUMNS):   end;
MPRINT(EMADVISECOLUMNS):   end;
MPRINT(EMADVISECOLUMNS):   if ROLE='FREQ' then _freqflag=1;
MPRINT(EMADVISECOLUMNS):   else if ROLE = 'CLASSIFICATION' then LEVEL = 'NOMINAL';
MPRINT(EMADVISECOLUMNS):   if symexist('RATEMKG_ROLE') then do;
MPRINT(EMADVISECOLUMNS):   if upcase(symget('RATEMKG_ROLE')) in('Y', 'YES') then do;
MPRINT(EMADVISECOLUMNS):   if _uname =: 'POLICY' then ROLE = 'POLICYID';
MPRINT(EMADVISECOLUMNS):   else if _uname in ('PARTITION', '_PARTIND_') then ROLE = 'PARTITION';
MPRINT(EMADVISECOLUMNS):   else if type = 'N' then do;
MPRINT(EMADVISECOLUMNS):   if _uname = 'EXPOSURE' then ROLE = 'EXPOSURE';
MPRINT(EMADVISECOLUMNS):   else if _uname = 'YEAR' then ROLE = 'YEAR';
MPRINT(EMADVISECOLUMNS):   else if _uname = 'WEIGHT' then ROLE = 'WEIGHT';
MPRINT(EMADVISECOLUMNS):   else if _uname = 'OFFSET' then ROLE = 'OFFSET';
MPRINT(EMADVISECOLUMNS):   end;
MPRINT(EMADVISECOLUMNS):   end;
MPRINT(EMADVISECOLUMNS):   end;
MPRINT(EMADVISECOLUMNS):   end;
MPRINT(EMADVISECOLUMNS):   if role = ' ' then do;
MPRINT(EMADVISECOLUMNS):   if formattype in('DATE', 'DATETIME', 'TIME') then role = 'TIMEID';
MPRINT(EMADVISECOLUMNS):   else role = 'INPUT';
MPRINT(EMADVISECOLUMNS):   roleAssigned = 1;
MPRINT(EMADVISECOLUMNS):   end;
MPRINT(EMADVISECOLUMNS):   else role = upcase(role);
MPRINT(EMADVISECOLUMNS):   if REPORT = '' then REPORT = 'N';
MPRINT(EMADVISECOLUMNS):   if symexist('dmwb_product') then do;
MPRINT(EMADVISECOLUMNS):   if upcase(symget('dmwb_product')) = 'FACTORYMINER_DATASOURCE' then do;
MPRINT(EMADVISECOLUMNS):   if ROLE ^in('INPUT', 'TARGET', 'REJECTED', 'SEGMENT', 'FREQ', 'ID', 'KEY') then ROLE='REJECTED';
MPRINT(EMADVISECOLUMNS):   end;
MPRINT(EMADVISECOLUMNS):   end;
MPRINT(EMADVISECOLUMNS):   run;
MPRINT(EMADVISECOLUMNS):    data WORK.M0QKTS5R;
MPRINT(EMADVISECOLUMNS):   set WORK.M0QKTS5R;
MPRINT(EMADVISECOLUMNS):   label NAME = "Variable Name" TYPE = "Type" ROLE = "Role" LEVEL= "Measurement Level" ORDER= "Order" CREATOR= "Creator" FORMATTYPE= "Format Type" FAMILY= "Family" DISTRIBUTION= "Distribution" PRICE= "Price" LOWERLIMIT= "Lower 
limit" UPPERLIMIT= "Upper Limit" REPORT= "Report" COMMENT= "Comment" INDEX= "Index" INDEXTYPE= "IndexType" LABEL= "Label" LENGTH= "Length";
MPRINT(EMADVISECOLUMNS):   drop levelAssigned roleAssigned;
MPRINT(EMADVISECOLUMNS):   run;
MPRINT(EMADVISECOLUMNS):   
MPRINT(EM_DIAGRAM):  ;
MPRINT(EM_DIAGRAM):   proc sort data=WORK.COLUMNMETA;
MPRINT(EM_DIAGRAM):   by NAME;
MPRINT(EM_DIAGRAM):   run;
MPRINT(EM_DIAGRAM):   *------------------------------------------------------------*;
MPRINT(EM_DIAGRAM):   * &nodeid: Merge incoming metadata;
MPRINT(EM_DIAGRAM):   *------------------------------------------------------------*;
MPRINT(EM_DIAGRAM):   proc contents data=EMWS1.Filter_TRAIN noprint out=_temp2(keep=NAME);
MPRINT(EM_DIAGRAM):   run;
MPRINT(EM_DIAGRAM):   proc sort data=_temp2;
MPRINT(EM_DIAGRAM):   by NAME;
MPRINT(EM_DIAGRAM):   run;
MPRINT(EM_DIAGRAM):   proc sort data=EMWS1.Filter_CMeta_TRAIN out=_temp;
MPRINT(EM_DIAGRAM):   by NAME;
MPRINT(EM_DIAGRAM):   run;
MPRINT(EM_DIAGRAM):   data EMWS1.Clus3_CMeta_TRAIN;
MPRINT(EM_DIAGRAM):   merge WORK.COLUMNMETA(in=_a) _temp2(in=_b) _temp(drop=FORMAT INFORMAT LENGTH INDEX INDEXTYPE in=_c) end=_eof_;
MPRINT(EM_DIAGRAM):   by NAME;
MPRINT(EM_DIAGRAM):   if (^_a and _b) or (^_c and _a and _b) then delete;
MPRINT(EM_DIAGRAM):   if ^_b then CREATOR = "Clus3";
MPRINT(EM_DIAGRAM):   *------------------------------------------------------------*;
MPRINT(EM_DIAGRAM):   * Clus3: Apply Delta Code;
MPRINT(EM_DIAGRAM):   *------------------------------------------------------------*;
MPRINT(EM_DIAGRAM):   retain _segFlag_ 0;
MPRINT(EM_DIAGRAM):   drop _segFlag_;
MPRINT(EM_DIAGRAM):   if upcase(name) = '_SEGMENT_' then do;
MPRINT(EM_DIAGRAM):   _segFlag_ = 1;
MPRINT(EM_DIAGRAM):   role = 'SEGMENT';
MPRINT(EM_DIAGRAM):   level = 'NOMINAL';
MPRINT(EM_DIAGRAM):   label = 'Segment Variable';
MPRINT(EM_DIAGRAM):   end;
MPRINT(EM_DIAGRAM):   else if upcase(name) = '_SEGMENT_LABEL_' then do;
MPRINT(EM_DIAGRAM):   role = 'REJECTED';
MPRINT(EM_DIAGRAM):   level = 'NOMINAL';
MPRINT(EM_DIAGRAM):   label = 'Segment Description';
MPRINT(EM_DIAGRAM):   end;
MPRINT(EM_DIAGRAM):   else if upcase(NAME) = 'DISTANCE' then do;
MPRINT(EM_DIAGRAM):   role = 'REJECTED';
MPRINT(EM_DIAGRAM):   level = 'INTERVAL';
MPRINT(EM_DIAGRAM):   end;
MPRINT(EM_DIAGRAM):   else if upcase(NAME) = '_IMPUTE_' then do;
MPRINT(EM_DIAGRAM):   role = 'REJECTED';
MPRINT(EM_DIAGRAM):   level = 'INTERVAL';
MPRINT(EM_DIAGRAM):   end;
MPRINT(EM_DIAGRAM):   output;
MPRINT(EM_DIAGRAM):   if ^_segFlag_ and _eof_ then do;
MPRINT(EM_DIAGRAM):   type = 'N';
MPRINT(EM_DIAGRAM):   index = 'N';
MPRINT(EM_DIAGRAM):   indexType = 'NONE';
MPRINT(EM_DIAGRAM):   format = '';
MPRINT(EM_DIAGRAM):   informat = '';
MPRINT(EM_DIAGRAM):   name = '_SEGMENT_';
MPRINT(EM_DIAGRAM):   role = 'SEGMENT';
MPRINT(EM_DIAGRAM):   level = 'NOMINAL';
MPRINT(EM_DIAGRAM):   label = 'Segment Variable';
MPRINT(EM_DIAGRAM):   output;
MPRINT(EM_DIAGRAM):   name = '_SEGMENT_LABEL_';
MPRINT(EM_DIAGRAM):   role = 'REJECTED';
MPRINT(EM_DIAGRAM):   level = 'NOMINAL';
MPRINT(EM_DIAGRAM):   label = 'Segment Description';
MPRINT(EM_DIAGRAM):   output;
MPRINT(EM_DIAGRAM):   name = 'Distance';
MPRINT(EM_DIAGRAM):   role = 'REJECTED';
MPRINT(EM_DIAGRAM):   level = 'INTERVAL';
MPRINT(EM_DIAGRAM):   label = 'Distance to Cluster Seed';
MPRINT(EM_DIAGRAM):   output;
MPRINT(EM_DIAGRAM):   name = '_Impute_';
MPRINT(EM_DIAGRAM):   role = 'REJECTED';
MPRINT(EM_DIAGRAM):   level = 'INTERVAL';
MPRINT(EM_DIAGRAM):   label = '';
MPRINT(EM_DIAGRAM):   output;
MPRINT(EM_DIAGRAM):   end;
MPRINT(EM_DIAGRAM):   run;
MPRINT(EM_DIAGRAM):   filename _delta;
MPRINT(EM_DIAGRAM):    proc printto;
MPRINT(EM_DIAGRAM):   run;
